📌 Logging to experiments/exp_v1.0.6/simulations/sim_01/iter_0548/logs/slurm_log.out
🔁 Running Iteration 548 of Simulation 1 in Experiment v1.0.6 with 64 cores...
here() starts at /gpfs/home/tbr0780/Dissertation
[INFO] True parameters already exist — skipping generation.
[INFO] Loading Beta_0 from /experiments/exp_v1.0.6/true_params
[INFO] Generating new data for run: iter_0548
[INFO] Saved config snapshot to /experiments/exp_v1.0.6/simulations/sim_01/iter_0548
Running experiment...
✓ Experiment results saved to /experiments/exp_v1.0.6/simulations/sim_01/iter_0548/results
✓ Run completed
===== FINAL SEFF OUTPUT for Job 5521967 =====
(Logged at Thu Jun 12 22:01:26 CDT 2025)
Job ID: 5521967
Array Job ID: 5519625_547
Cluster: quest
User/Group: tbr0780/tbr0780
State: RUNNING
Nodes: 1
Cores per node: 64
CPU Utilized: 00:00:00
CPU Efficiency: 0.00% of 17:50:56 core-walltime
Job Wall-clock time: 00:16:44
Memory Utilized: 0.00 MB (estimated maximum)
Memory Efficiency: 0.00% of 31.25 GB (500.00 MB/core)
WARNING: Efficiency statistics may be misleading for RUNNING jobs.
===== FINAL CHECKJOB OUTPUT for Job 5521967 =====
(Logged at Thu Jun 12 22:01:26 CDT 2025)
--------------------------------------------------------------------------------
JOB INFORMATION 
--------------------------------------------------------------------------------
JobId=5521967 ArrayJobId=5519625 ArrayTaskId=547 JobName=experiment_sim
   UserId=tbr0780(3229) GroupId=tbr0780(4023) MCS_label=N/A
   Priority=20772 Nice=0 Account=p32397 QOS=normal
   JobState=RUNNING Reason=None Dependency=(null)
   Requeue=0 Restarts=0 BatchFlag=1 Reboot=0 ExitCode=0:0
   RunTime=00:16:44 TimeLimit=02:00:00 TimeMin=N/A
   SubmitTime=2025-06-12T19:56:30 EligibleTime=2025-06-12T19:56:31
   AccrueTime=2025-06-12T19:56:31
   StartTime=2025-06-12T21:44:42 EndTime=2025-06-12T23:44:42 Deadline=N/A
   SuspendTime=None SecsPreSuspend=0 LastSchedEval=2025-06-12T21:44:42 Scheduler=Main
   Partition=short AllocNode:Sid=quser43:3646922
   ReqNodeList=(null) ExcNodeList=(null)
   NodeList=qnode3015
   BatchHost=qnode3015
   NumNodes=1 NumCPUs=64 NumTasks=64 CPUs/Task=1 ReqB:S:C:T=0:0:*:*
   ReqTRES=cpu=64,mem=32000M,node=1,billing=288
   AllocTRES=cpu=64,mem=32000M,node=1,billing=288
   Socks/Node=* NtasksPerN:B:S:C=64:0:*:* CoreSpec=*
   MinCPUsNode=64 MinMemoryCPU=500M MinTmpDiskNode=0
   Features=[quest10|quest11|quest12|quest13] DelayBoot=00:00:00
   OverSubscribe=OK Contiguous=0 Licenses=(null) Network=(null)
   Command=/gpfs/home/tbr0780/Dissertation/Integrated_Likelihood_Algorithm/Polytomous_Logistic_Regression/scripts/experiment_sim.sh
   WorkDir=/gpfs/home/tbr0780/Dissertation/Integrated_Likelihood_Algorithm/Polytomous_Logistic_Regression
   StdErr=/dev/null
   StdIn=/dev/null
   StdOut=/dev/null
   MailUser=timothyruel2024@u.northwestern.edu MailType=INVALID_DEPEND,BEGIN,END,FAIL,REQUEUE,STAGE_OUT
   
--------------------------------------------------------------------------------
JOB EFFICIENCY 
--------------------------------------------------------------------------------
Job efficiency will be calculated after the job has completed.
===== SACCT OUTPUT for Job 5521967 =====
(Logged at Thu Jun 12 22:01:26 CDT 2025)
JobID                     JobName    Elapsed     MaxRSS     ReqMem  AllocCPUS      State 
------------ -------------------- ---------- ---------- ---------- ---------- ---------- 
5519625_547        experiment_sim   00:16:45                32000M         64    RUNNING 
5519625_547+                batch   00:16:45                               64    RUNNING 
5519625_547+               extern   00:16:45                               64    RUNNING 
===== SYSTEM MEMORY (free -h) =====
(Logged at Thu Jun 12 22:01:27 CDT 2025)
              total        used        free      shared  buff/cache   available
Mem:          503Gi        42Gi       455Gi       4.3Gi       5.6Gi       452Gi
Swap:          31Gi       3.9Gi        28Gi
===== SYSTEM LOAD (uptime) =====
(Logged at Thu Jun 12 22:01:27 CDT 2025)
 22:01:27 up 82 days,  1:15,  0 users,  load average: 74.99, 101.50, 103.20
===== SYSTEM PROCESSES (top -b -n 1) =====
(Logged at Thu Jun 12 22:01:27 CDT 2025)
top - 22:01:27 up 82 days,  1:15,  0 users,  load average: 74.99, 101.50, 103.20
Tasks: 1310 total,  67 running, 1243 sleeping,   0 stopped,   0 zombie
%Cpu(s): 49.2 us,  0.7 sy,  0.0 ni, 49.8 id,  0.0 wa,  0.3 hi,  0.0 si,  0.0 st
MiB Mem : 515679.4 total, 466539.0 free,  43416.8 used,   5723.7 buff/cache
MiB Swap:  32768.0 total,  28763.2 free,   4004.8 used. 463220.0 avail Mem 

    PID USER      PR  NI    VIRT    RES    SHR S  %CPU  %MEM     TIME+ COMMAND
 502863 tbr0780   20   0  632340 334420  11420 R 100.0   0.1  11:02.79 R
 502870 tbr0780   20   0  637616 339828  11552 R 100.0   0.1  11:01.99 R
 502873 tbr0780   20   0  641812 343976  11504 R 100.0   0.1  11:02.24 R
 502876 tbr0780   20   0  646048 348132  11424 R 100.0   0.1  11:02.18 R
 502877 tbr0780   20   0  647416 349496  11420 R 100.0   0.1  11:02.05 R
 502879 tbr0780   20   0  651068 353148  11420 R 100.0   0.1  11:02.75 R
 502881 tbr0780   20   0  652148 354232  11424 R 100.0   0.1  11:02.61 R
 502883 tbr0780   20   0  655248 357328  11420 R 100.0   0.1  11:02.68 R
 502895 tbr0780   20   0  634516 336596  11420 R 100.0   0.1  11:02.60 R
 502896 tbr0780   20   0  632756 334836  11420 R 100.0   0.1  11:02.44 R
 502897 tbr0780   20   0  632636 334720  11424 R 100.0   0.1  11:01.91 R
 502899 tbr0780   20   0  632696 334780  11424 R 100.0   0.1  11:02.61 R
 502901 tbr0780   20   0  635584 337796  11552 R 100.0   0.1  11:02.29 R
 502902 tbr0780   20   0  632744 334828  11424 R 100.0   0.1  11:02.51 R
 502903 tbr0780   20   0  632760 334972  11552 R 100.0   0.1  11:02.65 R
 502908 tbr0780   20   0  632824 334924  11440 R 100.0   0.1  11:02.53 R
 502909 tbr0780   20   0  632844 334928  11424 R 100.0   0.1  11:02.08 R
 502910 tbr0780   20   0  632932 335012  11420 R 100.0   0.1  11:02.41 R
 502913 tbr0780   20   0  632916 335000  11424 R 100.0   0.1  11:02.41 R
 502914 tbr0780   20   0  633024 335104  11420 R 100.0   0.1  11:02.39 R
 502916 tbr0780   20   0  633056 335136  11420 R 100.0   0.1  11:02.46 R
 502923 tbr0780   20   0  633056 335268  11552 R 100.0   0.1  11:02.06 R
 502924 tbr0780   20   0  633124 335208  11424 R 100.0   0.1  11:01.86 R
 502925 tbr0780   20   0  633228 335308  11420 R 100.0   0.1  10:58.74 R
 502862 tbr0780   20   0  625976 328188  11552 R  94.1   0.1  11:02.86 R
 502864 tbr0780   20   0  633748 335828  11420 R  94.1   0.1  11:01.96 R
 502865 tbr0780   20   0  630660 332752  11432 R  94.1   0.1  11:01.29 R
 502866 tbr0780   20   0  632312 334524  11552 R  94.1   0.1  11:01.27 R
 502867 tbr0780   20   0  633528 335740  11552 R  94.1   0.1  11:02.23 R
 502868 tbr0780   20   0  637124 339336  11552 R  94.1   0.1  11:02.20 R
 502869 tbr0780   20   0  636276 338488  11552 R  94.1   0.1  11:02.07 R
 502871 tbr0780   20   0  639020 341232  11552 R  94.1   0.1  11:02.33 R
 502878 tbr0780   20   0  648696 350776  11420 R  94.1   0.1  11:02.15 R
===== BACKGROUND CHECKJOB MONITOR LOG =====
===== checkjob (interval) at Thu Jun 12 21:45:14 CDT 2025 =====
--------------------------------------------------------------------------------
JOB INFORMATION 
--------------------------------------------------------------------------------
JobId=5521967 ArrayJobId=5519625 ArrayTaskId=547 JobName=experiment_sim
   UserId=tbr0780(3229) GroupId=tbr0780(4023) MCS_label=N/A
   Priority=20772 Nice=0 Account=p32397 QOS=normal
   JobState=RUNNING Reason=None Dependency=(null)
   Requeue=0 Restarts=0 BatchFlag=1 Reboot=0 ExitCode=0:0
   RunTime=00:00:32 TimeLimit=02:00:00 TimeMin=N/A
   SubmitTime=2025-06-12T19:56:30 EligibleTime=2025-06-12T19:56:31
   AccrueTime=2025-06-12T19:56:31
   StartTime=2025-06-12T21:44:42 EndTime=2025-06-12T23:44:42 Deadline=N/A
   SuspendTime=None SecsPreSuspend=0 LastSchedEval=2025-06-12T21:44:42 Scheduler=Main
   Partition=short AllocNode:Sid=quser43:3646922
   ReqNodeList=(null) ExcNodeList=(null)
   NodeList=qnode3015
   BatchHost=qnode3015
   NumNodes=1 NumCPUs=64 NumTasks=64 CPUs/Task=1 ReqB:S:C:T=0:0:*:*
   ReqTRES=cpu=64,mem=32000M,node=1,billing=288
   AllocTRES=cpu=64,mem=32000M,node=1,billing=288
   Socks/Node=* NtasksPerN:B:S:C=64:0:*:* CoreSpec=*
   MinCPUsNode=64 MinMemoryCPU=500M MinTmpDiskNode=0
   Features=[quest10|quest11|quest12|quest13] DelayBoot=00:00:00
   OverSubscribe=OK Contiguous=0 Licenses=(null) Network=(null)
   Command=/gpfs/home/tbr0780/Dissertation/Integrated_Likelihood_Algorithm/Polytomous_Logistic_Regression/scripts/experiment_sim.sh
   WorkDir=/gpfs/home/tbr0780/Dissertation/Integrated_Likelihood_Algorithm/Polytomous_Logistic_Regression
   StdErr=/dev/null
   StdIn=/dev/null
   StdOut=/dev/null
   MailUser=timothyruel2024@u.northwestern.edu MailType=INVALID_DEPEND,BEGIN,END,FAIL,REQUEUE,STAGE_OUT
   
--------------------------------------------------------------------------------
JOB EFFICIENCY 
--------------------------------------------------------------------------------
Job efficiency will be calculated after the job has completed.
===== checkjob (interval) at Thu Jun 12 21:45:45 CDT 2025 =====
--------------------------------------------------------------------------------
JOB INFORMATION 
--------------------------------------------------------------------------------
JobId=5521967 ArrayJobId=5519625 ArrayTaskId=547 JobName=experiment_sim
   UserId=tbr0780(3229) GroupId=tbr0780(4023) MCS_label=N/A
   Priority=20772 Nice=0 Account=p32397 QOS=normal
   JobState=RUNNING Reason=None Dependency=(null)
   Requeue=0 Restarts=0 BatchFlag=1 Reboot=0 ExitCode=0:0
   RunTime=00:01:03 TimeLimit=02:00:00 TimeMin=N/A
   SubmitTime=2025-06-12T19:56:30 EligibleTime=2025-06-12T19:56:31
   AccrueTime=2025-06-12T19:56:31
   StartTime=2025-06-12T21:44:42 EndTime=2025-06-12T23:44:42 Deadline=N/A
   SuspendTime=None SecsPreSuspend=0 LastSchedEval=2025-06-12T21:44:42 Scheduler=Main
   Partition=short AllocNode:Sid=quser43:3646922
   ReqNodeList=(null) ExcNodeList=(null)
   NodeList=qnode3015
   BatchHost=qnode3015
   NumNodes=1 NumCPUs=64 NumTasks=64 CPUs/Task=1 ReqB:S:C:T=0:0:*:*
   ReqTRES=cpu=64,mem=32000M,node=1,billing=288
   AllocTRES=cpu=64,mem=32000M,node=1,billing=288
   Socks/Node=* NtasksPerN:B:S:C=64:0:*:* CoreSpec=*
   MinCPUsNode=64 MinMemoryCPU=500M MinTmpDiskNode=0
   Features=[quest10|quest11|quest12|quest13] DelayBoot=00:00:00
   OverSubscribe=OK Contiguous=0 Licenses=(null) Network=(null)
   Command=/gpfs/home/tbr0780/Dissertation/Integrated_Likelihood_Algorithm/Polytomous_Logistic_Regression/scripts/experiment_sim.sh
   WorkDir=/gpfs/home/tbr0780/Dissertation/Integrated_Likelihood_Algorithm/Polytomous_Logistic_Regression
   StdErr=/dev/null
   StdIn=/dev/null
   StdOut=/dev/null
   MailUser=timothyruel2024@u.northwestern.edu MailType=INVALID_DEPEND,BEGIN,END,FAIL,REQUEUE,STAGE_OUT
   
--------------------------------------------------------------------------------
JOB EFFICIENCY 
--------------------------------------------------------------------------------
Job efficiency will be calculated after the job has completed.
===== checkjob (interval) at Thu Jun 12 21:46:16 CDT 2025 =====
--------------------------------------------------------------------------------
JOB INFORMATION 
--------------------------------------------------------------------------------
JobId=5521967 ArrayJobId=5519625 ArrayTaskId=547 JobName=experiment_sim
   UserId=tbr0780(3229) GroupId=tbr0780(4023) MCS_label=N/A
   Priority=20772 Nice=0 Account=p32397 QOS=normal
   JobState=RUNNING Reason=None Dependency=(null)
   Requeue=0 Restarts=0 BatchFlag=1 Reboot=0 ExitCode=0:0
   RunTime=00:01:34 TimeLimit=02:00:00 TimeMin=N/A
   SubmitTime=2025-06-12T19:56:30 EligibleTime=2025-06-12T19:56:31
   AccrueTime=2025-06-12T19:56:31
   StartTime=2025-06-12T21:44:42 EndTime=2025-06-12T23:44:42 Deadline=N/A
   SuspendTime=None SecsPreSuspend=0 LastSchedEval=2025-06-12T21:44:42 Scheduler=Main
   Partition=short AllocNode:Sid=quser43:3646922
   ReqNodeList=(null) ExcNodeList=(null)
   NodeList=qnode3015
   BatchHost=qnode3015
   NumNodes=1 NumCPUs=64 NumTasks=64 CPUs/Task=1 ReqB:S:C:T=0:0:*:*
   ReqTRES=cpu=64,mem=32000M,node=1,billing=288
   AllocTRES=cpu=64,mem=32000M,node=1,billing=288
   Socks/Node=* NtasksPerN:B:S:C=64:0:*:* CoreSpec=*
   MinCPUsNode=64 MinMemoryCPU=500M MinTmpDiskNode=0
   Features=[quest10|quest11|quest12|quest13] DelayBoot=00:00:00
   OverSubscribe=OK Contiguous=0 Licenses=(null) Network=(null)
   Command=/gpfs/home/tbr0780/Dissertation/Integrated_Likelihood_Algorithm/Polytomous_Logistic_Regression/scripts/experiment_sim.sh
   WorkDir=/gpfs/home/tbr0780/Dissertation/Integrated_Likelihood_Algorithm/Polytomous_Logistic_Regression
   StdErr=/dev/null
   StdIn=/dev/null
   StdOut=/dev/null
   MailUser=timothyruel2024@u.northwestern.edu MailType=INVALID_DEPEND,BEGIN,END,FAIL,REQUEUE,STAGE_OUT
   
--------------------------------------------------------------------------------
JOB EFFICIENCY 
--------------------------------------------------------------------------------
Job efficiency will be calculated after the job has completed.
===== checkjob (interval) at Thu Jun 12 21:46:49 CDT 2025 =====
--------------------------------------------------------------------------------
JOB INFORMATION 
--------------------------------------------------------------------------------
JobId=5521967 ArrayJobId=5519625 ArrayTaskId=547 JobName=experiment_sim
   UserId=tbr0780(3229) GroupId=tbr0780(4023) MCS_label=N/A
   Priority=20772 Nice=0 Account=p32397 QOS=normal
   JobState=RUNNING Reason=None Dependency=(null)
   Requeue=0 Restarts=0 BatchFlag=1 Reboot=0 ExitCode=0:0
   RunTime=00:02:07 TimeLimit=02:00:00 TimeMin=N/A
   SubmitTime=2025-06-12T19:56:30 EligibleTime=2025-06-12T19:56:31
   AccrueTime=2025-06-12T19:56:31
   StartTime=2025-06-12T21:44:42 EndTime=2025-06-12T23:44:42 Deadline=N/A
   SuspendTime=None SecsPreSuspend=0 LastSchedEval=2025-06-12T21:44:42 Scheduler=Main
   Partition=short AllocNode:Sid=quser43:3646922
   ReqNodeList=(null) ExcNodeList=(null)
   NodeList=qnode3015
   BatchHost=qnode3015
   NumNodes=1 NumCPUs=64 NumTasks=64 CPUs/Task=1 ReqB:S:C:T=0:0:*:*
   ReqTRES=cpu=64,mem=32000M,node=1,billing=288
   AllocTRES=cpu=64,mem=32000M,node=1,billing=288
   Socks/Node=* NtasksPerN:B:S:C=64:0:*:* CoreSpec=*
   MinCPUsNode=64 MinMemoryCPU=500M MinTmpDiskNode=0
   Features=[quest10|quest11|quest12|quest13] DelayBoot=00:00:00
   OverSubscribe=OK Contiguous=0 Licenses=(null) Network=(null)
   Command=/gpfs/home/tbr0780/Dissertation/Integrated_Likelihood_Algorithm/Polytomous_Logistic_Regression/scripts/experiment_sim.sh
   WorkDir=/gpfs/home/tbr0780/Dissertation/Integrated_Likelihood_Algorithm/Polytomous_Logistic_Regression
   StdErr=/dev/null
   StdIn=/dev/null
   StdOut=/dev/null
   MailUser=timothyruel2024@u.northwestern.edu MailType=INVALID_DEPEND,BEGIN,END,FAIL,REQUEUE,STAGE_OUT
   
--------------------------------------------------------------------------------
JOB EFFICIENCY 
--------------------------------------------------------------------------------
Job efficiency will be calculated after the job has completed.
===== checkjob (interval) at Thu Jun 12 21:47:21 CDT 2025 =====
--------------------------------------------------------------------------------
JOB INFORMATION 
--------------------------------------------------------------------------------
JobId=5521967 ArrayJobId=5519625 ArrayTaskId=547 JobName=experiment_sim
   UserId=tbr0780(3229) GroupId=tbr0780(4023) MCS_label=N/A
   Priority=20772 Nice=0 Account=p32397 QOS=normal
   JobState=RUNNING Reason=None Dependency=(null)
   Requeue=0 Restarts=0 BatchFlag=1 Reboot=0 ExitCode=0:0
   RunTime=00:02:40 TimeLimit=02:00:00 TimeMin=N/A
   SubmitTime=2025-06-12T19:56:30 EligibleTime=2025-06-12T19:56:31
   AccrueTime=2025-06-12T19:56:31
   StartTime=2025-06-12T21:44:42 EndTime=2025-06-12T23:44:42 Deadline=N/A
   SuspendTime=None SecsPreSuspend=0 LastSchedEval=2025-06-12T21:44:42 Scheduler=Main
   Partition=short AllocNode:Sid=quser43:3646922
   ReqNodeList=(null) ExcNodeList=(null)
   NodeList=qnode3015
   BatchHost=qnode3015
   NumNodes=1 NumCPUs=64 NumTasks=64 CPUs/Task=1 ReqB:S:C:T=0:0:*:*
   ReqTRES=cpu=64,mem=32000M,node=1,billing=288
   AllocTRES=cpu=64,mem=32000M,node=1,billing=288
   Socks/Node=* NtasksPerN:B:S:C=64:0:*:* CoreSpec=*
   MinCPUsNode=64 MinMemoryCPU=500M MinTmpDiskNode=0
   Features=[quest10|quest11|quest12|quest13] DelayBoot=00:00:00
   OverSubscribe=OK Contiguous=0 Licenses=(null) Network=(null)
   Command=/gpfs/home/tbr0780/Dissertation/Integrated_Likelihood_Algorithm/Polytomous_Logistic_Regression/scripts/experiment_sim.sh
   WorkDir=/gpfs/home/tbr0780/Dissertation/Integrated_Likelihood_Algorithm/Polytomous_Logistic_Regression
   StdErr=/dev/null
   StdIn=/dev/null
   StdOut=/dev/null
   MailUser=timothyruel2024@u.northwestern.edu MailType=INVALID_DEPEND,BEGIN,END,FAIL,REQUEUE,STAGE_OUT
   
--------------------------------------------------------------------------------
JOB EFFICIENCY 
--------------------------------------------------------------------------------
Job efficiency will be calculated after the job has completed.
===== checkjob (interval) at Thu Jun 12 21:47:56 CDT 2025 =====
--------------------------------------------------------------------------------
JOB INFORMATION 
--------------------------------------------------------------------------------
JobId=5521967 ArrayJobId=5519625 ArrayTaskId=547 JobName=experiment_sim
   UserId=tbr0780(3229) GroupId=tbr0780(4023) MCS_label=N/A
   Priority=20772 Nice=0 Account=p32397 QOS=normal
   JobState=RUNNING Reason=None Dependency=(null)
   Requeue=0 Restarts=0 BatchFlag=1 Reboot=0 ExitCode=0:0
   RunTime=00:03:15 TimeLimit=02:00:00 TimeMin=N/A
   SubmitTime=2025-06-12T19:56:30 EligibleTime=2025-06-12T19:56:31
   AccrueTime=2025-06-12T19:56:31
   StartTime=2025-06-12T21:44:42 EndTime=2025-06-12T23:44:42 Deadline=N/A
   SuspendTime=None SecsPreSuspend=0 LastSchedEval=2025-06-12T21:44:42 Scheduler=Main
   Partition=short AllocNode:Sid=quser43:3646922
   ReqNodeList=(null) ExcNodeList=(null)
   NodeList=qnode3015
   BatchHost=qnode3015
   NumNodes=1 NumCPUs=64 NumTasks=64 CPUs/Task=1 ReqB:S:C:T=0:0:*:*
   ReqTRES=cpu=64,mem=32000M,node=1,billing=288
   AllocTRES=cpu=64,mem=32000M,node=1,billing=288
   Socks/Node=* NtasksPerN:B:S:C=64:0:*:* CoreSpec=*
   MinCPUsNode=64 MinMemoryCPU=500M MinTmpDiskNode=0
   Features=[quest10|quest11|quest12|quest13] DelayBoot=00:00:00
   OverSubscribe=OK Contiguous=0 Licenses=(null) Network=(null)
   Command=/gpfs/home/tbr0780/Dissertation/Integrated_Likelihood_Algorithm/Polytomous_Logistic_Regression/scripts/experiment_sim.sh
   WorkDir=/gpfs/home/tbr0780/Dissertation/Integrated_Likelihood_Algorithm/Polytomous_Logistic_Regression
   StdErr=/dev/null
   StdIn=/dev/null
   StdOut=/dev/null
   MailUser=timothyruel2024@u.northwestern.edu MailType=INVALID_DEPEND,BEGIN,END,FAIL,REQUEUE,STAGE_OUT
   
--------------------------------------------------------------------------------
JOB EFFICIENCY 
--------------------------------------------------------------------------------
Job efficiency will be calculated after the job has completed.
===== checkjob (interval) at Thu Jun 12 21:48:28 CDT 2025 =====
--------------------------------------------------------------------------------
JOB INFORMATION 
--------------------------------------------------------------------------------
JobId=5521967 ArrayJobId=5519625 ArrayTaskId=547 JobName=experiment_sim
   UserId=tbr0780(3229) GroupId=tbr0780(4023) MCS_label=N/A
   Priority=20772 Nice=0 Account=p32397 QOS=normal
   JobState=RUNNING Reason=None Dependency=(null)
   Requeue=0 Restarts=0 BatchFlag=1 Reboot=0 ExitCode=0:0
   RunTime=00:03:47 TimeLimit=02:00:00 TimeMin=N/A
   SubmitTime=2025-06-12T19:56:30 EligibleTime=2025-06-12T19:56:31
   AccrueTime=2025-06-12T19:56:31
   StartTime=2025-06-12T21:44:42 EndTime=2025-06-12T23:44:42 Deadline=N/A
   SuspendTime=None SecsPreSuspend=0 LastSchedEval=2025-06-12T21:44:42 Scheduler=Main
   Partition=short AllocNode:Sid=quser43:3646922
   ReqNodeList=(null) ExcNodeList=(null)
   NodeList=qnode3015
   BatchHost=qnode3015
   NumNodes=1 NumCPUs=64 NumTasks=64 CPUs/Task=1 ReqB:S:C:T=0:0:*:*
   ReqTRES=cpu=64,mem=32000M,node=1,billing=288
   AllocTRES=cpu=64,mem=32000M,node=1,billing=288
   Socks/Node=* NtasksPerN:B:S:C=64:0:*:* CoreSpec=*
   MinCPUsNode=64 MinMemoryCPU=500M MinTmpDiskNode=0
   Features=[quest10|quest11|quest12|quest13] DelayBoot=00:00:00
   OverSubscribe=OK Contiguous=0 Licenses=(null) Network=(null)
   Command=/gpfs/home/tbr0780/Dissertation/Integrated_Likelihood_Algorithm/Polytomous_Logistic_Regression/scripts/experiment_sim.sh
   WorkDir=/gpfs/home/tbr0780/Dissertation/Integrated_Likelihood_Algorithm/Polytomous_Logistic_Regression
   StdErr=/dev/null
   StdIn=/dev/null
   StdOut=/dev/null
   MailUser=timothyruel2024@u.northwestern.edu MailType=INVALID_DEPEND,BEGIN,END,FAIL,REQUEUE,STAGE_OUT
   
--------------------------------------------------------------------------------
JOB EFFICIENCY 
--------------------------------------------------------------------------------
Job efficiency will be calculated after the job has completed.
===== checkjob (interval) at Thu Jun 12 21:49:02 CDT 2025 =====
--------------------------------------------------------------------------------
JOB INFORMATION 
--------------------------------------------------------------------------------
JobId=5521967 ArrayJobId=5519625 ArrayTaskId=547 JobName=experiment_sim
   UserId=tbr0780(3229) GroupId=tbr0780(4023) MCS_label=N/A
   Priority=20772 Nice=0 Account=p32397 QOS=normal
   JobState=RUNNING Reason=None Dependency=(null)
   Requeue=0 Restarts=0 BatchFlag=1 Reboot=0 ExitCode=0:0
   RunTime=00:04:22 TimeLimit=02:00:00 TimeMin=N/A
   SubmitTime=2025-06-12T19:56:30 EligibleTime=2025-06-12T19:56:31
   AccrueTime=2025-06-12T19:56:31
   StartTime=2025-06-12T21:44:42 EndTime=2025-06-12T23:44:42 Deadline=N/A
   SuspendTime=None SecsPreSuspend=0 LastSchedEval=2025-06-12T21:44:42 Scheduler=Main
   Partition=short AllocNode:Sid=quser43:3646922
   ReqNodeList=(null) ExcNodeList=(null)
   NodeList=qnode3015
   BatchHost=qnode3015
   NumNodes=1 NumCPUs=64 NumTasks=64 CPUs/Task=1 ReqB:S:C:T=0:0:*:*
   ReqTRES=cpu=64,mem=32000M,node=1,billing=288
   AllocTRES=cpu=64,mem=32000M,node=1,billing=288
   Socks/Node=* NtasksPerN:B:S:C=64:0:*:* CoreSpec=*
   MinCPUsNode=64 MinMemoryCPU=500M MinTmpDiskNode=0
   Features=[quest10|quest11|quest12|quest13] DelayBoot=00:00:00
   OverSubscribe=OK Contiguous=0 Licenses=(null) Network=(null)
   Command=/gpfs/home/tbr0780/Dissertation/Integrated_Likelihood_Algorithm/Polytomous_Logistic_Regression/scripts/experiment_sim.sh
   WorkDir=/gpfs/home/tbr0780/Dissertation/Integrated_Likelihood_Algorithm/Polytomous_Logistic_Regression
   StdErr=/dev/null
   StdIn=/dev/null
   StdOut=/dev/null
   MailUser=timothyruel2024@u.northwestern.edu MailType=INVALID_DEPEND,BEGIN,END,FAIL,REQUEUE,STAGE_OUT
   
--------------------------------------------------------------------------------
JOB EFFICIENCY 
--------------------------------------------------------------------------------
Job efficiency will be calculated after the job has completed.
===== checkjob (interval) at Thu Jun 12 21:49:37 CDT 2025 =====
--------------------------------------------------------------------------------
JOB INFORMATION 
--------------------------------------------------------------------------------
JobId=5521967 ArrayJobId=5519625 ArrayTaskId=547 JobName=experiment_sim
   UserId=tbr0780(3229) GroupId=tbr0780(4023) MCS_label=N/A
   Priority=20772 Nice=0 Account=p32397 QOS=normal
   JobState=RUNNING Reason=None Dependency=(null)
   Requeue=0 Restarts=0 BatchFlag=1 Reboot=0 ExitCode=0:0
   RunTime=00:04:55 TimeLimit=02:00:00 TimeMin=N/A
   SubmitTime=2025-06-12T19:56:30 EligibleTime=2025-06-12T19:56:31
   AccrueTime=2025-06-12T19:56:31
   StartTime=2025-06-12T21:44:42 EndTime=2025-06-12T23:44:42 Deadline=N/A
   SuspendTime=None SecsPreSuspend=0 LastSchedEval=2025-06-12T21:44:42 Scheduler=Main
   Partition=short AllocNode:Sid=quser43:3646922
   ReqNodeList=(null) ExcNodeList=(null)
   NodeList=qnode3015
   BatchHost=qnode3015
   NumNodes=1 NumCPUs=64 NumTasks=64 CPUs/Task=1 ReqB:S:C:T=0:0:*:*
   ReqTRES=cpu=64,mem=32000M,node=1,billing=288
   AllocTRES=cpu=64,mem=32000M,node=1,billing=288
   Socks/Node=* NtasksPerN:B:S:C=64:0:*:* CoreSpec=*
   MinCPUsNode=64 MinMemoryCPU=500M MinTmpDiskNode=0
   Features=[quest10|quest11|quest12|quest13] DelayBoot=00:00:00
   OverSubscribe=OK Contiguous=0 Licenses=(null) Network=(null)
   Command=/gpfs/home/tbr0780/Dissertation/Integrated_Likelihood_Algorithm/Polytomous_Logistic_Regression/scripts/experiment_sim.sh
   WorkDir=/gpfs/home/tbr0780/Dissertation/Integrated_Likelihood_Algorithm/Polytomous_Logistic_Regression
   StdErr=/dev/null
   StdIn=/dev/null
   StdOut=/dev/null
   MailUser=timothyruel2024@u.northwestern.edu MailType=INVALID_DEPEND,BEGIN,END,FAIL,REQUEUE,STAGE_OUT
   
--------------------------------------------------------------------------------
JOB EFFICIENCY 
--------------------------------------------------------------------------------
Job efficiency will be calculated after the job has completed.
===== checkjob (interval) at Thu Jun 12 21:50:08 CDT 2025 =====
--------------------------------------------------------------------------------
JOB INFORMATION 
--------------------------------------------------------------------------------
JobId=5521967 ArrayJobId=5519625 ArrayTaskId=547 JobName=experiment_sim
   UserId=tbr0780(3229) GroupId=tbr0780(4023) MCS_label=N/A
   Priority=20772 Nice=0 Account=p32397 QOS=normal
   JobState=RUNNING Reason=None Dependency=(null)
   Requeue=0 Restarts=0 BatchFlag=1 Reboot=0 ExitCode=0:0
   RunTime=00:05:28 TimeLimit=02:00:00 TimeMin=N/A
   SubmitTime=2025-06-12T19:56:30 EligibleTime=2025-06-12T19:56:31
   AccrueTime=2025-06-12T19:56:31
   StartTime=2025-06-12T21:44:42 EndTime=2025-06-12T23:44:42 Deadline=N/A
   SuspendTime=None SecsPreSuspend=0 LastSchedEval=2025-06-12T21:44:42 Scheduler=Main
   Partition=short AllocNode:Sid=quser43:3646922
   ReqNodeList=(null) ExcNodeList=(null)
   NodeList=qnode3015
   BatchHost=qnode3015
   NumNodes=1 NumCPUs=64 NumTasks=64 CPUs/Task=1 ReqB:S:C:T=0:0:*:*
   ReqTRES=cpu=64,mem=32000M,node=1,billing=288
   AllocTRES=cpu=64,mem=32000M,node=1,billing=288
   Socks/Node=* NtasksPerN:B:S:C=64:0:*:* CoreSpec=*
   MinCPUsNode=64 MinMemoryCPU=500M MinTmpDiskNode=0
   Features=[quest10|quest11|quest12|quest13] DelayBoot=00:00:00
   OverSubscribe=OK Contiguous=0 Licenses=(null) Network=(null)
   Command=/gpfs/home/tbr0780/Dissertation/Integrated_Likelihood_Algorithm/Polytomous_Logistic_Regression/scripts/experiment_sim.sh
   WorkDir=/gpfs/home/tbr0780/Dissertation/Integrated_Likelihood_Algorithm/Polytomous_Logistic_Regression
   StdErr=/dev/null
   StdIn=/dev/null
   StdOut=/dev/null
   MailUser=timothyruel2024@u.northwestern.edu MailType=INVALID_DEPEND,BEGIN,END,FAIL,REQUEUE,STAGE_OUT
   
--------------------------------------------------------------------------------
JOB EFFICIENCY 
--------------------------------------------------------------------------------
Job efficiency will be calculated after the job has completed.
===== checkjob (interval) at Thu Jun 12 21:50:43 CDT 2025 =====
--------------------------------------------------------------------------------
JOB INFORMATION 
--------------------------------------------------------------------------------
JobId=5521967 ArrayJobId=5519625 ArrayTaskId=547 JobName=experiment_sim
   UserId=tbr0780(3229) GroupId=tbr0780(4023) MCS_label=N/A
   Priority=20772 Nice=0 Account=p32397 QOS=normal
   JobState=RUNNING Reason=None Dependency=(null)
   Requeue=0 Restarts=0 BatchFlag=1 Reboot=0 ExitCode=0:0
   RunTime=00:06:02 TimeLimit=02:00:00 TimeMin=N/A
   SubmitTime=2025-06-12T19:56:30 EligibleTime=2025-06-12T19:56:31
   AccrueTime=2025-06-12T19:56:31
   StartTime=2025-06-12T21:44:42 EndTime=2025-06-12T23:44:42 Deadline=N/A
   SuspendTime=None SecsPreSuspend=0 LastSchedEval=2025-06-12T21:44:42 Scheduler=Main
   Partition=short AllocNode:Sid=quser43:3646922
   ReqNodeList=(null) ExcNodeList=(null)
   NodeList=qnode3015
   BatchHost=qnode3015
   NumNodes=1 NumCPUs=64 NumTasks=64 CPUs/Task=1 ReqB:S:C:T=0:0:*:*
   ReqTRES=cpu=64,mem=32000M,node=1,billing=288
   AllocTRES=cpu=64,mem=32000M,node=1,billing=288
   Socks/Node=* NtasksPerN:B:S:C=64:0:*:* CoreSpec=*
   MinCPUsNode=64 MinMemoryCPU=500M MinTmpDiskNode=0
   Features=[quest10|quest11|quest12|quest13] DelayBoot=00:00:00
   OverSubscribe=OK Contiguous=0 Licenses=(null) Network=(null)
   Command=/gpfs/home/tbr0780/Dissertation/Integrated_Likelihood_Algorithm/Polytomous_Logistic_Regression/scripts/experiment_sim.sh
   WorkDir=/gpfs/home/tbr0780/Dissertation/Integrated_Likelihood_Algorithm/Polytomous_Logistic_Regression
   StdErr=/dev/null
   StdIn=/dev/null
   StdOut=/dev/null
   MailUser=timothyruel2024@u.northwestern.edu MailType=INVALID_DEPEND,BEGIN,END,FAIL,REQUEUE,STAGE_OUT
   
--------------------------------------------------------------------------------
JOB EFFICIENCY 
--------------------------------------------------------------------------------
Job efficiency will be calculated after the job has completed.
===== checkjob (interval) at Thu Jun 12 21:51:18 CDT 2025 =====
--------------------------------------------------------------------------------
JOB INFORMATION 
--------------------------------------------------------------------------------
JobId=5521967 ArrayJobId=5519625 ArrayTaskId=547 JobName=experiment_sim
   UserId=tbr0780(3229) GroupId=tbr0780(4023) MCS_label=N/A
   Priority=20772 Nice=0 Account=p32397 QOS=normal
   JobState=RUNNING Reason=None Dependency=(null)
   Requeue=0 Restarts=0 BatchFlag=1 Reboot=0 ExitCode=0:0
   RunTime=00:06:37 TimeLimit=02:00:00 TimeMin=N/A
   SubmitTime=2025-06-12T19:56:30 EligibleTime=2025-06-12T19:56:31
   AccrueTime=2025-06-12T19:56:31
   StartTime=2025-06-12T21:44:42 EndTime=2025-06-12T23:44:42 Deadline=N/A
   SuspendTime=None SecsPreSuspend=0 LastSchedEval=2025-06-12T21:44:42 Scheduler=Main
   Partition=short AllocNode:Sid=quser43:3646922
   ReqNodeList=(null) ExcNodeList=(null)
   NodeList=qnode3015
   BatchHost=qnode3015
   NumNodes=1 NumCPUs=64 NumTasks=64 CPUs/Task=1 ReqB:S:C:T=0:0:*:*
   ReqTRES=cpu=64,mem=32000M,node=1,billing=288
   AllocTRES=cpu=64,mem=32000M,node=1,billing=288
   Socks/Node=* NtasksPerN:B:S:C=64:0:*:* CoreSpec=*
   MinCPUsNode=64 MinMemoryCPU=500M MinTmpDiskNode=0
   Features=[quest10|quest11|quest12|quest13] DelayBoot=00:00:00
   OverSubscribe=OK Contiguous=0 Licenses=(null) Network=(null)
   Command=/gpfs/home/tbr0780/Dissertation/Integrated_Likelihood_Algorithm/Polytomous_Logistic_Regression/scripts/experiment_sim.sh
   WorkDir=/gpfs/home/tbr0780/Dissertation/Integrated_Likelihood_Algorithm/Polytomous_Logistic_Regression
   StdErr=/dev/null
   StdIn=/dev/null
   StdOut=/dev/null
   MailUser=timothyruel2024@u.northwestern.edu MailType=INVALID_DEPEND,BEGIN,END,FAIL,REQUEUE,STAGE_OUT
   
--------------------------------------------------------------------------------
JOB EFFICIENCY 
--------------------------------------------------------------------------------
Job efficiency will be calculated after the job has completed.
===== checkjob (interval) at Thu Jun 12 21:51:54 CDT 2025 =====
--------------------------------------------------------------------------------
JOB INFORMATION 
--------------------------------------------------------------------------------
JobId=5521967 ArrayJobId=5519625 ArrayTaskId=547 JobName=experiment_sim
   UserId=tbr0780(3229) GroupId=tbr0780(4023) MCS_label=N/A
   Priority=20772 Nice=0 Account=p32397 QOS=normal
   JobState=RUNNING Reason=None Dependency=(null)
   Requeue=0 Restarts=0 BatchFlag=1 Reboot=0 ExitCode=0:0
   RunTime=00:07:12 TimeLimit=02:00:00 TimeMin=N/A
   SubmitTime=2025-06-12T19:56:30 EligibleTime=2025-06-12T19:56:31
   AccrueTime=2025-06-12T19:56:31
   StartTime=2025-06-12T21:44:42 EndTime=2025-06-12T23:44:42 Deadline=N/A
   SuspendTime=None SecsPreSuspend=0 LastSchedEval=2025-06-12T21:44:42 Scheduler=Main
   Partition=short AllocNode:Sid=quser43:3646922
   ReqNodeList=(null) ExcNodeList=(null)
   NodeList=qnode3015
   BatchHost=qnode3015
   NumNodes=1 NumCPUs=64 NumTasks=64 CPUs/Task=1 ReqB:S:C:T=0:0:*:*
   ReqTRES=cpu=64,mem=32000M,node=1,billing=288
   AllocTRES=cpu=64,mem=32000M,node=1,billing=288
   Socks/Node=* NtasksPerN:B:S:C=64:0:*:* CoreSpec=*
   MinCPUsNode=64 MinMemoryCPU=500M MinTmpDiskNode=0
   Features=[quest10|quest11|quest12|quest13] DelayBoot=00:00:00
   OverSubscribe=OK Contiguous=0 Licenses=(null) Network=(null)
   Command=/gpfs/home/tbr0780/Dissertation/Integrated_Likelihood_Algorithm/Polytomous_Logistic_Regression/scripts/experiment_sim.sh
   WorkDir=/gpfs/home/tbr0780/Dissertation/Integrated_Likelihood_Algorithm/Polytomous_Logistic_Regression
   StdErr=/dev/null
   StdIn=/dev/null
   StdOut=/dev/null
   MailUser=timothyruel2024@u.northwestern.edu MailType=INVALID_DEPEND,BEGIN,END,FAIL,REQUEUE,STAGE_OUT
   
--------------------------------------------------------------------------------
JOB EFFICIENCY 
--------------------------------------------------------------------------------
Job efficiency will be calculated after the job has completed.
===== checkjob (interval) at Thu Jun 12 21:52:25 CDT 2025 =====
--------------------------------------------------------------------------------
JOB INFORMATION 
--------------------------------------------------------------------------------
JobId=5521967 ArrayJobId=5519625 ArrayTaskId=547 JobName=experiment_sim
   UserId=tbr0780(3229) GroupId=tbr0780(4023) MCS_label=N/A
   Priority=20772 Nice=0 Account=p32397 QOS=normal
   JobState=RUNNING Reason=None Dependency=(null)
   Requeue=0 Restarts=0 BatchFlag=1 Reboot=0 ExitCode=0:0
   RunTime=00:07:45 TimeLimit=02:00:00 TimeMin=N/A
   SubmitTime=2025-06-12T19:56:30 EligibleTime=2025-06-12T19:56:31
   AccrueTime=2025-06-12T19:56:31
   StartTime=2025-06-12T21:44:42 EndTime=2025-06-12T23:44:42 Deadline=N/A
   SuspendTime=None SecsPreSuspend=0 LastSchedEval=2025-06-12T21:44:42 Scheduler=Main
   Partition=short AllocNode:Sid=quser43:3646922
   ReqNodeList=(null) ExcNodeList=(null)
   NodeList=qnode3015
   BatchHost=qnode3015
   NumNodes=1 NumCPUs=64 NumTasks=64 CPUs/Task=1 ReqB:S:C:T=0:0:*:*
   ReqTRES=cpu=64,mem=32000M,node=1,billing=288
   AllocTRES=cpu=64,mem=32000M,node=1,billing=288
   Socks/Node=* NtasksPerN:B:S:C=64:0:*:* CoreSpec=*
   MinCPUsNode=64 MinMemoryCPU=500M MinTmpDiskNode=0
   Features=[quest10|quest11|quest12|quest13] DelayBoot=00:00:00
   OverSubscribe=OK Contiguous=0 Licenses=(null) Network=(null)
   Command=/gpfs/home/tbr0780/Dissertation/Integrated_Likelihood_Algorithm/Polytomous_Logistic_Regression/scripts/experiment_sim.sh
   WorkDir=/gpfs/home/tbr0780/Dissertation/Integrated_Likelihood_Algorithm/Polytomous_Logistic_Regression
   StdErr=/dev/null
   StdIn=/dev/null
   StdOut=/dev/null
   MailUser=timothyruel2024@u.northwestern.edu MailType=INVALID_DEPEND,BEGIN,END,FAIL,REQUEUE,STAGE_OUT
   
--------------------------------------------------------------------------------
JOB EFFICIENCY 
--------------------------------------------------------------------------------
Job efficiency will be calculated after the job has completed.
===== checkjob (interval) at Thu Jun 12 21:53:00 CDT 2025 =====
--------------------------------------------------------------------------------
JOB INFORMATION 
--------------------------------------------------------------------------------
JobId=5521967 ArrayJobId=5519625 ArrayTaskId=547 JobName=experiment_sim
   UserId=tbr0780(3229) GroupId=tbr0780(4023) MCS_label=N/A
   Priority=20772 Nice=0 Account=p32397 QOS=normal
   JobState=RUNNING Reason=None Dependency=(null)
   Requeue=0 Restarts=0 BatchFlag=1 Reboot=0 ExitCode=0:0
   RunTime=00:08:20 TimeLimit=02:00:00 TimeMin=N/A
   SubmitTime=2025-06-12T19:56:30 EligibleTime=2025-06-12T19:56:31
   AccrueTime=2025-06-12T19:56:31
   StartTime=2025-06-12T21:44:42 EndTime=2025-06-12T23:44:42 Deadline=N/A
   SuspendTime=None SecsPreSuspend=0 LastSchedEval=2025-06-12T21:44:42 Scheduler=Main
   Partition=short AllocNode:Sid=quser43:3646922
   ReqNodeList=(null) ExcNodeList=(null)
   NodeList=qnode3015
   BatchHost=qnode3015
   NumNodes=1 NumCPUs=64 NumTasks=64 CPUs/Task=1 ReqB:S:C:T=0:0:*:*
   ReqTRES=cpu=64,mem=32000M,node=1,billing=288
   AllocTRES=cpu=64,mem=32000M,node=1,billing=288
   Socks/Node=* NtasksPerN:B:S:C=64:0:*:* CoreSpec=*
   MinCPUsNode=64 MinMemoryCPU=500M MinTmpDiskNode=0
   Features=[quest10|quest11|quest12|quest13] DelayBoot=00:00:00
   OverSubscribe=OK Contiguous=0 Licenses=(null) Network=(null)
   Command=/gpfs/home/tbr0780/Dissertation/Integrated_Likelihood_Algorithm/Polytomous_Logistic_Regression/scripts/experiment_sim.sh
   WorkDir=/gpfs/home/tbr0780/Dissertation/Integrated_Likelihood_Algorithm/Polytomous_Logistic_Regression
   StdErr=/dev/null
   StdIn=/dev/null
   StdOut=/dev/null
   MailUser=timothyruel2024@u.northwestern.edu MailType=INVALID_DEPEND,BEGIN,END,FAIL,REQUEUE,STAGE_OUT
   
--------------------------------------------------------------------------------
JOB EFFICIENCY 
--------------------------------------------------------------------------------
Job efficiency will be calculated after the job has completed.
===== checkjob (interval) at Thu Jun 12 21:53:35 CDT 2025 =====
--------------------------------------------------------------------------------
JOB INFORMATION 
--------------------------------------------------------------------------------
JobId=5521967 ArrayJobId=5519625 ArrayTaskId=547 JobName=experiment_sim
   UserId=tbr0780(3229) GroupId=tbr0780(4023) MCS_label=N/A
   Priority=20772 Nice=0 Account=p32397 QOS=normal
   JobState=RUNNING Reason=None Dependency=(null)
   Requeue=0 Restarts=0 BatchFlag=1 Reboot=0 ExitCode=0:0
   RunTime=00:08:53 TimeLimit=02:00:00 TimeMin=N/A
   SubmitTime=2025-06-12T19:56:30 EligibleTime=2025-06-12T19:56:31
   AccrueTime=2025-06-12T19:56:31
   StartTime=2025-06-12T21:44:42 EndTime=2025-06-12T23:44:42 Deadline=N/A
   SuspendTime=None SecsPreSuspend=0 LastSchedEval=2025-06-12T21:44:42 Scheduler=Main
   Partition=short AllocNode:Sid=quser43:3646922
   ReqNodeList=(null) ExcNodeList=(null)
   NodeList=qnode3015
   BatchHost=qnode3015
   NumNodes=1 NumCPUs=64 NumTasks=64 CPUs/Task=1 ReqB:S:C:T=0:0:*:*
   ReqTRES=cpu=64,mem=32000M,node=1,billing=288
   AllocTRES=cpu=64,mem=32000M,node=1,billing=288
   Socks/Node=* NtasksPerN:B:S:C=64:0:*:* CoreSpec=*
   MinCPUsNode=64 MinMemoryCPU=500M MinTmpDiskNode=0
   Features=[quest10|quest11|quest12|quest13] DelayBoot=00:00:00
   OverSubscribe=OK Contiguous=0 Licenses=(null) Network=(null)
   Command=/gpfs/home/tbr0780/Dissertation/Integrated_Likelihood_Algorithm/Polytomous_Logistic_Regression/scripts/experiment_sim.sh
   WorkDir=/gpfs/home/tbr0780/Dissertation/Integrated_Likelihood_Algorithm/Polytomous_Logistic_Regression
   StdErr=/dev/null
   StdIn=/dev/null
   StdOut=/dev/null
   MailUser=timothyruel2024@u.northwestern.edu MailType=INVALID_DEPEND,BEGIN,END,FAIL,REQUEUE,STAGE_OUT
   
--------------------------------------------------------------------------------
JOB EFFICIENCY 
--------------------------------------------------------------------------------
Job efficiency will be calculated after the job has completed.
===== checkjob (interval) at Thu Jun 12 21:54:07 CDT 2025 =====
--------------------------------------------------------------------------------
JOB INFORMATION 
--------------------------------------------------------------------------------
JobId=5521967 ArrayJobId=5519625 ArrayTaskId=547 JobName=experiment_sim
   UserId=tbr0780(3229) GroupId=tbr0780(4023) MCS_label=N/A
   Priority=20772 Nice=0 Account=p32397 QOS=normal
   JobState=RUNNING Reason=None Dependency=(null)
   Requeue=0 Restarts=0 BatchFlag=1 Reboot=0 ExitCode=0:0
   RunTime=00:09:26 TimeLimit=02:00:00 TimeMin=N/A
   SubmitTime=2025-06-12T19:56:30 EligibleTime=2025-06-12T19:56:31
   AccrueTime=2025-06-12T19:56:31
   StartTime=2025-06-12T21:44:42 EndTime=2025-06-12T23:44:42 Deadline=N/A
   SuspendTime=None SecsPreSuspend=0 LastSchedEval=2025-06-12T21:44:42 Scheduler=Main
   Partition=short AllocNode:Sid=quser43:3646922
   ReqNodeList=(null) ExcNodeList=(null)
   NodeList=qnode3015
   BatchHost=qnode3015
   NumNodes=1 NumCPUs=64 NumTasks=64 CPUs/Task=1 ReqB:S:C:T=0:0:*:*
   ReqTRES=cpu=64,mem=32000M,node=1,billing=288
   AllocTRES=cpu=64,mem=32000M,node=1,billing=288
   Socks/Node=* NtasksPerN:B:S:C=64:0:*:* CoreSpec=*
   MinCPUsNode=64 MinMemoryCPU=500M MinTmpDiskNode=0
   Features=[quest10|quest11|quest12|quest13] DelayBoot=00:00:00
   OverSubscribe=OK Contiguous=0 Licenses=(null) Network=(null)
   Command=/gpfs/home/tbr0780/Dissertation/Integrated_Likelihood_Algorithm/Polytomous_Logistic_Regression/scripts/experiment_sim.sh
   WorkDir=/gpfs/home/tbr0780/Dissertation/Integrated_Likelihood_Algorithm/Polytomous_Logistic_Regression
   StdErr=/dev/null
   StdIn=/dev/null
   StdOut=/dev/null
   MailUser=timothyruel2024@u.northwestern.edu MailType=INVALID_DEPEND,BEGIN,END,FAIL,REQUEUE,STAGE_OUT
   
--------------------------------------------------------------------------------
JOB EFFICIENCY 
--------------------------------------------------------------------------------
Job efficiency will be calculated after the job has completed.
===== checkjob (interval) at Thu Jun 12 21:54:41 CDT 2025 =====
--------------------------------------------------------------------------------
JOB INFORMATION 
--------------------------------------------------------------------------------
JobId=5521967 ArrayJobId=5519625 ArrayTaskId=547 JobName=experiment_sim
   UserId=tbr0780(3229) GroupId=tbr0780(4023) MCS_label=N/A
   Priority=20772 Nice=0 Account=p32397 QOS=normal
   JobState=RUNNING Reason=None Dependency=(null)
   Requeue=0 Restarts=0 BatchFlag=1 Reboot=0 ExitCode=0:0
   RunTime=00:10:01 TimeLimit=02:00:00 TimeMin=N/A
   SubmitTime=2025-06-12T19:56:30 EligibleTime=2025-06-12T19:56:31
   AccrueTime=2025-06-12T19:56:31
   StartTime=2025-06-12T21:44:42 EndTime=2025-06-12T23:44:42 Deadline=N/A
   SuspendTime=None SecsPreSuspend=0 LastSchedEval=2025-06-12T21:44:42 Scheduler=Main
   Partition=short AllocNode:Sid=quser43:3646922
   ReqNodeList=(null) ExcNodeList=(null)
   NodeList=qnode3015
   BatchHost=qnode3015
   NumNodes=1 NumCPUs=64 NumTasks=64 CPUs/Task=1 ReqB:S:C:T=0:0:*:*
   ReqTRES=cpu=64,mem=32000M,node=1,billing=288
   AllocTRES=cpu=64,mem=32000M,node=1,billing=288
   Socks/Node=* NtasksPerN:B:S:C=64:0:*:* CoreSpec=*
   MinCPUsNode=64 MinMemoryCPU=500M MinTmpDiskNode=0
   Features=[quest10|quest11|quest12|quest13] DelayBoot=00:00:00
   OverSubscribe=OK Contiguous=0 Licenses=(null) Network=(null)
   Command=/gpfs/home/tbr0780/Dissertation/Integrated_Likelihood_Algorithm/Polytomous_Logistic_Regression/scripts/experiment_sim.sh
   WorkDir=/gpfs/home/tbr0780/Dissertation/Integrated_Likelihood_Algorithm/Polytomous_Logistic_Regression
   StdErr=/dev/null
   StdIn=/dev/null
   StdOut=/dev/null
   MailUser=timothyruel2024@u.northwestern.edu MailType=INVALID_DEPEND,BEGIN,END,FAIL,REQUEUE,STAGE_OUT
   
--------------------------------------------------------------------------------
JOB EFFICIENCY 
--------------------------------------------------------------------------------
Job efficiency will be calculated after the job has completed.
===== checkjob (interval) at Thu Jun 12 21:55:16 CDT 2025 =====
--------------------------------------------------------------------------------
JOB INFORMATION 
--------------------------------------------------------------------------------
JobId=5521967 ArrayJobId=5519625 ArrayTaskId=547 JobName=experiment_sim
   UserId=tbr0780(3229) GroupId=tbr0780(4023) MCS_label=N/A
   Priority=20772 Nice=0 Account=p32397 QOS=normal
   JobState=RUNNING Reason=None Dependency=(null)
   Requeue=0 Restarts=0 BatchFlag=1 Reboot=0 ExitCode=0:0
   RunTime=00:10:36 TimeLimit=02:00:00 TimeMin=N/A
   SubmitTime=2025-06-12T19:56:30 EligibleTime=2025-06-12T19:56:31
   AccrueTime=2025-06-12T19:56:31
   StartTime=2025-06-12T21:44:42 EndTime=2025-06-12T23:44:42 Deadline=N/A
   SuspendTime=None SecsPreSuspend=0 LastSchedEval=2025-06-12T21:44:42 Scheduler=Main
   Partition=short AllocNode:Sid=quser43:3646922
   ReqNodeList=(null) ExcNodeList=(null)
   NodeList=qnode3015
   BatchHost=qnode3015
   NumNodes=1 NumCPUs=64 NumTasks=64 CPUs/Task=1 ReqB:S:C:T=0:0:*:*
   ReqTRES=cpu=64,mem=32000M,node=1,billing=288
   AllocTRES=cpu=64,mem=32000M,node=1,billing=288
   Socks/Node=* NtasksPerN:B:S:C=64:0:*:* CoreSpec=*
   MinCPUsNode=64 MinMemoryCPU=500M MinTmpDiskNode=0
   Features=[quest10|quest11|quest12|quest13] DelayBoot=00:00:00
   OverSubscribe=OK Contiguous=0 Licenses=(null) Network=(null)
   Command=/gpfs/home/tbr0780/Dissertation/Integrated_Likelihood_Algorithm/Polytomous_Logistic_Regression/scripts/experiment_sim.sh
   WorkDir=/gpfs/home/tbr0780/Dissertation/Integrated_Likelihood_Algorithm/Polytomous_Logistic_Regression
   StdErr=/dev/null
   StdIn=/dev/null
   StdOut=/dev/null
   MailUser=timothyruel2024@u.northwestern.edu MailType=INVALID_DEPEND,BEGIN,END,FAIL,REQUEUE,STAGE_OUT
   
--------------------------------------------------------------------------------
JOB EFFICIENCY 
--------------------------------------------------------------------------------
Job efficiency will be calculated after the job has completed.
===== checkjob (interval) at Thu Jun 12 21:55:51 CDT 2025 =====
--------------------------------------------------------------------------------
JOB INFORMATION 
--------------------------------------------------------------------------------
JobId=5521967 ArrayJobId=5519625 ArrayTaskId=547 JobName=experiment_sim
   UserId=tbr0780(3229) GroupId=tbr0780(4023) MCS_label=N/A
   Priority=20772 Nice=0 Account=p32397 QOS=normal
   JobState=RUNNING Reason=None Dependency=(null)
   Requeue=0 Restarts=0 BatchFlag=1 Reboot=0 ExitCode=0:0
   RunTime=00:11:09 TimeLimit=02:00:00 TimeMin=N/A
   SubmitTime=2025-06-12T19:56:30 EligibleTime=2025-06-12T19:56:31
   AccrueTime=2025-06-12T19:56:31
   StartTime=2025-06-12T21:44:42 EndTime=2025-06-12T23:44:42 Deadline=N/A
   SuspendTime=None SecsPreSuspend=0 LastSchedEval=2025-06-12T21:44:42 Scheduler=Main
   Partition=short AllocNode:Sid=quser43:3646922
   ReqNodeList=(null) ExcNodeList=(null)
   NodeList=qnode3015
   BatchHost=qnode3015
   NumNodes=1 NumCPUs=64 NumTasks=64 CPUs/Task=1 ReqB:S:C:T=0:0:*:*
   ReqTRES=cpu=64,mem=32000M,node=1,billing=288
   AllocTRES=cpu=64,mem=32000M,node=1,billing=288
   Socks/Node=* NtasksPerN:B:S:C=64:0:*:* CoreSpec=*
   MinCPUsNode=64 MinMemoryCPU=500M MinTmpDiskNode=0
   Features=[quest10|quest11|quest12|quest13] DelayBoot=00:00:00
   OverSubscribe=OK Contiguous=0 Licenses=(null) Network=(null)
   Command=/gpfs/home/tbr0780/Dissertation/Integrated_Likelihood_Algorithm/Polytomous_Logistic_Regression/scripts/experiment_sim.sh
   WorkDir=/gpfs/home/tbr0780/Dissertation/Integrated_Likelihood_Algorithm/Polytomous_Logistic_Regression
   StdErr=/dev/null
   StdIn=/dev/null
   StdOut=/dev/null
   MailUser=timothyruel2024@u.northwestern.edu MailType=INVALID_DEPEND,BEGIN,END,FAIL,REQUEUE,STAGE_OUT
   
--------------------------------------------------------------------------------
JOB EFFICIENCY 
--------------------------------------------------------------------------------
Job efficiency will be calculated after the job has completed.
===== checkjob (interval) at Thu Jun 12 21:56:23 CDT 2025 =====
--------------------------------------------------------------------------------
JOB INFORMATION 
--------------------------------------------------------------------------------
JobId=5521967 ArrayJobId=5519625 ArrayTaskId=547 JobName=experiment_sim
   UserId=tbr0780(3229) GroupId=tbr0780(4023) MCS_label=N/A
   Priority=20772 Nice=0 Account=p32397 QOS=normal
   JobState=RUNNING Reason=None Dependency=(null)
   Requeue=0 Restarts=0 BatchFlag=1 Reboot=0 ExitCode=0:0
   RunTime=00:11:42 TimeLimit=02:00:00 TimeMin=N/A
   SubmitTime=2025-06-12T19:56:30 EligibleTime=2025-06-12T19:56:31
   AccrueTime=2025-06-12T19:56:31
   StartTime=2025-06-12T21:44:42 EndTime=2025-06-12T23:44:42 Deadline=N/A
   SuspendTime=None SecsPreSuspend=0 LastSchedEval=2025-06-12T21:44:42 Scheduler=Main
   Partition=short AllocNode:Sid=quser43:3646922
   ReqNodeList=(null) ExcNodeList=(null)
   NodeList=qnode3015
   BatchHost=qnode3015
   NumNodes=1 NumCPUs=64 NumTasks=64 CPUs/Task=1 ReqB:S:C:T=0:0:*:*
   ReqTRES=cpu=64,mem=32000M,node=1,billing=288
   AllocTRES=cpu=64,mem=32000M,node=1,billing=288
   Socks/Node=* NtasksPerN:B:S:C=64:0:*:* CoreSpec=*
   MinCPUsNode=64 MinMemoryCPU=500M MinTmpDiskNode=0
   Features=[quest10|quest11|quest12|quest13] DelayBoot=00:00:00
   OverSubscribe=OK Contiguous=0 Licenses=(null) Network=(null)
   Command=/gpfs/home/tbr0780/Dissertation/Integrated_Likelihood_Algorithm/Polytomous_Logistic_Regression/scripts/experiment_sim.sh
   WorkDir=/gpfs/home/tbr0780/Dissertation/Integrated_Likelihood_Algorithm/Polytomous_Logistic_Regression
   StdErr=/dev/null
   StdIn=/dev/null
   StdOut=/dev/null
   MailUser=timothyruel2024@u.northwestern.edu MailType=INVALID_DEPEND,BEGIN,END,FAIL,REQUEUE,STAGE_OUT
   
--------------------------------------------------------------------------------
JOB EFFICIENCY 
--------------------------------------------------------------------------------
Job efficiency will be calculated after the job has completed.
===== checkjob (interval) at Thu Jun 12 21:56:56 CDT 2025 =====
--------------------------------------------------------------------------------
JOB INFORMATION 
--------------------------------------------------------------------------------
JobId=5521967 ArrayJobId=5519625 ArrayTaskId=547 JobName=experiment_sim
   UserId=tbr0780(3229) GroupId=tbr0780(4023) MCS_label=N/A
   Priority=20772 Nice=0 Account=p32397 QOS=normal
   JobState=RUNNING Reason=None Dependency=(null)
   Requeue=0 Restarts=0 BatchFlag=1 Reboot=0 ExitCode=0:0
   RunTime=00:12:17 TimeLimit=02:00:00 TimeMin=N/A
   SubmitTime=2025-06-12T19:56:30 EligibleTime=2025-06-12T19:56:31
   AccrueTime=2025-06-12T19:56:31
   StartTime=2025-06-12T21:44:42 EndTime=2025-06-12T23:44:42 Deadline=N/A
   SuspendTime=None SecsPreSuspend=0 LastSchedEval=2025-06-12T21:44:42 Scheduler=Main
   Partition=short AllocNode:Sid=quser43:3646922
   ReqNodeList=(null) ExcNodeList=(null)
   NodeList=qnode3015
   BatchHost=qnode3015
   NumNodes=1 NumCPUs=64 NumTasks=64 CPUs/Task=1 ReqB:S:C:T=0:0:*:*
   ReqTRES=cpu=64,mem=32000M,node=1,billing=288
   AllocTRES=cpu=64,mem=32000M,node=1,billing=288
   Socks/Node=* NtasksPerN:B:S:C=64:0:*:* CoreSpec=*
   MinCPUsNode=64 MinMemoryCPU=500M MinTmpDiskNode=0
   Features=[quest10|quest11|quest12|quest13] DelayBoot=00:00:00
   OverSubscribe=OK Contiguous=0 Licenses=(null) Network=(null)
   Command=/gpfs/home/tbr0780/Dissertation/Integrated_Likelihood_Algorithm/Polytomous_Logistic_Regression/scripts/experiment_sim.sh
   WorkDir=/gpfs/home/tbr0780/Dissertation/Integrated_Likelihood_Algorithm/Polytomous_Logistic_Regression
   StdErr=/dev/null
   StdIn=/dev/null
   StdOut=/dev/null
   MailUser=timothyruel2024@u.northwestern.edu MailType=INVALID_DEPEND,BEGIN,END,FAIL,REQUEUE,STAGE_OUT
   
--------------------------------------------------------------------------------
JOB EFFICIENCY 
--------------------------------------------------------------------------------
Job efficiency will be calculated after the job has completed.
===== checkjob (interval) at Thu Jun 12 21:57:31 CDT 2025 =====
--------------------------------------------------------------------------------
JOB INFORMATION 
--------------------------------------------------------------------------------
JobId=5521967 ArrayJobId=5519625 ArrayTaskId=547 JobName=experiment_sim
   UserId=tbr0780(3229) GroupId=tbr0780(4023) MCS_label=N/A
   Priority=20772 Nice=0 Account=p32397 QOS=normal
   JobState=RUNNING Reason=None Dependency=(null)
   Requeue=0 Restarts=0 BatchFlag=1 Reboot=0 ExitCode=0:0
   RunTime=00:12:50 TimeLimit=02:00:00 TimeMin=N/A
   SubmitTime=2025-06-12T19:56:30 EligibleTime=2025-06-12T19:56:31
   AccrueTime=2025-06-12T19:56:31
   StartTime=2025-06-12T21:44:42 EndTime=2025-06-12T23:44:42 Deadline=N/A
   SuspendTime=None SecsPreSuspend=0 LastSchedEval=2025-06-12T21:44:42 Scheduler=Main
   Partition=short AllocNode:Sid=quser43:3646922
   ReqNodeList=(null) ExcNodeList=(null)
   NodeList=qnode3015
   BatchHost=qnode3015
   NumNodes=1 NumCPUs=64 NumTasks=64 CPUs/Task=1 ReqB:S:C:T=0:0:*:*
   ReqTRES=cpu=64,mem=32000M,node=1,billing=288
   AllocTRES=cpu=64,mem=32000M,node=1,billing=288
   Socks/Node=* NtasksPerN:B:S:C=64:0:*:* CoreSpec=*
   MinCPUsNode=64 MinMemoryCPU=500M MinTmpDiskNode=0
   Features=[quest10|quest11|quest12|quest13] DelayBoot=00:00:00
   OverSubscribe=OK Contiguous=0 Licenses=(null) Network=(null)
   Command=/gpfs/home/tbr0780/Dissertation/Integrated_Likelihood_Algorithm/Polytomous_Logistic_Regression/scripts/experiment_sim.sh
   WorkDir=/gpfs/home/tbr0780/Dissertation/Integrated_Likelihood_Algorithm/Polytomous_Logistic_Regression
   StdErr=/dev/null
   StdIn=/dev/null
   StdOut=/dev/null
   MailUser=timothyruel2024@u.northwestern.edu MailType=INVALID_DEPEND,BEGIN,END,FAIL,REQUEUE,STAGE_OUT
   
--------------------------------------------------------------------------------
JOB EFFICIENCY 
--------------------------------------------------------------------------------
Job efficiency will be calculated after the job has completed.
===== checkjob (interval) at Thu Jun 12 21:58:03 CDT 2025 =====
--------------------------------------------------------------------------------
JOB INFORMATION 
--------------------------------------------------------------------------------
JobId=5521967 ArrayJobId=5519625 ArrayTaskId=547 JobName=experiment_sim
   UserId=tbr0780(3229) GroupId=tbr0780(4023) MCS_label=N/A
   Priority=20772 Nice=0 Account=p32397 QOS=normal
   JobState=RUNNING Reason=None Dependency=(null)
   Requeue=0 Restarts=0 BatchFlag=1 Reboot=0 ExitCode=0:0
   RunTime=00:13:22 TimeLimit=02:00:00 TimeMin=N/A
   SubmitTime=2025-06-12T19:56:30 EligibleTime=2025-06-12T19:56:31
   AccrueTime=2025-06-12T19:56:31
   StartTime=2025-06-12T21:44:42 EndTime=2025-06-12T23:44:42 Deadline=N/A
   SuspendTime=None SecsPreSuspend=0 LastSchedEval=2025-06-12T21:44:42 Scheduler=Main
   Partition=short AllocNode:Sid=quser43:3646922
   ReqNodeList=(null) ExcNodeList=(null)
   NodeList=qnode3015
   BatchHost=qnode3015
   NumNodes=1 NumCPUs=64 NumTasks=64 CPUs/Task=1 ReqB:S:C:T=0:0:*:*
   ReqTRES=cpu=64,mem=32000M,node=1,billing=288
   AllocTRES=cpu=64,mem=32000M,node=1,billing=288
   Socks/Node=* NtasksPerN:B:S:C=64:0:*:* CoreSpec=*
   MinCPUsNode=64 MinMemoryCPU=500M MinTmpDiskNode=0
   Features=[quest10|quest11|quest12|quest13] DelayBoot=00:00:00
   OverSubscribe=OK Contiguous=0 Licenses=(null) Network=(null)
   Command=/gpfs/home/tbr0780/Dissertation/Integrated_Likelihood_Algorithm/Polytomous_Logistic_Regression/scripts/experiment_sim.sh
   WorkDir=/gpfs/home/tbr0780/Dissertation/Integrated_Likelihood_Algorithm/Polytomous_Logistic_Regression
   StdErr=/dev/null
   StdIn=/dev/null
   StdOut=/dev/null
   MailUser=timothyruel2024@u.northwestern.edu MailType=INVALID_DEPEND,BEGIN,END,FAIL,REQUEUE,STAGE_OUT
   
--------------------------------------------------------------------------------
JOB EFFICIENCY 
--------------------------------------------------------------------------------
Job efficiency will be calculated after the job has completed.
===== checkjob (interval) at Thu Jun 12 21:58:37 CDT 2025 =====
--------------------------------------------------------------------------------
JOB INFORMATION 
--------------------------------------------------------------------------------
JobId=5521967 ArrayJobId=5519625 ArrayTaskId=547 JobName=experiment_sim
   UserId=tbr0780(3229) GroupId=tbr0780(4023) MCS_label=N/A
   Priority=20772 Nice=0 Account=p32397 QOS=normal
   JobState=RUNNING Reason=None Dependency=(null)
   Requeue=0 Restarts=0 BatchFlag=1 Reboot=0 ExitCode=0:0
   RunTime=00:13:55 TimeLimit=02:00:00 TimeMin=N/A
   SubmitTime=2025-06-12T19:56:30 EligibleTime=2025-06-12T19:56:31
   AccrueTime=2025-06-12T19:56:31
   StartTime=2025-06-12T21:44:42 EndTime=2025-06-12T23:44:42 Deadline=N/A
   SuspendTime=None SecsPreSuspend=0 LastSchedEval=2025-06-12T21:44:42 Scheduler=Main
   Partition=short AllocNode:Sid=quser43:3646922
   ReqNodeList=(null) ExcNodeList=(null)
   NodeList=qnode3015
   BatchHost=qnode3015
   NumNodes=1 NumCPUs=64 NumTasks=64 CPUs/Task=1 ReqB:S:C:T=0:0:*:*
   ReqTRES=cpu=64,mem=32000M,node=1,billing=288
   AllocTRES=cpu=64,mem=32000M,node=1,billing=288
   Socks/Node=* NtasksPerN:B:S:C=64:0:*:* CoreSpec=*
   MinCPUsNode=64 MinMemoryCPU=500M MinTmpDiskNode=0
   Features=[quest10|quest11|quest12|quest13] DelayBoot=00:00:00
   OverSubscribe=OK Contiguous=0 Licenses=(null) Network=(null)
   Command=/gpfs/home/tbr0780/Dissertation/Integrated_Likelihood_Algorithm/Polytomous_Logistic_Regression/scripts/experiment_sim.sh
   WorkDir=/gpfs/home/tbr0780/Dissertation/Integrated_Likelihood_Algorithm/Polytomous_Logistic_Regression
   StdErr=/dev/null
   StdIn=/dev/null
   StdOut=/dev/null
   MailUser=timothyruel2024@u.northwestern.edu MailType=INVALID_DEPEND,BEGIN,END,FAIL,REQUEUE,STAGE_OUT
   
--------------------------------------------------------------------------------
JOB EFFICIENCY 
--------------------------------------------------------------------------------
Job efficiency will be calculated after the job has completed.
===== checkjob (interval) at Thu Jun 12 21:59:10 CDT 2025 =====
--------------------------------------------------------------------------------
JOB INFORMATION 
--------------------------------------------------------------------------------
JobId=5521967 ArrayJobId=5519625 ArrayTaskId=547 JobName=experiment_sim
   UserId=tbr0780(3229) GroupId=tbr0780(4023) MCS_label=N/A
   Priority=20772 Nice=0 Account=p32397 QOS=normal
   JobState=RUNNING Reason=None Dependency=(null)
   Requeue=0 Restarts=0 BatchFlag=1 Reboot=0 ExitCode=0:0
   RunTime=00:14:28 TimeLimit=02:00:00 TimeMin=N/A
   SubmitTime=2025-06-12T19:56:30 EligibleTime=2025-06-12T19:56:31
   AccrueTime=2025-06-12T19:56:31
   StartTime=2025-06-12T21:44:42 EndTime=2025-06-12T23:44:42 Deadline=N/A
   SuspendTime=None SecsPreSuspend=0 LastSchedEval=2025-06-12T21:44:42 Scheduler=Main
   Partition=short AllocNode:Sid=quser43:3646922
   ReqNodeList=(null) ExcNodeList=(null)
   NodeList=qnode3015
   BatchHost=qnode3015
   NumNodes=1 NumCPUs=64 NumTasks=64 CPUs/Task=1 ReqB:S:C:T=0:0:*:*
   ReqTRES=cpu=64,mem=32000M,node=1,billing=288
   AllocTRES=cpu=64,mem=32000M,node=1,billing=288
   Socks/Node=* NtasksPerN:B:S:C=64:0:*:* CoreSpec=*
   MinCPUsNode=64 MinMemoryCPU=500M MinTmpDiskNode=0
   Features=[quest10|quest11|quest12|quest13] DelayBoot=00:00:00
   OverSubscribe=OK Contiguous=0 Licenses=(null) Network=(null)
   Command=/gpfs/home/tbr0780/Dissertation/Integrated_Likelihood_Algorithm/Polytomous_Logistic_Regression/scripts/experiment_sim.sh
   WorkDir=/gpfs/home/tbr0780/Dissertation/Integrated_Likelihood_Algorithm/Polytomous_Logistic_Regression
   StdErr=/dev/null
   StdIn=/dev/null
   StdOut=/dev/null
   MailUser=timothyruel2024@u.northwestern.edu MailType=INVALID_DEPEND,BEGIN,END,FAIL,REQUEUE,STAGE_OUT
   
--------------------------------------------------------------------------------
JOB EFFICIENCY 
--------------------------------------------------------------------------------
Job efficiency will be calculated after the job has completed.
===== checkjob (interval) at Thu Jun 12 21:59:40 CDT 2025 =====
--------------------------------------------------------------------------------
JOB INFORMATION 
--------------------------------------------------------------------------------
JobId=5521967 ArrayJobId=5519625 ArrayTaskId=547 JobName=experiment_sim
   UserId=tbr0780(3229) GroupId=tbr0780(4023) MCS_label=N/A
   Priority=20772 Nice=0 Account=p32397 QOS=normal
   JobState=RUNNING Reason=None Dependency=(null)
   Requeue=0 Restarts=0 BatchFlag=1 Reboot=0 ExitCode=0:0
   RunTime=00:14:58 TimeLimit=02:00:00 TimeMin=N/A
   SubmitTime=2025-06-12T19:56:30 EligibleTime=2025-06-12T19:56:31
   AccrueTime=2025-06-12T19:56:31
   StartTime=2025-06-12T21:44:42 EndTime=2025-06-12T23:44:42 Deadline=N/A
   SuspendTime=None SecsPreSuspend=0 LastSchedEval=2025-06-12T21:44:42 Scheduler=Main
   Partition=short AllocNode:Sid=quser43:3646922
   ReqNodeList=(null) ExcNodeList=(null)
   NodeList=qnode3015
   BatchHost=qnode3015
   NumNodes=1 NumCPUs=64 NumTasks=64 CPUs/Task=1 ReqB:S:C:T=0:0:*:*
   ReqTRES=cpu=64,mem=32000M,node=1,billing=288
   AllocTRES=cpu=64,mem=32000M,node=1,billing=288
   Socks/Node=* NtasksPerN:B:S:C=64:0:*:* CoreSpec=*
   MinCPUsNode=64 MinMemoryCPU=500M MinTmpDiskNode=0
   Features=[quest10|quest11|quest12|quest13] DelayBoot=00:00:00
   OverSubscribe=OK Contiguous=0 Licenses=(null) Network=(null)
   Command=/gpfs/home/tbr0780/Dissertation/Integrated_Likelihood_Algorithm/Polytomous_Logistic_Regression/scripts/experiment_sim.sh
   WorkDir=/gpfs/home/tbr0780/Dissertation/Integrated_Likelihood_Algorithm/Polytomous_Logistic_Regression
   StdErr=/dev/null
   StdIn=/dev/null
   StdOut=/dev/null
   MailUser=timothyruel2024@u.northwestern.edu MailType=INVALID_DEPEND,BEGIN,END,FAIL,REQUEUE,STAGE_OUT
   
--------------------------------------------------------------------------------
JOB EFFICIENCY 
--------------------------------------------------------------------------------
Job efficiency will be calculated after the job has completed.
===== checkjob (interval) at Thu Jun 12 22:00:12 CDT 2025 =====
--------------------------------------------------------------------------------
JOB INFORMATION 
--------------------------------------------------------------------------------
JobId=5521967 ArrayJobId=5519625 ArrayTaskId=547 JobName=experiment_sim
   UserId=tbr0780(3229) GroupId=tbr0780(4023) MCS_label=N/A
   Priority=20772 Nice=0 Account=p32397 QOS=normal
   JobState=RUNNING Reason=None Dependency=(null)
   Requeue=0 Restarts=0 BatchFlag=1 Reboot=0 ExitCode=0:0
   RunTime=00:15:30 TimeLimit=02:00:00 TimeMin=N/A
   SubmitTime=2025-06-12T19:56:30 EligibleTime=2025-06-12T19:56:31
   AccrueTime=2025-06-12T19:56:31
   StartTime=2025-06-12T21:44:42 EndTime=2025-06-12T23:44:42 Deadline=N/A
   SuspendTime=None SecsPreSuspend=0 LastSchedEval=2025-06-12T21:44:42 Scheduler=Main
   Partition=short AllocNode:Sid=quser43:3646922
   ReqNodeList=(null) ExcNodeList=(null)
   NodeList=qnode3015
   BatchHost=qnode3015
   NumNodes=1 NumCPUs=64 NumTasks=64 CPUs/Task=1 ReqB:S:C:T=0:0:*:*
   ReqTRES=cpu=64,mem=32000M,node=1,billing=288
   AllocTRES=cpu=64,mem=32000M,node=1,billing=288
   Socks/Node=* NtasksPerN:B:S:C=64:0:*:* CoreSpec=*
   MinCPUsNode=64 MinMemoryCPU=500M MinTmpDiskNode=0
   Features=[quest10|quest11|quest12|quest13] DelayBoot=00:00:00
   OverSubscribe=OK Contiguous=0 Licenses=(null) Network=(null)
   Command=/gpfs/home/tbr0780/Dissertation/Integrated_Likelihood_Algorithm/Polytomous_Logistic_Regression/scripts/experiment_sim.sh
   WorkDir=/gpfs/home/tbr0780/Dissertation/Integrated_Likelihood_Algorithm/Polytomous_Logistic_Regression
   StdErr=/dev/null
   StdIn=/dev/null
   StdOut=/dev/null
   MailUser=timothyruel2024@u.northwestern.edu MailType=INVALID_DEPEND,BEGIN,END,FAIL,REQUEUE,STAGE_OUT
   
--------------------------------------------------------------------------------
JOB EFFICIENCY 
--------------------------------------------------------------------------------
Job efficiency will be calculated after the job has completed.
===== checkjob (interval) at Thu Jun 12 22:00:43 CDT 2025 =====
--------------------------------------------------------------------------------
JOB INFORMATION 
--------------------------------------------------------------------------------
JobId=5521967 ArrayJobId=5519625 ArrayTaskId=547 JobName=experiment_sim
   UserId=tbr0780(3229) GroupId=tbr0780(4023) MCS_label=N/A
   Priority=20772 Nice=0 Account=p32397 QOS=normal
   JobState=RUNNING Reason=None Dependency=(null)
   Requeue=0 Restarts=0 BatchFlag=1 Reboot=0 ExitCode=0:0
   RunTime=00:16:02 TimeLimit=02:00:00 TimeMin=N/A
   SubmitTime=2025-06-12T19:56:30 EligibleTime=2025-06-12T19:56:31
   AccrueTime=2025-06-12T19:56:31
   StartTime=2025-06-12T21:44:42 EndTime=2025-06-12T23:44:42 Deadline=N/A
   SuspendTime=None SecsPreSuspend=0 LastSchedEval=2025-06-12T21:44:42 Scheduler=Main
   Partition=short AllocNode:Sid=quser43:3646922
   ReqNodeList=(null) ExcNodeList=(null)
   NodeList=qnode3015
   BatchHost=qnode3015
   NumNodes=1 NumCPUs=64 NumTasks=64 CPUs/Task=1 ReqB:S:C:T=0:0:*:*
   ReqTRES=cpu=64,mem=32000M,node=1,billing=288
   AllocTRES=cpu=64,mem=32000M,node=1,billing=288
   Socks/Node=* NtasksPerN:B:S:C=64:0:*:* CoreSpec=*
   MinCPUsNode=64 MinMemoryCPU=500M MinTmpDiskNode=0
   Features=[quest10|quest11|quest12|quest13] DelayBoot=00:00:00
   OverSubscribe=OK Contiguous=0 Licenses=(null) Network=(null)
   Command=/gpfs/home/tbr0780/Dissertation/Integrated_Likelihood_Algorithm/Polytomous_Logistic_Regression/scripts/experiment_sim.sh
   WorkDir=/gpfs/home/tbr0780/Dissertation/Integrated_Likelihood_Algorithm/Polytomous_Logistic_Regression
   StdErr=/dev/null
   StdIn=/dev/null
   StdOut=/dev/null
   MailUser=timothyruel2024@u.northwestern.edu MailType=INVALID_DEPEND,BEGIN,END,FAIL,REQUEUE,STAGE_OUT
   
--------------------------------------------------------------------------------
JOB EFFICIENCY 
--------------------------------------------------------------------------------
Job efficiency will be calculated after the job has completed.
===== checkjob (interval) at Thu Jun 12 22:01:14 CDT 2025 =====
--------------------------------------------------------------------------------
JOB INFORMATION 
--------------------------------------------------------------------------------
JobId=5521967 ArrayJobId=5519625 ArrayTaskId=547 JobName=experiment_sim
   UserId=tbr0780(3229) GroupId=tbr0780(4023) MCS_label=N/A
   Priority=20772 Nice=0 Account=p32397 QOS=normal
   JobState=RUNNING Reason=None Dependency=(null)
   Requeue=0 Restarts=0 BatchFlag=1 Reboot=0 ExitCode=0:0
   RunTime=00:16:32 TimeLimit=02:00:00 TimeMin=N/A
   SubmitTime=2025-06-12T19:56:30 EligibleTime=2025-06-12T19:56:31
   AccrueTime=2025-06-12T19:56:31
   StartTime=2025-06-12T21:44:42 EndTime=2025-06-12T23:44:42 Deadline=N/A
   SuspendTime=None SecsPreSuspend=0 LastSchedEval=2025-06-12T21:44:42 Scheduler=Main
   Partition=short AllocNode:Sid=quser43:3646922
   ReqNodeList=(null) ExcNodeList=(null)
   NodeList=qnode3015
   BatchHost=qnode3015
   NumNodes=1 NumCPUs=64 NumTasks=64 CPUs/Task=1 ReqB:S:C:T=0:0:*:*
   ReqTRES=cpu=64,mem=32000M,node=1,billing=288
   AllocTRES=cpu=64,mem=32000M,node=1,billing=288
   Socks/Node=* NtasksPerN:B:S:C=64:0:*:* CoreSpec=*
   MinCPUsNode=64 MinMemoryCPU=500M MinTmpDiskNode=0
   Features=[quest10|quest11|quest12|quest13] DelayBoot=00:00:00
   OverSubscribe=OK Contiguous=0 Licenses=(null) Network=(null)
   Command=/gpfs/home/tbr0780/Dissertation/Integrated_Likelihood_Algorithm/Polytomous_Logistic_Regression/scripts/experiment_sim.sh
   WorkDir=/gpfs/home/tbr0780/Dissertation/Integrated_Likelihood_Algorithm/Polytomous_Logistic_Regression
   StdErr=/dev/null
   StdIn=/dev/null
   StdOut=/dev/null
   MailUser=timothyruel2024@u.northwestern.edu MailType=INVALID_DEPEND,BEGIN,END,FAIL,REQUEUE,STAGE_OUT
   
--------------------------------------------------------------------------------
JOB EFFICIENCY 
--------------------------------------------------------------------------------
Job efficiency will be calculated after the job has completed.
