📌 Logging to experiments/exp_v1.0.0/simulations/sim_01/iter_0134/logs/slurm_log.out
🔁 Running Iteration 134 of Simulation 1 in Experiment v1.0.0 with 64 cores...
here() starts at /gpfs/home/tbr0780/Dissertation
[INFO] True parameters already exist — skipping generation.
[INFO] Loading Beta_0 from /experiments/exp_v1.0.0/true_params
[INFO] Generating new data for run: iter_0134
[INFO] Saved config snapshot to /experiments/exp_v1.0.0/simulations/sim_01/iter_0134
Running experiment...
✓ Experiment results saved to /experiments/exp_v1.0.0/simulations/sim_01/iter_0134/results
✓ Run completed
===== FINAL SEFF OUTPUT for Job 5861542 =====
(Logged at Wed Jun 18 17:09:30 CDT 2025)
Job ID: 5861542
Array Job ID: 5858372_133
Cluster: quest
User/Group: tbr0780/tbr0780
State: RUNNING
Nodes: 1
Cores per node: 64
CPU Utilized: 00:00:00
CPU Efficiency: 0.00% of 1-01:16:48 core-walltime
Job Wall-clock time: 00:23:42
Memory Utilized: 0.00 MB (estimated maximum)
Memory Efficiency: 0.00% of 31.25 GB (500.00 MB/core)
WARNING: Efficiency statistics may be misleading for RUNNING jobs.
===== FINAL CHECKJOB OUTPUT for Job 5861542 =====
(Logged at Wed Jun 18 17:09:30 CDT 2025)
--------------------------------------------------------------------------------
JOB INFORMATION 
--------------------------------------------------------------------------------
JobId=5861542 ArrayJobId=5858372 ArrayTaskId=133 JobName=experiment_sim
   UserId=tbr0780(3229) GroupId=tbr0780(4023) MCS_label=N/A
   Priority=19623 Nice=0 Account=p32397 QOS=normal
   JobState=RUNNING Reason=None Dependency=(null)
   Requeue=0 Restarts=0 BatchFlag=1 Reboot=0 ExitCode=0:0
   RunTime=00:23:42 TimeLimit=02:00:00 TimeMin=N/A
   SubmitTime=2025-06-18T15:19:09 EligibleTime=2025-06-18T15:19:11
   AccrueTime=2025-06-18T15:19:11
   StartTime=2025-06-18T16:45:48 EndTime=2025-06-18T18:45:48 Deadline=N/A
   SuspendTime=None SecsPreSuspend=0 LastSchedEval=2025-06-18T16:45:48 Scheduler=Main
   Partition=short AllocNode:Sid=quser41:3973193
   ReqNodeList=(null) ExcNodeList=(null)
   NodeList=qnode3030
   BatchHost=qnode3030
   NumNodes=1 NumCPUs=64 NumTasks=64 CPUs/Task=1 ReqB:S:C:T=0:0:*:*
   ReqTRES=cpu=64,mem=32000M,node=1,billing=288
   AllocTRES=cpu=64,mem=32000M,node=1,billing=288
   Socks/Node=* NtasksPerN:B:S:C=64:0:*:* CoreSpec=*
   MinCPUsNode=64 MinMemoryCPU=500M MinTmpDiskNode=0
   Features=[quest10|quest11|quest12|quest13] DelayBoot=00:00:00
   OverSubscribe=OK Contiguous=0 Licenses=(null) Network=(null)
   Command=/gpfs/home/tbr0780/Dissertation/Integrated_Likelihood_Algorithm/Polytomous_Logistic_Regression/scripts/experiment_sim.sh
   WorkDir=/gpfs/home/tbr0780/Dissertation/Integrated_Likelihood_Algorithm/Polytomous_Logistic_Regression
   StdErr=/dev/null
   StdIn=/dev/null
   StdOut=/dev/null
   MailUser=timothyruel2024@u.northwestern.edu MailType=INVALID_DEPEND,BEGIN,END,FAIL,REQUEUE,STAGE_OUT
   
--------------------------------------------------------------------------------
JOB EFFICIENCY 
--------------------------------------------------------------------------------
Job efficiency will be calculated after the job has completed.
===== SACCT OUTPUT for Job 5861542 =====
(Logged at Wed Jun 18 17:09:30 CDT 2025)
JobID                     JobName    Elapsed     MaxRSS     ReqMem  AllocCPUS      State 
------------ -------------------- ---------- ---------- ---------- ---------- ---------- 
5858372_133        experiment_sim   00:23:42                32000M         64    RUNNING 
5858372_133+                batch   00:23:42                               64    RUNNING 
5858372_133+               extern   00:23:42                               64    RUNNING 
===== SYSTEM MEMORY (free -h) =====
(Logged at Wed Jun 18 17:09:30 CDT 2025)
              total        used        free      shared  buff/cache   available
Mem:          503Gi        43Gi       452Gi       5.8Gi       7.6Gi       449Gi
Swap:          31Gi       1.5Gi        30Gi
===== SYSTEM LOAD (uptime) =====
(Logged at Wed Jun 18 17:09:30 CDT 2025)
 17:09:30 up 87 days, 20:23,  0 users,  load average: 72.97, 101.07, 105.79
===== SYSTEM PROCESSES (top -b -n 1) =====
(Logged at Wed Jun 18 17:09:30 CDT 2025)
top - 17:09:31 up 87 days, 20:23,  0 users,  load average: 72.97, 101.07, 105.79
Tasks: 1298 total,  65 running, 1233 sleeping,   0 stopped,   0 zombie
%Cpu(s): 49.7 us,  0.2 sy,  0.0 ni, 49.8 id,  0.0 wa,  0.2 hi,  0.0 si,  0.0 st
MiB Mem : 515679.4 total, 463516.8 free,  44371.3 used,   7791.3 buff/cache
MiB Swap:  32768.0 total,  31263.3 free,   1504.7 used. 460423.2 avail Mem 

    PID USER      PR  NI    VIRT    RES    SHR S  %CPU  %MEM     TIME+ COMMAND
2581616 tbr0780   20   0  634852 337632  12124 R 100.0   0.1  16:59.16 R
2581610 tbr0780   20   0  626484 329264  12124 R 100.0   0.1  16:59.11 R
2581615 tbr0780   20   0  633992 336784  12136 R 100.0   0.1  16:59.47 R
2581617 tbr0780   20   0  637936 340716  12124 R 100.0   0.1  16:59.07 R
2581618 tbr0780   20   0  637652 340432  12124 R 100.0   0.1  16:59.47 R
2581619 tbr0780   20   0  639004 341784  12124 R 100.0   0.1  16:59.45 R
2581621 tbr0780   20   0  641780 344568  12132 R 100.0   0.1  16:59.35 R
2581622 tbr0780   20   0  643180 345972  12136 R 100.0   0.1  16:59.44 R
2581623 tbr0780   20   0  644612 347392  12124 R 100.0   0.1  16:59.51 R
2581624 tbr0780   20   0  646004 348784  12124 R 100.0   0.1  16:59.38 R
2581625 tbr0780   20   0  650676 353456  12124 R 100.0   0.1  16:59.35 R
2581626 tbr0780   20   0  648896 351680  12128 R 100.0   0.1  16:57.36 R
2581627 tbr0780   20   0  651404 354188  12128 R 100.0   0.1  16:59.32 R
2581628 tbr0780   20   0  654820 357604  12128 R 100.0   0.1  16:59.88 R
2581629 tbr0780   20   0  654672 357472  12144 R 100.0   0.1  16:57.56 R
2581630 tbr0780   20   0  654456 357256  12144 R 100.0   0.1  16:59.35 R
2581631 tbr0780   20   0  655640 358424  12128 R 100.0   0.1  16:59.20 R
2581632 tbr0780   20   0  657188 359972  12128 R 100.0   0.1  16:57.00 R
2581633 tbr0780   20   0  653500 356280  12124 R 100.0   0.1  16:59.35 R
2581634 tbr0780   20   0  651924 354708  12128 R 100.0   0.1  16:59.40 R
2581635 tbr0780   20   0  650316 353096  12124 R 100.0   0.1  16:59.26 R
2581636 tbr0780   20   0  647912 350712  12144 R 100.0   0.1  16:58.77 R
2581637 tbr0780   20   0  646168 348948  12124 R 100.0   0.1  16:58.96 R
2581638 tbr0780   20   0  644584 347368  12128 R 100.0   0.1  16:59.36 R
2581640 tbr0780   20   0  640264 343048  12128 R 100.0   0.1  16:59.68 R
2581642 tbr0780   20   0  636380 339180  12144 R 100.0   0.1  16:59.35 R
2581643 tbr0780   20   0  637452 340232  12124 R 100.0   0.1  16:59.12 R
2581644 tbr0780   20   0  635068 337868  12144 R 100.0   0.1  16:59.57 R
2581645 tbr0780   20   0  641336 344136  12144 R 100.0   0.1  16:59.20 R
2581646 tbr0780   20   0  633432 336216  12128 R 100.0   0.1  16:59.77 R
2581647 tbr0780   20   0  633464 336248  12128 R 100.0   0.1  16:59.15 R
2581648 tbr0780   20   0  633428 336228  12144 R 100.0   0.1  16:59.80 R
2581649 tbr0780   20   0  660768 363548  12124 R 100.0   0.1  16:59.16 R
===== BACKGROUND CHECKJOB MONITOR LOG =====
===== checkjob (interval) at Wed Jun 18 16:46:24 CDT 2025 =====
--------------------------------------------------------------------------------
JOB INFORMATION 
--------------------------------------------------------------------------------
JobId=5861542 ArrayJobId=5858372 ArrayTaskId=133 JobName=experiment_sim
   UserId=tbr0780(3229) GroupId=tbr0780(4023) MCS_label=N/A
   Priority=19623 Nice=0 Account=p32397 QOS=normal
   JobState=RUNNING Reason=None Dependency=(null)
   Requeue=0 Restarts=0 BatchFlag=1 Reboot=0 ExitCode=0:0
   RunTime=00:00:36 TimeLimit=02:00:00 TimeMin=N/A
   SubmitTime=2025-06-18T15:19:09 EligibleTime=2025-06-18T15:19:11
   AccrueTime=2025-06-18T15:19:11
   StartTime=2025-06-18T16:45:48 EndTime=2025-06-18T18:45:48 Deadline=N/A
   SuspendTime=None SecsPreSuspend=0 LastSchedEval=2025-06-18T16:45:48 Scheduler=Main
   Partition=short AllocNode:Sid=quser41:3973193
   ReqNodeList=(null) ExcNodeList=(null)
   NodeList=qnode3030
   BatchHost=qnode3030
   NumNodes=1 NumCPUs=64 NumTasks=64 CPUs/Task=1 ReqB:S:C:T=0:0:*:*
   ReqTRES=cpu=64,mem=32000M,node=1,billing=288
   AllocTRES=cpu=64,mem=32000M,node=1,billing=288
   Socks/Node=* NtasksPerN:B:S:C=64:0:*:* CoreSpec=*
   MinCPUsNode=64 MinMemoryCPU=500M MinTmpDiskNode=0
   Features=[quest10|quest11|quest12|quest13] DelayBoot=00:00:00
   OverSubscribe=OK Contiguous=0 Licenses=(null) Network=(null)
   Command=/gpfs/home/tbr0780/Dissertation/Integrated_Likelihood_Algorithm/Polytomous_Logistic_Regression/scripts/experiment_sim.sh
   WorkDir=/gpfs/home/tbr0780/Dissertation/Integrated_Likelihood_Algorithm/Polytomous_Logistic_Regression
   StdErr=/dev/null
   StdIn=/dev/null
   StdOut=/dev/null
   MailUser=timothyruel2024@u.northwestern.edu MailType=INVALID_DEPEND,BEGIN,END,FAIL,REQUEUE,STAGE_OUT
   
--------------------------------------------------------------------------------
JOB EFFICIENCY 
--------------------------------------------------------------------------------
Job efficiency will be calculated after the job has completed.
===== checkjob (interval) at Wed Jun 18 16:46:54 CDT 2025 =====
--------------------------------------------------------------------------------
JOB INFORMATION 
--------------------------------------------------------------------------------
JobId=5861542 ArrayJobId=5858372 ArrayTaskId=133 JobName=experiment_sim
   UserId=tbr0780(3229) GroupId=tbr0780(4023) MCS_label=N/A
   Priority=19623 Nice=0 Account=p32397 QOS=normal
   JobState=RUNNING Reason=None Dependency=(null)
   Requeue=0 Restarts=0 BatchFlag=1 Reboot=0 ExitCode=0:0
   RunTime=00:01:07 TimeLimit=02:00:00 TimeMin=N/A
   SubmitTime=2025-06-18T15:19:09 EligibleTime=2025-06-18T15:19:11
   AccrueTime=2025-06-18T15:19:11
   StartTime=2025-06-18T16:45:48 EndTime=2025-06-18T18:45:48 Deadline=N/A
   SuspendTime=None SecsPreSuspend=0 LastSchedEval=2025-06-18T16:45:48 Scheduler=Main
   Partition=short AllocNode:Sid=quser41:3973193
   ReqNodeList=(null) ExcNodeList=(null)
   NodeList=qnode3030
   BatchHost=qnode3030
   NumNodes=1 NumCPUs=64 NumTasks=64 CPUs/Task=1 ReqB:S:C:T=0:0:*:*
   ReqTRES=cpu=64,mem=32000M,node=1,billing=288
   AllocTRES=cpu=64,mem=32000M,node=1,billing=288
   Socks/Node=* NtasksPerN:B:S:C=64:0:*:* CoreSpec=*
   MinCPUsNode=64 MinMemoryCPU=500M MinTmpDiskNode=0
   Features=[quest10|quest11|quest12|quest13] DelayBoot=00:00:00
   OverSubscribe=OK Contiguous=0 Licenses=(null) Network=(null)
   Command=/gpfs/home/tbr0780/Dissertation/Integrated_Likelihood_Algorithm/Polytomous_Logistic_Regression/scripts/experiment_sim.sh
   WorkDir=/gpfs/home/tbr0780/Dissertation/Integrated_Likelihood_Algorithm/Polytomous_Logistic_Regression
   StdErr=/dev/null
   StdIn=/dev/null
   StdOut=/dev/null
   MailUser=timothyruel2024@u.northwestern.edu MailType=INVALID_DEPEND,BEGIN,END,FAIL,REQUEUE,STAGE_OUT
   
--------------------------------------------------------------------------------
JOB EFFICIENCY 
--------------------------------------------------------------------------------
Job efficiency will be calculated after the job has completed.
===== checkjob (interval) at Wed Jun 18 16:47:27 CDT 2025 =====
--------------------------------------------------------------------------------
JOB INFORMATION 
--------------------------------------------------------------------------------
JobId=5861542 ArrayJobId=5858372 ArrayTaskId=133 JobName=experiment_sim
   UserId=tbr0780(3229) GroupId=tbr0780(4023) MCS_label=N/A
   Priority=19623 Nice=0 Account=p32397 QOS=normal
   JobState=RUNNING Reason=None Dependency=(null)
   Requeue=0 Restarts=0 BatchFlag=1 Reboot=0 ExitCode=0:0
   RunTime=00:01:39 TimeLimit=02:00:00 TimeMin=N/A
   SubmitTime=2025-06-18T15:19:09 EligibleTime=2025-06-18T15:19:11
   AccrueTime=2025-06-18T15:19:11
   StartTime=2025-06-18T16:45:48 EndTime=2025-06-18T18:45:48 Deadline=N/A
   SuspendTime=None SecsPreSuspend=0 LastSchedEval=2025-06-18T16:45:48 Scheduler=Main
   Partition=short AllocNode:Sid=quser41:3973193
   ReqNodeList=(null) ExcNodeList=(null)
   NodeList=qnode3030
   BatchHost=qnode3030
   NumNodes=1 NumCPUs=64 NumTasks=64 CPUs/Task=1 ReqB:S:C:T=0:0:*:*
   ReqTRES=cpu=64,mem=32000M,node=1,billing=288
   AllocTRES=cpu=64,mem=32000M,node=1,billing=288
   Socks/Node=* NtasksPerN:B:S:C=64:0:*:* CoreSpec=*
   MinCPUsNode=64 MinMemoryCPU=500M MinTmpDiskNode=0
   Features=[quest10|quest11|quest12|quest13] DelayBoot=00:00:00
   OverSubscribe=OK Contiguous=0 Licenses=(null) Network=(null)
   Command=/gpfs/home/tbr0780/Dissertation/Integrated_Likelihood_Algorithm/Polytomous_Logistic_Regression/scripts/experiment_sim.sh
   WorkDir=/gpfs/home/tbr0780/Dissertation/Integrated_Likelihood_Algorithm/Polytomous_Logistic_Regression
   StdErr=/dev/null
   StdIn=/dev/null
   StdOut=/dev/null
   MailUser=timothyruel2024@u.northwestern.edu MailType=INVALID_DEPEND,BEGIN,END,FAIL,REQUEUE,STAGE_OUT
   
--------------------------------------------------------------------------------
JOB EFFICIENCY 
--------------------------------------------------------------------------------
Job efficiency will be calculated after the job has completed.
===== checkjob (interval) at Wed Jun 18 16:47:58 CDT 2025 =====
--------------------------------------------------------------------------------
JOB INFORMATION 
--------------------------------------------------------------------------------
JobId=5861542 ArrayJobId=5858372 ArrayTaskId=133 JobName=experiment_sim
   UserId=tbr0780(3229) GroupId=tbr0780(4023) MCS_label=N/A
   Priority=19623 Nice=0 Account=p32397 QOS=normal
   JobState=RUNNING Reason=None Dependency=(null)
   Requeue=0 Restarts=0 BatchFlag=1 Reboot=0 ExitCode=0:0
   RunTime=00:02:12 TimeLimit=02:00:00 TimeMin=N/A
   SubmitTime=2025-06-18T15:19:09 EligibleTime=2025-06-18T15:19:11
   AccrueTime=2025-06-18T15:19:11
   StartTime=2025-06-18T16:45:48 EndTime=2025-06-18T18:45:48 Deadline=N/A
   SuspendTime=None SecsPreSuspend=0 LastSchedEval=2025-06-18T16:45:48 Scheduler=Main
   Partition=short AllocNode:Sid=quser41:3973193
   ReqNodeList=(null) ExcNodeList=(null)
   NodeList=qnode3030
   BatchHost=qnode3030
   NumNodes=1 NumCPUs=64 NumTasks=64 CPUs/Task=1 ReqB:S:C:T=0:0:*:*
   ReqTRES=cpu=64,mem=32000M,node=1,billing=288
   AllocTRES=cpu=64,mem=32000M,node=1,billing=288
   Socks/Node=* NtasksPerN:B:S:C=64:0:*:* CoreSpec=*
   MinCPUsNode=64 MinMemoryCPU=500M MinTmpDiskNode=0
   Features=[quest10|quest11|quest12|quest13] DelayBoot=00:00:00
   OverSubscribe=OK Contiguous=0 Licenses=(null) Network=(null)
   Command=/gpfs/home/tbr0780/Dissertation/Integrated_Likelihood_Algorithm/Polytomous_Logistic_Regression/scripts/experiment_sim.sh
   WorkDir=/gpfs/home/tbr0780/Dissertation/Integrated_Likelihood_Algorithm/Polytomous_Logistic_Regression
   StdErr=/dev/null
   StdIn=/dev/null
   StdOut=/dev/null
   MailUser=timothyruel2024@u.northwestern.edu MailType=INVALID_DEPEND,BEGIN,END,FAIL,REQUEUE,STAGE_OUT
   
--------------------------------------------------------------------------------
JOB EFFICIENCY 
--------------------------------------------------------------------------------
Job efficiency will be calculated after the job has completed.
===== checkjob (interval) at Wed Jun 18 16:48:31 CDT 2025 =====
--------------------------------------------------------------------------------
JOB INFORMATION 
--------------------------------------------------------------------------------
JobId=5861542 ArrayJobId=5858372 ArrayTaskId=133 JobName=experiment_sim
   UserId=tbr0780(3229) GroupId=tbr0780(4023) MCS_label=N/A
   Priority=19623 Nice=0 Account=p32397 QOS=normal
   JobState=RUNNING Reason=None Dependency=(null)
   Requeue=0 Restarts=0 BatchFlag=1 Reboot=0 ExitCode=0:0
   RunTime=00:02:43 TimeLimit=02:00:00 TimeMin=N/A
   SubmitTime=2025-06-18T15:19:09 EligibleTime=2025-06-18T15:19:11
   AccrueTime=2025-06-18T15:19:11
   StartTime=2025-06-18T16:45:48 EndTime=2025-06-18T18:45:48 Deadline=N/A
   SuspendTime=None SecsPreSuspend=0 LastSchedEval=2025-06-18T16:45:48 Scheduler=Main
   Partition=short AllocNode:Sid=quser41:3973193
   ReqNodeList=(null) ExcNodeList=(null)
   NodeList=qnode3030
   BatchHost=qnode3030
   NumNodes=1 NumCPUs=64 NumTasks=64 CPUs/Task=1 ReqB:S:C:T=0:0:*:*
   ReqTRES=cpu=64,mem=32000M,node=1,billing=288
   AllocTRES=cpu=64,mem=32000M,node=1,billing=288
   Socks/Node=* NtasksPerN:B:S:C=64:0:*:* CoreSpec=*
   MinCPUsNode=64 MinMemoryCPU=500M MinTmpDiskNode=0
   Features=[quest10|quest11|quest12|quest13] DelayBoot=00:00:00
   OverSubscribe=OK Contiguous=0 Licenses=(null) Network=(null)
   Command=/gpfs/home/tbr0780/Dissertation/Integrated_Likelihood_Algorithm/Polytomous_Logistic_Regression/scripts/experiment_sim.sh
   WorkDir=/gpfs/home/tbr0780/Dissertation/Integrated_Likelihood_Algorithm/Polytomous_Logistic_Regression
   StdErr=/dev/null
   StdIn=/dev/null
   StdOut=/dev/null
   MailUser=timothyruel2024@u.northwestern.edu MailType=INVALID_DEPEND,BEGIN,END,FAIL,REQUEUE,STAGE_OUT
   
--------------------------------------------------------------------------------
JOB EFFICIENCY 
--------------------------------------------------------------------------------
Job efficiency will be calculated after the job has completed.
===== checkjob (interval) at Wed Jun 18 16:49:02 CDT 2025 =====
--------------------------------------------------------------------------------
JOB INFORMATION 
--------------------------------------------------------------------------------
JobId=5861542 ArrayJobId=5858372 ArrayTaskId=133 JobName=experiment_sim
   UserId=tbr0780(3229) GroupId=tbr0780(4023) MCS_label=N/A
   Priority=19623 Nice=0 Account=p32397 QOS=normal
   JobState=RUNNING Reason=None Dependency=(null)
   Requeue=0 Restarts=0 BatchFlag=1 Reboot=0 ExitCode=0:0
   RunTime=00:03:14 TimeLimit=02:00:00 TimeMin=N/A
   SubmitTime=2025-06-18T15:19:09 EligibleTime=2025-06-18T15:19:11
   AccrueTime=2025-06-18T15:19:11
   StartTime=2025-06-18T16:45:48 EndTime=2025-06-18T18:45:48 Deadline=N/A
   SuspendTime=None SecsPreSuspend=0 LastSchedEval=2025-06-18T16:45:48 Scheduler=Main
   Partition=short AllocNode:Sid=quser41:3973193
   ReqNodeList=(null) ExcNodeList=(null)
   NodeList=qnode3030
   BatchHost=qnode3030
   NumNodes=1 NumCPUs=64 NumTasks=64 CPUs/Task=1 ReqB:S:C:T=0:0:*:*
   ReqTRES=cpu=64,mem=32000M,node=1,billing=288
   AllocTRES=cpu=64,mem=32000M,node=1,billing=288
   Socks/Node=* NtasksPerN:B:S:C=64:0:*:* CoreSpec=*
   MinCPUsNode=64 MinMemoryCPU=500M MinTmpDiskNode=0
   Features=[quest10|quest11|quest12|quest13] DelayBoot=00:00:00
   OverSubscribe=OK Contiguous=0 Licenses=(null) Network=(null)
   Command=/gpfs/home/tbr0780/Dissertation/Integrated_Likelihood_Algorithm/Polytomous_Logistic_Regression/scripts/experiment_sim.sh
   WorkDir=/gpfs/home/tbr0780/Dissertation/Integrated_Likelihood_Algorithm/Polytomous_Logistic_Regression
   StdErr=/dev/null
   StdIn=/dev/null
   StdOut=/dev/null
   MailUser=timothyruel2024@u.northwestern.edu MailType=INVALID_DEPEND,BEGIN,END,FAIL,REQUEUE,STAGE_OUT
   
--------------------------------------------------------------------------------
JOB EFFICIENCY 
--------------------------------------------------------------------------------
Job efficiency will be calculated after the job has completed.
===== checkjob (interval) at Wed Jun 18 16:49:33 CDT 2025 =====
--------------------------------------------------------------------------------
JOB INFORMATION 
--------------------------------------------------------------------------------
JobId=5861542 ArrayJobId=5858372 ArrayTaskId=133 JobName=experiment_sim
   UserId=tbr0780(3229) GroupId=tbr0780(4023) MCS_label=N/A
   Priority=19623 Nice=0 Account=p32397 QOS=normal
   JobState=RUNNING Reason=None Dependency=(null)
   Requeue=0 Restarts=0 BatchFlag=1 Reboot=0 ExitCode=0:0
   RunTime=00:03:47 TimeLimit=02:00:00 TimeMin=N/A
   SubmitTime=2025-06-18T15:19:09 EligibleTime=2025-06-18T15:19:11
   AccrueTime=2025-06-18T15:19:11
   StartTime=2025-06-18T16:45:48 EndTime=2025-06-18T18:45:48 Deadline=N/A
   SuspendTime=None SecsPreSuspend=0 LastSchedEval=2025-06-18T16:45:48 Scheduler=Main
   Partition=short AllocNode:Sid=quser41:3973193
   ReqNodeList=(null) ExcNodeList=(null)
   NodeList=qnode3030
   BatchHost=qnode3030
   NumNodes=1 NumCPUs=64 NumTasks=64 CPUs/Task=1 ReqB:S:C:T=0:0:*:*
   ReqTRES=cpu=64,mem=32000M,node=1,billing=288
   AllocTRES=cpu=64,mem=32000M,node=1,billing=288
   Socks/Node=* NtasksPerN:B:S:C=64:0:*:* CoreSpec=*
   MinCPUsNode=64 MinMemoryCPU=500M MinTmpDiskNode=0
   Features=[quest10|quest11|quest12|quest13] DelayBoot=00:00:00
   OverSubscribe=OK Contiguous=0 Licenses=(null) Network=(null)
   Command=/gpfs/home/tbr0780/Dissertation/Integrated_Likelihood_Algorithm/Polytomous_Logistic_Regression/scripts/experiment_sim.sh
   WorkDir=/gpfs/home/tbr0780/Dissertation/Integrated_Likelihood_Algorithm/Polytomous_Logistic_Regression
   StdErr=/dev/null
   StdIn=/dev/null
   StdOut=/dev/null
   MailUser=timothyruel2024@u.northwestern.edu MailType=INVALID_DEPEND,BEGIN,END,FAIL,REQUEUE,STAGE_OUT
   
--------------------------------------------------------------------------------
JOB EFFICIENCY 
--------------------------------------------------------------------------------
Job efficiency will be calculated after the job has completed.
===== checkjob (interval) at Wed Jun 18 16:50:08 CDT 2025 =====
--------------------------------------------------------------------------------
JOB INFORMATION 
--------------------------------------------------------------------------------
JobId=5861542 ArrayJobId=5858372 ArrayTaskId=133 JobName=experiment_sim
   UserId=tbr0780(3229) GroupId=tbr0780(4023) MCS_label=N/A
   Priority=19623 Nice=0 Account=p32397 QOS=normal
   JobState=RUNNING Reason=None Dependency=(null)
   Requeue=0 Restarts=0 BatchFlag=1 Reboot=0 ExitCode=0:0
   RunTime=00:04:20 TimeLimit=02:00:00 TimeMin=N/A
   SubmitTime=2025-06-18T15:19:09 EligibleTime=2025-06-18T15:19:11
   AccrueTime=2025-06-18T15:19:11
   StartTime=2025-06-18T16:45:48 EndTime=2025-06-18T18:45:48 Deadline=N/A
   SuspendTime=None SecsPreSuspend=0 LastSchedEval=2025-06-18T16:45:48 Scheduler=Main
   Partition=short AllocNode:Sid=quser41:3973193
   ReqNodeList=(null) ExcNodeList=(null)
   NodeList=qnode3030
   BatchHost=qnode3030
   NumNodes=1 NumCPUs=64 NumTasks=64 CPUs/Task=1 ReqB:S:C:T=0:0:*:*
   ReqTRES=cpu=64,mem=32000M,node=1,billing=288
   AllocTRES=cpu=64,mem=32000M,node=1,billing=288
   Socks/Node=* NtasksPerN:B:S:C=64:0:*:* CoreSpec=*
   MinCPUsNode=64 MinMemoryCPU=500M MinTmpDiskNode=0
   Features=[quest10|quest11|quest12|quest13] DelayBoot=00:00:00
   OverSubscribe=OK Contiguous=0 Licenses=(null) Network=(null)
   Command=/gpfs/home/tbr0780/Dissertation/Integrated_Likelihood_Algorithm/Polytomous_Logistic_Regression/scripts/experiment_sim.sh
   WorkDir=/gpfs/home/tbr0780/Dissertation/Integrated_Likelihood_Algorithm/Polytomous_Logistic_Regression
   StdErr=/dev/null
   StdIn=/dev/null
   StdOut=/dev/null
   MailUser=timothyruel2024@u.northwestern.edu MailType=INVALID_DEPEND,BEGIN,END,FAIL,REQUEUE,STAGE_OUT
   
--------------------------------------------------------------------------------
JOB EFFICIENCY 
--------------------------------------------------------------------------------
Job efficiency will be calculated after the job has completed.
===== checkjob (interval) at Wed Jun 18 16:50:39 CDT 2025 =====
--------------------------------------------------------------------------------
JOB INFORMATION 
--------------------------------------------------------------------------------
JobId=5861542 ArrayJobId=5858372 ArrayTaskId=133 JobName=experiment_sim
   UserId=tbr0780(3229) GroupId=tbr0780(4023) MCS_label=N/A
   Priority=19623 Nice=0 Account=p32397 QOS=normal
   JobState=RUNNING Reason=None Dependency=(null)
   Requeue=0 Restarts=0 BatchFlag=1 Reboot=0 ExitCode=0:0
   RunTime=00:04:51 TimeLimit=02:00:00 TimeMin=N/A
   SubmitTime=2025-06-18T15:19:09 EligibleTime=2025-06-18T15:19:11
   AccrueTime=2025-06-18T15:19:11
   StartTime=2025-06-18T16:45:48 EndTime=2025-06-18T18:45:48 Deadline=N/A
   SuspendTime=None SecsPreSuspend=0 LastSchedEval=2025-06-18T16:45:48 Scheduler=Main
   Partition=short AllocNode:Sid=quser41:3973193
   ReqNodeList=(null) ExcNodeList=(null)
   NodeList=qnode3030
   BatchHost=qnode3030
   NumNodes=1 NumCPUs=64 NumTasks=64 CPUs/Task=1 ReqB:S:C:T=0:0:*:*
   ReqTRES=cpu=64,mem=32000M,node=1,billing=288
   AllocTRES=cpu=64,mem=32000M,node=1,billing=288
   Socks/Node=* NtasksPerN:B:S:C=64:0:*:* CoreSpec=*
   MinCPUsNode=64 MinMemoryCPU=500M MinTmpDiskNode=0
   Features=[quest10|quest11|quest12|quest13] DelayBoot=00:00:00
   OverSubscribe=OK Contiguous=0 Licenses=(null) Network=(null)
   Command=/gpfs/home/tbr0780/Dissertation/Integrated_Likelihood_Algorithm/Polytomous_Logistic_Regression/scripts/experiment_sim.sh
   WorkDir=/gpfs/home/tbr0780/Dissertation/Integrated_Likelihood_Algorithm/Polytomous_Logistic_Regression
   StdErr=/dev/null
   StdIn=/dev/null
   StdOut=/dev/null
   MailUser=timothyruel2024@u.northwestern.edu MailType=INVALID_DEPEND,BEGIN,END,FAIL,REQUEUE,STAGE_OUT
   
--------------------------------------------------------------------------------
JOB EFFICIENCY 
--------------------------------------------------------------------------------
Job efficiency will be calculated after the job has completed.
===== checkjob (interval) at Wed Jun 18 16:51:12 CDT 2025 =====
--------------------------------------------------------------------------------
JOB INFORMATION 
--------------------------------------------------------------------------------
JobId=5861542 ArrayJobId=5858372 ArrayTaskId=133 JobName=experiment_sim
   UserId=tbr0780(3229) GroupId=tbr0780(4023) MCS_label=N/A
   Priority=19623 Nice=0 Account=p32397 QOS=normal
   JobState=RUNNING Reason=None Dependency=(null)
   Requeue=0 Restarts=0 BatchFlag=1 Reboot=0 ExitCode=0:0
   RunTime=00:05:24 TimeLimit=02:00:00 TimeMin=N/A
   SubmitTime=2025-06-18T15:19:09 EligibleTime=2025-06-18T15:19:11
   AccrueTime=2025-06-18T15:19:11
   StartTime=2025-06-18T16:45:48 EndTime=2025-06-18T18:45:48 Deadline=N/A
   SuspendTime=None SecsPreSuspend=0 LastSchedEval=2025-06-18T16:45:48 Scheduler=Main
   Partition=short AllocNode:Sid=quser41:3973193
   ReqNodeList=(null) ExcNodeList=(null)
   NodeList=qnode3030
   BatchHost=qnode3030
   NumNodes=1 NumCPUs=64 NumTasks=64 CPUs/Task=1 ReqB:S:C:T=0:0:*:*
   ReqTRES=cpu=64,mem=32000M,node=1,billing=288
   AllocTRES=cpu=64,mem=32000M,node=1,billing=288
   Socks/Node=* NtasksPerN:B:S:C=64:0:*:* CoreSpec=*
   MinCPUsNode=64 MinMemoryCPU=500M MinTmpDiskNode=0
   Features=[quest10|quest11|quest12|quest13] DelayBoot=00:00:00
   OverSubscribe=OK Contiguous=0 Licenses=(null) Network=(null)
   Command=/gpfs/home/tbr0780/Dissertation/Integrated_Likelihood_Algorithm/Polytomous_Logistic_Regression/scripts/experiment_sim.sh
   WorkDir=/gpfs/home/tbr0780/Dissertation/Integrated_Likelihood_Algorithm/Polytomous_Logistic_Regression
   StdErr=/dev/null
   StdIn=/dev/null
   StdOut=/dev/null
   MailUser=timothyruel2024@u.northwestern.edu MailType=INVALID_DEPEND,BEGIN,END,FAIL,REQUEUE,STAGE_OUT
   
--------------------------------------------------------------------------------
JOB EFFICIENCY 
--------------------------------------------------------------------------------
Job efficiency will be calculated after the job has completed.
===== checkjob (interval) at Wed Jun 18 16:51:43 CDT 2025 =====
--------------------------------------------------------------------------------
JOB INFORMATION 
--------------------------------------------------------------------------------
JobId=5861542 ArrayJobId=5858372 ArrayTaskId=133 JobName=experiment_sim
   UserId=tbr0780(3229) GroupId=tbr0780(4023) MCS_label=N/A
   Priority=19623 Nice=0 Account=p32397 QOS=normal
   JobState=RUNNING Reason=None Dependency=(null)
   Requeue=0 Restarts=0 BatchFlag=1 Reboot=0 ExitCode=0:0
   RunTime=00:05:55 TimeLimit=02:00:00 TimeMin=N/A
   SubmitTime=2025-06-18T15:19:09 EligibleTime=2025-06-18T15:19:11
   AccrueTime=2025-06-18T15:19:11
   StartTime=2025-06-18T16:45:48 EndTime=2025-06-18T18:45:48 Deadline=N/A
   SuspendTime=None SecsPreSuspend=0 LastSchedEval=2025-06-18T16:45:48 Scheduler=Main
   Partition=short AllocNode:Sid=quser41:3973193
   ReqNodeList=(null) ExcNodeList=(null)
   NodeList=qnode3030
   BatchHost=qnode3030
   NumNodes=1 NumCPUs=64 NumTasks=64 CPUs/Task=1 ReqB:S:C:T=0:0:*:*
   ReqTRES=cpu=64,mem=32000M,node=1,billing=288
   AllocTRES=cpu=64,mem=32000M,node=1,billing=288
   Socks/Node=* NtasksPerN:B:S:C=64:0:*:* CoreSpec=*
   MinCPUsNode=64 MinMemoryCPU=500M MinTmpDiskNode=0
   Features=[quest10|quest11|quest12|quest13] DelayBoot=00:00:00
   OverSubscribe=OK Contiguous=0 Licenses=(null) Network=(null)
   Command=/gpfs/home/tbr0780/Dissertation/Integrated_Likelihood_Algorithm/Polytomous_Logistic_Regression/scripts/experiment_sim.sh
   WorkDir=/gpfs/home/tbr0780/Dissertation/Integrated_Likelihood_Algorithm/Polytomous_Logistic_Regression
   StdErr=/dev/null
   StdIn=/dev/null
   StdOut=/dev/null
   MailUser=timothyruel2024@u.northwestern.edu MailType=INVALID_DEPEND,BEGIN,END,FAIL,REQUEUE,STAGE_OUT
   
--------------------------------------------------------------------------------
JOB EFFICIENCY 
--------------------------------------------------------------------------------
Job efficiency will be calculated after the job has completed.
===== checkjob (interval) at Wed Jun 18 16:52:15 CDT 2025 =====
--------------------------------------------------------------------------------
JOB INFORMATION 
--------------------------------------------------------------------------------
JobId=5861542 ArrayJobId=5858372 ArrayTaskId=133 JobName=experiment_sim
   UserId=tbr0780(3229) GroupId=tbr0780(4023) MCS_label=N/A
   Priority=19623 Nice=0 Account=p32397 QOS=normal
   JobState=RUNNING Reason=None Dependency=(null)
   Requeue=0 Restarts=0 BatchFlag=1 Reboot=0 ExitCode=0:0
   RunTime=00:06:27 TimeLimit=02:00:00 TimeMin=N/A
   SubmitTime=2025-06-18T15:19:09 EligibleTime=2025-06-18T15:19:11
   AccrueTime=2025-06-18T15:19:11
   StartTime=2025-06-18T16:45:48 EndTime=2025-06-18T18:45:48 Deadline=N/A
   SuspendTime=None SecsPreSuspend=0 LastSchedEval=2025-06-18T16:45:48 Scheduler=Main
   Partition=short AllocNode:Sid=quser41:3973193
   ReqNodeList=(null) ExcNodeList=(null)
   NodeList=qnode3030
   BatchHost=qnode3030
   NumNodes=1 NumCPUs=64 NumTasks=64 CPUs/Task=1 ReqB:S:C:T=0:0:*:*
   ReqTRES=cpu=64,mem=32000M,node=1,billing=288
   AllocTRES=cpu=64,mem=32000M,node=1,billing=288
   Socks/Node=* NtasksPerN:B:S:C=64:0:*:* CoreSpec=*
   MinCPUsNode=64 MinMemoryCPU=500M MinTmpDiskNode=0
   Features=[quest10|quest11|quest12|quest13] DelayBoot=00:00:00
   OverSubscribe=OK Contiguous=0 Licenses=(null) Network=(null)
   Command=/gpfs/home/tbr0780/Dissertation/Integrated_Likelihood_Algorithm/Polytomous_Logistic_Regression/scripts/experiment_sim.sh
   WorkDir=/gpfs/home/tbr0780/Dissertation/Integrated_Likelihood_Algorithm/Polytomous_Logistic_Regression
   StdErr=/dev/null
   StdIn=/dev/null
   StdOut=/dev/null
   MailUser=timothyruel2024@u.northwestern.edu MailType=INVALID_DEPEND,BEGIN,END,FAIL,REQUEUE,STAGE_OUT
   
--------------------------------------------------------------------------------
JOB EFFICIENCY 
--------------------------------------------------------------------------------
Job efficiency will be calculated after the job has completed.
===== checkjob (interval) at Wed Jun 18 16:52:46 CDT 2025 =====
--------------------------------------------------------------------------------
JOB INFORMATION 
--------------------------------------------------------------------------------
JobId=5861542 ArrayJobId=5858372 ArrayTaskId=133 JobName=experiment_sim
   UserId=tbr0780(3229) GroupId=tbr0780(4023) MCS_label=N/A
   Priority=19623 Nice=0 Account=p32397 QOS=normal
   JobState=RUNNING Reason=None Dependency=(null)
   Requeue=0 Restarts=0 BatchFlag=1 Reboot=0 ExitCode=0:0
   RunTime=00:06:58 TimeLimit=02:00:00 TimeMin=N/A
   SubmitTime=2025-06-18T15:19:09 EligibleTime=2025-06-18T15:19:11
   AccrueTime=2025-06-18T15:19:11
   StartTime=2025-06-18T16:45:48 EndTime=2025-06-18T18:45:48 Deadline=N/A
   SuspendTime=None SecsPreSuspend=0 LastSchedEval=2025-06-18T16:45:48 Scheduler=Main
   Partition=short AllocNode:Sid=quser41:3973193
   ReqNodeList=(null) ExcNodeList=(null)
   NodeList=qnode3030
   BatchHost=qnode3030
   NumNodes=1 NumCPUs=64 NumTasks=64 CPUs/Task=1 ReqB:S:C:T=0:0:*:*
   ReqTRES=cpu=64,mem=32000M,node=1,billing=288
   AllocTRES=cpu=64,mem=32000M,node=1,billing=288
   Socks/Node=* NtasksPerN:B:S:C=64:0:*:* CoreSpec=*
   MinCPUsNode=64 MinMemoryCPU=500M MinTmpDiskNode=0
   Features=[quest10|quest11|quest12|quest13] DelayBoot=00:00:00
   OverSubscribe=OK Contiguous=0 Licenses=(null) Network=(null)
   Command=/gpfs/home/tbr0780/Dissertation/Integrated_Likelihood_Algorithm/Polytomous_Logistic_Regression/scripts/experiment_sim.sh
   WorkDir=/gpfs/home/tbr0780/Dissertation/Integrated_Likelihood_Algorithm/Polytomous_Logistic_Regression
   StdErr=/dev/null
   StdIn=/dev/null
   StdOut=/dev/null
   MailUser=timothyruel2024@u.northwestern.edu MailType=INVALID_DEPEND,BEGIN,END,FAIL,REQUEUE,STAGE_OUT
   
--------------------------------------------------------------------------------
JOB EFFICIENCY 
--------------------------------------------------------------------------------
Job efficiency will be calculated after the job has completed.
===== checkjob (interval) at Wed Jun 18 16:53:17 CDT 2025 =====
--------------------------------------------------------------------------------
JOB INFORMATION 
--------------------------------------------------------------------------------
JobId=5861542 ArrayJobId=5858372 ArrayTaskId=133 JobName=experiment_sim
   UserId=tbr0780(3229) GroupId=tbr0780(4023) MCS_label=N/A
   Priority=19623 Nice=0 Account=p32397 QOS=normal
   JobState=RUNNING Reason=None Dependency=(null)
   Requeue=0 Restarts=0 BatchFlag=1 Reboot=0 ExitCode=0:0
   RunTime=00:07:29 TimeLimit=02:00:00 TimeMin=N/A
   SubmitTime=2025-06-18T15:19:09 EligibleTime=2025-06-18T15:19:11
   AccrueTime=2025-06-18T15:19:11
   StartTime=2025-06-18T16:45:48 EndTime=2025-06-18T18:45:48 Deadline=N/A
   SuspendTime=None SecsPreSuspend=0 LastSchedEval=2025-06-18T16:45:48 Scheduler=Main
   Partition=short AllocNode:Sid=quser41:3973193
   ReqNodeList=(null) ExcNodeList=(null)
   NodeList=qnode3030
   BatchHost=qnode3030
   NumNodes=1 NumCPUs=64 NumTasks=64 CPUs/Task=1 ReqB:S:C:T=0:0:*:*
   ReqTRES=cpu=64,mem=32000M,node=1,billing=288
   AllocTRES=cpu=64,mem=32000M,node=1,billing=288
   Socks/Node=* NtasksPerN:B:S:C=64:0:*:* CoreSpec=*
   MinCPUsNode=64 MinMemoryCPU=500M MinTmpDiskNode=0
   Features=[quest10|quest11|quest12|quest13] DelayBoot=00:00:00
   OverSubscribe=OK Contiguous=0 Licenses=(null) Network=(null)
   Command=/gpfs/home/tbr0780/Dissertation/Integrated_Likelihood_Algorithm/Polytomous_Logistic_Regression/scripts/experiment_sim.sh
   WorkDir=/gpfs/home/tbr0780/Dissertation/Integrated_Likelihood_Algorithm/Polytomous_Logistic_Regression
   StdErr=/dev/null
   StdIn=/dev/null
   StdOut=/dev/null
   MailUser=timothyruel2024@u.northwestern.edu MailType=INVALID_DEPEND,BEGIN,END,FAIL,REQUEUE,STAGE_OUT
   
--------------------------------------------------------------------------------
JOB EFFICIENCY 
--------------------------------------------------------------------------------
Job efficiency will be calculated after the job has completed.
===== checkjob (interval) at Wed Jun 18 16:53:50 CDT 2025 =====
--------------------------------------------------------------------------------
JOB INFORMATION 
--------------------------------------------------------------------------------
JobId=5861542 ArrayJobId=5858372 ArrayTaskId=133 JobName=experiment_sim
   UserId=tbr0780(3229) GroupId=tbr0780(4023) MCS_label=N/A
   Priority=19623 Nice=0 Account=p32397 QOS=normal
   JobState=RUNNING Reason=None Dependency=(null)
   Requeue=0 Restarts=0 BatchFlag=1 Reboot=0 ExitCode=0:0
   RunTime=00:08:02 TimeLimit=02:00:00 TimeMin=N/A
   SubmitTime=2025-06-18T15:19:09 EligibleTime=2025-06-18T15:19:11
   AccrueTime=2025-06-18T15:19:11
   StartTime=2025-06-18T16:45:48 EndTime=2025-06-18T18:45:48 Deadline=N/A
   SuspendTime=None SecsPreSuspend=0 LastSchedEval=2025-06-18T16:45:48 Scheduler=Main
   Partition=short AllocNode:Sid=quser41:3973193
   ReqNodeList=(null) ExcNodeList=(null)
   NodeList=qnode3030
   BatchHost=qnode3030
   NumNodes=1 NumCPUs=64 NumTasks=64 CPUs/Task=1 ReqB:S:C:T=0:0:*:*
   ReqTRES=cpu=64,mem=32000M,node=1,billing=288
   AllocTRES=cpu=64,mem=32000M,node=1,billing=288
   Socks/Node=* NtasksPerN:B:S:C=64:0:*:* CoreSpec=*
   MinCPUsNode=64 MinMemoryCPU=500M MinTmpDiskNode=0
   Features=[quest10|quest11|quest12|quest13] DelayBoot=00:00:00
   OverSubscribe=OK Contiguous=0 Licenses=(null) Network=(null)
   Command=/gpfs/home/tbr0780/Dissertation/Integrated_Likelihood_Algorithm/Polytomous_Logistic_Regression/scripts/experiment_sim.sh
   WorkDir=/gpfs/home/tbr0780/Dissertation/Integrated_Likelihood_Algorithm/Polytomous_Logistic_Regression
   StdErr=/dev/null
   StdIn=/dev/null
   StdOut=/dev/null
   MailUser=timothyruel2024@u.northwestern.edu MailType=INVALID_DEPEND,BEGIN,END,FAIL,REQUEUE,STAGE_OUT
   
--------------------------------------------------------------------------------
JOB EFFICIENCY 
--------------------------------------------------------------------------------
Job efficiency will be calculated after the job has completed.
===== checkjob (interval) at Wed Jun 18 16:54:21 CDT 2025 =====
--------------------------------------------------------------------------------
JOB INFORMATION 
--------------------------------------------------------------------------------
JobId=5861542 ArrayJobId=5858372 ArrayTaskId=133 JobName=experiment_sim
   UserId=tbr0780(3229) GroupId=tbr0780(4023) MCS_label=N/A
   Priority=19623 Nice=0 Account=p32397 QOS=normal
   JobState=RUNNING Reason=None Dependency=(null)
   Requeue=0 Restarts=0 BatchFlag=1 Reboot=0 ExitCode=0:0
   RunTime=00:08:36 TimeLimit=02:00:00 TimeMin=N/A
   SubmitTime=2025-06-18T15:19:09 EligibleTime=2025-06-18T15:19:11
   AccrueTime=2025-06-18T15:19:11
   StartTime=2025-06-18T16:45:48 EndTime=2025-06-18T18:45:48 Deadline=N/A
   SuspendTime=None SecsPreSuspend=0 LastSchedEval=2025-06-18T16:45:48 Scheduler=Main
   Partition=short AllocNode:Sid=quser41:3973193
   ReqNodeList=(null) ExcNodeList=(null)
   NodeList=qnode3030
   BatchHost=qnode3030
   NumNodes=1 NumCPUs=64 NumTasks=64 CPUs/Task=1 ReqB:S:C:T=0:0:*:*
   ReqTRES=cpu=64,mem=32000M,node=1,billing=288
   AllocTRES=cpu=64,mem=32000M,node=1,billing=288
   Socks/Node=* NtasksPerN:B:S:C=64:0:*:* CoreSpec=*
   MinCPUsNode=64 MinMemoryCPU=500M MinTmpDiskNode=0
   Features=[quest10|quest11|quest12|quest13] DelayBoot=00:00:00
   OverSubscribe=OK Contiguous=0 Licenses=(null) Network=(null)
   Command=/gpfs/home/tbr0780/Dissertation/Integrated_Likelihood_Algorithm/Polytomous_Logistic_Regression/scripts/experiment_sim.sh
   WorkDir=/gpfs/home/tbr0780/Dissertation/Integrated_Likelihood_Algorithm/Polytomous_Logistic_Regression
   StdErr=/dev/null
   StdIn=/dev/null
   StdOut=/dev/null
   MailUser=timothyruel2024@u.northwestern.edu MailType=INVALID_DEPEND,BEGIN,END,FAIL,REQUEUE,STAGE_OUT
   
--------------------------------------------------------------------------------
JOB EFFICIENCY 
--------------------------------------------------------------------------------
Job efficiency will be calculated after the job has completed.
===== checkjob (interval) at Wed Jun 18 16:54:56 CDT 2025 =====
--------------------------------------------------------------------------------
JOB INFORMATION 
--------------------------------------------------------------------------------
JobId=5861542 ArrayJobId=5858372 ArrayTaskId=133 JobName=experiment_sim
   UserId=tbr0780(3229) GroupId=tbr0780(4023) MCS_label=N/A
   Priority=19623 Nice=0 Account=p32397 QOS=normal
   JobState=RUNNING Reason=None Dependency=(null)
   Requeue=0 Restarts=0 BatchFlag=1 Reboot=0 ExitCode=0:0
   RunTime=00:09:09 TimeLimit=02:00:00 TimeMin=N/A
   SubmitTime=2025-06-18T15:19:09 EligibleTime=2025-06-18T15:19:11
   AccrueTime=2025-06-18T15:19:11
   StartTime=2025-06-18T16:45:48 EndTime=2025-06-18T18:45:48 Deadline=N/A
   SuspendTime=None SecsPreSuspend=0 LastSchedEval=2025-06-18T16:45:48 Scheduler=Main
   Partition=short AllocNode:Sid=quser41:3973193
   ReqNodeList=(null) ExcNodeList=(null)
   NodeList=qnode3030
   BatchHost=qnode3030
   NumNodes=1 NumCPUs=64 NumTasks=64 CPUs/Task=1 ReqB:S:C:T=0:0:*:*
   ReqTRES=cpu=64,mem=32000M,node=1,billing=288
   AllocTRES=cpu=64,mem=32000M,node=1,billing=288
   Socks/Node=* NtasksPerN:B:S:C=64:0:*:* CoreSpec=*
   MinCPUsNode=64 MinMemoryCPU=500M MinTmpDiskNode=0
   Features=[quest10|quest11|quest12|quest13] DelayBoot=00:00:00
   OverSubscribe=OK Contiguous=0 Licenses=(null) Network=(null)
   Command=/gpfs/home/tbr0780/Dissertation/Integrated_Likelihood_Algorithm/Polytomous_Logistic_Regression/scripts/experiment_sim.sh
   WorkDir=/gpfs/home/tbr0780/Dissertation/Integrated_Likelihood_Algorithm/Polytomous_Logistic_Regression
   StdErr=/dev/null
   StdIn=/dev/null
   StdOut=/dev/null
   MailUser=timothyruel2024@u.northwestern.edu MailType=INVALID_DEPEND,BEGIN,END,FAIL,REQUEUE,STAGE_OUT
   
--------------------------------------------------------------------------------
JOB EFFICIENCY 
--------------------------------------------------------------------------------
Job efficiency will be calculated after the job has completed.
===== checkjob (interval) at Wed Jun 18 16:55:28 CDT 2025 =====
--------------------------------------------------------------------------------
JOB INFORMATION 
--------------------------------------------------------------------------------
JobId=5861542 ArrayJobId=5858372 ArrayTaskId=133 JobName=experiment_sim
   UserId=tbr0780(3229) GroupId=tbr0780(4023) MCS_label=N/A
   Priority=19623 Nice=0 Account=p32397 QOS=normal
   JobState=RUNNING Reason=None Dependency=(null)
   Requeue=0 Restarts=0 BatchFlag=1 Reboot=0 ExitCode=0:0
   RunTime=00:09:40 TimeLimit=02:00:00 TimeMin=N/A
   SubmitTime=2025-06-18T15:19:09 EligibleTime=2025-06-18T15:19:11
   AccrueTime=2025-06-18T15:19:11
   StartTime=2025-06-18T16:45:48 EndTime=2025-06-18T18:45:48 Deadline=N/A
   SuspendTime=None SecsPreSuspend=0 LastSchedEval=2025-06-18T16:45:48 Scheduler=Main
   Partition=short AllocNode:Sid=quser41:3973193
   ReqNodeList=(null) ExcNodeList=(null)
   NodeList=qnode3030
   BatchHost=qnode3030
   NumNodes=1 NumCPUs=64 NumTasks=64 CPUs/Task=1 ReqB:S:C:T=0:0:*:*
   ReqTRES=cpu=64,mem=32000M,node=1,billing=288
   AllocTRES=cpu=64,mem=32000M,node=1,billing=288
   Socks/Node=* NtasksPerN:B:S:C=64:0:*:* CoreSpec=*
   MinCPUsNode=64 MinMemoryCPU=500M MinTmpDiskNode=0
   Features=[quest10|quest11|quest12|quest13] DelayBoot=00:00:00
   OverSubscribe=OK Contiguous=0 Licenses=(null) Network=(null)
   Command=/gpfs/home/tbr0780/Dissertation/Integrated_Likelihood_Algorithm/Polytomous_Logistic_Regression/scripts/experiment_sim.sh
   WorkDir=/gpfs/home/tbr0780/Dissertation/Integrated_Likelihood_Algorithm/Polytomous_Logistic_Regression
   StdErr=/dev/null
   StdIn=/dev/null
   StdOut=/dev/null
   MailUser=timothyruel2024@u.northwestern.edu MailType=INVALID_DEPEND,BEGIN,END,FAIL,REQUEUE,STAGE_OUT
   
--------------------------------------------------------------------------------
JOB EFFICIENCY 
--------------------------------------------------------------------------------
Job efficiency will be calculated after the job has completed.
===== checkjob (interval) at Wed Jun 18 16:55:59 CDT 2025 =====
--------------------------------------------------------------------------------
JOB INFORMATION 
--------------------------------------------------------------------------------
JobId=5861542 ArrayJobId=5858372 ArrayTaskId=133 JobName=experiment_sim
   UserId=tbr0780(3229) GroupId=tbr0780(4023) MCS_label=N/A
   Priority=19623 Nice=0 Account=p32397 QOS=normal
   JobState=RUNNING Reason=None Dependency=(null)
   Requeue=0 Restarts=0 BatchFlag=1 Reboot=0 ExitCode=0:0
   RunTime=00:10:13 TimeLimit=02:00:00 TimeMin=N/A
   SubmitTime=2025-06-18T15:19:09 EligibleTime=2025-06-18T15:19:11
   AccrueTime=2025-06-18T15:19:11
   StartTime=2025-06-18T16:45:48 EndTime=2025-06-18T18:45:48 Deadline=N/A
   SuspendTime=None SecsPreSuspend=0 LastSchedEval=2025-06-18T16:45:48 Scheduler=Main
   Partition=short AllocNode:Sid=quser41:3973193
   ReqNodeList=(null) ExcNodeList=(null)
   NodeList=qnode3030
   BatchHost=qnode3030
   NumNodes=1 NumCPUs=64 NumTasks=64 CPUs/Task=1 ReqB:S:C:T=0:0:*:*
   ReqTRES=cpu=64,mem=32000M,node=1,billing=288
   AllocTRES=cpu=64,mem=32000M,node=1,billing=288
   Socks/Node=* NtasksPerN:B:S:C=64:0:*:* CoreSpec=*
   MinCPUsNode=64 MinMemoryCPU=500M MinTmpDiskNode=0
   Features=[quest10|quest11|quest12|quest13] DelayBoot=00:00:00
   OverSubscribe=OK Contiguous=0 Licenses=(null) Network=(null)
   Command=/gpfs/home/tbr0780/Dissertation/Integrated_Likelihood_Algorithm/Polytomous_Logistic_Regression/scripts/experiment_sim.sh
   WorkDir=/gpfs/home/tbr0780/Dissertation/Integrated_Likelihood_Algorithm/Polytomous_Logistic_Regression
   StdErr=/dev/null
   StdIn=/dev/null
   StdOut=/dev/null
   MailUser=timothyruel2024@u.northwestern.edu MailType=INVALID_DEPEND,BEGIN,END,FAIL,REQUEUE,STAGE_OUT
   
--------------------------------------------------------------------------------
JOB EFFICIENCY 
--------------------------------------------------------------------------------
Job efficiency will be calculated after the job has completed.
===== checkjob (interval) at Wed Jun 18 16:56:34 CDT 2025 =====
--------------------------------------------------------------------------------
JOB INFORMATION 
--------------------------------------------------------------------------------
JobId=5861542 ArrayJobId=5858372 ArrayTaskId=133 JobName=experiment_sim
   UserId=tbr0780(3229) GroupId=tbr0780(4023) MCS_label=N/A
   Priority=19623 Nice=0 Account=p32397 QOS=normal
   JobState=RUNNING Reason=None Dependency=(null)
   Requeue=0 Restarts=0 BatchFlag=1 Reboot=0 ExitCode=0:0
   RunTime=00:10:46 TimeLimit=02:00:00 TimeMin=N/A
   SubmitTime=2025-06-18T15:19:09 EligibleTime=2025-06-18T15:19:11
   AccrueTime=2025-06-18T15:19:11
   StartTime=2025-06-18T16:45:48 EndTime=2025-06-18T18:45:48 Deadline=N/A
   SuspendTime=None SecsPreSuspend=0 LastSchedEval=2025-06-18T16:45:48 Scheduler=Main
   Partition=short AllocNode:Sid=quser41:3973193
   ReqNodeList=(null) ExcNodeList=(null)
   NodeList=qnode3030
   BatchHost=qnode3030
   NumNodes=1 NumCPUs=64 NumTasks=64 CPUs/Task=1 ReqB:S:C:T=0:0:*:*
   ReqTRES=cpu=64,mem=32000M,node=1,billing=288
   AllocTRES=cpu=64,mem=32000M,node=1,billing=288
   Socks/Node=* NtasksPerN:B:S:C=64:0:*:* CoreSpec=*
   MinCPUsNode=64 MinMemoryCPU=500M MinTmpDiskNode=0
   Features=[quest10|quest11|quest12|quest13] DelayBoot=00:00:00
   OverSubscribe=OK Contiguous=0 Licenses=(null) Network=(null)
   Command=/gpfs/home/tbr0780/Dissertation/Integrated_Likelihood_Algorithm/Polytomous_Logistic_Regression/scripts/experiment_sim.sh
   WorkDir=/gpfs/home/tbr0780/Dissertation/Integrated_Likelihood_Algorithm/Polytomous_Logistic_Regression
   StdErr=/dev/null
   StdIn=/dev/null
   StdOut=/dev/null
   MailUser=timothyruel2024@u.northwestern.edu MailType=INVALID_DEPEND,BEGIN,END,FAIL,REQUEUE,STAGE_OUT
   
--------------------------------------------------------------------------------
JOB EFFICIENCY 
--------------------------------------------------------------------------------
Job efficiency will be calculated after the job has completed.
===== checkjob (interval) at Wed Jun 18 16:57:05 CDT 2025 =====
--------------------------------------------------------------------------------
JOB INFORMATION 
--------------------------------------------------------------------------------
JobId=5861542 ArrayJobId=5858372 ArrayTaskId=133 JobName=experiment_sim
   UserId=tbr0780(3229) GroupId=tbr0780(4023) MCS_label=N/A
   Priority=19623 Nice=0 Account=p32397 QOS=normal
   JobState=RUNNING Reason=None Dependency=(null)
   Requeue=0 Restarts=0 BatchFlag=1 Reboot=0 ExitCode=0:0
   RunTime=00:11:17 TimeLimit=02:00:00 TimeMin=N/A
   SubmitTime=2025-06-18T15:19:09 EligibleTime=2025-06-18T15:19:11
   AccrueTime=2025-06-18T15:19:11
   StartTime=2025-06-18T16:45:48 EndTime=2025-06-18T18:45:48 Deadline=N/A
   SuspendTime=None SecsPreSuspend=0 LastSchedEval=2025-06-18T16:45:48 Scheduler=Main
   Partition=short AllocNode:Sid=quser41:3973193
   ReqNodeList=(null) ExcNodeList=(null)
   NodeList=qnode3030
   BatchHost=qnode3030
   NumNodes=1 NumCPUs=64 NumTasks=64 CPUs/Task=1 ReqB:S:C:T=0:0:*:*
   ReqTRES=cpu=64,mem=32000M,node=1,billing=288
   AllocTRES=cpu=64,mem=32000M,node=1,billing=288
   Socks/Node=* NtasksPerN:B:S:C=64:0:*:* CoreSpec=*
   MinCPUsNode=64 MinMemoryCPU=500M MinTmpDiskNode=0
   Features=[quest10|quest11|quest12|quest13] DelayBoot=00:00:00
   OverSubscribe=OK Contiguous=0 Licenses=(null) Network=(null)
   Command=/gpfs/home/tbr0780/Dissertation/Integrated_Likelihood_Algorithm/Polytomous_Logistic_Regression/scripts/experiment_sim.sh
   WorkDir=/gpfs/home/tbr0780/Dissertation/Integrated_Likelihood_Algorithm/Polytomous_Logistic_Regression
   StdErr=/dev/null
   StdIn=/dev/null
   StdOut=/dev/null
   MailUser=timothyruel2024@u.northwestern.edu MailType=INVALID_DEPEND,BEGIN,END,FAIL,REQUEUE,STAGE_OUT
   
--------------------------------------------------------------------------------
JOB EFFICIENCY 
--------------------------------------------------------------------------------
Job efficiency will be calculated after the job has completed.
===== checkjob (interval) at Wed Jun 18 16:57:37 CDT 2025 =====
--------------------------------------------------------------------------------
JOB INFORMATION 
--------------------------------------------------------------------------------
JobId=5861542 ArrayJobId=5858372 ArrayTaskId=133 JobName=experiment_sim
   UserId=tbr0780(3229) GroupId=tbr0780(4023) MCS_label=N/A
   Priority=19623 Nice=0 Account=p32397 QOS=normal
   JobState=RUNNING Reason=None Dependency=(null)
   Requeue=0 Restarts=0 BatchFlag=1 Reboot=0 ExitCode=0:0
   RunTime=00:11:50 TimeLimit=02:00:00 TimeMin=N/A
   SubmitTime=2025-06-18T15:19:09 EligibleTime=2025-06-18T15:19:11
   AccrueTime=2025-06-18T15:19:11
   StartTime=2025-06-18T16:45:48 EndTime=2025-06-18T18:45:48 Deadline=N/A
   SuspendTime=None SecsPreSuspend=0 LastSchedEval=2025-06-18T16:45:48 Scheduler=Main
   Partition=short AllocNode:Sid=quser41:3973193
   ReqNodeList=(null) ExcNodeList=(null)
   NodeList=qnode3030
   BatchHost=qnode3030
   NumNodes=1 NumCPUs=64 NumTasks=64 CPUs/Task=1 ReqB:S:C:T=0:0:*:*
   ReqTRES=cpu=64,mem=32000M,node=1,billing=288
   AllocTRES=cpu=64,mem=32000M,node=1,billing=288
   Socks/Node=* NtasksPerN:B:S:C=64:0:*:* CoreSpec=*
   MinCPUsNode=64 MinMemoryCPU=500M MinTmpDiskNode=0
   Features=[quest10|quest11|quest12|quest13] DelayBoot=00:00:00
   OverSubscribe=OK Contiguous=0 Licenses=(null) Network=(null)
   Command=/gpfs/home/tbr0780/Dissertation/Integrated_Likelihood_Algorithm/Polytomous_Logistic_Regression/scripts/experiment_sim.sh
   WorkDir=/gpfs/home/tbr0780/Dissertation/Integrated_Likelihood_Algorithm/Polytomous_Logistic_Regression
   StdErr=/dev/null
   StdIn=/dev/null
   StdOut=/dev/null
   MailUser=timothyruel2024@u.northwestern.edu MailType=INVALID_DEPEND,BEGIN,END,FAIL,REQUEUE,STAGE_OUT
   
--------------------------------------------------------------------------------
JOB EFFICIENCY 
--------------------------------------------------------------------------------
Job efficiency will be calculated after the job has completed.
===== checkjob (interval) at Wed Jun 18 16:58:08 CDT 2025 =====
--------------------------------------------------------------------------------
JOB INFORMATION 
--------------------------------------------------------------------------------
JobId=5861542 ArrayJobId=5858372 ArrayTaskId=133 JobName=experiment_sim
   UserId=tbr0780(3229) GroupId=tbr0780(4023) MCS_label=N/A
   Priority=19623 Nice=0 Account=p32397 QOS=normal
   JobState=RUNNING Reason=None Dependency=(null)
   Requeue=0 Restarts=0 BatchFlag=1 Reboot=0 ExitCode=0:0
   RunTime=00:12:21 TimeLimit=02:00:00 TimeMin=N/A
   SubmitTime=2025-06-18T15:19:09 EligibleTime=2025-06-18T15:19:11
   AccrueTime=2025-06-18T15:19:11
   StartTime=2025-06-18T16:45:48 EndTime=2025-06-18T18:45:48 Deadline=N/A
   SuspendTime=None SecsPreSuspend=0 LastSchedEval=2025-06-18T16:45:48 Scheduler=Main
   Partition=short AllocNode:Sid=quser41:3973193
   ReqNodeList=(null) ExcNodeList=(null)
   NodeList=qnode3030
   BatchHost=qnode3030
   NumNodes=1 NumCPUs=64 NumTasks=64 CPUs/Task=1 ReqB:S:C:T=0:0:*:*
   ReqTRES=cpu=64,mem=32000M,node=1,billing=288
   AllocTRES=cpu=64,mem=32000M,node=1,billing=288
   Socks/Node=* NtasksPerN:B:S:C=64:0:*:* CoreSpec=*
   MinCPUsNode=64 MinMemoryCPU=500M MinTmpDiskNode=0
   Features=[quest10|quest11|quest12|quest13] DelayBoot=00:00:00
   OverSubscribe=OK Contiguous=0 Licenses=(null) Network=(null)
   Command=/gpfs/home/tbr0780/Dissertation/Integrated_Likelihood_Algorithm/Polytomous_Logistic_Regression/scripts/experiment_sim.sh
   WorkDir=/gpfs/home/tbr0780/Dissertation/Integrated_Likelihood_Algorithm/Polytomous_Logistic_Regression
   StdErr=/dev/null
   StdIn=/dev/null
   StdOut=/dev/null
   MailUser=timothyruel2024@u.northwestern.edu MailType=INVALID_DEPEND,BEGIN,END,FAIL,REQUEUE,STAGE_OUT
   
--------------------------------------------------------------------------------
JOB EFFICIENCY 
--------------------------------------------------------------------------------
Job efficiency will be calculated after the job has completed.
===== checkjob (interval) at Wed Jun 18 16:58:43 CDT 2025 =====
--------------------------------------------------------------------------------
JOB INFORMATION 
--------------------------------------------------------------------------------
JobId=5861542 ArrayJobId=5858372 ArrayTaskId=133 JobName=experiment_sim
   UserId=tbr0780(3229) GroupId=tbr0780(4023) MCS_label=N/A
   Priority=19623 Nice=0 Account=p32397 QOS=normal
   JobState=RUNNING Reason=None Dependency=(null)
   Requeue=0 Restarts=0 BatchFlag=1 Reboot=0 ExitCode=0:0
   RunTime=00:12:55 TimeLimit=02:00:00 TimeMin=N/A
   SubmitTime=2025-06-18T15:19:09 EligibleTime=2025-06-18T15:19:11
   AccrueTime=2025-06-18T15:19:11
   StartTime=2025-06-18T16:45:48 EndTime=2025-06-18T18:45:48 Deadline=N/A
   SuspendTime=None SecsPreSuspend=0 LastSchedEval=2025-06-18T16:45:48 Scheduler=Main
   Partition=short AllocNode:Sid=quser41:3973193
   ReqNodeList=(null) ExcNodeList=(null)
   NodeList=qnode3030
   BatchHost=qnode3030
   NumNodes=1 NumCPUs=64 NumTasks=64 CPUs/Task=1 ReqB:S:C:T=0:0:*:*
   ReqTRES=cpu=64,mem=32000M,node=1,billing=288
   AllocTRES=cpu=64,mem=32000M,node=1,billing=288
   Socks/Node=* NtasksPerN:B:S:C=64:0:*:* CoreSpec=*
   MinCPUsNode=64 MinMemoryCPU=500M MinTmpDiskNode=0
   Features=[quest10|quest11|quest12|quest13] DelayBoot=00:00:00
   OverSubscribe=OK Contiguous=0 Licenses=(null) Network=(null)
   Command=/gpfs/home/tbr0780/Dissertation/Integrated_Likelihood_Algorithm/Polytomous_Logistic_Regression/scripts/experiment_sim.sh
   WorkDir=/gpfs/home/tbr0780/Dissertation/Integrated_Likelihood_Algorithm/Polytomous_Logistic_Regression
   StdErr=/dev/null
   StdIn=/dev/null
   StdOut=/dev/null
   MailUser=timothyruel2024@u.northwestern.edu MailType=INVALID_DEPEND,BEGIN,END,FAIL,REQUEUE,STAGE_OUT
   
--------------------------------------------------------------------------------
JOB EFFICIENCY 
--------------------------------------------------------------------------------
Job efficiency will be calculated after the job has completed.
===== checkjob (interval) at Wed Jun 18 16:59:14 CDT 2025 =====
--------------------------------------------------------------------------------
JOB INFORMATION 
--------------------------------------------------------------------------------
JobId=5861542 ArrayJobId=5858372 ArrayTaskId=133 JobName=experiment_sim
   UserId=tbr0780(3229) GroupId=tbr0780(4023) MCS_label=N/A
   Priority=19623 Nice=0 Account=p32397 QOS=normal
   JobState=RUNNING Reason=None Dependency=(null)
   Requeue=0 Restarts=0 BatchFlag=1 Reboot=0 ExitCode=0:0
   RunTime=00:13:27 TimeLimit=02:00:00 TimeMin=N/A
   SubmitTime=2025-06-18T15:19:09 EligibleTime=2025-06-18T15:19:11
   AccrueTime=2025-06-18T15:19:11
   StartTime=2025-06-18T16:45:48 EndTime=2025-06-18T18:45:48 Deadline=N/A
   SuspendTime=None SecsPreSuspend=0 LastSchedEval=2025-06-18T16:45:48 Scheduler=Main
   Partition=short AllocNode:Sid=quser41:3973193
   ReqNodeList=(null) ExcNodeList=(null)
   NodeList=qnode3030
   BatchHost=qnode3030
   NumNodes=1 NumCPUs=64 NumTasks=64 CPUs/Task=1 ReqB:S:C:T=0:0:*:*
   ReqTRES=cpu=64,mem=32000M,node=1,billing=288
   AllocTRES=cpu=64,mem=32000M,node=1,billing=288
   Socks/Node=* NtasksPerN:B:S:C=64:0:*:* CoreSpec=*
   MinCPUsNode=64 MinMemoryCPU=500M MinTmpDiskNode=0
   Features=[quest10|quest11|quest12|quest13] DelayBoot=00:00:00
   OverSubscribe=OK Contiguous=0 Licenses=(null) Network=(null)
   Command=/gpfs/home/tbr0780/Dissertation/Integrated_Likelihood_Algorithm/Polytomous_Logistic_Regression/scripts/experiment_sim.sh
   WorkDir=/gpfs/home/tbr0780/Dissertation/Integrated_Likelihood_Algorithm/Polytomous_Logistic_Regression
   StdErr=/dev/null
   StdIn=/dev/null
   StdOut=/dev/null
   MailUser=timothyruel2024@u.northwestern.edu MailType=INVALID_DEPEND,BEGIN,END,FAIL,REQUEUE,STAGE_OUT
   
--------------------------------------------------------------------------------
JOB EFFICIENCY 
--------------------------------------------------------------------------------
Job efficiency will be calculated after the job has completed.
===== checkjob (interval) at Wed Jun 18 16:59:46 CDT 2025 =====
--------------------------------------------------------------------------------
JOB INFORMATION 
--------------------------------------------------------------------------------
JobId=5861542 ArrayJobId=5858372 ArrayTaskId=133 JobName=experiment_sim
   UserId=tbr0780(3229) GroupId=tbr0780(4023) MCS_label=N/A
   Priority=19623 Nice=0 Account=p32397 QOS=normal
   JobState=RUNNING Reason=None Dependency=(null)
   Requeue=0 Restarts=0 BatchFlag=1 Reboot=0 ExitCode=0:0
   RunTime=00:14:00 TimeLimit=02:00:00 TimeMin=N/A
   SubmitTime=2025-06-18T15:19:09 EligibleTime=2025-06-18T15:19:11
   AccrueTime=2025-06-18T15:19:11
   StartTime=2025-06-18T16:45:48 EndTime=2025-06-18T18:45:48 Deadline=N/A
   SuspendTime=None SecsPreSuspend=0 LastSchedEval=2025-06-18T16:45:48 Scheduler=Main
   Partition=short AllocNode:Sid=quser41:3973193
   ReqNodeList=(null) ExcNodeList=(null)
   NodeList=qnode3030
   BatchHost=qnode3030
   NumNodes=1 NumCPUs=64 NumTasks=64 CPUs/Task=1 ReqB:S:C:T=0:0:*:*
   ReqTRES=cpu=64,mem=32000M,node=1,billing=288
   AllocTRES=cpu=64,mem=32000M,node=1,billing=288
   Socks/Node=* NtasksPerN:B:S:C=64:0:*:* CoreSpec=*
   MinCPUsNode=64 MinMemoryCPU=500M MinTmpDiskNode=0
   Features=[quest10|quest11|quest12|quest13] DelayBoot=00:00:00
   OverSubscribe=OK Contiguous=0 Licenses=(null) Network=(null)
   Command=/gpfs/home/tbr0780/Dissertation/Integrated_Likelihood_Algorithm/Polytomous_Logistic_Regression/scripts/experiment_sim.sh
   WorkDir=/gpfs/home/tbr0780/Dissertation/Integrated_Likelihood_Algorithm/Polytomous_Logistic_Regression
   StdErr=/dev/null
   StdIn=/dev/null
   StdOut=/dev/null
   MailUser=timothyruel2024@u.northwestern.edu MailType=INVALID_DEPEND,BEGIN,END,FAIL,REQUEUE,STAGE_OUT
   
--------------------------------------------------------------------------------
JOB EFFICIENCY 
--------------------------------------------------------------------------------
Job efficiency will be calculated after the job has completed.
===== checkjob (interval) at Wed Jun 18 17:00:20 CDT 2025 =====
--------------------------------------------------------------------------------
JOB INFORMATION 
--------------------------------------------------------------------------------
JobId=5861542 ArrayJobId=5858372 ArrayTaskId=133 JobName=experiment_sim
   UserId=tbr0780(3229) GroupId=tbr0780(4023) MCS_label=N/A
   Priority=19623 Nice=0 Account=p32397 QOS=normal
   JobState=RUNNING Reason=None Dependency=(null)
   Requeue=0 Restarts=0 BatchFlag=1 Reboot=0 ExitCode=0:0
   RunTime=00:14:33 TimeLimit=02:00:00 TimeMin=N/A
   SubmitTime=2025-06-18T15:19:09 EligibleTime=2025-06-18T15:19:11
   AccrueTime=2025-06-18T15:19:11
   StartTime=2025-06-18T16:45:48 EndTime=2025-06-18T18:45:48 Deadline=N/A
   SuspendTime=None SecsPreSuspend=0 LastSchedEval=2025-06-18T16:45:48 Scheduler=Main
   Partition=short AllocNode:Sid=quser41:3973193
   ReqNodeList=(null) ExcNodeList=(null)
   NodeList=qnode3030
   BatchHost=qnode3030
   NumNodes=1 NumCPUs=64 NumTasks=64 CPUs/Task=1 ReqB:S:C:T=0:0:*:*
   ReqTRES=cpu=64,mem=32000M,node=1,billing=288
   AllocTRES=cpu=64,mem=32000M,node=1,billing=288
   Socks/Node=* NtasksPerN:B:S:C=64:0:*:* CoreSpec=*
   MinCPUsNode=64 MinMemoryCPU=500M MinTmpDiskNode=0
   Features=[quest10|quest11|quest12|quest13] DelayBoot=00:00:00
   OverSubscribe=OK Contiguous=0 Licenses=(null) Network=(null)
   Command=/gpfs/home/tbr0780/Dissertation/Integrated_Likelihood_Algorithm/Polytomous_Logistic_Regression/scripts/experiment_sim.sh
   WorkDir=/gpfs/home/tbr0780/Dissertation/Integrated_Likelihood_Algorithm/Polytomous_Logistic_Regression
   StdErr=/dev/null
   StdIn=/dev/null
   StdOut=/dev/null
   MailUser=timothyruel2024@u.northwestern.edu MailType=INVALID_DEPEND,BEGIN,END,FAIL,REQUEUE,STAGE_OUT
   
--------------------------------------------------------------------------------
JOB EFFICIENCY 
--------------------------------------------------------------------------------
Job efficiency will be calculated after the job has completed.
===== checkjob (interval) at Wed Jun 18 17:00:52 CDT 2025 =====
--------------------------------------------------------------------------------
JOB INFORMATION 
--------------------------------------------------------------------------------
JobId=5861542 ArrayJobId=5858372 ArrayTaskId=133 JobName=experiment_sim
   UserId=tbr0780(3229) GroupId=tbr0780(4023) MCS_label=N/A
   Priority=19623 Nice=0 Account=p32397 QOS=normal
   JobState=RUNNING Reason=None Dependency=(null)
   Requeue=0 Restarts=0 BatchFlag=1 Reboot=0 ExitCode=0:0
   RunTime=00:15:05 TimeLimit=02:00:00 TimeMin=N/A
   SubmitTime=2025-06-18T15:19:09 EligibleTime=2025-06-18T15:19:11
   AccrueTime=2025-06-18T15:19:11
   StartTime=2025-06-18T16:45:48 EndTime=2025-06-18T18:45:48 Deadline=N/A
   SuspendTime=None SecsPreSuspend=0 LastSchedEval=2025-06-18T16:45:48 Scheduler=Main
   Partition=short AllocNode:Sid=quser41:3973193
   ReqNodeList=(null) ExcNodeList=(null)
   NodeList=qnode3030
   BatchHost=qnode3030
   NumNodes=1 NumCPUs=64 NumTasks=64 CPUs/Task=1 ReqB:S:C:T=0:0:*:*
   ReqTRES=cpu=64,mem=32000M,node=1,billing=288
   AllocTRES=cpu=64,mem=32000M,node=1,billing=288
   Socks/Node=* NtasksPerN:B:S:C=64:0:*:* CoreSpec=*
   MinCPUsNode=64 MinMemoryCPU=500M MinTmpDiskNode=0
   Features=[quest10|quest11|quest12|quest13] DelayBoot=00:00:00
   OverSubscribe=OK Contiguous=0 Licenses=(null) Network=(null)
   Command=/gpfs/home/tbr0780/Dissertation/Integrated_Likelihood_Algorithm/Polytomous_Logistic_Regression/scripts/experiment_sim.sh
   WorkDir=/gpfs/home/tbr0780/Dissertation/Integrated_Likelihood_Algorithm/Polytomous_Logistic_Regression
   StdErr=/dev/null
   StdIn=/dev/null
   StdOut=/dev/null
   MailUser=timothyruel2024@u.northwestern.edu MailType=INVALID_DEPEND,BEGIN,END,FAIL,REQUEUE,STAGE_OUT
   
--------------------------------------------------------------------------------
JOB EFFICIENCY 
--------------------------------------------------------------------------------
Job efficiency will be calculated after the job has completed.
===== checkjob (interval) at Wed Jun 18 17:01:26 CDT 2025 =====
--------------------------------------------------------------------------------
JOB INFORMATION 
--------------------------------------------------------------------------------
JobId=5861542 ArrayJobId=5858372 ArrayTaskId=133 JobName=experiment_sim
   UserId=tbr0780(3229) GroupId=tbr0780(4023) MCS_label=N/A
   Priority=19623 Nice=0 Account=p32397 QOS=normal
   JobState=RUNNING Reason=None Dependency=(null)
   Requeue=0 Restarts=0 BatchFlag=1 Reboot=0 ExitCode=0:0
   RunTime=00:15:38 TimeLimit=02:00:00 TimeMin=N/A
   SubmitTime=2025-06-18T15:19:09 EligibleTime=2025-06-18T15:19:11
   AccrueTime=2025-06-18T15:19:11
   StartTime=2025-06-18T16:45:48 EndTime=2025-06-18T18:45:48 Deadline=N/A
   SuspendTime=None SecsPreSuspend=0 LastSchedEval=2025-06-18T16:45:48 Scheduler=Main
   Partition=short AllocNode:Sid=quser41:3973193
   ReqNodeList=(null) ExcNodeList=(null)
   NodeList=qnode3030
   BatchHost=qnode3030
   NumNodes=1 NumCPUs=64 NumTasks=64 CPUs/Task=1 ReqB:S:C:T=0:0:*:*
   ReqTRES=cpu=64,mem=32000M,node=1,billing=288
   AllocTRES=cpu=64,mem=32000M,node=1,billing=288
   Socks/Node=* NtasksPerN:B:S:C=64:0:*:* CoreSpec=*
   MinCPUsNode=64 MinMemoryCPU=500M MinTmpDiskNode=0
   Features=[quest10|quest11|quest12|quest13] DelayBoot=00:00:00
   OverSubscribe=OK Contiguous=0 Licenses=(null) Network=(null)
   Command=/gpfs/home/tbr0780/Dissertation/Integrated_Likelihood_Algorithm/Polytomous_Logistic_Regression/scripts/experiment_sim.sh
   WorkDir=/gpfs/home/tbr0780/Dissertation/Integrated_Likelihood_Algorithm/Polytomous_Logistic_Regression
   StdErr=/dev/null
   StdIn=/dev/null
   StdOut=/dev/null
   MailUser=timothyruel2024@u.northwestern.edu MailType=INVALID_DEPEND,BEGIN,END,FAIL,REQUEUE,STAGE_OUT
   
--------------------------------------------------------------------------------
JOB EFFICIENCY 
--------------------------------------------------------------------------------
Job efficiency will be calculated after the job has completed.
===== checkjob (interval) at Wed Jun 18 17:01:57 CDT 2025 =====
--------------------------------------------------------------------------------
JOB INFORMATION 
--------------------------------------------------------------------------------
JobId=5861542 ArrayJobId=5858372 ArrayTaskId=133 JobName=experiment_sim
   UserId=tbr0780(3229) GroupId=tbr0780(4023) MCS_label=N/A
   Priority=19623 Nice=0 Account=p32397 QOS=normal
   JobState=RUNNING Reason=None Dependency=(null)
   Requeue=0 Restarts=0 BatchFlag=1 Reboot=0 ExitCode=0:0
   RunTime=00:16:09 TimeLimit=02:00:00 TimeMin=N/A
   SubmitTime=2025-06-18T15:19:09 EligibleTime=2025-06-18T15:19:11
   AccrueTime=2025-06-18T15:19:11
   StartTime=2025-06-18T16:45:48 EndTime=2025-06-18T18:45:48 Deadline=N/A
   SuspendTime=None SecsPreSuspend=0 LastSchedEval=2025-06-18T16:45:48 Scheduler=Main
   Partition=short AllocNode:Sid=quser41:3973193
   ReqNodeList=(null) ExcNodeList=(null)
   NodeList=qnode3030
   BatchHost=qnode3030
   NumNodes=1 NumCPUs=64 NumTasks=64 CPUs/Task=1 ReqB:S:C:T=0:0:*:*
   ReqTRES=cpu=64,mem=32000M,node=1,billing=288
   AllocTRES=cpu=64,mem=32000M,node=1,billing=288
   Socks/Node=* NtasksPerN:B:S:C=64:0:*:* CoreSpec=*
   MinCPUsNode=64 MinMemoryCPU=500M MinTmpDiskNode=0
   Features=[quest10|quest11|quest12|quest13] DelayBoot=00:00:00
   OverSubscribe=OK Contiguous=0 Licenses=(null) Network=(null)
   Command=/gpfs/home/tbr0780/Dissertation/Integrated_Likelihood_Algorithm/Polytomous_Logistic_Regression/scripts/experiment_sim.sh
   WorkDir=/gpfs/home/tbr0780/Dissertation/Integrated_Likelihood_Algorithm/Polytomous_Logistic_Regression
   StdErr=/dev/null
   StdIn=/dev/null
   StdOut=/dev/null
   MailUser=timothyruel2024@u.northwestern.edu MailType=INVALID_DEPEND,BEGIN,END,FAIL,REQUEUE,STAGE_OUT
   
--------------------------------------------------------------------------------
JOB EFFICIENCY 
--------------------------------------------------------------------------------
Job efficiency will be calculated after the job has completed.
===== checkjob (interval) at Wed Jun 18 17:02:29 CDT 2025 =====
--------------------------------------------------------------------------------
JOB INFORMATION 
--------------------------------------------------------------------------------
JobId=5861542 ArrayJobId=5858372 ArrayTaskId=133 JobName=experiment_sim
   UserId=tbr0780(3229) GroupId=tbr0780(4023) MCS_label=N/A
   Priority=19623 Nice=0 Account=p32397 QOS=normal
   JobState=RUNNING Reason=None Dependency=(null)
   Requeue=0 Restarts=0 BatchFlag=1 Reboot=0 ExitCode=0:0
   RunTime=00:16:41 TimeLimit=02:00:00 TimeMin=N/A
   SubmitTime=2025-06-18T15:19:09 EligibleTime=2025-06-18T15:19:11
   AccrueTime=2025-06-18T15:19:11
   StartTime=2025-06-18T16:45:48 EndTime=2025-06-18T18:45:48 Deadline=N/A
   SuspendTime=None SecsPreSuspend=0 LastSchedEval=2025-06-18T16:45:48 Scheduler=Main
   Partition=short AllocNode:Sid=quser41:3973193
   ReqNodeList=(null) ExcNodeList=(null)
   NodeList=qnode3030
   BatchHost=qnode3030
   NumNodes=1 NumCPUs=64 NumTasks=64 CPUs/Task=1 ReqB:S:C:T=0:0:*:*
   ReqTRES=cpu=64,mem=32000M,node=1,billing=288
   AllocTRES=cpu=64,mem=32000M,node=1,billing=288
   Socks/Node=* NtasksPerN:B:S:C=64:0:*:* CoreSpec=*
   MinCPUsNode=64 MinMemoryCPU=500M MinTmpDiskNode=0
   Features=[quest10|quest11|quest12|quest13] DelayBoot=00:00:00
   OverSubscribe=OK Contiguous=0 Licenses=(null) Network=(null)
   Command=/gpfs/home/tbr0780/Dissertation/Integrated_Likelihood_Algorithm/Polytomous_Logistic_Regression/scripts/experiment_sim.sh
   WorkDir=/gpfs/home/tbr0780/Dissertation/Integrated_Likelihood_Algorithm/Polytomous_Logistic_Regression
   StdErr=/dev/null
   StdIn=/dev/null
   StdOut=/dev/null
   MailUser=timothyruel2024@u.northwestern.edu MailType=INVALID_DEPEND,BEGIN,END,FAIL,REQUEUE,STAGE_OUT
   
--------------------------------------------------------------------------------
JOB EFFICIENCY 
--------------------------------------------------------------------------------
Job efficiency will be calculated after the job has completed.
===== checkjob (interval) at Wed Jun 18 17:03:00 CDT 2025 =====
--------------------------------------------------------------------------------
JOB INFORMATION 
--------------------------------------------------------------------------------
JobId=5861542 ArrayJobId=5858372 ArrayTaskId=133 JobName=experiment_sim
   UserId=tbr0780(3229) GroupId=tbr0780(4023) MCS_label=N/A
   Priority=19623 Nice=0 Account=p32397 QOS=normal
   JobState=RUNNING Reason=None Dependency=(null)
   Requeue=0 Restarts=0 BatchFlag=1 Reboot=0 ExitCode=0:0
   RunTime=00:17:13 TimeLimit=02:00:00 TimeMin=N/A
   SubmitTime=2025-06-18T15:19:09 EligibleTime=2025-06-18T15:19:11
   AccrueTime=2025-06-18T15:19:11
   StartTime=2025-06-18T16:45:48 EndTime=2025-06-18T18:45:48 Deadline=N/A
   SuspendTime=None SecsPreSuspend=0 LastSchedEval=2025-06-18T16:45:48 Scheduler=Main
   Partition=short AllocNode:Sid=quser41:3973193
   ReqNodeList=(null) ExcNodeList=(null)
   NodeList=qnode3030
   BatchHost=qnode3030
   NumNodes=1 NumCPUs=64 NumTasks=64 CPUs/Task=1 ReqB:S:C:T=0:0:*:*
   ReqTRES=cpu=64,mem=32000M,node=1,billing=288
   AllocTRES=cpu=64,mem=32000M,node=1,billing=288
   Socks/Node=* NtasksPerN:B:S:C=64:0:*:* CoreSpec=*
   MinCPUsNode=64 MinMemoryCPU=500M MinTmpDiskNode=0
   Features=[quest10|quest11|quest12|quest13] DelayBoot=00:00:00
   OverSubscribe=OK Contiguous=0 Licenses=(null) Network=(null)
   Command=/gpfs/home/tbr0780/Dissertation/Integrated_Likelihood_Algorithm/Polytomous_Logistic_Regression/scripts/experiment_sim.sh
   WorkDir=/gpfs/home/tbr0780/Dissertation/Integrated_Likelihood_Algorithm/Polytomous_Logistic_Regression
   StdErr=/dev/null
   StdIn=/dev/null
   StdOut=/dev/null
   MailUser=timothyruel2024@u.northwestern.edu MailType=INVALID_DEPEND,BEGIN,END,FAIL,REQUEUE,STAGE_OUT
   
--------------------------------------------------------------------------------
JOB EFFICIENCY 
--------------------------------------------------------------------------------
Job efficiency will be calculated after the job has completed.
===== checkjob (interval) at Wed Jun 18 17:03:32 CDT 2025 =====
--------------------------------------------------------------------------------
JOB INFORMATION 
--------------------------------------------------------------------------------
JobId=5861542 ArrayJobId=5858372 ArrayTaskId=133 JobName=experiment_sim
   UserId=tbr0780(3229) GroupId=tbr0780(4023) MCS_label=N/A
   Priority=19623 Nice=0 Account=p32397 QOS=normal
   JobState=RUNNING Reason=None Dependency=(null)
   Requeue=0 Restarts=0 BatchFlag=1 Reboot=0 ExitCode=0:0
   RunTime=00:17:44 TimeLimit=02:00:00 TimeMin=N/A
   SubmitTime=2025-06-18T15:19:09 EligibleTime=2025-06-18T15:19:11
   AccrueTime=2025-06-18T15:19:11
   StartTime=2025-06-18T16:45:48 EndTime=2025-06-18T18:45:48 Deadline=N/A
   SuspendTime=None SecsPreSuspend=0 LastSchedEval=2025-06-18T16:45:48 Scheduler=Main
   Partition=short AllocNode:Sid=quser41:3973193
   ReqNodeList=(null) ExcNodeList=(null)
   NodeList=qnode3030
   BatchHost=qnode3030
   NumNodes=1 NumCPUs=64 NumTasks=64 CPUs/Task=1 ReqB:S:C:T=0:0:*:*
   ReqTRES=cpu=64,mem=32000M,node=1,billing=288
   AllocTRES=cpu=64,mem=32000M,node=1,billing=288
   Socks/Node=* NtasksPerN:B:S:C=64:0:*:* CoreSpec=*
   MinCPUsNode=64 MinMemoryCPU=500M MinTmpDiskNode=0
   Features=[quest10|quest11|quest12|quest13] DelayBoot=00:00:00
   OverSubscribe=OK Contiguous=0 Licenses=(null) Network=(null)
   Command=/gpfs/home/tbr0780/Dissertation/Integrated_Likelihood_Algorithm/Polytomous_Logistic_Regression/scripts/experiment_sim.sh
   WorkDir=/gpfs/home/tbr0780/Dissertation/Integrated_Likelihood_Algorithm/Polytomous_Logistic_Regression
   StdErr=/dev/null
   StdIn=/dev/null
   StdOut=/dev/null
   MailUser=timothyruel2024@u.northwestern.edu MailType=INVALID_DEPEND,BEGIN,END,FAIL,REQUEUE,STAGE_OUT
   
--------------------------------------------------------------------------------
JOB EFFICIENCY 
--------------------------------------------------------------------------------
Job efficiency will be calculated after the job has completed.
===== checkjob (interval) at Wed Jun 18 17:04:04 CDT 2025 =====
--------------------------------------------------------------------------------
JOB INFORMATION 
--------------------------------------------------------------------------------
JobId=5861542 ArrayJobId=5858372 ArrayTaskId=133 JobName=experiment_sim
   UserId=tbr0780(3229) GroupId=tbr0780(4023) MCS_label=N/A
   Priority=19623 Nice=0 Account=p32397 QOS=normal
   JobState=RUNNING Reason=None Dependency=(null)
   Requeue=0 Restarts=0 BatchFlag=1 Reboot=0 ExitCode=0:0
   RunTime=00:18:17 TimeLimit=02:00:00 TimeMin=N/A
   SubmitTime=2025-06-18T15:19:09 EligibleTime=2025-06-18T15:19:11
   AccrueTime=2025-06-18T15:19:11
   StartTime=2025-06-18T16:45:48 EndTime=2025-06-18T18:45:48 Deadline=N/A
   SuspendTime=None SecsPreSuspend=0 LastSchedEval=2025-06-18T16:45:48 Scheduler=Main
   Partition=short AllocNode:Sid=quser41:3973193
   ReqNodeList=(null) ExcNodeList=(null)
   NodeList=qnode3030
   BatchHost=qnode3030
   NumNodes=1 NumCPUs=64 NumTasks=64 CPUs/Task=1 ReqB:S:C:T=0:0:*:*
   ReqTRES=cpu=64,mem=32000M,node=1,billing=288
   AllocTRES=cpu=64,mem=32000M,node=1,billing=288
   Socks/Node=* NtasksPerN:B:S:C=64:0:*:* CoreSpec=*
   MinCPUsNode=64 MinMemoryCPU=500M MinTmpDiskNode=0
   Features=[quest10|quest11|quest12|quest13] DelayBoot=00:00:00
   OverSubscribe=OK Contiguous=0 Licenses=(null) Network=(null)
   Command=/gpfs/home/tbr0780/Dissertation/Integrated_Likelihood_Algorithm/Polytomous_Logistic_Regression/scripts/experiment_sim.sh
   WorkDir=/gpfs/home/tbr0780/Dissertation/Integrated_Likelihood_Algorithm/Polytomous_Logistic_Regression
   StdErr=/dev/null
   StdIn=/dev/null
   StdOut=/dev/null
   MailUser=timothyruel2024@u.northwestern.edu MailType=INVALID_DEPEND,BEGIN,END,FAIL,REQUEUE,STAGE_OUT
   
--------------------------------------------------------------------------------
JOB EFFICIENCY 
--------------------------------------------------------------------------------
Job efficiency will be calculated after the job has completed.
===== checkjob (interval) at Wed Jun 18 17:04:36 CDT 2025 =====
--------------------------------------------------------------------------------
JOB INFORMATION 
--------------------------------------------------------------------------------
JobId=5861542 ArrayJobId=5858372 ArrayTaskId=133 JobName=experiment_sim
   UserId=tbr0780(3229) GroupId=tbr0780(4023) MCS_label=N/A
   Priority=19623 Nice=0 Account=p32397 QOS=normal
   JobState=RUNNING Reason=None Dependency=(null)
   Requeue=0 Restarts=0 BatchFlag=1 Reboot=0 ExitCode=0:0
   RunTime=00:18:50 TimeLimit=02:00:00 TimeMin=N/A
   SubmitTime=2025-06-18T15:19:09 EligibleTime=2025-06-18T15:19:11
   AccrueTime=2025-06-18T15:19:11
   StartTime=2025-06-18T16:45:48 EndTime=2025-06-18T18:45:48 Deadline=N/A
   SuspendTime=None SecsPreSuspend=0 LastSchedEval=2025-06-18T16:45:48 Scheduler=Main
   Partition=short AllocNode:Sid=quser41:3973193
   ReqNodeList=(null) ExcNodeList=(null)
   NodeList=qnode3030
   BatchHost=qnode3030
   NumNodes=1 NumCPUs=64 NumTasks=64 CPUs/Task=1 ReqB:S:C:T=0:0:*:*
   ReqTRES=cpu=64,mem=32000M,node=1,billing=288
   AllocTRES=cpu=64,mem=32000M,node=1,billing=288
   Socks/Node=* NtasksPerN:B:S:C=64:0:*:* CoreSpec=*
   MinCPUsNode=64 MinMemoryCPU=500M MinTmpDiskNode=0
   Features=[quest10|quest11|quest12|quest13] DelayBoot=00:00:00
   OverSubscribe=OK Contiguous=0 Licenses=(null) Network=(null)
   Command=/gpfs/home/tbr0780/Dissertation/Integrated_Likelihood_Algorithm/Polytomous_Logistic_Regression/scripts/experiment_sim.sh
   WorkDir=/gpfs/home/tbr0780/Dissertation/Integrated_Likelihood_Algorithm/Polytomous_Logistic_Regression
   StdErr=/dev/null
   StdIn=/dev/null
   StdOut=/dev/null
   MailUser=timothyruel2024@u.northwestern.edu MailType=INVALID_DEPEND,BEGIN,END,FAIL,REQUEUE,STAGE_OUT
   
--------------------------------------------------------------------------------
JOB EFFICIENCY 
--------------------------------------------------------------------------------
Job efficiency will be calculated after the job has completed.
===== checkjob (interval) at Wed Jun 18 17:05:08 CDT 2025 =====
--------------------------------------------------------------------------------
JOB INFORMATION 
--------------------------------------------------------------------------------
JobId=5861542 ArrayJobId=5858372 ArrayTaskId=133 JobName=experiment_sim
   UserId=tbr0780(3229) GroupId=tbr0780(4023) MCS_label=N/A
   Priority=19623 Nice=0 Account=p32397 QOS=normal
   JobState=RUNNING Reason=None Dependency=(null)
   Requeue=0 Restarts=0 BatchFlag=1 Reboot=0 ExitCode=0:0
   RunTime=00:19:20 TimeLimit=02:00:00 TimeMin=N/A
   SubmitTime=2025-06-18T15:19:09 EligibleTime=2025-06-18T15:19:11
   AccrueTime=2025-06-18T15:19:11
   StartTime=2025-06-18T16:45:48 EndTime=2025-06-18T18:45:48 Deadline=N/A
   SuspendTime=None SecsPreSuspend=0 LastSchedEval=2025-06-18T16:45:48 Scheduler=Main
   Partition=short AllocNode:Sid=quser41:3973193
   ReqNodeList=(null) ExcNodeList=(null)
   NodeList=qnode3030
   BatchHost=qnode3030
   NumNodes=1 NumCPUs=64 NumTasks=64 CPUs/Task=1 ReqB:S:C:T=0:0:*:*
   ReqTRES=cpu=64,mem=32000M,node=1,billing=288
   AllocTRES=cpu=64,mem=32000M,node=1,billing=288
   Socks/Node=* NtasksPerN:B:S:C=64:0:*:* CoreSpec=*
   MinCPUsNode=64 MinMemoryCPU=500M MinTmpDiskNode=0
   Features=[quest10|quest11|quest12|quest13] DelayBoot=00:00:00
   OverSubscribe=OK Contiguous=0 Licenses=(null) Network=(null)
   Command=/gpfs/home/tbr0780/Dissertation/Integrated_Likelihood_Algorithm/Polytomous_Logistic_Regression/scripts/experiment_sim.sh
   WorkDir=/gpfs/home/tbr0780/Dissertation/Integrated_Likelihood_Algorithm/Polytomous_Logistic_Regression
   StdErr=/dev/null
   StdIn=/dev/null
   StdOut=/dev/null
   MailUser=timothyruel2024@u.northwestern.edu MailType=INVALID_DEPEND,BEGIN,END,FAIL,REQUEUE,STAGE_OUT
   
--------------------------------------------------------------------------------
JOB EFFICIENCY 
--------------------------------------------------------------------------------
Job efficiency will be calculated after the job has completed.
===== checkjob (interval) at Wed Jun 18 17:05:39 CDT 2025 =====
--------------------------------------------------------------------------------
JOB INFORMATION 
--------------------------------------------------------------------------------
JobId=5861542 ArrayJobId=5858372 ArrayTaskId=133 JobName=experiment_sim
   UserId=tbr0780(3229) GroupId=tbr0780(4023) MCS_label=N/A
   Priority=19623 Nice=0 Account=p32397 QOS=normal
   JobState=RUNNING Reason=None Dependency=(null)
   Requeue=0 Restarts=0 BatchFlag=1 Reboot=0 ExitCode=0:0
   RunTime=00:19:53 TimeLimit=02:00:00 TimeMin=N/A
   SubmitTime=2025-06-18T15:19:09 EligibleTime=2025-06-18T15:19:11
   AccrueTime=2025-06-18T15:19:11
   StartTime=2025-06-18T16:45:48 EndTime=2025-06-18T18:45:48 Deadline=N/A
   SuspendTime=None SecsPreSuspend=0 LastSchedEval=2025-06-18T16:45:48 Scheduler=Main
   Partition=short AllocNode:Sid=quser41:3973193
   ReqNodeList=(null) ExcNodeList=(null)
   NodeList=qnode3030
   BatchHost=qnode3030
   NumNodes=1 NumCPUs=64 NumTasks=64 CPUs/Task=1 ReqB:S:C:T=0:0:*:*
   ReqTRES=cpu=64,mem=32000M,node=1,billing=288
   AllocTRES=cpu=64,mem=32000M,node=1,billing=288
   Socks/Node=* NtasksPerN:B:S:C=64:0:*:* CoreSpec=*
   MinCPUsNode=64 MinMemoryCPU=500M MinTmpDiskNode=0
   Features=[quest10|quest11|quest12|quest13] DelayBoot=00:00:00
   OverSubscribe=OK Contiguous=0 Licenses=(null) Network=(null)
   Command=/gpfs/home/tbr0780/Dissertation/Integrated_Likelihood_Algorithm/Polytomous_Logistic_Regression/scripts/experiment_sim.sh
   WorkDir=/gpfs/home/tbr0780/Dissertation/Integrated_Likelihood_Algorithm/Polytomous_Logistic_Regression
   StdErr=/dev/null
   StdIn=/dev/null
   StdOut=/dev/null
   MailUser=timothyruel2024@u.northwestern.edu MailType=INVALID_DEPEND,BEGIN,END,FAIL,REQUEUE,STAGE_OUT
   
--------------------------------------------------------------------------------
JOB EFFICIENCY 
--------------------------------------------------------------------------------
Job efficiency will be calculated after the job has completed.
===== checkjob (interval) at Wed Jun 18 17:06:11 CDT 2025 =====
--------------------------------------------------------------------------------
JOB INFORMATION 
--------------------------------------------------------------------------------
JobId=5861542 ArrayJobId=5858372 ArrayTaskId=133 JobName=experiment_sim
   UserId=tbr0780(3229) GroupId=tbr0780(4023) MCS_label=N/A
   Priority=19623 Nice=0 Account=p32397 QOS=normal
   JobState=RUNNING Reason=None Dependency=(null)
   Requeue=0 Restarts=0 BatchFlag=1 Reboot=0 ExitCode=0:0
   RunTime=00:20:23 TimeLimit=02:00:00 TimeMin=N/A
   SubmitTime=2025-06-18T15:19:09 EligibleTime=2025-06-18T15:19:11
   AccrueTime=2025-06-18T15:19:11
   StartTime=2025-06-18T16:45:48 EndTime=2025-06-18T18:45:48 Deadline=N/A
   SuspendTime=None SecsPreSuspend=0 LastSchedEval=2025-06-18T16:45:48 Scheduler=Main
   Partition=short AllocNode:Sid=quser41:3973193
   ReqNodeList=(null) ExcNodeList=(null)
   NodeList=qnode3030
   BatchHost=qnode3030
   NumNodes=1 NumCPUs=64 NumTasks=64 CPUs/Task=1 ReqB:S:C:T=0:0:*:*
   ReqTRES=cpu=64,mem=32000M,node=1,billing=288
   AllocTRES=cpu=64,mem=32000M,node=1,billing=288
   Socks/Node=* NtasksPerN:B:S:C=64:0:*:* CoreSpec=*
   MinCPUsNode=64 MinMemoryCPU=500M MinTmpDiskNode=0
   Features=[quest10|quest11|quest12|quest13] DelayBoot=00:00:00
   OverSubscribe=OK Contiguous=0 Licenses=(null) Network=(null)
   Command=/gpfs/home/tbr0780/Dissertation/Integrated_Likelihood_Algorithm/Polytomous_Logistic_Regression/scripts/experiment_sim.sh
   WorkDir=/gpfs/home/tbr0780/Dissertation/Integrated_Likelihood_Algorithm/Polytomous_Logistic_Regression
   StdErr=/dev/null
   StdIn=/dev/null
   StdOut=/dev/null
   MailUser=timothyruel2024@u.northwestern.edu MailType=INVALID_DEPEND,BEGIN,END,FAIL,REQUEUE,STAGE_OUT
   
--------------------------------------------------------------------------------
JOB EFFICIENCY 
--------------------------------------------------------------------------------
Job efficiency will be calculated after the job has completed.
===== checkjob (interval) at Wed Jun 18 17:06:42 CDT 2025 =====
--------------------------------------------------------------------------------
JOB INFORMATION 
--------------------------------------------------------------------------------
JobId=5861542 ArrayJobId=5858372 ArrayTaskId=133 JobName=experiment_sim
   UserId=tbr0780(3229) GroupId=tbr0780(4023) MCS_label=N/A
   Priority=19623 Nice=0 Account=p32397 QOS=normal
   JobState=RUNNING Reason=None Dependency=(null)
   Requeue=0 Restarts=0 BatchFlag=1 Reboot=0 ExitCode=0:0
   RunTime=00:20:54 TimeLimit=02:00:00 TimeMin=N/A
   SubmitTime=2025-06-18T15:19:09 EligibleTime=2025-06-18T15:19:11
   AccrueTime=2025-06-18T15:19:11
   StartTime=2025-06-18T16:45:48 EndTime=2025-06-18T18:45:48 Deadline=N/A
   SuspendTime=None SecsPreSuspend=0 LastSchedEval=2025-06-18T16:45:48 Scheduler=Main
   Partition=short AllocNode:Sid=quser41:3973193
   ReqNodeList=(null) ExcNodeList=(null)
   NodeList=qnode3030
   BatchHost=qnode3030
   NumNodes=1 NumCPUs=64 NumTasks=64 CPUs/Task=1 ReqB:S:C:T=0:0:*:*
   ReqTRES=cpu=64,mem=32000M,node=1,billing=288
   AllocTRES=cpu=64,mem=32000M,node=1,billing=288
   Socks/Node=* NtasksPerN:B:S:C=64:0:*:* CoreSpec=*
   MinCPUsNode=64 MinMemoryCPU=500M MinTmpDiskNode=0
   Features=[quest10|quest11|quest12|quest13] DelayBoot=00:00:00
   OverSubscribe=OK Contiguous=0 Licenses=(null) Network=(null)
   Command=/gpfs/home/tbr0780/Dissertation/Integrated_Likelihood_Algorithm/Polytomous_Logistic_Regression/scripts/experiment_sim.sh
   WorkDir=/gpfs/home/tbr0780/Dissertation/Integrated_Likelihood_Algorithm/Polytomous_Logistic_Regression
   StdErr=/dev/null
   StdIn=/dev/null
   StdOut=/dev/null
   MailUser=timothyruel2024@u.northwestern.edu MailType=INVALID_DEPEND,BEGIN,END,FAIL,REQUEUE,STAGE_OUT
   
--------------------------------------------------------------------------------
JOB EFFICIENCY 
--------------------------------------------------------------------------------
Job efficiency will be calculated after the job has completed.
===== checkjob (interval) at Wed Jun 18 17:07:12 CDT 2025 =====
--------------------------------------------------------------------------------
JOB INFORMATION 
--------------------------------------------------------------------------------
JobId=5861542 ArrayJobId=5858372 ArrayTaskId=133 JobName=experiment_sim
   UserId=tbr0780(3229) GroupId=tbr0780(4023) MCS_label=N/A
   Priority=19623 Nice=0 Account=p32397 QOS=normal
   JobState=RUNNING Reason=None Dependency=(null)
   Requeue=0 Restarts=0 BatchFlag=1 Reboot=0 ExitCode=0:0
   RunTime=00:21:24 TimeLimit=02:00:00 TimeMin=N/A
   SubmitTime=2025-06-18T15:19:09 EligibleTime=2025-06-18T15:19:11
   AccrueTime=2025-06-18T15:19:11
   StartTime=2025-06-18T16:45:48 EndTime=2025-06-18T18:45:48 Deadline=N/A
   SuspendTime=None SecsPreSuspend=0 LastSchedEval=2025-06-18T16:45:48 Scheduler=Main
   Partition=short AllocNode:Sid=quser41:3973193
   ReqNodeList=(null) ExcNodeList=(null)
   NodeList=qnode3030
   BatchHost=qnode3030
   NumNodes=1 NumCPUs=64 NumTasks=64 CPUs/Task=1 ReqB:S:C:T=0:0:*:*
   ReqTRES=cpu=64,mem=32000M,node=1,billing=288
   AllocTRES=cpu=64,mem=32000M,node=1,billing=288
   Socks/Node=* NtasksPerN:B:S:C=64:0:*:* CoreSpec=*
   MinCPUsNode=64 MinMemoryCPU=500M MinTmpDiskNode=0
   Features=[quest10|quest11|quest12|quest13] DelayBoot=00:00:00
   OverSubscribe=OK Contiguous=0 Licenses=(null) Network=(null)
   Command=/gpfs/home/tbr0780/Dissertation/Integrated_Likelihood_Algorithm/Polytomous_Logistic_Regression/scripts/experiment_sim.sh
   WorkDir=/gpfs/home/tbr0780/Dissertation/Integrated_Likelihood_Algorithm/Polytomous_Logistic_Regression
   StdErr=/dev/null
   StdIn=/dev/null
   StdOut=/dev/null
   MailUser=timothyruel2024@u.northwestern.edu MailType=INVALID_DEPEND,BEGIN,END,FAIL,REQUEUE,STAGE_OUT
   
--------------------------------------------------------------------------------
JOB EFFICIENCY 
--------------------------------------------------------------------------------
Job efficiency will be calculated after the job has completed.
===== checkjob (interval) at Wed Jun 18 17:07:43 CDT 2025 =====
--------------------------------------------------------------------------------
JOB INFORMATION 
--------------------------------------------------------------------------------
JobId=5861542 ArrayJobId=5858372 ArrayTaskId=133 JobName=experiment_sim
   UserId=tbr0780(3229) GroupId=tbr0780(4023) MCS_label=N/A
   Priority=19623 Nice=0 Account=p32397 QOS=normal
   JobState=RUNNING Reason=None Dependency=(null)
   Requeue=0 Restarts=0 BatchFlag=1 Reboot=0 ExitCode=0:0
   RunTime=00:21:55 TimeLimit=02:00:00 TimeMin=N/A
   SubmitTime=2025-06-18T15:19:09 EligibleTime=2025-06-18T15:19:11
   AccrueTime=2025-06-18T15:19:11
   StartTime=2025-06-18T16:45:48 EndTime=2025-06-18T18:45:48 Deadline=N/A
   SuspendTime=None SecsPreSuspend=0 LastSchedEval=2025-06-18T16:45:48 Scheduler=Main
   Partition=short AllocNode:Sid=quser41:3973193
   ReqNodeList=(null) ExcNodeList=(null)
   NodeList=qnode3030
   BatchHost=qnode3030
   NumNodes=1 NumCPUs=64 NumTasks=64 CPUs/Task=1 ReqB:S:C:T=0:0:*:*
   ReqTRES=cpu=64,mem=32000M,node=1,billing=288
   AllocTRES=cpu=64,mem=32000M,node=1,billing=288
   Socks/Node=* NtasksPerN:B:S:C=64:0:*:* CoreSpec=*
   MinCPUsNode=64 MinMemoryCPU=500M MinTmpDiskNode=0
   Features=[quest10|quest11|quest12|quest13] DelayBoot=00:00:00
   OverSubscribe=OK Contiguous=0 Licenses=(null) Network=(null)
   Command=/gpfs/home/tbr0780/Dissertation/Integrated_Likelihood_Algorithm/Polytomous_Logistic_Regression/scripts/experiment_sim.sh
   WorkDir=/gpfs/home/tbr0780/Dissertation/Integrated_Likelihood_Algorithm/Polytomous_Logistic_Regression
   StdErr=/dev/null
   StdIn=/dev/null
   StdOut=/dev/null
   MailUser=timothyruel2024@u.northwestern.edu MailType=INVALID_DEPEND,BEGIN,END,FAIL,REQUEUE,STAGE_OUT
   
--------------------------------------------------------------------------------
JOB EFFICIENCY 
--------------------------------------------------------------------------------
Job efficiency will be calculated after the job has completed.
===== checkjob (interval) at Wed Jun 18 17:08:13 CDT 2025 =====
--------------------------------------------------------------------------------
JOB INFORMATION 
--------------------------------------------------------------------------------
JobId=5861542 ArrayJobId=5858372 ArrayTaskId=133 JobName=experiment_sim
   UserId=tbr0780(3229) GroupId=tbr0780(4023) MCS_label=N/A
   Priority=19623 Nice=0 Account=p32397 QOS=normal
   JobState=RUNNING Reason=None Dependency=(null)
   Requeue=0 Restarts=0 BatchFlag=1 Reboot=0 ExitCode=0:0
   RunTime=00:22:27 TimeLimit=02:00:00 TimeMin=N/A
   SubmitTime=2025-06-18T15:19:09 EligibleTime=2025-06-18T15:19:11
   AccrueTime=2025-06-18T15:19:11
   StartTime=2025-06-18T16:45:48 EndTime=2025-06-18T18:45:48 Deadline=N/A
   SuspendTime=None SecsPreSuspend=0 LastSchedEval=2025-06-18T16:45:48 Scheduler=Main
   Partition=short AllocNode:Sid=quser41:3973193
   ReqNodeList=(null) ExcNodeList=(null)
   NodeList=qnode3030
   BatchHost=qnode3030
   NumNodes=1 NumCPUs=64 NumTasks=64 CPUs/Task=1 ReqB:S:C:T=0:0:*:*
   ReqTRES=cpu=64,mem=32000M,node=1,billing=288
   AllocTRES=cpu=64,mem=32000M,node=1,billing=288
   Socks/Node=* NtasksPerN:B:S:C=64:0:*:* CoreSpec=*
   MinCPUsNode=64 MinMemoryCPU=500M MinTmpDiskNode=0
   Features=[quest10|quest11|quest12|quest13] DelayBoot=00:00:00
   OverSubscribe=OK Contiguous=0 Licenses=(null) Network=(null)
   Command=/gpfs/home/tbr0780/Dissertation/Integrated_Likelihood_Algorithm/Polytomous_Logistic_Regression/scripts/experiment_sim.sh
   WorkDir=/gpfs/home/tbr0780/Dissertation/Integrated_Likelihood_Algorithm/Polytomous_Logistic_Regression
   StdErr=/dev/null
   StdIn=/dev/null
   StdOut=/dev/null
   MailUser=timothyruel2024@u.northwestern.edu MailType=INVALID_DEPEND,BEGIN,END,FAIL,REQUEUE,STAGE_OUT
   
--------------------------------------------------------------------------------
JOB EFFICIENCY 
--------------------------------------------------------------------------------
Job efficiency will be calculated after the job has completed.
===== checkjob (interval) at Wed Jun 18 17:08:45 CDT 2025 =====
--------------------------------------------------------------------------------
JOB INFORMATION 
--------------------------------------------------------------------------------
JobId=5861542 ArrayJobId=5858372 ArrayTaskId=133 JobName=experiment_sim
   UserId=tbr0780(3229) GroupId=tbr0780(4023) MCS_label=N/A
   Priority=19623 Nice=0 Account=p32397 QOS=normal
   JobState=RUNNING Reason=None Dependency=(null)
   Requeue=0 Restarts=0 BatchFlag=1 Reboot=0 ExitCode=0:0
   RunTime=00:22:57 TimeLimit=02:00:00 TimeMin=N/A
   SubmitTime=2025-06-18T15:19:09 EligibleTime=2025-06-18T15:19:11
   AccrueTime=2025-06-18T15:19:11
   StartTime=2025-06-18T16:45:48 EndTime=2025-06-18T18:45:48 Deadline=N/A
   SuspendTime=None SecsPreSuspend=0 LastSchedEval=2025-06-18T16:45:48 Scheduler=Main
   Partition=short AllocNode:Sid=quser41:3973193
   ReqNodeList=(null) ExcNodeList=(null)
   NodeList=qnode3030
   BatchHost=qnode3030
   NumNodes=1 NumCPUs=64 NumTasks=64 CPUs/Task=1 ReqB:S:C:T=0:0:*:*
   ReqTRES=cpu=64,mem=32000M,node=1,billing=288
   AllocTRES=cpu=64,mem=32000M,node=1,billing=288
   Socks/Node=* NtasksPerN:B:S:C=64:0:*:* CoreSpec=*
   MinCPUsNode=64 MinMemoryCPU=500M MinTmpDiskNode=0
   Features=[quest10|quest11|quest12|quest13] DelayBoot=00:00:00
   OverSubscribe=OK Contiguous=0 Licenses=(null) Network=(null)
   Command=/gpfs/home/tbr0780/Dissertation/Integrated_Likelihood_Algorithm/Polytomous_Logistic_Regression/scripts/experiment_sim.sh
   WorkDir=/gpfs/home/tbr0780/Dissertation/Integrated_Likelihood_Algorithm/Polytomous_Logistic_Regression
   StdErr=/dev/null
   StdIn=/dev/null
   StdOut=/dev/null
   MailUser=timothyruel2024@u.northwestern.edu MailType=INVALID_DEPEND,BEGIN,END,FAIL,REQUEUE,STAGE_OUT
   
--------------------------------------------------------------------------------
JOB EFFICIENCY 
--------------------------------------------------------------------------------
Job efficiency will be calculated after the job has completed.
===== checkjob (interval) at Wed Jun 18 17:09:16 CDT 2025 =====
--------------------------------------------------------------------------------
JOB INFORMATION 
--------------------------------------------------------------------------------
JobId=5861542 ArrayJobId=5858372 ArrayTaskId=133 JobName=experiment_sim
   UserId=tbr0780(3229) GroupId=tbr0780(4023) MCS_label=N/A
   Priority=19623 Nice=0 Account=p32397 QOS=normal
   JobState=RUNNING Reason=None Dependency=(null)
   Requeue=0 Restarts=0 BatchFlag=1 Reboot=0 ExitCode=0:0
   RunTime=00:23:28 TimeLimit=02:00:00 TimeMin=N/A
   SubmitTime=2025-06-18T15:19:09 EligibleTime=2025-06-18T15:19:11
   AccrueTime=2025-06-18T15:19:11
   StartTime=2025-06-18T16:45:48 EndTime=2025-06-18T18:45:48 Deadline=N/A
   SuspendTime=None SecsPreSuspend=0 LastSchedEval=2025-06-18T16:45:48 Scheduler=Main
   Partition=short AllocNode:Sid=quser41:3973193
   ReqNodeList=(null) ExcNodeList=(null)
   NodeList=qnode3030
   BatchHost=qnode3030
   NumNodes=1 NumCPUs=64 NumTasks=64 CPUs/Task=1 ReqB:S:C:T=0:0:*:*
   ReqTRES=cpu=64,mem=32000M,node=1,billing=288
   AllocTRES=cpu=64,mem=32000M,node=1,billing=288
   Socks/Node=* NtasksPerN:B:S:C=64:0:*:* CoreSpec=*
   MinCPUsNode=64 MinMemoryCPU=500M MinTmpDiskNode=0
   Features=[quest10|quest11|quest12|quest13] DelayBoot=00:00:00
   OverSubscribe=OK Contiguous=0 Licenses=(null) Network=(null)
   Command=/gpfs/home/tbr0780/Dissertation/Integrated_Likelihood_Algorithm/Polytomous_Logistic_Regression/scripts/experiment_sim.sh
   WorkDir=/gpfs/home/tbr0780/Dissertation/Integrated_Likelihood_Algorithm/Polytomous_Logistic_Regression
   StdErr=/dev/null
   StdIn=/dev/null
   StdOut=/dev/null
   MailUser=timothyruel2024@u.northwestern.edu MailType=INVALID_DEPEND,BEGIN,END,FAIL,REQUEUE,STAGE_OUT
   
--------------------------------------------------------------------------------
JOB EFFICIENCY 
--------------------------------------------------------------------------------
Job efficiency will be calculated after the job has completed.
