📌 Logging to experiments/exp_v1.0.6/simulations/sim_01/iter_0249/logs/slurm_log.out
🔁 Running Iteration 249 of Simulation 1 in Experiment v1.0.6 with 64 cores...
here() starts at /gpfs/home/tbr0780/Dissertation
[INFO] True parameters already exist — skipping generation.
[INFO] Loading Beta_0 from /experiments/exp_v1.0.6/true_params
[INFO] Generating new data for run: iter_0249
[INFO] Saved config snapshot to /experiments/exp_v1.0.6/simulations/sim_01/iter_0249
Running experiment...
✓ Experiment results saved to /experiments/exp_v1.0.6/simulations/sim_01/iter_0249/results
✓ Run completed
===== FINAL SEFF OUTPUT for Job 5521061 =====
(Logged at Thu Jun 12 21:08:40 CDT 2025)
Job ID: 5521061
Array Job ID: 5519625_248
Cluster: quest
User/Group: tbr0780/tbr0780
State: RUNNING
Nodes: 1
Cores per node: 64
CPU Utilized: 00:00:00
CPU Efficiency: 0.00% of 1-00:03:12 core-walltime
Job Wall-clock time: 00:22:33
Memory Utilized: 0.00 MB (estimated maximum)
Memory Efficiency: 0.00% of 31.25 GB (500.00 MB/core)
WARNING: Efficiency statistics may be misleading for RUNNING jobs.
===== FINAL CHECKJOB OUTPUT for Job 5521061 =====
(Logged at Thu Jun 12 21:08:40 CDT 2025)
--------------------------------------------------------------------------------
JOB INFORMATION 
--------------------------------------------------------------------------------
JobId=5521061 ArrayJobId=5519625 ArrayTaskId=248 JobName=experiment_sim
   UserId=tbr0780(3229) GroupId=tbr0780(4023) MCS_label=N/A
   Priority=21414 Nice=0 Account=p32397 QOS=normal
   JobState=RUNNING Reason=None Dependency=(null)
   Requeue=0 Restarts=0 BatchFlag=1 Reboot=0 ExitCode=0:0
   RunTime=00:22:33 TimeLimit=02:00:00 TimeMin=N/A
   SubmitTime=2025-06-12T19:56:30 EligibleTime=2025-06-12T19:56:31
   AccrueTime=2025-06-12T19:56:31
   StartTime=2025-06-12T20:46:07 EndTime=2025-06-12T22:46:07 Deadline=N/A
   SuspendTime=None SecsPreSuspend=0 LastSchedEval=2025-06-12T20:46:07 Scheduler=Main
   Partition=short AllocNode:Sid=quser43:3646922
   ReqNodeList=(null) ExcNodeList=(null)
   NodeList=qnode3024
   BatchHost=qnode3024
   NumNodes=1 NumCPUs=64 NumTasks=64 CPUs/Task=1 ReqB:S:C:T=0:0:*:*
   ReqTRES=cpu=64,mem=32000M,node=1,billing=288
   AllocTRES=cpu=64,mem=32000M,node=1,billing=288
   Socks/Node=* NtasksPerN:B:S:C=64:0:*:* CoreSpec=*
   MinCPUsNode=64 MinMemoryCPU=500M MinTmpDiskNode=0
   Features=[quest10|quest11|quest12|quest13] DelayBoot=00:00:00
   OverSubscribe=OK Contiguous=0 Licenses=(null) Network=(null)
   Command=/gpfs/home/tbr0780/Dissertation/Integrated_Likelihood_Algorithm/Polytomous_Logistic_Regression/scripts/experiment_sim.sh
   WorkDir=/gpfs/home/tbr0780/Dissertation/Integrated_Likelihood_Algorithm/Polytomous_Logistic_Regression
   StdErr=/dev/null
   StdIn=/dev/null
   StdOut=/dev/null
   MailUser=timothyruel2024@u.northwestern.edu MailType=INVALID_DEPEND,BEGIN,END,FAIL,REQUEUE,STAGE_OUT
   
--------------------------------------------------------------------------------
JOB EFFICIENCY 
--------------------------------------------------------------------------------
Job efficiency will be calculated after the job has completed.
===== SACCT OUTPUT for Job 5521061 =====
(Logged at Thu Jun 12 21:08:40 CDT 2025)
JobID                     JobName    Elapsed     MaxRSS     ReqMem  AllocCPUS      State 
------------ -------------------- ---------- ---------- ---------- ---------- ---------- 
5519625_248        experiment_sim   00:22:33                32000M         64    RUNNING 
5519625_248+                batch   00:22:33                               64    RUNNING 
5519625_248+               extern   00:22:33                               64    RUNNING 
===== SYSTEM MEMORY (free -h) =====
(Logged at Thu Jun 12 21:08:40 CDT 2025)
              total        used        free      shared  buff/cache   available
Mem:          503Gi        42Gi       454Gi       4.7Gi       6.4Gi       451Gi
Swap:          31Gi       3.5Gi        28Gi
===== SYSTEM LOAD (uptime) =====
(Logged at Thu Jun 12 21:08:41 CDT 2025)
 21:08:41 up 82 days, 22 min,  0 users,  load average: 70.13, 90.86, 98.54
===== SYSTEM PROCESSES (top -b -n 1) =====
(Logged at Thu Jun 12 21:08:41 CDT 2025)
top - 21:08:41 up 82 days, 22 min,  0 users,  load average: 70.13, 90.86, 98.54
Tasks: 1282 total,  65 running, 1217 sleeping,   0 stopped,   0 zombie
%Cpu(s): 49.6 us,  0.3 sy,  0.0 ni, 49.9 id,  0.0 wa,  0.3 hi,  0.0 si,  0.0 st
MiB Mem : 515679.4 total, 465313.3 free,  43764.1 used,   6602.0 buff/cache
MiB Swap:  32768.0 total,  29145.8 free,   3622.2 used. 462210.4 avail Mem 

    PID USER      PR  NI    VIRT    RES    SHR S  %CPU  %MEM     TIME+ COMMAND
4161953 tbr0780   20   0  632156 334396  11584 R 100.0   0.1   6:39.19 R
4161957 tbr0780   20   0  637644 339884  11584 R 100.0   0.1   6:39.10 R
4161958 tbr0780   20   0  638628 340852  11568 R 100.0   0.1   6:39.15 R
4161960 tbr0780   20   0  641888 344120  11576 R 100.0   0.1   6:39.21 R
4161968 tbr0780   20   0  652616 354836  11564 R 100.0   0.1   6:39.03 R
4161969 tbr0780   20   0  653904 356124  11564 R 100.0   0.1   6:39.17 R
4161974 tbr0780   20   0  647700 349924  11568 R 100.0   0.1   6:39.06 R
4161976 tbr0780   20   0  643328 345568  11584 R 100.0   0.1   6:39.09 R
4161977 tbr0780   20   0  642100 344324  11568 R 100.0   0.1   6:39.11 R
4161978 tbr0780   20   0  640192 342416  11568 R 100.0   0.1   6:38.97 R
4161983 tbr0780   20   0  632596 334816  11564 R 100.0   0.1   6:39.00 R
4161986 tbr0780   20   0  632592 334832  11584 R 100.0   0.1   6:38.80 R
4161988 tbr0780   20   0  632688 334908  11564 R 100.0   0.1   6:38.91 R
4161998 tbr0780   20   0  632756 334980  11568 R 100.0   0.1   6:38.82 R
4161999 tbr0780   20   0  632804 335044  11584 R 100.0   0.1   6:38.74 R
4162003 tbr0780   20   0  632836 335060  11568 R 100.0   0.1   6:38.03 R
4162008 tbr0780   20   0  664652 366876  11568 R 100.0   0.1   6:37.55 R
4162009 tbr0780   20   0  632944 335184  11584 R 100.0   0.1   6:38.36 R
4162010 tbr0780   20   0  632960 335184  11568 R 100.0   0.1   6:38.66 R
4162011 tbr0780   20   0  633004 335228  11568 R 100.0   0.1   6:38.54 R
4161949 tbr0780   20   0  629696 331916  11564 R  94.1   0.1   6:38.40 R
4161950 tbr0780   20   0  628196 330428  11576 R  94.1   0.1   6:38.65 R
4161951 tbr0780   20   0  629456 331676  11564 R  94.1   0.1   6:39.02 R
4161952 tbr0780   20   0  630820 333040  11564 R  94.1   0.1   6:38.98 R
4161954 tbr0780   20   0  633524 335764  11584 R  94.1   0.1   6:39.07 R
4161955 tbr0780   20   0  637100 339340  11584 R  94.1   0.1   6:39.24 R
4161956 tbr0780   20   0  636268 338508  11584 R  94.1   0.1   6:39.19 R
4161959 tbr0780   20   0  641372 343592  11564 R  94.1   0.1   6:39.18 R
4161961 tbr0780   20   0  643440 345664  11568 R  94.1   0.1   6:39.15 R
4161962 tbr0780   20   0  644952 347172  11564 R  94.1   0.1   6:39.20 R
4161963 tbr0780   20   0  647488 349720  11576 R  94.1   0.1   6:39.20 R
4161964 tbr0780   20   0  647412 349644  11576 R  94.1   0.1   6:39.19 R
4161965 tbr0780   20   0  648708 350928  11564 R  94.1   0.1   6:39.17 R
===== BACKGROUND CHECKJOB MONITOR LOG =====
===== checkjob (interval) at Thu Jun 12 20:46:35 CDT 2025 =====
--------------------------------------------------------------------------------
JOB INFORMATION 
--------------------------------------------------------------------------------
JobId=5521061 ArrayJobId=5519625 ArrayTaskId=248 JobName=experiment_sim
   UserId=tbr0780(3229) GroupId=tbr0780(4023) MCS_label=N/A
   Priority=21414 Nice=0 Account=p32397 QOS=normal
   JobState=RUNNING Reason=None Dependency=(null)
   Requeue=0 Restarts=0 BatchFlag=1 Reboot=0 ExitCode=0:0
   RunTime=00:00:28 TimeLimit=02:00:00 TimeMin=N/A
   SubmitTime=2025-06-12T19:56:30 EligibleTime=2025-06-12T19:56:31
   AccrueTime=2025-06-12T19:56:31
   StartTime=2025-06-12T20:46:07 EndTime=2025-06-12T22:46:07 Deadline=N/A
   SuspendTime=None SecsPreSuspend=0 LastSchedEval=2025-06-12T20:46:07 Scheduler=Main
   Partition=short AllocNode:Sid=quser43:3646922
   ReqNodeList=(null) ExcNodeList=(null)
   NodeList=qnode3024
   BatchHost=qnode3024
   NumNodes=1 NumCPUs=64 NumTasks=64 CPUs/Task=1 ReqB:S:C:T=0:0:*:*
   ReqTRES=cpu=64,mem=32000M,node=1,billing=288
   AllocTRES=cpu=64,mem=32000M,node=1,billing=288
   Socks/Node=* NtasksPerN:B:S:C=64:0:*:* CoreSpec=*
   MinCPUsNode=64 MinMemoryCPU=500M MinTmpDiskNode=0
   Features=[quest10|quest11|quest12|quest13] DelayBoot=00:00:00
   OverSubscribe=OK Contiguous=0 Licenses=(null) Network=(null)
   Command=/gpfs/home/tbr0780/Dissertation/Integrated_Likelihood_Algorithm/Polytomous_Logistic_Regression/scripts/experiment_sim.sh
   WorkDir=/gpfs/home/tbr0780/Dissertation/Integrated_Likelihood_Algorithm/Polytomous_Logistic_Regression
   StdErr=/dev/null
   StdIn=/dev/null
   StdOut=/dev/null
   MailUser=timothyruel2024@u.northwestern.edu MailType=INVALID_DEPEND,BEGIN,END,FAIL,REQUEUE,STAGE_OUT
   
--------------------------------------------------------------------------------
JOB EFFICIENCY 
--------------------------------------------------------------------------------
Job efficiency will be calculated after the job has completed.
===== checkjob (interval) at Thu Jun 12 20:47:06 CDT 2025 =====
--------------------------------------------------------------------------------
JOB INFORMATION 
--------------------------------------------------------------------------------
JobId=5521061 ArrayJobId=5519625 ArrayTaskId=248 JobName=experiment_sim
   UserId=tbr0780(3229) GroupId=tbr0780(4023) MCS_label=N/A
   Priority=21414 Nice=0 Account=p32397 QOS=normal
   JobState=RUNNING Reason=None Dependency=(null)
   Requeue=0 Restarts=0 BatchFlag=1 Reboot=0 ExitCode=0:0
   RunTime=00:01:01 TimeLimit=02:00:00 TimeMin=N/A
   SubmitTime=2025-06-12T19:56:30 EligibleTime=2025-06-12T19:56:31
   AccrueTime=2025-06-12T19:56:31
   StartTime=2025-06-12T20:46:07 EndTime=2025-06-12T22:46:07 Deadline=N/A
   SuspendTime=None SecsPreSuspend=0 LastSchedEval=2025-06-12T20:46:07 Scheduler=Main
   Partition=short AllocNode:Sid=quser43:3646922
   ReqNodeList=(null) ExcNodeList=(null)
   NodeList=qnode3024
   BatchHost=qnode3024
   NumNodes=1 NumCPUs=64 NumTasks=64 CPUs/Task=1 ReqB:S:C:T=0:0:*:*
   ReqTRES=cpu=64,mem=32000M,node=1,billing=288
   AllocTRES=cpu=64,mem=32000M,node=1,billing=288
   Socks/Node=* NtasksPerN:B:S:C=64:0:*:* CoreSpec=*
   MinCPUsNode=64 MinMemoryCPU=500M MinTmpDiskNode=0
   Features=[quest10|quest11|quest12|quest13] DelayBoot=00:00:00
   OverSubscribe=OK Contiguous=0 Licenses=(null) Network=(null)
   Command=/gpfs/home/tbr0780/Dissertation/Integrated_Likelihood_Algorithm/Polytomous_Logistic_Regression/scripts/experiment_sim.sh
   WorkDir=/gpfs/home/tbr0780/Dissertation/Integrated_Likelihood_Algorithm/Polytomous_Logistic_Regression
   StdErr=/dev/null
   StdIn=/dev/null
   StdOut=/dev/null
   MailUser=timothyruel2024@u.northwestern.edu MailType=INVALID_DEPEND,BEGIN,END,FAIL,REQUEUE,STAGE_OUT
   
--------------------------------------------------------------------------------
JOB EFFICIENCY 
--------------------------------------------------------------------------------
Job efficiency will be calculated after the job has completed.
===== checkjob (interval) at Thu Jun 12 20:47:40 CDT 2025 =====
--------------------------------------------------------------------------------
JOB INFORMATION 
--------------------------------------------------------------------------------
JobId=5521061 ArrayJobId=5519625 ArrayTaskId=248 JobName=experiment_sim
   UserId=tbr0780(3229) GroupId=tbr0780(4023) MCS_label=N/A
   Priority=21414 Nice=0 Account=p32397 QOS=normal
   JobState=RUNNING Reason=None Dependency=(null)
   Requeue=0 Restarts=0 BatchFlag=1 Reboot=0 ExitCode=0:0
   RunTime=00:01:34 TimeLimit=02:00:00 TimeMin=N/A
   SubmitTime=2025-06-12T19:56:30 EligibleTime=2025-06-12T19:56:31
   AccrueTime=2025-06-12T19:56:31
   StartTime=2025-06-12T20:46:07 EndTime=2025-06-12T22:46:07 Deadline=N/A
   SuspendTime=None SecsPreSuspend=0 LastSchedEval=2025-06-12T20:46:07 Scheduler=Main
   Partition=short AllocNode:Sid=quser43:3646922
   ReqNodeList=(null) ExcNodeList=(null)
   NodeList=qnode3024
   BatchHost=qnode3024
   NumNodes=1 NumCPUs=64 NumTasks=64 CPUs/Task=1 ReqB:S:C:T=0:0:*:*
   ReqTRES=cpu=64,mem=32000M,node=1,billing=288
   AllocTRES=cpu=64,mem=32000M,node=1,billing=288
   Socks/Node=* NtasksPerN:B:S:C=64:0:*:* CoreSpec=*
   MinCPUsNode=64 MinMemoryCPU=500M MinTmpDiskNode=0
   Features=[quest10|quest11|quest12|quest13] DelayBoot=00:00:00
   OverSubscribe=OK Contiguous=0 Licenses=(null) Network=(null)
   Command=/gpfs/home/tbr0780/Dissertation/Integrated_Likelihood_Algorithm/Polytomous_Logistic_Regression/scripts/experiment_sim.sh
   WorkDir=/gpfs/home/tbr0780/Dissertation/Integrated_Likelihood_Algorithm/Polytomous_Logistic_Regression
   StdErr=/dev/null
   StdIn=/dev/null
   StdOut=/dev/null
   MailUser=timothyruel2024@u.northwestern.edu MailType=INVALID_DEPEND,BEGIN,END,FAIL,REQUEUE,STAGE_OUT
   
--------------------------------------------------------------------------------
JOB EFFICIENCY 
--------------------------------------------------------------------------------
Job efficiency will be calculated after the job has completed.
===== checkjob (interval) at Thu Jun 12 20:48:11 CDT 2025 =====
--------------------------------------------------------------------------------
JOB INFORMATION 
--------------------------------------------------------------------------------
JobId=5521061 ArrayJobId=5519625 ArrayTaskId=248 JobName=experiment_sim
   UserId=tbr0780(3229) GroupId=tbr0780(4023) MCS_label=N/A
   Priority=21414 Nice=0 Account=p32397 QOS=normal
   JobState=RUNNING Reason=None Dependency=(null)
   Requeue=0 Restarts=0 BatchFlag=1 Reboot=0 ExitCode=0:0
   RunTime=00:02:06 TimeLimit=02:00:00 TimeMin=N/A
   SubmitTime=2025-06-12T19:56:30 EligibleTime=2025-06-12T19:56:31
   AccrueTime=2025-06-12T19:56:31
   StartTime=2025-06-12T20:46:07 EndTime=2025-06-12T22:46:07 Deadline=N/A
   SuspendTime=None SecsPreSuspend=0 LastSchedEval=2025-06-12T20:46:07 Scheduler=Main
   Partition=short AllocNode:Sid=quser43:3646922
   ReqNodeList=(null) ExcNodeList=(null)
   NodeList=qnode3024
   BatchHost=qnode3024
   NumNodes=1 NumCPUs=64 NumTasks=64 CPUs/Task=1 ReqB:S:C:T=0:0:*:*
   ReqTRES=cpu=64,mem=32000M,node=1,billing=288
   AllocTRES=cpu=64,mem=32000M,node=1,billing=288
   Socks/Node=* NtasksPerN:B:S:C=64:0:*:* CoreSpec=*
   MinCPUsNode=64 MinMemoryCPU=500M MinTmpDiskNode=0
   Features=[quest10|quest11|quest12|quest13] DelayBoot=00:00:00
   OverSubscribe=OK Contiguous=0 Licenses=(null) Network=(null)
   Command=/gpfs/home/tbr0780/Dissertation/Integrated_Likelihood_Algorithm/Polytomous_Logistic_Regression/scripts/experiment_sim.sh
   WorkDir=/gpfs/home/tbr0780/Dissertation/Integrated_Likelihood_Algorithm/Polytomous_Logistic_Regression
   StdErr=/dev/null
   StdIn=/dev/null
   StdOut=/dev/null
   MailUser=timothyruel2024@u.northwestern.edu MailType=INVALID_DEPEND,BEGIN,END,FAIL,REQUEUE,STAGE_OUT
   
--------------------------------------------------------------------------------
JOB EFFICIENCY 
--------------------------------------------------------------------------------
Job efficiency will be calculated after the job has completed.
===== checkjob (interval) at Thu Jun 12 20:48:45 CDT 2025 =====
--------------------------------------------------------------------------------
JOB INFORMATION 
--------------------------------------------------------------------------------
JobId=5521061 ArrayJobId=5519625 ArrayTaskId=248 JobName=experiment_sim
   UserId=tbr0780(3229) GroupId=tbr0780(4023) MCS_label=N/A
   Priority=21414 Nice=0 Account=p32397 QOS=normal
   JobState=RUNNING Reason=None Dependency=(null)
   Requeue=0 Restarts=0 BatchFlag=1 Reboot=0 ExitCode=0:0
   RunTime=00:02:39 TimeLimit=02:00:00 TimeMin=N/A
   SubmitTime=2025-06-12T19:56:30 EligibleTime=2025-06-12T19:56:31
   AccrueTime=2025-06-12T19:56:31
   StartTime=2025-06-12T20:46:07 EndTime=2025-06-12T22:46:07 Deadline=N/A
   SuspendTime=None SecsPreSuspend=0 LastSchedEval=2025-06-12T20:46:07 Scheduler=Main
   Partition=short AllocNode:Sid=quser43:3646922
   ReqNodeList=(null) ExcNodeList=(null)
   NodeList=qnode3024
   BatchHost=qnode3024
   NumNodes=1 NumCPUs=64 NumTasks=64 CPUs/Task=1 ReqB:S:C:T=0:0:*:*
   ReqTRES=cpu=64,mem=32000M,node=1,billing=288
   AllocTRES=cpu=64,mem=32000M,node=1,billing=288
   Socks/Node=* NtasksPerN:B:S:C=64:0:*:* CoreSpec=*
   MinCPUsNode=64 MinMemoryCPU=500M MinTmpDiskNode=0
   Features=[quest10|quest11|quest12|quest13] DelayBoot=00:00:00
   OverSubscribe=OK Contiguous=0 Licenses=(null) Network=(null)
   Command=/gpfs/home/tbr0780/Dissertation/Integrated_Likelihood_Algorithm/Polytomous_Logistic_Regression/scripts/experiment_sim.sh
   WorkDir=/gpfs/home/tbr0780/Dissertation/Integrated_Likelihood_Algorithm/Polytomous_Logistic_Regression
   StdErr=/dev/null
   StdIn=/dev/null
   StdOut=/dev/null
   MailUser=timothyruel2024@u.northwestern.edu MailType=INVALID_DEPEND,BEGIN,END,FAIL,REQUEUE,STAGE_OUT
   
--------------------------------------------------------------------------------
JOB EFFICIENCY 
--------------------------------------------------------------------------------
Job efficiency will be calculated after the job has completed.
===== checkjob (interval) at Thu Jun 12 20:49:20 CDT 2025 =====
--------------------------------------------------------------------------------
JOB INFORMATION 
--------------------------------------------------------------------------------
JobId=5521061 ArrayJobId=5519625 ArrayTaskId=248 JobName=experiment_sim
   UserId=tbr0780(3229) GroupId=tbr0780(4023) MCS_label=N/A
   Priority=21414 Nice=0 Account=p32397 QOS=normal
   JobState=RUNNING Reason=None Dependency=(null)
   Requeue=0 Restarts=0 BatchFlag=1 Reboot=0 ExitCode=0:0
   RunTime=00:03:14 TimeLimit=02:00:00 TimeMin=N/A
   SubmitTime=2025-06-12T19:56:30 EligibleTime=2025-06-12T19:56:31
   AccrueTime=2025-06-12T19:56:31
   StartTime=2025-06-12T20:46:07 EndTime=2025-06-12T22:46:07 Deadline=N/A
   SuspendTime=None SecsPreSuspend=0 LastSchedEval=2025-06-12T20:46:07 Scheduler=Main
   Partition=short AllocNode:Sid=quser43:3646922
   ReqNodeList=(null) ExcNodeList=(null)
   NodeList=qnode3024
   BatchHost=qnode3024
   NumNodes=1 NumCPUs=64 NumTasks=64 CPUs/Task=1 ReqB:S:C:T=0:0:*:*
   ReqTRES=cpu=64,mem=32000M,node=1,billing=288
   AllocTRES=cpu=64,mem=32000M,node=1,billing=288
   Socks/Node=* NtasksPerN:B:S:C=64:0:*:* CoreSpec=*
   MinCPUsNode=64 MinMemoryCPU=500M MinTmpDiskNode=0
   Features=[quest10|quest11|quest12|quest13] DelayBoot=00:00:00
   OverSubscribe=OK Contiguous=0 Licenses=(null) Network=(null)
   Command=/gpfs/home/tbr0780/Dissertation/Integrated_Likelihood_Algorithm/Polytomous_Logistic_Regression/scripts/experiment_sim.sh
   WorkDir=/gpfs/home/tbr0780/Dissertation/Integrated_Likelihood_Algorithm/Polytomous_Logistic_Regression
   StdErr=/dev/null
   StdIn=/dev/null
   StdOut=/dev/null
   MailUser=timothyruel2024@u.northwestern.edu MailType=INVALID_DEPEND,BEGIN,END,FAIL,REQUEUE,STAGE_OUT
   
--------------------------------------------------------------------------------
JOB EFFICIENCY 
--------------------------------------------------------------------------------
Job efficiency will be calculated after the job has completed.
===== checkjob (interval) at Thu Jun 12 20:49:52 CDT 2025 =====
--------------------------------------------------------------------------------
JOB INFORMATION 
--------------------------------------------------------------------------------
JobId=5521061 ArrayJobId=5519625 ArrayTaskId=248 JobName=experiment_sim
   UserId=tbr0780(3229) GroupId=tbr0780(4023) MCS_label=N/A
   Priority=21414 Nice=0 Account=p32397 QOS=normal
   JobState=RUNNING Reason=None Dependency=(null)
   Requeue=0 Restarts=0 BatchFlag=1 Reboot=0 ExitCode=0:0
   RunTime=00:03:45 TimeLimit=02:00:00 TimeMin=N/A
   SubmitTime=2025-06-12T19:56:30 EligibleTime=2025-06-12T19:56:31
   AccrueTime=2025-06-12T19:56:31
   StartTime=2025-06-12T20:46:07 EndTime=2025-06-12T22:46:07 Deadline=N/A
   SuspendTime=None SecsPreSuspend=0 LastSchedEval=2025-06-12T20:46:07 Scheduler=Main
   Partition=short AllocNode:Sid=quser43:3646922
   ReqNodeList=(null) ExcNodeList=(null)
   NodeList=qnode3024
   BatchHost=qnode3024
   NumNodes=1 NumCPUs=64 NumTasks=64 CPUs/Task=1 ReqB:S:C:T=0:0:*:*
   ReqTRES=cpu=64,mem=32000M,node=1,billing=288
   AllocTRES=cpu=64,mem=32000M,node=1,billing=288
   Socks/Node=* NtasksPerN:B:S:C=64:0:*:* CoreSpec=*
   MinCPUsNode=64 MinMemoryCPU=500M MinTmpDiskNode=0
   Features=[quest10|quest11|quest12|quest13] DelayBoot=00:00:00
   OverSubscribe=OK Contiguous=0 Licenses=(null) Network=(null)
   Command=/gpfs/home/tbr0780/Dissertation/Integrated_Likelihood_Algorithm/Polytomous_Logistic_Regression/scripts/experiment_sim.sh
   WorkDir=/gpfs/home/tbr0780/Dissertation/Integrated_Likelihood_Algorithm/Polytomous_Logistic_Regression
   StdErr=/dev/null
   StdIn=/dev/null
   StdOut=/dev/null
   MailUser=timothyruel2024@u.northwestern.edu MailType=INVALID_DEPEND,BEGIN,END,FAIL,REQUEUE,STAGE_OUT
   
--------------------------------------------------------------------------------
JOB EFFICIENCY 
--------------------------------------------------------------------------------
Job efficiency will be calculated after the job has completed.
===== checkjob (interval) at Thu Jun 12 20:50:25 CDT 2025 =====
--------------------------------------------------------------------------------
JOB INFORMATION 
--------------------------------------------------------------------------------
JobId=5521061 ArrayJobId=5519625 ArrayTaskId=248 JobName=experiment_sim
   UserId=tbr0780(3229) GroupId=tbr0780(4023) MCS_label=N/A
   Priority=21414 Nice=0 Account=p32397 QOS=normal
   JobState=RUNNING Reason=None Dependency=(null)
   Requeue=0 Restarts=0 BatchFlag=1 Reboot=0 ExitCode=0:0
   RunTime=00:04:18 TimeLimit=02:00:00 TimeMin=N/A
   SubmitTime=2025-06-12T19:56:30 EligibleTime=2025-06-12T19:56:31
   AccrueTime=2025-06-12T19:56:31
   StartTime=2025-06-12T20:46:07 EndTime=2025-06-12T22:46:07 Deadline=N/A
   SuspendTime=None SecsPreSuspend=0 LastSchedEval=2025-06-12T20:46:07 Scheduler=Main
   Partition=short AllocNode:Sid=quser43:3646922
   ReqNodeList=(null) ExcNodeList=(null)
   NodeList=qnode3024
   BatchHost=qnode3024
   NumNodes=1 NumCPUs=64 NumTasks=64 CPUs/Task=1 ReqB:S:C:T=0:0:*:*
   ReqTRES=cpu=64,mem=32000M,node=1,billing=288
   AllocTRES=cpu=64,mem=32000M,node=1,billing=288
   Socks/Node=* NtasksPerN:B:S:C=64:0:*:* CoreSpec=*
   MinCPUsNode=64 MinMemoryCPU=500M MinTmpDiskNode=0
   Features=[quest10|quest11|quest12|quest13] DelayBoot=00:00:00
   OverSubscribe=OK Contiguous=0 Licenses=(null) Network=(null)
   Command=/gpfs/home/tbr0780/Dissertation/Integrated_Likelihood_Algorithm/Polytomous_Logistic_Regression/scripts/experiment_sim.sh
   WorkDir=/gpfs/home/tbr0780/Dissertation/Integrated_Likelihood_Algorithm/Polytomous_Logistic_Regression
   StdErr=/dev/null
   StdIn=/dev/null
   StdOut=/dev/null
   MailUser=timothyruel2024@u.northwestern.edu MailType=INVALID_DEPEND,BEGIN,END,FAIL,REQUEUE,STAGE_OUT
   
--------------------------------------------------------------------------------
JOB EFFICIENCY 
--------------------------------------------------------------------------------
Job efficiency will be calculated after the job has completed.
===== checkjob (interval) at Thu Jun 12 20:50:58 CDT 2025 =====
--------------------------------------------------------------------------------
JOB INFORMATION 
--------------------------------------------------------------------------------
JobId=5521061 ArrayJobId=5519625 ArrayTaskId=248 JobName=experiment_sim
   UserId=tbr0780(3229) GroupId=tbr0780(4023) MCS_label=N/A
   Priority=21414 Nice=0 Account=p32397 QOS=normal
   JobState=RUNNING Reason=None Dependency=(null)
   Requeue=0 Restarts=0 BatchFlag=1 Reboot=0 ExitCode=0:0
   RunTime=00:04:51 TimeLimit=02:00:00 TimeMin=N/A
   SubmitTime=2025-06-12T19:56:30 EligibleTime=2025-06-12T19:56:31
   AccrueTime=2025-06-12T19:56:31
   StartTime=2025-06-12T20:46:07 EndTime=2025-06-12T22:46:07 Deadline=N/A
   SuspendTime=None SecsPreSuspend=0 LastSchedEval=2025-06-12T20:46:07 Scheduler=Main
   Partition=short AllocNode:Sid=quser43:3646922
   ReqNodeList=(null) ExcNodeList=(null)
   NodeList=qnode3024
   BatchHost=qnode3024
   NumNodes=1 NumCPUs=64 NumTasks=64 CPUs/Task=1 ReqB:S:C:T=0:0:*:*
   ReqTRES=cpu=64,mem=32000M,node=1,billing=288
   AllocTRES=cpu=64,mem=32000M,node=1,billing=288
   Socks/Node=* NtasksPerN:B:S:C=64:0:*:* CoreSpec=*
   MinCPUsNode=64 MinMemoryCPU=500M MinTmpDiskNode=0
   Features=[quest10|quest11|quest12|quest13] DelayBoot=00:00:00
   OverSubscribe=OK Contiguous=0 Licenses=(null) Network=(null)
   Command=/gpfs/home/tbr0780/Dissertation/Integrated_Likelihood_Algorithm/Polytomous_Logistic_Regression/scripts/experiment_sim.sh
   WorkDir=/gpfs/home/tbr0780/Dissertation/Integrated_Likelihood_Algorithm/Polytomous_Logistic_Regression
   StdErr=/dev/null
   StdIn=/dev/null
   StdOut=/dev/null
   MailUser=timothyruel2024@u.northwestern.edu MailType=INVALID_DEPEND,BEGIN,END,FAIL,REQUEUE,STAGE_OUT
   
--------------------------------------------------------------------------------
JOB EFFICIENCY 
--------------------------------------------------------------------------------
Job efficiency will be calculated after the job has completed.
===== checkjob (interval) at Thu Jun 12 20:51:33 CDT 2025 =====
--------------------------------------------------------------------------------
JOB INFORMATION 
--------------------------------------------------------------------------------
JobId=5521061 ArrayJobId=5519625 ArrayTaskId=248 JobName=experiment_sim
   UserId=tbr0780(3229) GroupId=tbr0780(4023) MCS_label=N/A
   Priority=21414 Nice=0 Account=p32397 QOS=normal
   JobState=RUNNING Reason=None Dependency=(null)
   Requeue=0 Restarts=0 BatchFlag=1 Reboot=0 ExitCode=0:0
   RunTime=00:05:26 TimeLimit=02:00:00 TimeMin=N/A
   SubmitTime=2025-06-12T19:56:30 EligibleTime=2025-06-12T19:56:31
   AccrueTime=2025-06-12T19:56:31
   StartTime=2025-06-12T20:46:07 EndTime=2025-06-12T22:46:07 Deadline=N/A
   SuspendTime=None SecsPreSuspend=0 LastSchedEval=2025-06-12T20:46:07 Scheduler=Main
   Partition=short AllocNode:Sid=quser43:3646922
   ReqNodeList=(null) ExcNodeList=(null)
   NodeList=qnode3024
   BatchHost=qnode3024
   NumNodes=1 NumCPUs=64 NumTasks=64 CPUs/Task=1 ReqB:S:C:T=0:0:*:*
   ReqTRES=cpu=64,mem=32000M,node=1,billing=288
   AllocTRES=cpu=64,mem=32000M,node=1,billing=288
   Socks/Node=* NtasksPerN:B:S:C=64:0:*:* CoreSpec=*
   MinCPUsNode=64 MinMemoryCPU=500M MinTmpDiskNode=0
   Features=[quest10|quest11|quest12|quest13] DelayBoot=00:00:00
   OverSubscribe=OK Contiguous=0 Licenses=(null) Network=(null)
   Command=/gpfs/home/tbr0780/Dissertation/Integrated_Likelihood_Algorithm/Polytomous_Logistic_Regression/scripts/experiment_sim.sh
   WorkDir=/gpfs/home/tbr0780/Dissertation/Integrated_Likelihood_Algorithm/Polytomous_Logistic_Regression
   StdErr=/dev/null
   StdIn=/dev/null
   StdOut=/dev/null
   MailUser=timothyruel2024@u.northwestern.edu MailType=INVALID_DEPEND,BEGIN,END,FAIL,REQUEUE,STAGE_OUT
   
--------------------------------------------------------------------------------
JOB EFFICIENCY 
--------------------------------------------------------------------------------
Job efficiency will be calculated after the job has completed.
===== checkjob (interval) at Thu Jun 12 20:52:04 CDT 2025 =====
--------------------------------------------------------------------------------
JOB INFORMATION 
--------------------------------------------------------------------------------
JobId=5521061 ArrayJobId=5519625 ArrayTaskId=248 JobName=experiment_sim
   UserId=tbr0780(3229) GroupId=tbr0780(4023) MCS_label=N/A
   Priority=21414 Nice=0 Account=p32397 QOS=normal
   JobState=RUNNING Reason=None Dependency=(null)
   Requeue=0 Restarts=0 BatchFlag=1 Reboot=0 ExitCode=0:0
   RunTime=00:05:58 TimeLimit=02:00:00 TimeMin=N/A
   SubmitTime=2025-06-12T19:56:30 EligibleTime=2025-06-12T19:56:31
   AccrueTime=2025-06-12T19:56:31
   StartTime=2025-06-12T20:46:07 EndTime=2025-06-12T22:46:07 Deadline=N/A
   SuspendTime=None SecsPreSuspend=0 LastSchedEval=2025-06-12T20:46:07 Scheduler=Main
   Partition=short AllocNode:Sid=quser43:3646922
   ReqNodeList=(null) ExcNodeList=(null)
   NodeList=qnode3024
   BatchHost=qnode3024
   NumNodes=1 NumCPUs=64 NumTasks=64 CPUs/Task=1 ReqB:S:C:T=0:0:*:*
   ReqTRES=cpu=64,mem=32000M,node=1,billing=288
   AllocTRES=cpu=64,mem=32000M,node=1,billing=288
   Socks/Node=* NtasksPerN:B:S:C=64:0:*:* CoreSpec=*
   MinCPUsNode=64 MinMemoryCPU=500M MinTmpDiskNode=0
   Features=[quest10|quest11|quest12|quest13] DelayBoot=00:00:00
   OverSubscribe=OK Contiguous=0 Licenses=(null) Network=(null)
   Command=/gpfs/home/tbr0780/Dissertation/Integrated_Likelihood_Algorithm/Polytomous_Logistic_Regression/scripts/experiment_sim.sh
   WorkDir=/gpfs/home/tbr0780/Dissertation/Integrated_Likelihood_Algorithm/Polytomous_Logistic_Regression
   StdErr=/dev/null
   StdIn=/dev/null
   StdOut=/dev/null
   MailUser=timothyruel2024@u.northwestern.edu MailType=INVALID_DEPEND,BEGIN,END,FAIL,REQUEUE,STAGE_OUT
   
--------------------------------------------------------------------------------
JOB EFFICIENCY 
--------------------------------------------------------------------------------
Job efficiency will be calculated after the job has completed.
===== checkjob (interval) at Thu Jun 12 20:52:38 CDT 2025 =====
--------------------------------------------------------------------------------
JOB INFORMATION 
--------------------------------------------------------------------------------
JobId=5521061 ArrayJobId=5519625 ArrayTaskId=248 JobName=experiment_sim
   UserId=tbr0780(3229) GroupId=tbr0780(4023) MCS_label=N/A
   Priority=21414 Nice=0 Account=p32397 QOS=normal
   JobState=RUNNING Reason=None Dependency=(null)
   Requeue=0 Restarts=0 BatchFlag=1 Reboot=0 ExitCode=0:0
   RunTime=00:06:31 TimeLimit=02:00:00 TimeMin=N/A
   SubmitTime=2025-06-12T19:56:30 EligibleTime=2025-06-12T19:56:31
   AccrueTime=2025-06-12T19:56:31
   StartTime=2025-06-12T20:46:07 EndTime=2025-06-12T22:46:07 Deadline=N/A
   SuspendTime=None SecsPreSuspend=0 LastSchedEval=2025-06-12T20:46:07 Scheduler=Main
   Partition=short AllocNode:Sid=quser43:3646922
   ReqNodeList=(null) ExcNodeList=(null)
   NodeList=qnode3024
   BatchHost=qnode3024
   NumNodes=1 NumCPUs=64 NumTasks=64 CPUs/Task=1 ReqB:S:C:T=0:0:*:*
   ReqTRES=cpu=64,mem=32000M,node=1,billing=288
   AllocTRES=cpu=64,mem=32000M,node=1,billing=288
   Socks/Node=* NtasksPerN:B:S:C=64:0:*:* CoreSpec=*
   MinCPUsNode=64 MinMemoryCPU=500M MinTmpDiskNode=0
   Features=[quest10|quest11|quest12|quest13] DelayBoot=00:00:00
   OverSubscribe=OK Contiguous=0 Licenses=(null) Network=(null)
   Command=/gpfs/home/tbr0780/Dissertation/Integrated_Likelihood_Algorithm/Polytomous_Logistic_Regression/scripts/experiment_sim.sh
   WorkDir=/gpfs/home/tbr0780/Dissertation/Integrated_Likelihood_Algorithm/Polytomous_Logistic_Regression
   StdErr=/dev/null
   StdIn=/dev/null
   StdOut=/dev/null
   MailUser=timothyruel2024@u.northwestern.edu MailType=INVALID_DEPEND,BEGIN,END,FAIL,REQUEUE,STAGE_OUT
   
--------------------------------------------------------------------------------
JOB EFFICIENCY 
--------------------------------------------------------------------------------
Job efficiency will be calculated after the job has completed.
===== checkjob (interval) at Thu Jun 12 20:53:13 CDT 2025 =====
--------------------------------------------------------------------------------
JOB INFORMATION 
--------------------------------------------------------------------------------
JobId=5521061 ArrayJobId=5519625 ArrayTaskId=248 JobName=experiment_sim
   UserId=tbr0780(3229) GroupId=tbr0780(4023) MCS_label=N/A
   Priority=21414 Nice=0 Account=p32397 QOS=normal
   JobState=RUNNING Reason=None Dependency=(null)
   Requeue=0 Restarts=0 BatchFlag=1 Reboot=0 ExitCode=0:0
   RunTime=00:07:06 TimeLimit=02:00:00 TimeMin=N/A
   SubmitTime=2025-06-12T19:56:30 EligibleTime=2025-06-12T19:56:31
   AccrueTime=2025-06-12T19:56:31
   StartTime=2025-06-12T20:46:07 EndTime=2025-06-12T22:46:07 Deadline=N/A
   SuspendTime=None SecsPreSuspend=0 LastSchedEval=2025-06-12T20:46:07 Scheduler=Main
   Partition=short AllocNode:Sid=quser43:3646922
   ReqNodeList=(null) ExcNodeList=(null)
   NodeList=qnode3024
   BatchHost=qnode3024
   NumNodes=1 NumCPUs=64 NumTasks=64 CPUs/Task=1 ReqB:S:C:T=0:0:*:*
   ReqTRES=cpu=64,mem=32000M,node=1,billing=288
   AllocTRES=cpu=64,mem=32000M,node=1,billing=288
   Socks/Node=* NtasksPerN:B:S:C=64:0:*:* CoreSpec=*
   MinCPUsNode=64 MinMemoryCPU=500M MinTmpDiskNode=0
   Features=[quest10|quest11|quest12|quest13] DelayBoot=00:00:00
   OverSubscribe=OK Contiguous=0 Licenses=(null) Network=(null)
   Command=/gpfs/home/tbr0780/Dissertation/Integrated_Likelihood_Algorithm/Polytomous_Logistic_Regression/scripts/experiment_sim.sh
   WorkDir=/gpfs/home/tbr0780/Dissertation/Integrated_Likelihood_Algorithm/Polytomous_Logistic_Regression
   StdErr=/dev/null
   StdIn=/dev/null
   StdOut=/dev/null
   MailUser=timothyruel2024@u.northwestern.edu MailType=INVALID_DEPEND,BEGIN,END,FAIL,REQUEUE,STAGE_OUT
   
--------------------------------------------------------------------------------
JOB EFFICIENCY 
--------------------------------------------------------------------------------
Job efficiency will be calculated after the job has completed.
===== checkjob (interval) at Thu Jun 12 20:53:44 CDT 2025 =====
--------------------------------------------------------------------------------
JOB INFORMATION 
--------------------------------------------------------------------------------
JobId=5521061 ArrayJobId=5519625 ArrayTaskId=248 JobName=experiment_sim
   UserId=tbr0780(3229) GroupId=tbr0780(4023) MCS_label=N/A
   Priority=21414 Nice=0 Account=p32397 QOS=normal
   JobState=RUNNING Reason=None Dependency=(null)
   Requeue=0 Restarts=0 BatchFlag=1 Reboot=0 ExitCode=0:0
   RunTime=00:07:38 TimeLimit=02:00:00 TimeMin=N/A
   SubmitTime=2025-06-12T19:56:30 EligibleTime=2025-06-12T19:56:31
   AccrueTime=2025-06-12T19:56:31
   StartTime=2025-06-12T20:46:07 EndTime=2025-06-12T22:46:07 Deadline=N/A
   SuspendTime=None SecsPreSuspend=0 LastSchedEval=2025-06-12T20:46:07 Scheduler=Main
   Partition=short AllocNode:Sid=quser43:3646922
   ReqNodeList=(null) ExcNodeList=(null)
   NodeList=qnode3024
   BatchHost=qnode3024
   NumNodes=1 NumCPUs=64 NumTasks=64 CPUs/Task=1 ReqB:S:C:T=0:0:*:*
   ReqTRES=cpu=64,mem=32000M,node=1,billing=288
   AllocTRES=cpu=64,mem=32000M,node=1,billing=288
   Socks/Node=* NtasksPerN:B:S:C=64:0:*:* CoreSpec=*
   MinCPUsNode=64 MinMemoryCPU=500M MinTmpDiskNode=0
   Features=[quest10|quest11|quest12|quest13] DelayBoot=00:00:00
   OverSubscribe=OK Contiguous=0 Licenses=(null) Network=(null)
   Command=/gpfs/home/tbr0780/Dissertation/Integrated_Likelihood_Algorithm/Polytomous_Logistic_Regression/scripts/experiment_sim.sh
   WorkDir=/gpfs/home/tbr0780/Dissertation/Integrated_Likelihood_Algorithm/Polytomous_Logistic_Regression
   StdErr=/dev/null
   StdIn=/dev/null
   StdOut=/dev/null
   MailUser=timothyruel2024@u.northwestern.edu MailType=INVALID_DEPEND,BEGIN,END,FAIL,REQUEUE,STAGE_OUT
   
--------------------------------------------------------------------------------
JOB EFFICIENCY 
--------------------------------------------------------------------------------
Job efficiency will be calculated after the job has completed.
===== checkjob (interval) at Thu Jun 12 20:54:17 CDT 2025 =====
--------------------------------------------------------------------------------
JOB INFORMATION 
--------------------------------------------------------------------------------
JobId=5521061 ArrayJobId=5519625 ArrayTaskId=248 JobName=experiment_sim
   UserId=tbr0780(3229) GroupId=tbr0780(4023) MCS_label=N/A
   Priority=21414 Nice=0 Account=p32397 QOS=normal
   JobState=RUNNING Reason=None Dependency=(null)
   Requeue=0 Restarts=0 BatchFlag=1 Reboot=0 ExitCode=0:0
   RunTime=00:08:10 TimeLimit=02:00:00 TimeMin=N/A
   SubmitTime=2025-06-12T19:56:30 EligibleTime=2025-06-12T19:56:31
   AccrueTime=2025-06-12T19:56:31
   StartTime=2025-06-12T20:46:07 EndTime=2025-06-12T22:46:07 Deadline=N/A
   SuspendTime=None SecsPreSuspend=0 LastSchedEval=2025-06-12T20:46:07 Scheduler=Main
   Partition=short AllocNode:Sid=quser43:3646922
   ReqNodeList=(null) ExcNodeList=(null)
   NodeList=qnode3024
   BatchHost=qnode3024
   NumNodes=1 NumCPUs=64 NumTasks=64 CPUs/Task=1 ReqB:S:C:T=0:0:*:*
   ReqTRES=cpu=64,mem=32000M,node=1,billing=288
   AllocTRES=cpu=64,mem=32000M,node=1,billing=288
   Socks/Node=* NtasksPerN:B:S:C=64:0:*:* CoreSpec=*
   MinCPUsNode=64 MinMemoryCPU=500M MinTmpDiskNode=0
   Features=[quest10|quest11|quest12|quest13] DelayBoot=00:00:00
   OverSubscribe=OK Contiguous=0 Licenses=(null) Network=(null)
   Command=/gpfs/home/tbr0780/Dissertation/Integrated_Likelihood_Algorithm/Polytomous_Logistic_Regression/scripts/experiment_sim.sh
   WorkDir=/gpfs/home/tbr0780/Dissertation/Integrated_Likelihood_Algorithm/Polytomous_Logistic_Regression
   StdErr=/dev/null
   StdIn=/dev/null
   StdOut=/dev/null
   MailUser=timothyruel2024@u.northwestern.edu MailType=INVALID_DEPEND,BEGIN,END,FAIL,REQUEUE,STAGE_OUT
   
--------------------------------------------------------------------------------
JOB EFFICIENCY 
--------------------------------------------------------------------------------
Job efficiency will be calculated after the job has completed.
===== checkjob (interval) at Thu Jun 12 20:54:52 CDT 2025 =====
--------------------------------------------------------------------------------
JOB INFORMATION 
--------------------------------------------------------------------------------
JobId=5521061 ArrayJobId=5519625 ArrayTaskId=248 JobName=experiment_sim
   UserId=tbr0780(3229) GroupId=tbr0780(4023) MCS_label=N/A
   Priority=21414 Nice=0 Account=p32397 QOS=normal
   JobState=RUNNING Reason=None Dependency=(null)
   Requeue=0 Restarts=0 BatchFlag=1 Reboot=0 ExitCode=0:0
   RunTime=00:08:45 TimeLimit=02:00:00 TimeMin=N/A
   SubmitTime=2025-06-12T19:56:30 EligibleTime=2025-06-12T19:56:31
   AccrueTime=2025-06-12T19:56:31
   StartTime=2025-06-12T20:46:07 EndTime=2025-06-12T22:46:07 Deadline=N/A
   SuspendTime=None SecsPreSuspend=0 LastSchedEval=2025-06-12T20:46:07 Scheduler=Main
   Partition=short AllocNode:Sid=quser43:3646922
   ReqNodeList=(null) ExcNodeList=(null)
   NodeList=qnode3024
   BatchHost=qnode3024
   NumNodes=1 NumCPUs=64 NumTasks=64 CPUs/Task=1 ReqB:S:C:T=0:0:*:*
   ReqTRES=cpu=64,mem=32000M,node=1,billing=288
   AllocTRES=cpu=64,mem=32000M,node=1,billing=288
   Socks/Node=* NtasksPerN:B:S:C=64:0:*:* CoreSpec=*
   MinCPUsNode=64 MinMemoryCPU=500M MinTmpDiskNode=0
   Features=[quest10|quest11|quest12|quest13] DelayBoot=00:00:00
   OverSubscribe=OK Contiguous=0 Licenses=(null) Network=(null)
   Command=/gpfs/home/tbr0780/Dissertation/Integrated_Likelihood_Algorithm/Polytomous_Logistic_Regression/scripts/experiment_sim.sh
   WorkDir=/gpfs/home/tbr0780/Dissertation/Integrated_Likelihood_Algorithm/Polytomous_Logistic_Regression
   StdErr=/dev/null
   StdIn=/dev/null
   StdOut=/dev/null
   MailUser=timothyruel2024@u.northwestern.edu MailType=INVALID_DEPEND,BEGIN,END,FAIL,REQUEUE,STAGE_OUT
   
--------------------------------------------------------------------------------
JOB EFFICIENCY 
--------------------------------------------------------------------------------
Job efficiency will be calculated after the job has completed.
===== checkjob (interval) at Thu Jun 12 20:55:23 CDT 2025 =====
--------------------------------------------------------------------------------
JOB INFORMATION 
--------------------------------------------------------------------------------
JobId=5521061 ArrayJobId=5519625 ArrayTaskId=248 JobName=experiment_sim
   UserId=tbr0780(3229) GroupId=tbr0780(4023) MCS_label=N/A
   Priority=21414 Nice=0 Account=p32397 QOS=normal
   JobState=RUNNING Reason=None Dependency=(null)
   Requeue=0 Restarts=0 BatchFlag=1 Reboot=0 ExitCode=0:0
   RunTime=00:09:16 TimeLimit=02:00:00 TimeMin=N/A
   SubmitTime=2025-06-12T19:56:30 EligibleTime=2025-06-12T19:56:31
   AccrueTime=2025-06-12T19:56:31
   StartTime=2025-06-12T20:46:07 EndTime=2025-06-12T22:46:07 Deadline=N/A
   SuspendTime=None SecsPreSuspend=0 LastSchedEval=2025-06-12T20:46:07 Scheduler=Main
   Partition=short AllocNode:Sid=quser43:3646922
   ReqNodeList=(null) ExcNodeList=(null)
   NodeList=qnode3024
   BatchHost=qnode3024
   NumNodes=1 NumCPUs=64 NumTasks=64 CPUs/Task=1 ReqB:S:C:T=0:0:*:*
   ReqTRES=cpu=64,mem=32000M,node=1,billing=288
   AllocTRES=cpu=64,mem=32000M,node=1,billing=288
   Socks/Node=* NtasksPerN:B:S:C=64:0:*:* CoreSpec=*
   MinCPUsNode=64 MinMemoryCPU=500M MinTmpDiskNode=0
   Features=[quest10|quest11|quest12|quest13] DelayBoot=00:00:00
   OverSubscribe=OK Contiguous=0 Licenses=(null) Network=(null)
   Command=/gpfs/home/tbr0780/Dissertation/Integrated_Likelihood_Algorithm/Polytomous_Logistic_Regression/scripts/experiment_sim.sh
   WorkDir=/gpfs/home/tbr0780/Dissertation/Integrated_Likelihood_Algorithm/Polytomous_Logistic_Regression
   StdErr=/dev/null
   StdIn=/dev/null
   StdOut=/dev/null
   MailUser=timothyruel2024@u.northwestern.edu MailType=INVALID_DEPEND,BEGIN,END,FAIL,REQUEUE,STAGE_OUT
   
--------------------------------------------------------------------------------
JOB EFFICIENCY 
--------------------------------------------------------------------------------
Job efficiency will be calculated after the job has completed.
===== checkjob (interval) at Thu Jun 12 20:55:56 CDT 2025 =====
--------------------------------------------------------------------------------
JOB INFORMATION 
--------------------------------------------------------------------------------
JobId=5521061 ArrayJobId=5519625 ArrayTaskId=248 JobName=experiment_sim
   UserId=tbr0780(3229) GroupId=tbr0780(4023) MCS_label=N/A
   Priority=21414 Nice=0 Account=p32397 QOS=normal
   JobState=RUNNING Reason=None Dependency=(null)
   Requeue=0 Restarts=0 BatchFlag=1 Reboot=0 ExitCode=0:0
   RunTime=00:09:49 TimeLimit=02:00:00 TimeMin=N/A
   SubmitTime=2025-06-12T19:56:30 EligibleTime=2025-06-12T19:56:31
   AccrueTime=2025-06-12T19:56:31
   StartTime=2025-06-12T20:46:07 EndTime=2025-06-12T22:46:07 Deadline=N/A
   SuspendTime=None SecsPreSuspend=0 LastSchedEval=2025-06-12T20:46:07 Scheduler=Main
   Partition=short AllocNode:Sid=quser43:3646922
   ReqNodeList=(null) ExcNodeList=(null)
   NodeList=qnode3024
   BatchHost=qnode3024
   NumNodes=1 NumCPUs=64 NumTasks=64 CPUs/Task=1 ReqB:S:C:T=0:0:*:*
   ReqTRES=cpu=64,mem=32000M,node=1,billing=288
   AllocTRES=cpu=64,mem=32000M,node=1,billing=288
   Socks/Node=* NtasksPerN:B:S:C=64:0:*:* CoreSpec=*
   MinCPUsNode=64 MinMemoryCPU=500M MinTmpDiskNode=0
   Features=[quest10|quest11|quest12|quest13] DelayBoot=00:00:00
   OverSubscribe=OK Contiguous=0 Licenses=(null) Network=(null)
   Command=/gpfs/home/tbr0780/Dissertation/Integrated_Likelihood_Algorithm/Polytomous_Logistic_Regression/scripts/experiment_sim.sh
   WorkDir=/gpfs/home/tbr0780/Dissertation/Integrated_Likelihood_Algorithm/Polytomous_Logistic_Regression
   StdErr=/dev/null
   StdIn=/dev/null
   StdOut=/dev/null
   MailUser=timothyruel2024@u.northwestern.edu MailType=INVALID_DEPEND,BEGIN,END,FAIL,REQUEUE,STAGE_OUT
   
--------------------------------------------------------------------------------
JOB EFFICIENCY 
--------------------------------------------------------------------------------
Job efficiency will be calculated after the job has completed.
===== checkjob (interval) at Thu Jun 12 20:56:31 CDT 2025 =====
--------------------------------------------------------------------------------
JOB INFORMATION 
--------------------------------------------------------------------------------
JobId=5521061 ArrayJobId=5519625 ArrayTaskId=248 JobName=experiment_sim
   UserId=tbr0780(3229) GroupId=tbr0780(4023) MCS_label=N/A
   Priority=21414 Nice=0 Account=p32397 QOS=normal
   JobState=RUNNING Reason=None Dependency=(null)
   Requeue=0 Restarts=0 BatchFlag=1 Reboot=0 ExitCode=0:0
   RunTime=00:10:24 TimeLimit=02:00:00 TimeMin=N/A
   SubmitTime=2025-06-12T19:56:30 EligibleTime=2025-06-12T19:56:31
   AccrueTime=2025-06-12T19:56:31
   StartTime=2025-06-12T20:46:07 EndTime=2025-06-12T22:46:07 Deadline=N/A
   SuspendTime=None SecsPreSuspend=0 LastSchedEval=2025-06-12T20:46:07 Scheduler=Main
   Partition=short AllocNode:Sid=quser43:3646922
   ReqNodeList=(null) ExcNodeList=(null)
   NodeList=qnode3024
   BatchHost=qnode3024
   NumNodes=1 NumCPUs=64 NumTasks=64 CPUs/Task=1 ReqB:S:C:T=0:0:*:*
   ReqTRES=cpu=64,mem=32000M,node=1,billing=288
   AllocTRES=cpu=64,mem=32000M,node=1,billing=288
   Socks/Node=* NtasksPerN:B:S:C=64:0:*:* CoreSpec=*
   MinCPUsNode=64 MinMemoryCPU=500M MinTmpDiskNode=0
   Features=[quest10|quest11|quest12|quest13] DelayBoot=00:00:00
   OverSubscribe=OK Contiguous=0 Licenses=(null) Network=(null)
   Command=/gpfs/home/tbr0780/Dissertation/Integrated_Likelihood_Algorithm/Polytomous_Logistic_Regression/scripts/experiment_sim.sh
   WorkDir=/gpfs/home/tbr0780/Dissertation/Integrated_Likelihood_Algorithm/Polytomous_Logistic_Regression
   StdErr=/dev/null
   StdIn=/dev/null
   StdOut=/dev/null
   MailUser=timothyruel2024@u.northwestern.edu MailType=INVALID_DEPEND,BEGIN,END,FAIL,REQUEUE,STAGE_OUT
   
--------------------------------------------------------------------------------
JOB EFFICIENCY 
--------------------------------------------------------------------------------
Job efficiency will be calculated after the job has completed.
===== checkjob (interval) at Thu Jun 12 20:57:02 CDT 2025 =====
--------------------------------------------------------------------------------
JOB INFORMATION 
--------------------------------------------------------------------------------
JobId=5521061 ArrayJobId=5519625 ArrayTaskId=248 JobName=experiment_sim
   UserId=tbr0780(3229) GroupId=tbr0780(4023) MCS_label=N/A
   Priority=21414 Nice=0 Account=p32397 QOS=normal
   JobState=RUNNING Reason=None Dependency=(null)
   Requeue=0 Restarts=0 BatchFlag=1 Reboot=0 ExitCode=0:0
   RunTime=00:10:56 TimeLimit=02:00:00 TimeMin=N/A
   SubmitTime=2025-06-12T19:56:30 EligibleTime=2025-06-12T19:56:31
   AccrueTime=2025-06-12T19:56:31
   StartTime=2025-06-12T20:46:07 EndTime=2025-06-12T22:46:07 Deadline=N/A
   SuspendTime=None SecsPreSuspend=0 LastSchedEval=2025-06-12T20:46:07 Scheduler=Main
   Partition=short AllocNode:Sid=quser43:3646922
   ReqNodeList=(null) ExcNodeList=(null)
   NodeList=qnode3024
   BatchHost=qnode3024
   NumNodes=1 NumCPUs=64 NumTasks=64 CPUs/Task=1 ReqB:S:C:T=0:0:*:*
   ReqTRES=cpu=64,mem=32000M,node=1,billing=288
   AllocTRES=cpu=64,mem=32000M,node=1,billing=288
   Socks/Node=* NtasksPerN:B:S:C=64:0:*:* CoreSpec=*
   MinCPUsNode=64 MinMemoryCPU=500M MinTmpDiskNode=0
   Features=[quest10|quest11|quest12|quest13] DelayBoot=00:00:00
   OverSubscribe=OK Contiguous=0 Licenses=(null) Network=(null)
   Command=/gpfs/home/tbr0780/Dissertation/Integrated_Likelihood_Algorithm/Polytomous_Logistic_Regression/scripts/experiment_sim.sh
   WorkDir=/gpfs/home/tbr0780/Dissertation/Integrated_Likelihood_Algorithm/Polytomous_Logistic_Regression
   StdErr=/dev/null
   StdIn=/dev/null
   StdOut=/dev/null
   MailUser=timothyruel2024@u.northwestern.edu MailType=INVALID_DEPEND,BEGIN,END,FAIL,REQUEUE,STAGE_OUT
   
--------------------------------------------------------------------------------
JOB EFFICIENCY 
--------------------------------------------------------------------------------
Job efficiency will be calculated after the job has completed.
===== checkjob (interval) at Thu Jun 12 20:57:37 CDT 2025 =====
--------------------------------------------------------------------------------
JOB INFORMATION 
--------------------------------------------------------------------------------
JobId=5521061 ArrayJobId=5519625 ArrayTaskId=248 JobName=experiment_sim
   UserId=tbr0780(3229) GroupId=tbr0780(4023) MCS_label=N/A
   Priority=21414 Nice=0 Account=p32397 QOS=normal
   JobState=RUNNING Reason=None Dependency=(null)
   Requeue=0 Restarts=0 BatchFlag=1 Reboot=0 ExitCode=0:0
   RunTime=00:11:31 TimeLimit=02:00:00 TimeMin=N/A
   SubmitTime=2025-06-12T19:56:30 EligibleTime=2025-06-12T19:56:31
   AccrueTime=2025-06-12T19:56:31
   StartTime=2025-06-12T20:46:07 EndTime=2025-06-12T22:46:07 Deadline=N/A
   SuspendTime=None SecsPreSuspend=0 LastSchedEval=2025-06-12T20:46:07 Scheduler=Main
   Partition=short AllocNode:Sid=quser43:3646922
   ReqNodeList=(null) ExcNodeList=(null)
   NodeList=qnode3024
   BatchHost=qnode3024
   NumNodes=1 NumCPUs=64 NumTasks=64 CPUs/Task=1 ReqB:S:C:T=0:0:*:*
   ReqTRES=cpu=64,mem=32000M,node=1,billing=288
   AllocTRES=cpu=64,mem=32000M,node=1,billing=288
   Socks/Node=* NtasksPerN:B:S:C=64:0:*:* CoreSpec=*
   MinCPUsNode=64 MinMemoryCPU=500M MinTmpDiskNode=0
   Features=[quest10|quest11|quest12|quest13] DelayBoot=00:00:00
   OverSubscribe=OK Contiguous=0 Licenses=(null) Network=(null)
   Command=/gpfs/home/tbr0780/Dissertation/Integrated_Likelihood_Algorithm/Polytomous_Logistic_Regression/scripts/experiment_sim.sh
   WorkDir=/gpfs/home/tbr0780/Dissertation/Integrated_Likelihood_Algorithm/Polytomous_Logistic_Regression
   StdErr=/dev/null
   StdIn=/dev/null
   StdOut=/dev/null
   MailUser=timothyruel2024@u.northwestern.edu MailType=INVALID_DEPEND,BEGIN,END,FAIL,REQUEUE,STAGE_OUT
   
--------------------------------------------------------------------------------
JOB EFFICIENCY 
--------------------------------------------------------------------------------
Job efficiency will be calculated after the job has completed.
===== checkjob (interval) at Thu Jun 12 20:58:12 CDT 2025 =====
--------------------------------------------------------------------------------
JOB INFORMATION 
--------------------------------------------------------------------------------
JobId=5521061 ArrayJobId=5519625 ArrayTaskId=248 JobName=experiment_sim
   UserId=tbr0780(3229) GroupId=tbr0780(4023) MCS_label=N/A
   Priority=21414 Nice=0 Account=p32397 QOS=normal
   JobState=RUNNING Reason=None Dependency=(null)
   Requeue=0 Restarts=0 BatchFlag=1 Reboot=0 ExitCode=0:0
   RunTime=00:12:06 TimeLimit=02:00:00 TimeMin=N/A
   SubmitTime=2025-06-12T19:56:30 EligibleTime=2025-06-12T19:56:31
   AccrueTime=2025-06-12T19:56:31
   StartTime=2025-06-12T20:46:07 EndTime=2025-06-12T22:46:07 Deadline=N/A
   SuspendTime=None SecsPreSuspend=0 LastSchedEval=2025-06-12T20:46:07 Scheduler=Main
   Partition=short AllocNode:Sid=quser43:3646922
   ReqNodeList=(null) ExcNodeList=(null)
   NodeList=qnode3024
   BatchHost=qnode3024
   NumNodes=1 NumCPUs=64 NumTasks=64 CPUs/Task=1 ReqB:S:C:T=0:0:*:*
   ReqTRES=cpu=64,mem=32000M,node=1,billing=288
   AllocTRES=cpu=64,mem=32000M,node=1,billing=288
   Socks/Node=* NtasksPerN:B:S:C=64:0:*:* CoreSpec=*
   MinCPUsNode=64 MinMemoryCPU=500M MinTmpDiskNode=0
   Features=[quest10|quest11|quest12|quest13] DelayBoot=00:00:00
   OverSubscribe=OK Contiguous=0 Licenses=(null) Network=(null)
   Command=/gpfs/home/tbr0780/Dissertation/Integrated_Likelihood_Algorithm/Polytomous_Logistic_Regression/scripts/experiment_sim.sh
   WorkDir=/gpfs/home/tbr0780/Dissertation/Integrated_Likelihood_Algorithm/Polytomous_Logistic_Regression
   StdErr=/dev/null
   StdIn=/dev/null
   StdOut=/dev/null
   MailUser=timothyruel2024@u.northwestern.edu MailType=INVALID_DEPEND,BEGIN,END,FAIL,REQUEUE,STAGE_OUT
   
--------------------------------------------------------------------------------
JOB EFFICIENCY 
--------------------------------------------------------------------------------
Job efficiency will be calculated after the job has completed.
===== checkjob (interval) at Thu Jun 12 20:58:44 CDT 2025 =====
--------------------------------------------------------------------------------
JOB INFORMATION 
--------------------------------------------------------------------------------
JobId=5521061 ArrayJobId=5519625 ArrayTaskId=248 JobName=experiment_sim
   UserId=tbr0780(3229) GroupId=tbr0780(4023) MCS_label=N/A
   Priority=21414 Nice=0 Account=p32397 QOS=normal
   JobState=RUNNING Reason=None Dependency=(null)
   Requeue=0 Restarts=0 BatchFlag=1 Reboot=0 ExitCode=0:0
   RunTime=00:12:37 TimeLimit=02:00:00 TimeMin=N/A
   SubmitTime=2025-06-12T19:56:30 EligibleTime=2025-06-12T19:56:31
   AccrueTime=2025-06-12T19:56:31
   StartTime=2025-06-12T20:46:07 EndTime=2025-06-12T22:46:07 Deadline=N/A
   SuspendTime=None SecsPreSuspend=0 LastSchedEval=2025-06-12T20:46:07 Scheduler=Main
   Partition=short AllocNode:Sid=quser43:3646922
   ReqNodeList=(null) ExcNodeList=(null)
   NodeList=qnode3024
   BatchHost=qnode3024
   NumNodes=1 NumCPUs=64 NumTasks=64 CPUs/Task=1 ReqB:S:C:T=0:0:*:*
   ReqTRES=cpu=64,mem=32000M,node=1,billing=288
   AllocTRES=cpu=64,mem=32000M,node=1,billing=288
   Socks/Node=* NtasksPerN:B:S:C=64:0:*:* CoreSpec=*
   MinCPUsNode=64 MinMemoryCPU=500M MinTmpDiskNode=0
   Features=[quest10|quest11|quest12|quest13] DelayBoot=00:00:00
   OverSubscribe=OK Contiguous=0 Licenses=(null) Network=(null)
   Command=/gpfs/home/tbr0780/Dissertation/Integrated_Likelihood_Algorithm/Polytomous_Logistic_Regression/scripts/experiment_sim.sh
   WorkDir=/gpfs/home/tbr0780/Dissertation/Integrated_Likelihood_Algorithm/Polytomous_Logistic_Regression
   StdErr=/dev/null
   StdIn=/dev/null
   StdOut=/dev/null
   MailUser=timothyruel2024@u.northwestern.edu MailType=INVALID_DEPEND,BEGIN,END,FAIL,REQUEUE,STAGE_OUT
   
--------------------------------------------------------------------------------
JOB EFFICIENCY 
--------------------------------------------------------------------------------
Job efficiency will be calculated after the job has completed.
===== checkjob (interval) at Thu Jun 12 20:59:17 CDT 2025 =====
--------------------------------------------------------------------------------
JOB INFORMATION 
--------------------------------------------------------------------------------
JobId=5521061 ArrayJobId=5519625 ArrayTaskId=248 JobName=experiment_sim
   UserId=tbr0780(3229) GroupId=tbr0780(4023) MCS_label=N/A
   Priority=21414 Nice=0 Account=p32397 QOS=normal
   JobState=RUNNING Reason=None Dependency=(null)
   Requeue=0 Restarts=0 BatchFlag=1 Reboot=0 ExitCode=0:0
   RunTime=00:13:10 TimeLimit=02:00:00 TimeMin=N/A
   SubmitTime=2025-06-12T19:56:30 EligibleTime=2025-06-12T19:56:31
   AccrueTime=2025-06-12T19:56:31
   StartTime=2025-06-12T20:46:07 EndTime=2025-06-12T22:46:07 Deadline=N/A
   SuspendTime=None SecsPreSuspend=0 LastSchedEval=2025-06-12T20:46:07 Scheduler=Main
   Partition=short AllocNode:Sid=quser43:3646922
   ReqNodeList=(null) ExcNodeList=(null)
   NodeList=qnode3024
   BatchHost=qnode3024
   NumNodes=1 NumCPUs=64 NumTasks=64 CPUs/Task=1 ReqB:S:C:T=0:0:*:*
   ReqTRES=cpu=64,mem=32000M,node=1,billing=288
   AllocTRES=cpu=64,mem=32000M,node=1,billing=288
   Socks/Node=* NtasksPerN:B:S:C=64:0:*:* CoreSpec=*
   MinCPUsNode=64 MinMemoryCPU=500M MinTmpDiskNode=0
   Features=[quest10|quest11|quest12|quest13] DelayBoot=00:00:00
   OverSubscribe=OK Contiguous=0 Licenses=(null) Network=(null)
   Command=/gpfs/home/tbr0780/Dissertation/Integrated_Likelihood_Algorithm/Polytomous_Logistic_Regression/scripts/experiment_sim.sh
   WorkDir=/gpfs/home/tbr0780/Dissertation/Integrated_Likelihood_Algorithm/Polytomous_Logistic_Regression
   StdErr=/dev/null
   StdIn=/dev/null
   StdOut=/dev/null
   MailUser=timothyruel2024@u.northwestern.edu MailType=INVALID_DEPEND,BEGIN,END,FAIL,REQUEUE,STAGE_OUT
   
--------------------------------------------------------------------------------
JOB EFFICIENCY 
--------------------------------------------------------------------------------
Job efficiency will be calculated after the job has completed.
===== checkjob (interval) at Thu Jun 12 20:59:52 CDT 2025 =====
--------------------------------------------------------------------------------
JOB INFORMATION 
--------------------------------------------------------------------------------
JobId=5521061 ArrayJobId=5519625 ArrayTaskId=248 JobName=experiment_sim
   UserId=tbr0780(3229) GroupId=tbr0780(4023) MCS_label=N/A
   Priority=21414 Nice=0 Account=p32397 QOS=normal
   JobState=RUNNING Reason=None Dependency=(null)
   Requeue=0 Restarts=0 BatchFlag=1 Reboot=0 ExitCode=0:0
   RunTime=00:13:45 TimeLimit=02:00:00 TimeMin=N/A
   SubmitTime=2025-06-12T19:56:30 EligibleTime=2025-06-12T19:56:31
   AccrueTime=2025-06-12T19:56:31
   StartTime=2025-06-12T20:46:07 EndTime=2025-06-12T22:46:07 Deadline=N/A
   SuspendTime=None SecsPreSuspend=0 LastSchedEval=2025-06-12T20:46:07 Scheduler=Main
   Partition=short AllocNode:Sid=quser43:3646922
   ReqNodeList=(null) ExcNodeList=(null)
   NodeList=qnode3024
   BatchHost=qnode3024
   NumNodes=1 NumCPUs=64 NumTasks=64 CPUs/Task=1 ReqB:S:C:T=0:0:*:*
   ReqTRES=cpu=64,mem=32000M,node=1,billing=288
   AllocTRES=cpu=64,mem=32000M,node=1,billing=288
   Socks/Node=* NtasksPerN:B:S:C=64:0:*:* CoreSpec=*
   MinCPUsNode=64 MinMemoryCPU=500M MinTmpDiskNode=0
   Features=[quest10|quest11|quest12|quest13] DelayBoot=00:00:00
   OverSubscribe=OK Contiguous=0 Licenses=(null) Network=(null)
   Command=/gpfs/home/tbr0780/Dissertation/Integrated_Likelihood_Algorithm/Polytomous_Logistic_Regression/scripts/experiment_sim.sh
   WorkDir=/gpfs/home/tbr0780/Dissertation/Integrated_Likelihood_Algorithm/Polytomous_Logistic_Regression
   StdErr=/dev/null
   StdIn=/dev/null
   StdOut=/dev/null
   MailUser=timothyruel2024@u.northwestern.edu MailType=INVALID_DEPEND,BEGIN,END,FAIL,REQUEUE,STAGE_OUT
   
--------------------------------------------------------------------------------
JOB EFFICIENCY 
--------------------------------------------------------------------------------
Job efficiency will be calculated after the job has completed.
===== checkjob (interval) at Thu Jun 12 21:00:23 CDT 2025 =====
--------------------------------------------------------------------------------
JOB INFORMATION 
--------------------------------------------------------------------------------
JobId=5521061 ArrayJobId=5519625 ArrayTaskId=248 JobName=experiment_sim
   UserId=tbr0780(3229) GroupId=tbr0780(4023) MCS_label=N/A
   Priority=21414 Nice=0 Account=p32397 QOS=normal
   JobState=RUNNING Reason=None Dependency=(null)
   Requeue=0 Restarts=0 BatchFlag=1 Reboot=0 ExitCode=0:0
   RunTime=00:14:16 TimeLimit=02:00:00 TimeMin=N/A
   SubmitTime=2025-06-12T19:56:30 EligibleTime=2025-06-12T19:56:31
   AccrueTime=2025-06-12T19:56:31
   StartTime=2025-06-12T20:46:07 EndTime=2025-06-12T22:46:07 Deadline=N/A
   SuspendTime=None SecsPreSuspend=0 LastSchedEval=2025-06-12T20:46:07 Scheduler=Main
   Partition=short AllocNode:Sid=quser43:3646922
   ReqNodeList=(null) ExcNodeList=(null)
   NodeList=qnode3024
   BatchHost=qnode3024
   NumNodes=1 NumCPUs=64 NumTasks=64 CPUs/Task=1 ReqB:S:C:T=0:0:*:*
   ReqTRES=cpu=64,mem=32000M,node=1,billing=288
   AllocTRES=cpu=64,mem=32000M,node=1,billing=288
   Socks/Node=* NtasksPerN:B:S:C=64:0:*:* CoreSpec=*
   MinCPUsNode=64 MinMemoryCPU=500M MinTmpDiskNode=0
   Features=[quest10|quest11|quest12|quest13] DelayBoot=00:00:00
   OverSubscribe=OK Contiguous=0 Licenses=(null) Network=(null)
   Command=/gpfs/home/tbr0780/Dissertation/Integrated_Likelihood_Algorithm/Polytomous_Logistic_Regression/scripts/experiment_sim.sh
   WorkDir=/gpfs/home/tbr0780/Dissertation/Integrated_Likelihood_Algorithm/Polytomous_Logistic_Regression
   StdErr=/dev/null
   StdIn=/dev/null
   StdOut=/dev/null
   MailUser=timothyruel2024@u.northwestern.edu MailType=INVALID_DEPEND,BEGIN,END,FAIL,REQUEUE,STAGE_OUT
   
--------------------------------------------------------------------------------
JOB EFFICIENCY 
--------------------------------------------------------------------------------
Job efficiency will be calculated after the job has completed.
===== checkjob (interval) at Thu Jun 12 21:00:56 CDT 2025 =====
--------------------------------------------------------------------------------
JOB INFORMATION 
--------------------------------------------------------------------------------
JobId=5521061 ArrayJobId=5519625 ArrayTaskId=248 JobName=experiment_sim
   UserId=tbr0780(3229) GroupId=tbr0780(4023) MCS_label=N/A
   Priority=21414 Nice=0 Account=p32397 QOS=normal
   JobState=RUNNING Reason=None Dependency=(null)
   Requeue=0 Restarts=0 BatchFlag=1 Reboot=0 ExitCode=0:0
   RunTime=00:14:49 TimeLimit=02:00:00 TimeMin=N/A
   SubmitTime=2025-06-12T19:56:30 EligibleTime=2025-06-12T19:56:31
   AccrueTime=2025-06-12T19:56:31
   StartTime=2025-06-12T20:46:07 EndTime=2025-06-12T22:46:07 Deadline=N/A
   SuspendTime=None SecsPreSuspend=0 LastSchedEval=2025-06-12T20:46:07 Scheduler=Main
   Partition=short AllocNode:Sid=quser43:3646922
   ReqNodeList=(null) ExcNodeList=(null)
   NodeList=qnode3024
   BatchHost=qnode3024
   NumNodes=1 NumCPUs=64 NumTasks=64 CPUs/Task=1 ReqB:S:C:T=0:0:*:*
   ReqTRES=cpu=64,mem=32000M,node=1,billing=288
   AllocTRES=cpu=64,mem=32000M,node=1,billing=288
   Socks/Node=* NtasksPerN:B:S:C=64:0:*:* CoreSpec=*
   MinCPUsNode=64 MinMemoryCPU=500M MinTmpDiskNode=0
   Features=[quest10|quest11|quest12|quest13] DelayBoot=00:00:00
   OverSubscribe=OK Contiguous=0 Licenses=(null) Network=(null)
   Command=/gpfs/home/tbr0780/Dissertation/Integrated_Likelihood_Algorithm/Polytomous_Logistic_Regression/scripts/experiment_sim.sh
   WorkDir=/gpfs/home/tbr0780/Dissertation/Integrated_Likelihood_Algorithm/Polytomous_Logistic_Regression
   StdErr=/dev/null
   StdIn=/dev/null
   StdOut=/dev/null
   MailUser=timothyruel2024@u.northwestern.edu MailType=INVALID_DEPEND,BEGIN,END,FAIL,REQUEUE,STAGE_OUT
   
--------------------------------------------------------------------------------
JOB EFFICIENCY 
--------------------------------------------------------------------------------
Job efficiency will be calculated after the job has completed.
===== checkjob (interval) at Thu Jun 12 21:01:31 CDT 2025 =====
--------------------------------------------------------------------------------
JOB INFORMATION 
--------------------------------------------------------------------------------
JobId=5521061 ArrayJobId=5519625 ArrayTaskId=248 JobName=experiment_sim
   UserId=tbr0780(3229) GroupId=tbr0780(4023) MCS_label=N/A
   Priority=21414 Nice=0 Account=p32397 QOS=normal
   JobState=RUNNING Reason=None Dependency=(null)
   Requeue=0 Restarts=0 BatchFlag=1 Reboot=0 ExitCode=0:0
   RunTime=00:15:24 TimeLimit=02:00:00 TimeMin=N/A
   SubmitTime=2025-06-12T19:56:30 EligibleTime=2025-06-12T19:56:31
   AccrueTime=2025-06-12T19:56:31
   StartTime=2025-06-12T20:46:07 EndTime=2025-06-12T22:46:07 Deadline=N/A
   SuspendTime=None SecsPreSuspend=0 LastSchedEval=2025-06-12T20:46:07 Scheduler=Main
   Partition=short AllocNode:Sid=quser43:3646922
   ReqNodeList=(null) ExcNodeList=(null)
   NodeList=qnode3024
   BatchHost=qnode3024
   NumNodes=1 NumCPUs=64 NumTasks=64 CPUs/Task=1 ReqB:S:C:T=0:0:*:*
   ReqTRES=cpu=64,mem=32000M,node=1,billing=288
   AllocTRES=cpu=64,mem=32000M,node=1,billing=288
   Socks/Node=* NtasksPerN:B:S:C=64:0:*:* CoreSpec=*
   MinCPUsNode=64 MinMemoryCPU=500M MinTmpDiskNode=0
   Features=[quest10|quest11|quest12|quest13] DelayBoot=00:00:00
   OverSubscribe=OK Contiguous=0 Licenses=(null) Network=(null)
   Command=/gpfs/home/tbr0780/Dissertation/Integrated_Likelihood_Algorithm/Polytomous_Logistic_Regression/scripts/experiment_sim.sh
   WorkDir=/gpfs/home/tbr0780/Dissertation/Integrated_Likelihood_Algorithm/Polytomous_Logistic_Regression
   StdErr=/dev/null
   StdIn=/dev/null
   StdOut=/dev/null
   MailUser=timothyruel2024@u.northwestern.edu MailType=INVALID_DEPEND,BEGIN,END,FAIL,REQUEUE,STAGE_OUT
   
--------------------------------------------------------------------------------
JOB EFFICIENCY 
--------------------------------------------------------------------------------
Job efficiency will be calculated after the job has completed.
===== checkjob (interval) at Thu Jun 12 21:02:03 CDT 2025 =====
--------------------------------------------------------------------------------
JOB INFORMATION 
--------------------------------------------------------------------------------
JobId=5521061 ArrayJobId=5519625 ArrayTaskId=248 JobName=experiment_sim
   UserId=tbr0780(3229) GroupId=tbr0780(4023) MCS_label=N/A
   Priority=21414 Nice=0 Account=p32397 QOS=normal
   JobState=RUNNING Reason=None Dependency=(null)
   Requeue=0 Restarts=0 BatchFlag=1 Reboot=0 ExitCode=0:0
   RunTime=00:15:56 TimeLimit=02:00:00 TimeMin=N/A
   SubmitTime=2025-06-12T19:56:30 EligibleTime=2025-06-12T19:56:31
   AccrueTime=2025-06-12T19:56:31
   StartTime=2025-06-12T20:46:07 EndTime=2025-06-12T22:46:07 Deadline=N/A
   SuspendTime=None SecsPreSuspend=0 LastSchedEval=2025-06-12T20:46:07 Scheduler=Main
   Partition=short AllocNode:Sid=quser43:3646922
   ReqNodeList=(null) ExcNodeList=(null)
   NodeList=qnode3024
   BatchHost=qnode3024
   NumNodes=1 NumCPUs=64 NumTasks=64 CPUs/Task=1 ReqB:S:C:T=0:0:*:*
   ReqTRES=cpu=64,mem=32000M,node=1,billing=288
   AllocTRES=cpu=64,mem=32000M,node=1,billing=288
   Socks/Node=* NtasksPerN:B:S:C=64:0:*:* CoreSpec=*
   MinCPUsNode=64 MinMemoryCPU=500M MinTmpDiskNode=0
   Features=[quest10|quest11|quest12|quest13] DelayBoot=00:00:00
   OverSubscribe=OK Contiguous=0 Licenses=(null) Network=(null)
   Command=/gpfs/home/tbr0780/Dissertation/Integrated_Likelihood_Algorithm/Polytomous_Logistic_Regression/scripts/experiment_sim.sh
   WorkDir=/gpfs/home/tbr0780/Dissertation/Integrated_Likelihood_Algorithm/Polytomous_Logistic_Regression
   StdErr=/dev/null
   StdIn=/dev/null
   StdOut=/dev/null
   MailUser=timothyruel2024@u.northwestern.edu MailType=INVALID_DEPEND,BEGIN,END,FAIL,REQUEUE,STAGE_OUT
   
--------------------------------------------------------------------------------
JOB EFFICIENCY 
--------------------------------------------------------------------------------
Job efficiency will be calculated after the job has completed.
===== checkjob (interval) at Thu Jun 12 21:02:36 CDT 2025 =====
--------------------------------------------------------------------------------
JOB INFORMATION 
--------------------------------------------------------------------------------
JobId=5521061 ArrayJobId=5519625 ArrayTaskId=248 JobName=experiment_sim
   UserId=tbr0780(3229) GroupId=tbr0780(4023) MCS_label=N/A
   Priority=21414 Nice=0 Account=p32397 QOS=normal
   JobState=RUNNING Reason=None Dependency=(null)
   Requeue=0 Restarts=0 BatchFlag=1 Reboot=0 ExitCode=0:0
   RunTime=00:16:29 TimeLimit=02:00:00 TimeMin=N/A
   SubmitTime=2025-06-12T19:56:30 EligibleTime=2025-06-12T19:56:31
   AccrueTime=2025-06-12T19:56:31
   StartTime=2025-06-12T20:46:07 EndTime=2025-06-12T22:46:07 Deadline=N/A
   SuspendTime=None SecsPreSuspend=0 LastSchedEval=2025-06-12T20:46:07 Scheduler=Main
   Partition=short AllocNode:Sid=quser43:3646922
   ReqNodeList=(null) ExcNodeList=(null)
   NodeList=qnode3024
   BatchHost=qnode3024
   NumNodes=1 NumCPUs=64 NumTasks=64 CPUs/Task=1 ReqB:S:C:T=0:0:*:*
   ReqTRES=cpu=64,mem=32000M,node=1,billing=288
   AllocTRES=cpu=64,mem=32000M,node=1,billing=288
   Socks/Node=* NtasksPerN:B:S:C=64:0:*:* CoreSpec=*
   MinCPUsNode=64 MinMemoryCPU=500M MinTmpDiskNode=0
   Features=[quest10|quest11|quest12|quest13] DelayBoot=00:00:00
   OverSubscribe=OK Contiguous=0 Licenses=(null) Network=(null)
   Command=/gpfs/home/tbr0780/Dissertation/Integrated_Likelihood_Algorithm/Polytomous_Logistic_Regression/scripts/experiment_sim.sh
   WorkDir=/gpfs/home/tbr0780/Dissertation/Integrated_Likelihood_Algorithm/Polytomous_Logistic_Regression
   StdErr=/dev/null
   StdIn=/dev/null
   StdOut=/dev/null
   MailUser=timothyruel2024@u.northwestern.edu MailType=INVALID_DEPEND,BEGIN,END,FAIL,REQUEUE,STAGE_OUT
   
--------------------------------------------------------------------------------
JOB EFFICIENCY 
--------------------------------------------------------------------------------
Job efficiency will be calculated after the job has completed.
===== checkjob (interval) at Thu Jun 12 21:03:11 CDT 2025 =====
--------------------------------------------------------------------------------
JOB INFORMATION 
--------------------------------------------------------------------------------
JobId=5521061 ArrayJobId=5519625 ArrayTaskId=248 JobName=experiment_sim
   UserId=tbr0780(3229) GroupId=tbr0780(4023) MCS_label=N/A
   Priority=21414 Nice=0 Account=p32397 QOS=normal
   JobState=RUNNING Reason=None Dependency=(null)
   Requeue=0 Restarts=0 BatchFlag=1 Reboot=0 ExitCode=0:0
   RunTime=00:17:04 TimeLimit=02:00:00 TimeMin=N/A
   SubmitTime=2025-06-12T19:56:30 EligibleTime=2025-06-12T19:56:31
   AccrueTime=2025-06-12T19:56:31
   StartTime=2025-06-12T20:46:07 EndTime=2025-06-12T22:46:07 Deadline=N/A
   SuspendTime=None SecsPreSuspend=0 LastSchedEval=2025-06-12T20:46:07 Scheduler=Main
   Partition=short AllocNode:Sid=quser43:3646922
   ReqNodeList=(null) ExcNodeList=(null)
   NodeList=qnode3024
   BatchHost=qnode3024
   NumNodes=1 NumCPUs=64 NumTasks=64 CPUs/Task=1 ReqB:S:C:T=0:0:*:*
   ReqTRES=cpu=64,mem=32000M,node=1,billing=288
   AllocTRES=cpu=64,mem=32000M,node=1,billing=288
   Socks/Node=* NtasksPerN:B:S:C=64:0:*:* CoreSpec=*
   MinCPUsNode=64 MinMemoryCPU=500M MinTmpDiskNode=0
   Features=[quest10|quest11|quest12|quest13] DelayBoot=00:00:00
   OverSubscribe=OK Contiguous=0 Licenses=(null) Network=(null)
   Command=/gpfs/home/tbr0780/Dissertation/Integrated_Likelihood_Algorithm/Polytomous_Logistic_Regression/scripts/experiment_sim.sh
   WorkDir=/gpfs/home/tbr0780/Dissertation/Integrated_Likelihood_Algorithm/Polytomous_Logistic_Regression
   StdErr=/dev/null
   StdIn=/dev/null
   StdOut=/dev/null
   MailUser=timothyruel2024@u.northwestern.edu MailType=INVALID_DEPEND,BEGIN,END,FAIL,REQUEUE,STAGE_OUT
   
--------------------------------------------------------------------------------
JOB EFFICIENCY 
--------------------------------------------------------------------------------
Job efficiency will be calculated after the job has completed.
===== checkjob (interval) at Thu Jun 12 21:03:42 CDT 2025 =====
--------------------------------------------------------------------------------
JOB INFORMATION 
--------------------------------------------------------------------------------
JobId=5521061 ArrayJobId=5519625 ArrayTaskId=248 JobName=experiment_sim
   UserId=tbr0780(3229) GroupId=tbr0780(4023) MCS_label=N/A
   Priority=21414 Nice=0 Account=p32397 QOS=normal
   JobState=RUNNING Reason=None Dependency=(null)
   Requeue=0 Restarts=0 BatchFlag=1 Reboot=0 ExitCode=0:0
   RunTime=00:17:36 TimeLimit=02:00:00 TimeMin=N/A
   SubmitTime=2025-06-12T19:56:30 EligibleTime=2025-06-12T19:56:31
   AccrueTime=2025-06-12T19:56:31
   StartTime=2025-06-12T20:46:07 EndTime=2025-06-12T22:46:07 Deadline=N/A
   SuspendTime=None SecsPreSuspend=0 LastSchedEval=2025-06-12T20:46:07 Scheduler=Main
   Partition=short AllocNode:Sid=quser43:3646922
   ReqNodeList=(null) ExcNodeList=(null)
   NodeList=qnode3024
   BatchHost=qnode3024
   NumNodes=1 NumCPUs=64 NumTasks=64 CPUs/Task=1 ReqB:S:C:T=0:0:*:*
   ReqTRES=cpu=64,mem=32000M,node=1,billing=288
   AllocTRES=cpu=64,mem=32000M,node=1,billing=288
   Socks/Node=* NtasksPerN:B:S:C=64:0:*:* CoreSpec=*
   MinCPUsNode=64 MinMemoryCPU=500M MinTmpDiskNode=0
   Features=[quest10|quest11|quest12|quest13] DelayBoot=00:00:00
   OverSubscribe=OK Contiguous=0 Licenses=(null) Network=(null)
   Command=/gpfs/home/tbr0780/Dissertation/Integrated_Likelihood_Algorithm/Polytomous_Logistic_Regression/scripts/experiment_sim.sh
   WorkDir=/gpfs/home/tbr0780/Dissertation/Integrated_Likelihood_Algorithm/Polytomous_Logistic_Regression
   StdErr=/dev/null
   StdIn=/dev/null
   StdOut=/dev/null
   MailUser=timothyruel2024@u.northwestern.edu MailType=INVALID_DEPEND,BEGIN,END,FAIL,REQUEUE,STAGE_OUT
   
--------------------------------------------------------------------------------
JOB EFFICIENCY 
--------------------------------------------------------------------------------
Job efficiency will be calculated after the job has completed.
===== checkjob (interval) at Thu Jun 12 21:04:14 CDT 2025 =====
--------------------------------------------------------------------------------
JOB INFORMATION 
--------------------------------------------------------------------------------
JobId=5521061 ArrayJobId=5519625 ArrayTaskId=248 JobName=experiment_sim
   UserId=tbr0780(3229) GroupId=tbr0780(4023) MCS_label=N/A
   Priority=21414 Nice=0 Account=p32397 QOS=normal
   JobState=RUNNING Reason=None Dependency=(null)
   Requeue=0 Restarts=0 BatchFlag=1 Reboot=0 ExitCode=0:0
   RunTime=00:18:07 TimeLimit=02:00:00 TimeMin=N/A
   SubmitTime=2025-06-12T19:56:30 EligibleTime=2025-06-12T19:56:31
   AccrueTime=2025-06-12T19:56:31
   StartTime=2025-06-12T20:46:07 EndTime=2025-06-12T22:46:07 Deadline=N/A
   SuspendTime=None SecsPreSuspend=0 LastSchedEval=2025-06-12T20:46:07 Scheduler=Main
   Partition=short AllocNode:Sid=quser43:3646922
   ReqNodeList=(null) ExcNodeList=(null)
   NodeList=qnode3024
   BatchHost=qnode3024
   NumNodes=1 NumCPUs=64 NumTasks=64 CPUs/Task=1 ReqB:S:C:T=0:0:*:*
   ReqTRES=cpu=64,mem=32000M,node=1,billing=288
   AllocTRES=cpu=64,mem=32000M,node=1,billing=288
   Socks/Node=* NtasksPerN:B:S:C=64:0:*:* CoreSpec=*
   MinCPUsNode=64 MinMemoryCPU=500M MinTmpDiskNode=0
   Features=[quest10|quest11|quest12|quest13] DelayBoot=00:00:00
   OverSubscribe=OK Contiguous=0 Licenses=(null) Network=(null)
   Command=/gpfs/home/tbr0780/Dissertation/Integrated_Likelihood_Algorithm/Polytomous_Logistic_Regression/scripts/experiment_sim.sh
   WorkDir=/gpfs/home/tbr0780/Dissertation/Integrated_Likelihood_Algorithm/Polytomous_Logistic_Regression
   StdErr=/dev/null
   StdIn=/dev/null
   StdOut=/dev/null
   MailUser=timothyruel2024@u.northwestern.edu MailType=INVALID_DEPEND,BEGIN,END,FAIL,REQUEUE,STAGE_OUT
   
--------------------------------------------------------------------------------
JOB EFFICIENCY 
--------------------------------------------------------------------------------
Job efficiency will be calculated after the job has completed.
===== checkjob (interval) at Thu Jun 12 21:04:46 CDT 2025 =====
--------------------------------------------------------------------------------
JOB INFORMATION 
--------------------------------------------------------------------------------
JobId=5521061 ArrayJobId=5519625 ArrayTaskId=248 JobName=experiment_sim
   UserId=tbr0780(3229) GroupId=tbr0780(4023) MCS_label=N/A
   Priority=21414 Nice=0 Account=p32397 QOS=normal
   JobState=RUNNING Reason=None Dependency=(null)
   Requeue=0 Restarts=0 BatchFlag=1 Reboot=0 ExitCode=0:0
   RunTime=00:18:39 TimeLimit=02:00:00 TimeMin=N/A
   SubmitTime=2025-06-12T19:56:30 EligibleTime=2025-06-12T19:56:31
   AccrueTime=2025-06-12T19:56:31
   StartTime=2025-06-12T20:46:07 EndTime=2025-06-12T22:46:07 Deadline=N/A
   SuspendTime=None SecsPreSuspend=0 LastSchedEval=2025-06-12T20:46:07 Scheduler=Main
   Partition=short AllocNode:Sid=quser43:3646922
   ReqNodeList=(null) ExcNodeList=(null)
   NodeList=qnode3024
   BatchHost=qnode3024
   NumNodes=1 NumCPUs=64 NumTasks=64 CPUs/Task=1 ReqB:S:C:T=0:0:*:*
   ReqTRES=cpu=64,mem=32000M,node=1,billing=288
   AllocTRES=cpu=64,mem=32000M,node=1,billing=288
   Socks/Node=* NtasksPerN:B:S:C=64:0:*:* CoreSpec=*
   MinCPUsNode=64 MinMemoryCPU=500M MinTmpDiskNode=0
   Features=[quest10|quest11|quest12|quest13] DelayBoot=00:00:00
   OverSubscribe=OK Contiguous=0 Licenses=(null) Network=(null)
   Command=/gpfs/home/tbr0780/Dissertation/Integrated_Likelihood_Algorithm/Polytomous_Logistic_Regression/scripts/experiment_sim.sh
   WorkDir=/gpfs/home/tbr0780/Dissertation/Integrated_Likelihood_Algorithm/Polytomous_Logistic_Regression
   StdErr=/dev/null
   StdIn=/dev/null
   StdOut=/dev/null
   MailUser=timothyruel2024@u.northwestern.edu MailType=INVALID_DEPEND,BEGIN,END,FAIL,REQUEUE,STAGE_OUT
   
--------------------------------------------------------------------------------
JOB EFFICIENCY 
--------------------------------------------------------------------------------
Job efficiency will be calculated after the job has completed.
===== checkjob (interval) at Thu Jun 12 21:05:16 CDT 2025 =====
--------------------------------------------------------------------------------
JOB INFORMATION 
--------------------------------------------------------------------------------
JobId=5521061 ArrayJobId=5519625 ArrayTaskId=248 JobName=experiment_sim
   UserId=tbr0780(3229) GroupId=tbr0780(4023) MCS_label=N/A
   Priority=21414 Nice=0 Account=p32397 QOS=normal
   JobState=RUNNING Reason=None Dependency=(null)
   Requeue=0 Restarts=0 BatchFlag=1 Reboot=0 ExitCode=0:0
   RunTime=00:19:09 TimeLimit=02:00:00 TimeMin=N/A
   SubmitTime=2025-06-12T19:56:30 EligibleTime=2025-06-12T19:56:31
   AccrueTime=2025-06-12T19:56:31
   StartTime=2025-06-12T20:46:07 EndTime=2025-06-12T22:46:07 Deadline=N/A
   SuspendTime=None SecsPreSuspend=0 LastSchedEval=2025-06-12T20:46:07 Scheduler=Main
   Partition=short AllocNode:Sid=quser43:3646922
   ReqNodeList=(null) ExcNodeList=(null)
   NodeList=qnode3024
   BatchHost=qnode3024
   NumNodes=1 NumCPUs=64 NumTasks=64 CPUs/Task=1 ReqB:S:C:T=0:0:*:*
   ReqTRES=cpu=64,mem=32000M,node=1,billing=288
   AllocTRES=cpu=64,mem=32000M,node=1,billing=288
   Socks/Node=* NtasksPerN:B:S:C=64:0:*:* CoreSpec=*
   MinCPUsNode=64 MinMemoryCPU=500M MinTmpDiskNode=0
   Features=[quest10|quest11|quest12|quest13] DelayBoot=00:00:00
   OverSubscribe=OK Contiguous=0 Licenses=(null) Network=(null)
   Command=/gpfs/home/tbr0780/Dissertation/Integrated_Likelihood_Algorithm/Polytomous_Logistic_Regression/scripts/experiment_sim.sh
   WorkDir=/gpfs/home/tbr0780/Dissertation/Integrated_Likelihood_Algorithm/Polytomous_Logistic_Regression
   StdErr=/dev/null
   StdIn=/dev/null
   StdOut=/dev/null
   MailUser=timothyruel2024@u.northwestern.edu MailType=INVALID_DEPEND,BEGIN,END,FAIL,REQUEUE,STAGE_OUT
   
--------------------------------------------------------------------------------
JOB EFFICIENCY 
--------------------------------------------------------------------------------
Job efficiency will be calculated after the job has completed.
===== checkjob (interval) at Thu Jun 12 21:05:47 CDT 2025 =====
--------------------------------------------------------------------------------
JOB INFORMATION 
--------------------------------------------------------------------------------
JobId=5521061 ArrayJobId=5519625 ArrayTaskId=248 JobName=experiment_sim
   UserId=tbr0780(3229) GroupId=tbr0780(4023) MCS_label=N/A
   Priority=21414 Nice=0 Account=p32397 QOS=normal
   JobState=RUNNING Reason=None Dependency=(null)
   Requeue=0 Restarts=0 BatchFlag=1 Reboot=0 ExitCode=0:0
   RunTime=00:19:42 TimeLimit=02:00:00 TimeMin=N/A
   SubmitTime=2025-06-12T19:56:30 EligibleTime=2025-06-12T19:56:31
   AccrueTime=2025-06-12T19:56:31
   StartTime=2025-06-12T20:46:07 EndTime=2025-06-12T22:46:07 Deadline=N/A
   SuspendTime=None SecsPreSuspend=0 LastSchedEval=2025-06-12T20:46:07 Scheduler=Main
   Partition=short AllocNode:Sid=quser43:3646922
   ReqNodeList=(null) ExcNodeList=(null)
   NodeList=qnode3024
   BatchHost=qnode3024
   NumNodes=1 NumCPUs=64 NumTasks=64 CPUs/Task=1 ReqB:S:C:T=0:0:*:*
   ReqTRES=cpu=64,mem=32000M,node=1,billing=288
   AllocTRES=cpu=64,mem=32000M,node=1,billing=288
   Socks/Node=* NtasksPerN:B:S:C=64:0:*:* CoreSpec=*
   MinCPUsNode=64 MinMemoryCPU=500M MinTmpDiskNode=0
   Features=[quest10|quest11|quest12|quest13] DelayBoot=00:00:00
   OverSubscribe=OK Contiguous=0 Licenses=(null) Network=(null)
   Command=/gpfs/home/tbr0780/Dissertation/Integrated_Likelihood_Algorithm/Polytomous_Logistic_Regression/scripts/experiment_sim.sh
   WorkDir=/gpfs/home/tbr0780/Dissertation/Integrated_Likelihood_Algorithm/Polytomous_Logistic_Regression
   StdErr=/dev/null
   StdIn=/dev/null
   StdOut=/dev/null
   MailUser=timothyruel2024@u.northwestern.edu MailType=INVALID_DEPEND,BEGIN,END,FAIL,REQUEUE,STAGE_OUT
   
--------------------------------------------------------------------------------
JOB EFFICIENCY 
--------------------------------------------------------------------------------
Job efficiency will be calculated after the job has completed.
===== checkjob (interval) at Thu Jun 12 21:06:19 CDT 2025 =====
--------------------------------------------------------------------------------
JOB INFORMATION 
--------------------------------------------------------------------------------
JobId=5521061 ArrayJobId=5519625 ArrayTaskId=248 JobName=experiment_sim
   UserId=tbr0780(3229) GroupId=tbr0780(4023) MCS_label=N/A
   Priority=21414 Nice=0 Account=p32397 QOS=normal
   JobState=RUNNING Reason=None Dependency=(null)
   Requeue=0 Restarts=0 BatchFlag=1 Reboot=0 ExitCode=0:0
   RunTime=00:20:12 TimeLimit=02:00:00 TimeMin=N/A
   SubmitTime=2025-06-12T19:56:30 EligibleTime=2025-06-12T19:56:31
   AccrueTime=2025-06-12T19:56:31
   StartTime=2025-06-12T20:46:07 EndTime=2025-06-12T22:46:07 Deadline=N/A
   SuspendTime=None SecsPreSuspend=0 LastSchedEval=2025-06-12T20:46:07 Scheduler=Main
   Partition=short AllocNode:Sid=quser43:3646922
   ReqNodeList=(null) ExcNodeList=(null)
   NodeList=qnode3024
   BatchHost=qnode3024
   NumNodes=1 NumCPUs=64 NumTasks=64 CPUs/Task=1 ReqB:S:C:T=0:0:*:*
   ReqTRES=cpu=64,mem=32000M,node=1,billing=288
   AllocTRES=cpu=64,mem=32000M,node=1,billing=288
   Socks/Node=* NtasksPerN:B:S:C=64:0:*:* CoreSpec=*
   MinCPUsNode=64 MinMemoryCPU=500M MinTmpDiskNode=0
   Features=[quest10|quest11|quest12|quest13] DelayBoot=00:00:00
   OverSubscribe=OK Contiguous=0 Licenses=(null) Network=(null)
   Command=/gpfs/home/tbr0780/Dissertation/Integrated_Likelihood_Algorithm/Polytomous_Logistic_Regression/scripts/experiment_sim.sh
   WorkDir=/gpfs/home/tbr0780/Dissertation/Integrated_Likelihood_Algorithm/Polytomous_Logistic_Regression
   StdErr=/dev/null
   StdIn=/dev/null
   StdOut=/dev/null
   MailUser=timothyruel2024@u.northwestern.edu MailType=INVALID_DEPEND,BEGIN,END,FAIL,REQUEUE,STAGE_OUT
   
--------------------------------------------------------------------------------
JOB EFFICIENCY 
--------------------------------------------------------------------------------
Job efficiency will be calculated after the job has completed.
===== checkjob (interval) at Thu Jun 12 21:06:52 CDT 2025 =====
--------------------------------------------------------------------------------
JOB INFORMATION 
--------------------------------------------------------------------------------
JobId=5521061 ArrayJobId=5519625 ArrayTaskId=248 JobName=experiment_sim
   UserId=tbr0780(3229) GroupId=tbr0780(4023) MCS_label=N/A
   Priority=21414 Nice=0 Account=p32397 QOS=normal
   JobState=RUNNING Reason=None Dependency=(null)
   Requeue=0 Restarts=0 BatchFlag=1 Reboot=0 ExitCode=0:0
   RunTime=00:20:45 TimeLimit=02:00:00 TimeMin=N/A
   SubmitTime=2025-06-12T19:56:30 EligibleTime=2025-06-12T19:56:31
   AccrueTime=2025-06-12T19:56:31
   StartTime=2025-06-12T20:46:07 EndTime=2025-06-12T22:46:07 Deadline=N/A
   SuspendTime=None SecsPreSuspend=0 LastSchedEval=2025-06-12T20:46:07 Scheduler=Main
   Partition=short AllocNode:Sid=quser43:3646922
   ReqNodeList=(null) ExcNodeList=(null)
   NodeList=qnode3024
   BatchHost=qnode3024
   NumNodes=1 NumCPUs=64 NumTasks=64 CPUs/Task=1 ReqB:S:C:T=0:0:*:*
   ReqTRES=cpu=64,mem=32000M,node=1,billing=288
   AllocTRES=cpu=64,mem=32000M,node=1,billing=288
   Socks/Node=* NtasksPerN:B:S:C=64:0:*:* CoreSpec=*
   MinCPUsNode=64 MinMemoryCPU=500M MinTmpDiskNode=0
   Features=[quest10|quest11|quest12|quest13] DelayBoot=00:00:00
   OverSubscribe=OK Contiguous=0 Licenses=(null) Network=(null)
   Command=/gpfs/home/tbr0780/Dissertation/Integrated_Likelihood_Algorithm/Polytomous_Logistic_Regression/scripts/experiment_sim.sh
   WorkDir=/gpfs/home/tbr0780/Dissertation/Integrated_Likelihood_Algorithm/Polytomous_Logistic_Regression
   StdErr=/dev/null
   StdIn=/dev/null
   StdOut=/dev/null
   MailUser=timothyruel2024@u.northwestern.edu MailType=INVALID_DEPEND,BEGIN,END,FAIL,REQUEUE,STAGE_OUT
   
--------------------------------------------------------------------------------
JOB EFFICIENCY 
--------------------------------------------------------------------------------
Job efficiency will be calculated after the job has completed.
===== checkjob (interval) at Thu Jun 12 21:07:23 CDT 2025 =====
--------------------------------------------------------------------------------
JOB INFORMATION 
--------------------------------------------------------------------------------
JobId=5521061 ArrayJobId=5519625 ArrayTaskId=248 JobName=experiment_sim
   UserId=tbr0780(3229) GroupId=tbr0780(4023) MCS_label=N/A
   Priority=21414 Nice=0 Account=p32397 QOS=normal
   JobState=RUNNING Reason=None Dependency=(null)
   Requeue=0 Restarts=0 BatchFlag=1 Reboot=0 ExitCode=0:0
   RunTime=00:21:16 TimeLimit=02:00:00 TimeMin=N/A
   SubmitTime=2025-06-12T19:56:30 EligibleTime=2025-06-12T19:56:31
   AccrueTime=2025-06-12T19:56:31
   StartTime=2025-06-12T20:46:07 EndTime=2025-06-12T22:46:07 Deadline=N/A
   SuspendTime=None SecsPreSuspend=0 LastSchedEval=2025-06-12T20:46:07 Scheduler=Main
   Partition=short AllocNode:Sid=quser43:3646922
   ReqNodeList=(null) ExcNodeList=(null)
   NodeList=qnode3024
   BatchHost=qnode3024
   NumNodes=1 NumCPUs=64 NumTasks=64 CPUs/Task=1 ReqB:S:C:T=0:0:*:*
   ReqTRES=cpu=64,mem=32000M,node=1,billing=288
   AllocTRES=cpu=64,mem=32000M,node=1,billing=288
   Socks/Node=* NtasksPerN:B:S:C=64:0:*:* CoreSpec=*
   MinCPUsNode=64 MinMemoryCPU=500M MinTmpDiskNode=0
   Features=[quest10|quest11|quest12|quest13] DelayBoot=00:00:00
   OverSubscribe=OK Contiguous=0 Licenses=(null) Network=(null)
   Command=/gpfs/home/tbr0780/Dissertation/Integrated_Likelihood_Algorithm/Polytomous_Logistic_Regression/scripts/experiment_sim.sh
   WorkDir=/gpfs/home/tbr0780/Dissertation/Integrated_Likelihood_Algorithm/Polytomous_Logistic_Regression
   StdErr=/dev/null
   StdIn=/dev/null
   StdOut=/dev/null
   MailUser=timothyruel2024@u.northwestern.edu MailType=INVALID_DEPEND,BEGIN,END,FAIL,REQUEUE,STAGE_OUT
   
--------------------------------------------------------------------------------
JOB EFFICIENCY 
--------------------------------------------------------------------------------
Job efficiency will be calculated after the job has completed.
===== checkjob (interval) at Thu Jun 12 21:07:54 CDT 2025 =====
--------------------------------------------------------------------------------
JOB INFORMATION 
--------------------------------------------------------------------------------
JobId=5521061 ArrayJobId=5519625 ArrayTaskId=248 JobName=experiment_sim
   UserId=tbr0780(3229) GroupId=tbr0780(4023) MCS_label=N/A
   Priority=21414 Nice=0 Account=p32397 QOS=normal
   JobState=RUNNING Reason=None Dependency=(null)
   Requeue=0 Restarts=0 BatchFlag=1 Reboot=0 ExitCode=0:0
   RunTime=00:21:49 TimeLimit=02:00:00 TimeMin=N/A
   SubmitTime=2025-06-12T19:56:30 EligibleTime=2025-06-12T19:56:31
   AccrueTime=2025-06-12T19:56:31
   StartTime=2025-06-12T20:46:07 EndTime=2025-06-12T22:46:07 Deadline=N/A
   SuspendTime=None SecsPreSuspend=0 LastSchedEval=2025-06-12T20:46:07 Scheduler=Main
   Partition=short AllocNode:Sid=quser43:3646922
   ReqNodeList=(null) ExcNodeList=(null)
   NodeList=qnode3024
   BatchHost=qnode3024
   NumNodes=1 NumCPUs=64 NumTasks=64 CPUs/Task=1 ReqB:S:C:T=0:0:*:*
   ReqTRES=cpu=64,mem=32000M,node=1,billing=288
   AllocTRES=cpu=64,mem=32000M,node=1,billing=288
   Socks/Node=* NtasksPerN:B:S:C=64:0:*:* CoreSpec=*
   MinCPUsNode=64 MinMemoryCPU=500M MinTmpDiskNode=0
   Features=[quest10|quest11|quest12|quest13] DelayBoot=00:00:00
   OverSubscribe=OK Contiguous=0 Licenses=(null) Network=(null)
   Command=/gpfs/home/tbr0780/Dissertation/Integrated_Likelihood_Algorithm/Polytomous_Logistic_Regression/scripts/experiment_sim.sh
   WorkDir=/gpfs/home/tbr0780/Dissertation/Integrated_Likelihood_Algorithm/Polytomous_Logistic_Regression
   StdErr=/dev/null
   StdIn=/dev/null
   StdOut=/dev/null
   MailUser=timothyruel2024@u.northwestern.edu MailType=INVALID_DEPEND,BEGIN,END,FAIL,REQUEUE,STAGE_OUT
   
--------------------------------------------------------------------------------
JOB EFFICIENCY 
--------------------------------------------------------------------------------
Job efficiency will be calculated after the job has completed.
===== checkjob (interval) at Thu Jun 12 21:08:26 CDT 2025 =====
--------------------------------------------------------------------------------
JOB INFORMATION 
--------------------------------------------------------------------------------
JobId=5521061 ArrayJobId=5519625 ArrayTaskId=248 JobName=experiment_sim
   UserId=tbr0780(3229) GroupId=tbr0780(4023) MCS_label=N/A
   Priority=21414 Nice=0 Account=p32397 QOS=normal
   JobState=RUNNING Reason=None Dependency=(null)
   Requeue=0 Restarts=0 BatchFlag=1 Reboot=0 ExitCode=0:0
   RunTime=00:22:19 TimeLimit=02:00:00 TimeMin=N/A
   SubmitTime=2025-06-12T19:56:30 EligibleTime=2025-06-12T19:56:31
   AccrueTime=2025-06-12T19:56:31
   StartTime=2025-06-12T20:46:07 EndTime=2025-06-12T22:46:07 Deadline=N/A
   SuspendTime=None SecsPreSuspend=0 LastSchedEval=2025-06-12T20:46:07 Scheduler=Main
   Partition=short AllocNode:Sid=quser43:3646922
   ReqNodeList=(null) ExcNodeList=(null)
   NodeList=qnode3024
   BatchHost=qnode3024
   NumNodes=1 NumCPUs=64 NumTasks=64 CPUs/Task=1 ReqB:S:C:T=0:0:*:*
   ReqTRES=cpu=64,mem=32000M,node=1,billing=288
   AllocTRES=cpu=64,mem=32000M,node=1,billing=288
   Socks/Node=* NtasksPerN:B:S:C=64:0:*:* CoreSpec=*
   MinCPUsNode=64 MinMemoryCPU=500M MinTmpDiskNode=0
   Features=[quest10|quest11|quest12|quest13] DelayBoot=00:00:00
   OverSubscribe=OK Contiguous=0 Licenses=(null) Network=(null)
   Command=/gpfs/home/tbr0780/Dissertation/Integrated_Likelihood_Algorithm/Polytomous_Logistic_Regression/scripts/experiment_sim.sh
   WorkDir=/gpfs/home/tbr0780/Dissertation/Integrated_Likelihood_Algorithm/Polytomous_Logistic_Regression
   StdErr=/dev/null
   StdIn=/dev/null
   StdOut=/dev/null
   MailUser=timothyruel2024@u.northwestern.edu MailType=INVALID_DEPEND,BEGIN,END,FAIL,REQUEUE,STAGE_OUT
   
--------------------------------------------------------------------------------
JOB EFFICIENCY 
--------------------------------------------------------------------------------
Job efficiency will be calculated after the job has completed.
