📌 Logging to experiments/exp_v1.0.0/simulations/sim_01/iter_0200/logs/slurm_log.out
🔁 Running Iteration 200 of Simulation 1 in Experiment v1.0.0 with 64 cores...
here() starts at /gpfs/home/tbr0780/Dissertation
[INFO] True parameters already exist — skipping generation.
[INFO] Loading Beta_0 from /experiments/exp_v1.0.0/true_params
[INFO] Generating new data for run: iter_0200
[INFO] Saved config snapshot to /experiments/exp_v1.0.0/simulations/sim_01/iter_0200
Running experiment...
✓ Experiment results saved to /experiments/exp_v1.0.0/simulations/sim_01/iter_0200/results
✓ Run completed
===== FINAL SEFF OUTPUT for Job 5863750 =====
(Logged at Wed Jun 18 17:46:47 CDT 2025)
Job ID: 5863750
Array Job ID: 5858372_199
Cluster: quest
User/Group: tbr0780/tbr0780
State: RUNNING
Nodes: 1
Cores per node: 64
CPU Utilized: 00:00:00
CPU Efficiency: 0.00% of 1-03:48:16 core-walltime
Job Wall-clock time: 00:26:04
Memory Utilized: 0.00 MB (estimated maximum)
Memory Efficiency: 0.00% of 31.25 GB (500.00 MB/core)
WARNING: Efficiency statistics may be misleading for RUNNING jobs.
===== FINAL CHECKJOB OUTPUT for Job 5863750 =====
(Logged at Wed Jun 18 17:46:49 CDT 2025)
--------------------------------------------------------------------------------
JOB INFORMATION 
--------------------------------------------------------------------------------
JobId=5863750 ArrayJobId=5858372 ArrayTaskId=199 JobName=experiment_sim
   UserId=tbr0780(3229) GroupId=tbr0780(4023) MCS_label=N/A
   Priority=19645 Nice=0 Account=p32397 QOS=normal
   JobState=RUNNING Reason=None Dependency=(null)
   Requeue=0 Restarts=0 BatchFlag=1 Reboot=0 ExitCode=0:0
   RunTime=00:26:04 TimeLimit=02:00:00 TimeMin=N/A
   SubmitTime=2025-06-18T15:19:09 EligibleTime=2025-06-18T15:19:11
   AccrueTime=2025-06-18T15:19:11
   StartTime=2025-06-18T17:20:45 EndTime=2025-06-18T19:20:45 Deadline=N/A
   SuspendTime=None SecsPreSuspend=0 LastSchedEval=2025-06-18T17:20:45 Scheduler=Backfill
   Partition=short AllocNode:Sid=quser41:3973193
   ReqNodeList=(null) ExcNodeList=(null)
   NodeList=qnode3047
   BatchHost=qnode3047
   NumNodes=1 NumCPUs=64 NumTasks=64 CPUs/Task=1 ReqB:S:C:T=0:0:*:*
   ReqTRES=cpu=64,mem=32000M,node=1,billing=288
   AllocTRES=cpu=64,mem=32000M,node=1,billing=288
   Socks/Node=* NtasksPerN:B:S:C=64:0:*:* CoreSpec=*
   MinCPUsNode=64 MinMemoryCPU=500M MinTmpDiskNode=0
   Features=[quest10|quest11|quest12|quest13] DelayBoot=00:00:00
   OverSubscribe=OK Contiguous=0 Licenses=(null) Network=(null)
   Command=/gpfs/home/tbr0780/Dissertation/Integrated_Likelihood_Algorithm/Polytomous_Logistic_Regression/scripts/experiment_sim.sh
   WorkDir=/gpfs/home/tbr0780/Dissertation/Integrated_Likelihood_Algorithm/Polytomous_Logistic_Regression
   StdErr=/dev/null
   StdIn=/dev/null
   StdOut=/dev/null
   MailUser=timothyruel2024@u.northwestern.edu MailType=INVALID_DEPEND,BEGIN,END,FAIL,REQUEUE,STAGE_OUT
   
--------------------------------------------------------------------------------
JOB EFFICIENCY 
--------------------------------------------------------------------------------
Job efficiency will be calculated after the job has completed.
===== SACCT OUTPUT for Job 5863750 =====
(Logged at Wed Jun 18 17:46:50 CDT 2025)
JobID                     JobName    Elapsed     MaxRSS     ReqMem  AllocCPUS      State 
------------ -------------------- ---------- ---------- ---------- ---------- ---------- 
5858372_199        experiment_sim   00:26:05                32000M         64    RUNNING 
5858372_199+                batch   00:26:05                               64    RUNNING 
5858372_199+               extern   00:26:05                               64    RUNNING 
===== SYSTEM MEMORY (free -h) =====
(Logged at Wed Jun 18 17:46:50 CDT 2025)
              total        used        free      shared  buff/cache   available
Mem:          503Gi        33Gi       460Gi       7.1Gi       9.4Gi       457Gi
Swap:          31Gi       1.4Gi        30Gi
===== SYSTEM LOAD (uptime) =====
(Logged at Wed Jun 18 17:46:50 CDT 2025)
 17:46:50 up 87 days, 21:00,  0 users,  load average: 60.91, 90.70, 102.21
===== SYSTEM PROCESSES (top -b -n 1) =====
(Logged at Wed Jun 18 17:46:50 CDT 2025)
top - 17:46:50 up 87 days, 21:00,  0 users,  load average: 60.91, 90.70, 102.21
Tasks: 1330 total,  45 running, 1285 sleeping,   0 stopped,   0 zombie
%Cpu(s): 42.9 us,  0.2 sy,  0.0 ni, 56.7 id,  0.0 wa,  0.2 hi,  0.0 si,  0.0 st
MiB Mem : 515584.8 total, 471251.4 free,  34723.2 used,   9610.2 buff/cache
MiB Swap:  32768.0 total,  31354.2 free,   1413.8 used. 468413.5 avail Mem 

    PID USER      PR  NI    VIRT    RES    SHR S  %CPU  %MEM     TIME+ COMMAND
 343461 iqf1633   20   0 2633596   1.4g   8152 R 388.2   0.3  13537:18 binary
 341089 iqf1633   20   0 2792836   1.5g   8060 R 376.5   0.3  13447:53 binary
 362770 iqf1633   20   0 2640168   1.5g   7960 R 352.9   0.3  13033:22 binary
 357473 iqf1633   20   0 2579968   1.4g   8096 R 341.2   0.3  13138:20 binary
1302407 mgg8713   20   0   10.0g 108264  34032 R 100.0   0.0   2:47.76 2025022+
1302410 mgg8713   20   0   13.6g 108024  33928 R 100.0   0.0   2:47.93 2025022+
1302411 mgg8713   20   0 5484732 108340  34164 R 100.0   0.0   2:47.86 2025022+
1302412 mgg8713   20   0 9896292 108252  34056 R 100.0   0.0   2:47.87 2025022+
1302413 mgg8713   20   0   11.9g 108236  33988 R 100.0   0.0   2:47.95 2025022+
1302415 mgg8713   20   0   12.9g 108400  34216 R 100.0   0.0   2:47.71 2025022+
1302416 mgg8713   20   0 7704648 110116  35908 R 100.0   0.0   2:47.79 2025022+
1302420 mgg8713   20   0 9942.7m 110580  36380 R 100.0   0.0   2:47.94 2025022+
1302422 mgg8713   20   0 9697188 110316  36120 R 100.0   0.0   2:47.92 2025022+
1302424 mgg8713   20   0   14.2g 110416  36216 R 100.0   0.0   2:47.59 2025022+
1302425 mgg8713   20   0 4827672 110232  36036 R 100.0   0.0   2:47.77 2025022+
1302428 mgg8713   20   0 9960744 110304  36044 R 100.0   0.0   2:47.94 2025022+
1302429 mgg8713   20   0  603852 110428  36244 R 100.0   0.0   2:47.66 2025022+
1302430 mgg8713   20   0 7240520 110516  36312 R 100.0   0.0   2:47.88 2025022+
1302434 mgg8713   20   0 8815852 110556  36192 R 100.0   0.0   2:47.87 2025022+
1302435 mgg8713   20   0 4117768 108120  33900 R 100.0   0.0   2:47.93 2025022+
1302436 mgg8713   20   0 5722244 110472  36264 R 100.0   0.0   2:47.92 2025022+
1302443 mgg8713   20   0    9.9g 108092  33724 R 100.0   0.0   2:47.93 2025022+
1302445 mgg8713   20   0 1814776 108376  34020 R 100.0   0.0   2:47.80 2025022+
1302406 mgg8713   20   0   14.5g 108128  33992 R  94.1   0.0   2:47.91 2025022+
1302408 mgg8713   20   0    9.8g 108440  34280 R  94.1   0.0   2:47.90 2025022+
1302409 mgg8713   20   0 7765824 108480  34232 R  94.1   0.0   2:47.54 2025022+
1302414 mgg8713   20   0   13.4g 108212  34036 R  94.1   0.0   2:47.92 2025022+
1302417 mgg8713   20   0   13.7g 110272  36056 R  94.1   0.0   2:47.96 2025022+
1302418 mgg8713   20   0   15.4g 110320  36156 R  94.1   0.0   2:47.85 2025022+
1302419 mgg8713   20   0    9.8g 110520  36308 R  94.1   0.0   2:47.94 2025022+
1302421 mgg8713   20   0 7108108 110400  36220 R  94.1   0.0   2:47.56 2025022+
1302423 mgg8713   20   0 8813612 110276  35976 R  94.1   0.0   2:47.88 2025022+
1302426 mgg8713   20   0 9818.5m 110524  36296 R  94.1   0.0   2:47.59 2025022+
===== BACKGROUND CHECKJOB MONITOR LOG =====
===== checkjob (interval) at Wed Jun 18 17:22:31 CDT 2025 =====
--------------------------------------------------------------------------------
JOB INFORMATION 
--------------------------------------------------------------------------------
JobId=5863750 ArrayJobId=5858372 ArrayTaskId=199 JobName=experiment_sim
   UserId=tbr0780(3229) GroupId=tbr0780(4023) MCS_label=N/A
   Priority=19645 Nice=0 Account=p32397 QOS=normal
   JobState=RUNNING Reason=None Dependency=(null)
   Requeue=0 Restarts=0 BatchFlag=1 Reboot=0 ExitCode=0:0
   RunTime=00:01:46 TimeLimit=02:00:00 TimeMin=N/A
   SubmitTime=2025-06-18T15:19:09 EligibleTime=2025-06-18T15:19:11
   AccrueTime=2025-06-18T15:19:11
   StartTime=2025-06-18T17:20:45 EndTime=2025-06-18T19:20:45 Deadline=N/A
   SuspendTime=None SecsPreSuspend=0 LastSchedEval=2025-06-18T17:20:45 Scheduler=Backfill
   Partition=short AllocNode:Sid=quser41:3973193
   ReqNodeList=(null) ExcNodeList=(null)
   NodeList=qnode3047
   BatchHost=qnode3047
   NumNodes=1 NumCPUs=64 NumTasks=64 CPUs/Task=1 ReqB:S:C:T=0:0:*:*
   ReqTRES=cpu=64,mem=32000M,node=1,billing=288
   AllocTRES=cpu=64,mem=32000M,node=1,billing=288
   Socks/Node=* NtasksPerN:B:S:C=64:0:*:* CoreSpec=*
   MinCPUsNode=64 MinMemoryCPU=500M MinTmpDiskNode=0
   Features=[quest10|quest11|quest12|quest13] DelayBoot=00:00:00
   OverSubscribe=OK Contiguous=0 Licenses=(null) Network=(null)
   Command=/gpfs/home/tbr0780/Dissertation/Integrated_Likelihood_Algorithm/Polytomous_Logistic_Regression/scripts/experiment_sim.sh
   WorkDir=/gpfs/home/tbr0780/Dissertation/Integrated_Likelihood_Algorithm/Polytomous_Logistic_Regression
   StdErr=/dev/null
   StdIn=/dev/null
   StdOut=/dev/null
   MailUser=timothyruel2024@u.northwestern.edu MailType=INVALID_DEPEND,BEGIN,END,FAIL,REQUEUE,STAGE_OUT
   
--------------------------------------------------------------------------------
JOB EFFICIENCY 
--------------------------------------------------------------------------------
Job efficiency will be calculated after the job has completed.
===== checkjob (interval) at Wed Jun 18 17:23:03 CDT 2025 =====
--------------------------------------------------------------------------------
JOB INFORMATION 
--------------------------------------------------------------------------------
JobId=5863750 ArrayJobId=5858372 ArrayTaskId=199 JobName=experiment_sim
   UserId=tbr0780(3229) GroupId=tbr0780(4023) MCS_label=N/A
   Priority=19645 Nice=0 Account=p32397 QOS=normal
   JobState=RUNNING Reason=None Dependency=(null)
   Requeue=0 Restarts=0 BatchFlag=1 Reboot=0 ExitCode=0:0
   RunTime=00:02:18 TimeLimit=02:00:00 TimeMin=N/A
   SubmitTime=2025-06-18T15:19:09 EligibleTime=2025-06-18T15:19:11
   AccrueTime=2025-06-18T15:19:11
   StartTime=2025-06-18T17:20:45 EndTime=2025-06-18T19:20:45 Deadline=N/A
   SuspendTime=None SecsPreSuspend=0 LastSchedEval=2025-06-18T17:20:45 Scheduler=Backfill
   Partition=short AllocNode:Sid=quser41:3973193
   ReqNodeList=(null) ExcNodeList=(null)
   NodeList=qnode3047
   BatchHost=qnode3047
   NumNodes=1 NumCPUs=64 NumTasks=64 CPUs/Task=1 ReqB:S:C:T=0:0:*:*
   ReqTRES=cpu=64,mem=32000M,node=1,billing=288
   AllocTRES=cpu=64,mem=32000M,node=1,billing=288
   Socks/Node=* NtasksPerN:B:S:C=64:0:*:* CoreSpec=*
   MinCPUsNode=64 MinMemoryCPU=500M MinTmpDiskNode=0
   Features=[quest10|quest11|quest12|quest13] DelayBoot=00:00:00
   OverSubscribe=OK Contiguous=0 Licenses=(null) Network=(null)
   Command=/gpfs/home/tbr0780/Dissertation/Integrated_Likelihood_Algorithm/Polytomous_Logistic_Regression/scripts/experiment_sim.sh
   WorkDir=/gpfs/home/tbr0780/Dissertation/Integrated_Likelihood_Algorithm/Polytomous_Logistic_Regression
   StdErr=/dev/null
   StdIn=/dev/null
   StdOut=/dev/null
   MailUser=timothyruel2024@u.northwestern.edu MailType=INVALID_DEPEND,BEGIN,END,FAIL,REQUEUE,STAGE_OUT
   
--------------------------------------------------------------------------------
JOB EFFICIENCY 
--------------------------------------------------------------------------------
Job efficiency will be calculated after the job has completed.
===== checkjob (interval) at Wed Jun 18 17:23:35 CDT 2025 =====
--------------------------------------------------------------------------------
JOB INFORMATION 
--------------------------------------------------------------------------------
JobId=5863750 ArrayJobId=5858372 ArrayTaskId=199 JobName=experiment_sim
   UserId=tbr0780(3229) GroupId=tbr0780(4023) MCS_label=N/A
   Priority=19645 Nice=0 Account=p32397 QOS=normal
   JobState=RUNNING Reason=None Dependency=(null)
   Requeue=0 Restarts=0 BatchFlag=1 Reboot=0 ExitCode=0:0
   RunTime=00:02:50 TimeLimit=02:00:00 TimeMin=N/A
   SubmitTime=2025-06-18T15:19:09 EligibleTime=2025-06-18T15:19:11
   AccrueTime=2025-06-18T15:19:11
   StartTime=2025-06-18T17:20:45 EndTime=2025-06-18T19:20:45 Deadline=N/A
   SuspendTime=None SecsPreSuspend=0 LastSchedEval=2025-06-18T17:20:45 Scheduler=Backfill
   Partition=short AllocNode:Sid=quser41:3973193
   ReqNodeList=(null) ExcNodeList=(null)
   NodeList=qnode3047
   BatchHost=qnode3047
   NumNodes=1 NumCPUs=64 NumTasks=64 CPUs/Task=1 ReqB:S:C:T=0:0:*:*
   ReqTRES=cpu=64,mem=32000M,node=1,billing=288
   AllocTRES=cpu=64,mem=32000M,node=1,billing=288
   Socks/Node=* NtasksPerN:B:S:C=64:0:*:* CoreSpec=*
   MinCPUsNode=64 MinMemoryCPU=500M MinTmpDiskNode=0
   Features=[quest10|quest11|quest12|quest13] DelayBoot=00:00:00
   OverSubscribe=OK Contiguous=0 Licenses=(null) Network=(null)
   Command=/gpfs/home/tbr0780/Dissertation/Integrated_Likelihood_Algorithm/Polytomous_Logistic_Regression/scripts/experiment_sim.sh
   WorkDir=/gpfs/home/tbr0780/Dissertation/Integrated_Likelihood_Algorithm/Polytomous_Logistic_Regression
   StdErr=/dev/null
   StdIn=/dev/null
   StdOut=/dev/null
   MailUser=timothyruel2024@u.northwestern.edu MailType=INVALID_DEPEND,BEGIN,END,FAIL,REQUEUE,STAGE_OUT
   
--------------------------------------------------------------------------------
JOB EFFICIENCY 
--------------------------------------------------------------------------------
Job efficiency will be calculated after the job has completed.
===== checkjob (interval) at Wed Jun 18 17:24:08 CDT 2025 =====
--------------------------------------------------------------------------------
JOB INFORMATION 
--------------------------------------------------------------------------------
JobId=5863750 ArrayJobId=5858372 ArrayTaskId=199 JobName=experiment_sim
   UserId=tbr0780(3229) GroupId=tbr0780(4023) MCS_label=N/A
   Priority=19645 Nice=0 Account=p32397 QOS=normal
   JobState=RUNNING Reason=None Dependency=(null)
   Requeue=0 Restarts=0 BatchFlag=1 Reboot=0 ExitCode=0:0
   RunTime=00:03:23 TimeLimit=02:00:00 TimeMin=N/A
   SubmitTime=2025-06-18T15:19:09 EligibleTime=2025-06-18T15:19:11
   AccrueTime=2025-06-18T15:19:11
   StartTime=2025-06-18T17:20:45 EndTime=2025-06-18T19:20:45 Deadline=N/A
   SuspendTime=None SecsPreSuspend=0 LastSchedEval=2025-06-18T17:20:45 Scheduler=Backfill
   Partition=short AllocNode:Sid=quser41:3973193
   ReqNodeList=(null) ExcNodeList=(null)
   NodeList=qnode3047
   BatchHost=qnode3047
   NumNodes=1 NumCPUs=64 NumTasks=64 CPUs/Task=1 ReqB:S:C:T=0:0:*:*
   ReqTRES=cpu=64,mem=32000M,node=1,billing=288
   AllocTRES=cpu=64,mem=32000M,node=1,billing=288
   Socks/Node=* NtasksPerN:B:S:C=64:0:*:* CoreSpec=*
   MinCPUsNode=64 MinMemoryCPU=500M MinTmpDiskNode=0
   Features=[quest10|quest11|quest12|quest13] DelayBoot=00:00:00
   OverSubscribe=OK Contiguous=0 Licenses=(null) Network=(null)
   Command=/gpfs/home/tbr0780/Dissertation/Integrated_Likelihood_Algorithm/Polytomous_Logistic_Regression/scripts/experiment_sim.sh
   WorkDir=/gpfs/home/tbr0780/Dissertation/Integrated_Likelihood_Algorithm/Polytomous_Logistic_Regression
   StdErr=/dev/null
   StdIn=/dev/null
   StdOut=/dev/null
   MailUser=timothyruel2024@u.northwestern.edu MailType=INVALID_DEPEND,BEGIN,END,FAIL,REQUEUE,STAGE_OUT
   
--------------------------------------------------------------------------------
JOB EFFICIENCY 
--------------------------------------------------------------------------------
Job efficiency will be calculated after the job has completed.
===== checkjob (interval) at Wed Jun 18 17:24:40 CDT 2025 =====
--------------------------------------------------------------------------------
JOB INFORMATION 
--------------------------------------------------------------------------------
JobId=5863750 ArrayJobId=5858372 ArrayTaskId=199 JobName=experiment_sim
   UserId=tbr0780(3229) GroupId=tbr0780(4023) MCS_label=N/A
   Priority=19645 Nice=0 Account=p32397 QOS=normal
   JobState=RUNNING Reason=None Dependency=(null)
   Requeue=0 Restarts=0 BatchFlag=1 Reboot=0 ExitCode=0:0
   RunTime=00:03:55 TimeLimit=02:00:00 TimeMin=N/A
   SubmitTime=2025-06-18T15:19:09 EligibleTime=2025-06-18T15:19:11
   AccrueTime=2025-06-18T15:19:11
   StartTime=2025-06-18T17:20:45 EndTime=2025-06-18T19:20:45 Deadline=N/A
   SuspendTime=None SecsPreSuspend=0 LastSchedEval=2025-06-18T17:20:45 Scheduler=Backfill
   Partition=short AllocNode:Sid=quser41:3973193
   ReqNodeList=(null) ExcNodeList=(null)
   NodeList=qnode3047
   BatchHost=qnode3047
   NumNodes=1 NumCPUs=64 NumTasks=64 CPUs/Task=1 ReqB:S:C:T=0:0:*:*
   ReqTRES=cpu=64,mem=32000M,node=1,billing=288
   AllocTRES=cpu=64,mem=32000M,node=1,billing=288
   Socks/Node=* NtasksPerN:B:S:C=64:0:*:* CoreSpec=*
   MinCPUsNode=64 MinMemoryCPU=500M MinTmpDiskNode=0
   Features=[quest10|quest11|quest12|quest13] DelayBoot=00:00:00
   OverSubscribe=OK Contiguous=0 Licenses=(null) Network=(null)
   Command=/gpfs/home/tbr0780/Dissertation/Integrated_Likelihood_Algorithm/Polytomous_Logistic_Regression/scripts/experiment_sim.sh
   WorkDir=/gpfs/home/tbr0780/Dissertation/Integrated_Likelihood_Algorithm/Polytomous_Logistic_Regression
   StdErr=/dev/null
   StdIn=/dev/null
   StdOut=/dev/null
   MailUser=timothyruel2024@u.northwestern.edu MailType=INVALID_DEPEND,BEGIN,END,FAIL,REQUEUE,STAGE_OUT
   
--------------------------------------------------------------------------------
JOB EFFICIENCY 
--------------------------------------------------------------------------------
Job efficiency will be calculated after the job has completed.
===== checkjob (interval) at Wed Jun 18 17:25:11 CDT 2025 =====
--------------------------------------------------------------------------------
JOB INFORMATION 
--------------------------------------------------------------------------------
JobId=5863750 ArrayJobId=5858372 ArrayTaskId=199 JobName=experiment_sim
   UserId=tbr0780(3229) GroupId=tbr0780(4023) MCS_label=N/A
   Priority=19645 Nice=0 Account=p32397 QOS=normal
   JobState=RUNNING Reason=None Dependency=(null)
   Requeue=0 Restarts=0 BatchFlag=1 Reboot=0 ExitCode=0:0
   RunTime=00:04:26 TimeLimit=02:00:00 TimeMin=N/A
   SubmitTime=2025-06-18T15:19:09 EligibleTime=2025-06-18T15:19:11
   AccrueTime=2025-06-18T15:19:11
   StartTime=2025-06-18T17:20:45 EndTime=2025-06-18T19:20:45 Deadline=N/A
   SuspendTime=None SecsPreSuspend=0 LastSchedEval=2025-06-18T17:20:45 Scheduler=Backfill
   Partition=short AllocNode:Sid=quser41:3973193
   ReqNodeList=(null) ExcNodeList=(null)
   NodeList=qnode3047
   BatchHost=qnode3047
   NumNodes=1 NumCPUs=64 NumTasks=64 CPUs/Task=1 ReqB:S:C:T=0:0:*:*
   ReqTRES=cpu=64,mem=32000M,node=1,billing=288
   AllocTRES=cpu=64,mem=32000M,node=1,billing=288
   Socks/Node=* NtasksPerN:B:S:C=64:0:*:* CoreSpec=*
   MinCPUsNode=64 MinMemoryCPU=500M MinTmpDiskNode=0
   Features=[quest10|quest11|quest12|quest13] DelayBoot=00:00:00
   OverSubscribe=OK Contiguous=0 Licenses=(null) Network=(null)
   Command=/gpfs/home/tbr0780/Dissertation/Integrated_Likelihood_Algorithm/Polytomous_Logistic_Regression/scripts/experiment_sim.sh
   WorkDir=/gpfs/home/tbr0780/Dissertation/Integrated_Likelihood_Algorithm/Polytomous_Logistic_Regression
   StdErr=/dev/null
   StdIn=/dev/null
   StdOut=/dev/null
   MailUser=timothyruel2024@u.northwestern.edu MailType=INVALID_DEPEND,BEGIN,END,FAIL,REQUEUE,STAGE_OUT
   
--------------------------------------------------------------------------------
JOB EFFICIENCY 
--------------------------------------------------------------------------------
Job efficiency will be calculated after the job has completed.
===== checkjob (interval) at Wed Jun 18 17:25:42 CDT 2025 =====
--------------------------------------------------------------------------------
JOB INFORMATION 
--------------------------------------------------------------------------------
JobId=5863750 ArrayJobId=5858372 ArrayTaskId=199 JobName=experiment_sim
   UserId=tbr0780(3229) GroupId=tbr0780(4023) MCS_label=N/A
   Priority=19645 Nice=0 Account=p32397 QOS=normal
   JobState=RUNNING Reason=None Dependency=(null)
   Requeue=0 Restarts=0 BatchFlag=1 Reboot=0 ExitCode=0:0
   RunTime=00:04:58 TimeLimit=02:00:00 TimeMin=N/A
   SubmitTime=2025-06-18T15:19:09 EligibleTime=2025-06-18T15:19:11
   AccrueTime=2025-06-18T15:19:11
   StartTime=2025-06-18T17:20:45 EndTime=2025-06-18T19:20:45 Deadline=N/A
   SuspendTime=None SecsPreSuspend=0 LastSchedEval=2025-06-18T17:20:45 Scheduler=Backfill
   Partition=short AllocNode:Sid=quser41:3973193
   ReqNodeList=(null) ExcNodeList=(null)
   NodeList=qnode3047
   BatchHost=qnode3047
   NumNodes=1 NumCPUs=64 NumTasks=64 CPUs/Task=1 ReqB:S:C:T=0:0:*:*
   ReqTRES=cpu=64,mem=32000M,node=1,billing=288
   AllocTRES=cpu=64,mem=32000M,node=1,billing=288
   Socks/Node=* NtasksPerN:B:S:C=64:0:*:* CoreSpec=*
   MinCPUsNode=64 MinMemoryCPU=500M MinTmpDiskNode=0
   Features=[quest10|quest11|quest12|quest13] DelayBoot=00:00:00
   OverSubscribe=OK Contiguous=0 Licenses=(null) Network=(null)
   Command=/gpfs/home/tbr0780/Dissertation/Integrated_Likelihood_Algorithm/Polytomous_Logistic_Regression/scripts/experiment_sim.sh
   WorkDir=/gpfs/home/tbr0780/Dissertation/Integrated_Likelihood_Algorithm/Polytomous_Logistic_Regression
   StdErr=/dev/null
   StdIn=/dev/null
   StdOut=/dev/null
   MailUser=timothyruel2024@u.northwestern.edu MailType=INVALID_DEPEND,BEGIN,END,FAIL,REQUEUE,STAGE_OUT
   
--------------------------------------------------------------------------------
JOB EFFICIENCY 
--------------------------------------------------------------------------------
Job efficiency will be calculated after the job has completed.
===== checkjob (interval) at Wed Jun 18 17:26:13 CDT 2025 =====
--------------------------------------------------------------------------------
JOB INFORMATION 
--------------------------------------------------------------------------------
JobId=5863750 ArrayJobId=5858372 ArrayTaskId=199 JobName=experiment_sim
   UserId=tbr0780(3229) GroupId=tbr0780(4023) MCS_label=N/A
   Priority=19645 Nice=0 Account=p32397 QOS=normal
   JobState=RUNNING Reason=None Dependency=(null)
   Requeue=0 Restarts=0 BatchFlag=1 Reboot=0 ExitCode=0:0
   RunTime=00:05:29 TimeLimit=02:00:00 TimeMin=N/A
   SubmitTime=2025-06-18T15:19:09 EligibleTime=2025-06-18T15:19:11
   AccrueTime=2025-06-18T15:19:11
   StartTime=2025-06-18T17:20:45 EndTime=2025-06-18T19:20:45 Deadline=N/A
   SuspendTime=None SecsPreSuspend=0 LastSchedEval=2025-06-18T17:20:45 Scheduler=Backfill
   Partition=short AllocNode:Sid=quser41:3973193
   ReqNodeList=(null) ExcNodeList=(null)
   NodeList=qnode3047
   BatchHost=qnode3047
   NumNodes=1 NumCPUs=64 NumTasks=64 CPUs/Task=1 ReqB:S:C:T=0:0:*:*
   ReqTRES=cpu=64,mem=32000M,node=1,billing=288
   AllocTRES=cpu=64,mem=32000M,node=1,billing=288
   Socks/Node=* NtasksPerN:B:S:C=64:0:*:* CoreSpec=*
   MinCPUsNode=64 MinMemoryCPU=500M MinTmpDiskNode=0
   Features=[quest10|quest11|quest12|quest13] DelayBoot=00:00:00
   OverSubscribe=OK Contiguous=0 Licenses=(null) Network=(null)
   Command=/gpfs/home/tbr0780/Dissertation/Integrated_Likelihood_Algorithm/Polytomous_Logistic_Regression/scripts/experiment_sim.sh
   WorkDir=/gpfs/home/tbr0780/Dissertation/Integrated_Likelihood_Algorithm/Polytomous_Logistic_Regression
   StdErr=/dev/null
   StdIn=/dev/null
   StdOut=/dev/null
   MailUser=timothyruel2024@u.northwestern.edu MailType=INVALID_DEPEND,BEGIN,END,FAIL,REQUEUE,STAGE_OUT
   
--------------------------------------------------------------------------------
JOB EFFICIENCY 
--------------------------------------------------------------------------------
Job efficiency will be calculated after the job has completed.
===== checkjob (interval) at Wed Jun 18 17:26:44 CDT 2025 =====
--------------------------------------------------------------------------------
JOB INFORMATION 
--------------------------------------------------------------------------------
JobId=5863750 ArrayJobId=5858372 ArrayTaskId=199 JobName=experiment_sim
   UserId=tbr0780(3229) GroupId=tbr0780(4023) MCS_label=N/A
   Priority=19645 Nice=0 Account=p32397 QOS=normal
   JobState=RUNNING Reason=None Dependency=(null)
   Requeue=0 Restarts=0 BatchFlag=1 Reboot=0 ExitCode=0:0
   RunTime=00:06:00 TimeLimit=02:00:00 TimeMin=N/A
   SubmitTime=2025-06-18T15:19:09 EligibleTime=2025-06-18T15:19:11
   AccrueTime=2025-06-18T15:19:11
   StartTime=2025-06-18T17:20:45 EndTime=2025-06-18T19:20:45 Deadline=N/A
   SuspendTime=None SecsPreSuspend=0 LastSchedEval=2025-06-18T17:20:45 Scheduler=Backfill
   Partition=short AllocNode:Sid=quser41:3973193
   ReqNodeList=(null) ExcNodeList=(null)
   NodeList=qnode3047
   BatchHost=qnode3047
   NumNodes=1 NumCPUs=64 NumTasks=64 CPUs/Task=1 ReqB:S:C:T=0:0:*:*
   ReqTRES=cpu=64,mem=32000M,node=1,billing=288
   AllocTRES=cpu=64,mem=32000M,node=1,billing=288
   Socks/Node=* NtasksPerN:B:S:C=64:0:*:* CoreSpec=*
   MinCPUsNode=64 MinMemoryCPU=500M MinTmpDiskNode=0
   Features=[quest10|quest11|quest12|quest13] DelayBoot=00:00:00
   OverSubscribe=OK Contiguous=0 Licenses=(null) Network=(null)
   Command=/gpfs/home/tbr0780/Dissertation/Integrated_Likelihood_Algorithm/Polytomous_Logistic_Regression/scripts/experiment_sim.sh
   WorkDir=/gpfs/home/tbr0780/Dissertation/Integrated_Likelihood_Algorithm/Polytomous_Logistic_Regression
   StdErr=/dev/null
   StdIn=/dev/null
   StdOut=/dev/null
   MailUser=timothyruel2024@u.northwestern.edu MailType=INVALID_DEPEND,BEGIN,END,FAIL,REQUEUE,STAGE_OUT
   
--------------------------------------------------------------------------------
JOB EFFICIENCY 
--------------------------------------------------------------------------------
Job efficiency will be calculated after the job has completed.
===== checkjob (interval) at Wed Jun 18 17:27:16 CDT 2025 =====
--------------------------------------------------------------------------------
JOB INFORMATION 
--------------------------------------------------------------------------------
JobId=5863750 ArrayJobId=5858372 ArrayTaskId=199 JobName=experiment_sim
   UserId=tbr0780(3229) GroupId=tbr0780(4023) MCS_label=N/A
   Priority=19645 Nice=0 Account=p32397 QOS=normal
   JobState=RUNNING Reason=None Dependency=(null)
   Requeue=0 Restarts=0 BatchFlag=1 Reboot=0 ExitCode=0:0
   RunTime=00:06:32 TimeLimit=02:00:00 TimeMin=N/A
   SubmitTime=2025-06-18T15:19:09 EligibleTime=2025-06-18T15:19:11
   AccrueTime=2025-06-18T15:19:11
   StartTime=2025-06-18T17:20:45 EndTime=2025-06-18T19:20:45 Deadline=N/A
   SuspendTime=None SecsPreSuspend=0 LastSchedEval=2025-06-18T17:20:45 Scheduler=Backfill
   Partition=short AllocNode:Sid=quser41:3973193
   ReqNodeList=(null) ExcNodeList=(null)
   NodeList=qnode3047
   BatchHost=qnode3047
   NumNodes=1 NumCPUs=64 NumTasks=64 CPUs/Task=1 ReqB:S:C:T=0:0:*:*
   ReqTRES=cpu=64,mem=32000M,node=1,billing=288
   AllocTRES=cpu=64,mem=32000M,node=1,billing=288
   Socks/Node=* NtasksPerN:B:S:C=64:0:*:* CoreSpec=*
   MinCPUsNode=64 MinMemoryCPU=500M MinTmpDiskNode=0
   Features=[quest10|quest11|quest12|quest13] DelayBoot=00:00:00
   OverSubscribe=OK Contiguous=0 Licenses=(null) Network=(null)
   Command=/gpfs/home/tbr0780/Dissertation/Integrated_Likelihood_Algorithm/Polytomous_Logistic_Regression/scripts/experiment_sim.sh
   WorkDir=/gpfs/home/tbr0780/Dissertation/Integrated_Likelihood_Algorithm/Polytomous_Logistic_Regression
   StdErr=/dev/null
   StdIn=/dev/null
   StdOut=/dev/null
   MailUser=timothyruel2024@u.northwestern.edu MailType=INVALID_DEPEND,BEGIN,END,FAIL,REQUEUE,STAGE_OUT
   
--------------------------------------------------------------------------------
JOB EFFICIENCY 
--------------------------------------------------------------------------------
Job efficiency will be calculated after the job has completed.
===== checkjob (interval) at Wed Jun 18 17:27:49 CDT 2025 =====
--------------------------------------------------------------------------------
JOB INFORMATION 
--------------------------------------------------------------------------------
JobId=5863750 ArrayJobId=5858372 ArrayTaskId=199 JobName=experiment_sim
   UserId=tbr0780(3229) GroupId=tbr0780(4023) MCS_label=N/A
   Priority=19645 Nice=0 Account=p32397 QOS=normal
   JobState=RUNNING Reason=None Dependency=(null)
   Requeue=0 Restarts=0 BatchFlag=1 Reboot=0 ExitCode=0:0
   RunTime=00:07:05 TimeLimit=02:00:00 TimeMin=N/A
   SubmitTime=2025-06-18T15:19:09 EligibleTime=2025-06-18T15:19:11
   AccrueTime=2025-06-18T15:19:11
   StartTime=2025-06-18T17:20:45 EndTime=2025-06-18T19:20:45 Deadline=N/A
   SuspendTime=None SecsPreSuspend=0 LastSchedEval=2025-06-18T17:20:45 Scheduler=Backfill
   Partition=short AllocNode:Sid=quser41:3973193
   ReqNodeList=(null) ExcNodeList=(null)
   NodeList=qnode3047
   BatchHost=qnode3047
   NumNodes=1 NumCPUs=64 NumTasks=64 CPUs/Task=1 ReqB:S:C:T=0:0:*:*
   ReqTRES=cpu=64,mem=32000M,node=1,billing=288
   AllocTRES=cpu=64,mem=32000M,node=1,billing=288
   Socks/Node=* NtasksPerN:B:S:C=64:0:*:* CoreSpec=*
   MinCPUsNode=64 MinMemoryCPU=500M MinTmpDiskNode=0
   Features=[quest10|quest11|quest12|quest13] DelayBoot=00:00:00
   OverSubscribe=OK Contiguous=0 Licenses=(null) Network=(null)
   Command=/gpfs/home/tbr0780/Dissertation/Integrated_Likelihood_Algorithm/Polytomous_Logistic_Regression/scripts/experiment_sim.sh
   WorkDir=/gpfs/home/tbr0780/Dissertation/Integrated_Likelihood_Algorithm/Polytomous_Logistic_Regression
   StdErr=/dev/null
   StdIn=/dev/null
   StdOut=/dev/null
   MailUser=timothyruel2024@u.northwestern.edu MailType=INVALID_DEPEND,BEGIN,END,FAIL,REQUEUE,STAGE_OUT
   
--------------------------------------------------------------------------------
JOB EFFICIENCY 
--------------------------------------------------------------------------------
Job efficiency will be calculated after the job has completed.
===== checkjob (interval) at Wed Jun 18 17:28:21 CDT 2025 =====
--------------------------------------------------------------------------------
JOB INFORMATION 
--------------------------------------------------------------------------------
JobId=5863750 ArrayJobId=5858372 ArrayTaskId=199 JobName=experiment_sim
   UserId=tbr0780(3229) GroupId=tbr0780(4023) MCS_label=N/A
   Priority=19645 Nice=0 Account=p32397 QOS=normal
   JobState=RUNNING Reason=None Dependency=(null)
   Requeue=0 Restarts=0 BatchFlag=1 Reboot=0 ExitCode=0:0
   RunTime=00:07:36 TimeLimit=02:00:00 TimeMin=N/A
   SubmitTime=2025-06-18T15:19:09 EligibleTime=2025-06-18T15:19:11
   AccrueTime=2025-06-18T15:19:11
   StartTime=2025-06-18T17:20:45 EndTime=2025-06-18T19:20:45 Deadline=N/A
   SuspendTime=None SecsPreSuspend=0 LastSchedEval=2025-06-18T17:20:45 Scheduler=Backfill
   Partition=short AllocNode:Sid=quser41:3973193
   ReqNodeList=(null) ExcNodeList=(null)
   NodeList=qnode3047
   BatchHost=qnode3047
   NumNodes=1 NumCPUs=64 NumTasks=64 CPUs/Task=1 ReqB:S:C:T=0:0:*:*
   ReqTRES=cpu=64,mem=32000M,node=1,billing=288
   AllocTRES=cpu=64,mem=32000M,node=1,billing=288
   Socks/Node=* NtasksPerN:B:S:C=64:0:*:* CoreSpec=*
   MinCPUsNode=64 MinMemoryCPU=500M MinTmpDiskNode=0
   Features=[quest10|quest11|quest12|quest13] DelayBoot=00:00:00
   OverSubscribe=OK Contiguous=0 Licenses=(null) Network=(null)
   Command=/gpfs/home/tbr0780/Dissertation/Integrated_Likelihood_Algorithm/Polytomous_Logistic_Regression/scripts/experiment_sim.sh
   WorkDir=/gpfs/home/tbr0780/Dissertation/Integrated_Likelihood_Algorithm/Polytomous_Logistic_Regression
   StdErr=/dev/null
   StdIn=/dev/null
   StdOut=/dev/null
   MailUser=timothyruel2024@u.northwestern.edu MailType=INVALID_DEPEND,BEGIN,END,FAIL,REQUEUE,STAGE_OUT
   
--------------------------------------------------------------------------------
JOB EFFICIENCY 
--------------------------------------------------------------------------------
Job efficiency will be calculated after the job has completed.
===== checkjob (interval) at Wed Jun 18 17:28:52 CDT 2025 =====
--------------------------------------------------------------------------------
JOB INFORMATION 
--------------------------------------------------------------------------------
JobId=5863750 ArrayJobId=5858372 ArrayTaskId=199 JobName=experiment_sim
   UserId=tbr0780(3229) GroupId=tbr0780(4023) MCS_label=N/A
   Priority=19645 Nice=0 Account=p32397 QOS=normal
   JobState=RUNNING Reason=None Dependency=(null)
   Requeue=0 Restarts=0 BatchFlag=1 Reboot=0 ExitCode=0:0
   RunTime=00:08:07 TimeLimit=02:00:00 TimeMin=N/A
   SubmitTime=2025-06-18T15:19:09 EligibleTime=2025-06-18T15:19:11
   AccrueTime=2025-06-18T15:19:11
   StartTime=2025-06-18T17:20:45 EndTime=2025-06-18T19:20:45 Deadline=N/A
   SuspendTime=None SecsPreSuspend=0 LastSchedEval=2025-06-18T17:20:45 Scheduler=Backfill
   Partition=short AllocNode:Sid=quser41:3973193
   ReqNodeList=(null) ExcNodeList=(null)
   NodeList=qnode3047
   BatchHost=qnode3047
   NumNodes=1 NumCPUs=64 NumTasks=64 CPUs/Task=1 ReqB:S:C:T=0:0:*:*
   ReqTRES=cpu=64,mem=32000M,node=1,billing=288
   AllocTRES=cpu=64,mem=32000M,node=1,billing=288
   Socks/Node=* NtasksPerN:B:S:C=64:0:*:* CoreSpec=*
   MinCPUsNode=64 MinMemoryCPU=500M MinTmpDiskNode=0
   Features=[quest10|quest11|quest12|quest13] DelayBoot=00:00:00
   OverSubscribe=OK Contiguous=0 Licenses=(null) Network=(null)
   Command=/gpfs/home/tbr0780/Dissertation/Integrated_Likelihood_Algorithm/Polytomous_Logistic_Regression/scripts/experiment_sim.sh
   WorkDir=/gpfs/home/tbr0780/Dissertation/Integrated_Likelihood_Algorithm/Polytomous_Logistic_Regression
   StdErr=/dev/null
   StdIn=/dev/null
   StdOut=/dev/null
   MailUser=timothyruel2024@u.northwestern.edu MailType=INVALID_DEPEND,BEGIN,END,FAIL,REQUEUE,STAGE_OUT
   
--------------------------------------------------------------------------------
JOB EFFICIENCY 
--------------------------------------------------------------------------------
Job efficiency will be calculated after the job has completed.
===== checkjob (interval) at Wed Jun 18 17:29:23 CDT 2025 =====
--------------------------------------------------------------------------------
JOB INFORMATION 
--------------------------------------------------------------------------------
JobId=5863750 ArrayJobId=5858372 ArrayTaskId=199 JobName=experiment_sim
   UserId=tbr0780(3229) GroupId=tbr0780(4023) MCS_label=N/A
   Priority=19645 Nice=0 Account=p32397 QOS=normal
   JobState=RUNNING Reason=None Dependency=(null)
   Requeue=0 Restarts=0 BatchFlag=1 Reboot=0 ExitCode=0:0
   RunTime=00:08:40 TimeLimit=02:00:00 TimeMin=N/A
   SubmitTime=2025-06-18T15:19:09 EligibleTime=2025-06-18T15:19:11
   AccrueTime=2025-06-18T15:19:11
   StartTime=2025-06-18T17:20:45 EndTime=2025-06-18T19:20:45 Deadline=N/A
   SuspendTime=None SecsPreSuspend=0 LastSchedEval=2025-06-18T17:20:45 Scheduler=Backfill
   Partition=short AllocNode:Sid=quser41:3973193
   ReqNodeList=(null) ExcNodeList=(null)
   NodeList=qnode3047
   BatchHost=qnode3047
   NumNodes=1 NumCPUs=64 NumTasks=64 CPUs/Task=1 ReqB:S:C:T=0:0:*:*
   ReqTRES=cpu=64,mem=32000M,node=1,billing=288
   AllocTRES=cpu=64,mem=32000M,node=1,billing=288
   Socks/Node=* NtasksPerN:B:S:C=64:0:*:* CoreSpec=*
   MinCPUsNode=64 MinMemoryCPU=500M MinTmpDiskNode=0
   Features=[quest10|quest11|quest12|quest13] DelayBoot=00:00:00
   OverSubscribe=OK Contiguous=0 Licenses=(null) Network=(null)
   Command=/gpfs/home/tbr0780/Dissertation/Integrated_Likelihood_Algorithm/Polytomous_Logistic_Regression/scripts/experiment_sim.sh
   WorkDir=/gpfs/home/tbr0780/Dissertation/Integrated_Likelihood_Algorithm/Polytomous_Logistic_Regression
   StdErr=/dev/null
   StdIn=/dev/null
   StdOut=/dev/null
   MailUser=timothyruel2024@u.northwestern.edu MailType=INVALID_DEPEND,BEGIN,END,FAIL,REQUEUE,STAGE_OUT
   
--------------------------------------------------------------------------------
JOB EFFICIENCY 
--------------------------------------------------------------------------------
Job efficiency will be calculated after the job has completed.
===== checkjob (interval) at Wed Jun 18 17:29:56 CDT 2025 =====
--------------------------------------------------------------------------------
JOB INFORMATION 
--------------------------------------------------------------------------------
JobId=5863750 ArrayJobId=5858372 ArrayTaskId=199 JobName=experiment_sim
   UserId=tbr0780(3229) GroupId=tbr0780(4023) MCS_label=N/A
   Priority=19645 Nice=0 Account=p32397 QOS=normal
   JobState=RUNNING Reason=None Dependency=(null)
   Requeue=0 Restarts=0 BatchFlag=1 Reboot=0 ExitCode=0:0
   RunTime=00:09:11 TimeLimit=02:00:00 TimeMin=N/A
   SubmitTime=2025-06-18T15:19:09 EligibleTime=2025-06-18T15:19:11
   AccrueTime=2025-06-18T15:19:11
   StartTime=2025-06-18T17:20:45 EndTime=2025-06-18T19:20:45 Deadline=N/A
   SuspendTime=None SecsPreSuspend=0 LastSchedEval=2025-06-18T17:20:45 Scheduler=Backfill
   Partition=short AllocNode:Sid=quser41:3973193
   ReqNodeList=(null) ExcNodeList=(null)
   NodeList=qnode3047
   BatchHost=qnode3047
   NumNodes=1 NumCPUs=64 NumTasks=64 CPUs/Task=1 ReqB:S:C:T=0:0:*:*
   ReqTRES=cpu=64,mem=32000M,node=1,billing=288
   AllocTRES=cpu=64,mem=32000M,node=1,billing=288
   Socks/Node=* NtasksPerN:B:S:C=64:0:*:* CoreSpec=*
   MinCPUsNode=64 MinMemoryCPU=500M MinTmpDiskNode=0
   Features=[quest10|quest11|quest12|quest13] DelayBoot=00:00:00
   OverSubscribe=OK Contiguous=0 Licenses=(null) Network=(null)
   Command=/gpfs/home/tbr0780/Dissertation/Integrated_Likelihood_Algorithm/Polytomous_Logistic_Regression/scripts/experiment_sim.sh
   WorkDir=/gpfs/home/tbr0780/Dissertation/Integrated_Likelihood_Algorithm/Polytomous_Logistic_Regression
   StdErr=/dev/null
   StdIn=/dev/null
   StdOut=/dev/null
   MailUser=timothyruel2024@u.northwestern.edu MailType=INVALID_DEPEND,BEGIN,END,FAIL,REQUEUE,STAGE_OUT
   
--------------------------------------------------------------------------------
JOB EFFICIENCY 
--------------------------------------------------------------------------------
Job efficiency will be calculated after the job has completed.
===== checkjob (interval) at Wed Jun 18 17:30:27 CDT 2025 =====
--------------------------------------------------------------------------------
JOB INFORMATION 
--------------------------------------------------------------------------------
JobId=5863750 ArrayJobId=5858372 ArrayTaskId=199 JobName=experiment_sim
   UserId=tbr0780(3229) GroupId=tbr0780(4023) MCS_label=N/A
   Priority=19645 Nice=0 Account=p32397 QOS=normal
   JobState=RUNNING Reason=None Dependency=(null)
   Requeue=0 Restarts=0 BatchFlag=1 Reboot=0 ExitCode=0:0
   RunTime=00:09:42 TimeLimit=02:00:00 TimeMin=N/A
   SubmitTime=2025-06-18T15:19:09 EligibleTime=2025-06-18T15:19:11
   AccrueTime=2025-06-18T15:19:11
   StartTime=2025-06-18T17:20:45 EndTime=2025-06-18T19:20:45 Deadline=N/A
   SuspendTime=None SecsPreSuspend=0 LastSchedEval=2025-06-18T17:20:45 Scheduler=Backfill
   Partition=short AllocNode:Sid=quser41:3973193
   ReqNodeList=(null) ExcNodeList=(null)
   NodeList=qnode3047
   BatchHost=qnode3047
   NumNodes=1 NumCPUs=64 NumTasks=64 CPUs/Task=1 ReqB:S:C:T=0:0:*:*
   ReqTRES=cpu=64,mem=32000M,node=1,billing=288
   AllocTRES=cpu=64,mem=32000M,node=1,billing=288
   Socks/Node=* NtasksPerN:B:S:C=64:0:*:* CoreSpec=*
   MinCPUsNode=64 MinMemoryCPU=500M MinTmpDiskNode=0
   Features=[quest10|quest11|quest12|quest13] DelayBoot=00:00:00
   OverSubscribe=OK Contiguous=0 Licenses=(null) Network=(null)
   Command=/gpfs/home/tbr0780/Dissertation/Integrated_Likelihood_Algorithm/Polytomous_Logistic_Regression/scripts/experiment_sim.sh
   WorkDir=/gpfs/home/tbr0780/Dissertation/Integrated_Likelihood_Algorithm/Polytomous_Logistic_Regression
   StdErr=/dev/null
   StdIn=/dev/null
   StdOut=/dev/null
   MailUser=timothyruel2024@u.northwestern.edu MailType=INVALID_DEPEND,BEGIN,END,FAIL,REQUEUE,STAGE_OUT
   
--------------------------------------------------------------------------------
JOB EFFICIENCY 
--------------------------------------------------------------------------------
Job efficiency will be calculated after the job has completed.
===== checkjob (interval) at Wed Jun 18 17:30:58 CDT 2025 =====
--------------------------------------------------------------------------------
JOB INFORMATION 
--------------------------------------------------------------------------------
JobId=5863750 ArrayJobId=5858372 ArrayTaskId=199 JobName=experiment_sim
   UserId=tbr0780(3229) GroupId=tbr0780(4023) MCS_label=N/A
   Priority=19645 Nice=0 Account=p32397 QOS=normal
   JobState=RUNNING Reason=None Dependency=(null)
   Requeue=0 Restarts=0 BatchFlag=1 Reboot=0 ExitCode=0:0
   RunTime=00:10:13 TimeLimit=02:00:00 TimeMin=N/A
   SubmitTime=2025-06-18T15:19:09 EligibleTime=2025-06-18T15:19:11
   AccrueTime=2025-06-18T15:19:11
   StartTime=2025-06-18T17:20:45 EndTime=2025-06-18T19:20:45 Deadline=N/A
   SuspendTime=None SecsPreSuspend=0 LastSchedEval=2025-06-18T17:20:45 Scheduler=Backfill
   Partition=short AllocNode:Sid=quser41:3973193
   ReqNodeList=(null) ExcNodeList=(null)
   NodeList=qnode3047
   BatchHost=qnode3047
   NumNodes=1 NumCPUs=64 NumTasks=64 CPUs/Task=1 ReqB:S:C:T=0:0:*:*
   ReqTRES=cpu=64,mem=32000M,node=1,billing=288
   AllocTRES=cpu=64,mem=32000M,node=1,billing=288
   Socks/Node=* NtasksPerN:B:S:C=64:0:*:* CoreSpec=*
   MinCPUsNode=64 MinMemoryCPU=500M MinTmpDiskNode=0
   Features=[quest10|quest11|quest12|quest13] DelayBoot=00:00:00
   OverSubscribe=OK Contiguous=0 Licenses=(null) Network=(null)
   Command=/gpfs/home/tbr0780/Dissertation/Integrated_Likelihood_Algorithm/Polytomous_Logistic_Regression/scripts/experiment_sim.sh
   WorkDir=/gpfs/home/tbr0780/Dissertation/Integrated_Likelihood_Algorithm/Polytomous_Logistic_Regression
   StdErr=/dev/null
   StdIn=/dev/null
   StdOut=/dev/null
   MailUser=timothyruel2024@u.northwestern.edu MailType=INVALID_DEPEND,BEGIN,END,FAIL,REQUEUE,STAGE_OUT
   
--------------------------------------------------------------------------------
JOB EFFICIENCY 
--------------------------------------------------------------------------------
Job efficiency will be calculated after the job has completed.
===== checkjob (interval) at Wed Jun 18 17:31:29 CDT 2025 =====
--------------------------------------------------------------------------------
JOB INFORMATION 
--------------------------------------------------------------------------------
JobId=5863750 ArrayJobId=5858372 ArrayTaskId=199 JobName=experiment_sim
   UserId=tbr0780(3229) GroupId=tbr0780(4023) MCS_label=N/A
   Priority=19645 Nice=0 Account=p32397 QOS=normal
   JobState=RUNNING Reason=None Dependency=(null)
   Requeue=0 Restarts=0 BatchFlag=1 Reboot=0 ExitCode=0:0
   RunTime=00:10:45 TimeLimit=02:00:00 TimeMin=N/A
   SubmitTime=2025-06-18T15:19:09 EligibleTime=2025-06-18T15:19:11
   AccrueTime=2025-06-18T15:19:11
   StartTime=2025-06-18T17:20:45 EndTime=2025-06-18T19:20:45 Deadline=N/A
   SuspendTime=None SecsPreSuspend=0 LastSchedEval=2025-06-18T17:20:45 Scheduler=Backfill
   Partition=short AllocNode:Sid=quser41:3973193
   ReqNodeList=(null) ExcNodeList=(null)
   NodeList=qnode3047
   BatchHost=qnode3047
   NumNodes=1 NumCPUs=64 NumTasks=64 CPUs/Task=1 ReqB:S:C:T=0:0:*:*
   ReqTRES=cpu=64,mem=32000M,node=1,billing=288
   AllocTRES=cpu=64,mem=32000M,node=1,billing=288
   Socks/Node=* NtasksPerN:B:S:C=64:0:*:* CoreSpec=*
   MinCPUsNode=64 MinMemoryCPU=500M MinTmpDiskNode=0
   Features=[quest10|quest11|quest12|quest13] DelayBoot=00:00:00
   OverSubscribe=OK Contiguous=0 Licenses=(null) Network=(null)
   Command=/gpfs/home/tbr0780/Dissertation/Integrated_Likelihood_Algorithm/Polytomous_Logistic_Regression/scripts/experiment_sim.sh
   WorkDir=/gpfs/home/tbr0780/Dissertation/Integrated_Likelihood_Algorithm/Polytomous_Logistic_Regression
   StdErr=/dev/null
   StdIn=/dev/null
   StdOut=/dev/null
   MailUser=timothyruel2024@u.northwestern.edu MailType=INVALID_DEPEND,BEGIN,END,FAIL,REQUEUE,STAGE_OUT
   
--------------------------------------------------------------------------------
JOB EFFICIENCY 
--------------------------------------------------------------------------------
Job efficiency will be calculated after the job has completed.
===== checkjob (interval) at Wed Jun 18 17:32:03 CDT 2025 =====
--------------------------------------------------------------------------------
JOB INFORMATION 
--------------------------------------------------------------------------------
JobId=5863750 ArrayJobId=5858372 ArrayTaskId=199 JobName=experiment_sim
   UserId=tbr0780(3229) GroupId=tbr0780(4023) MCS_label=N/A
   Priority=19645 Nice=0 Account=p32397 QOS=normal
   JobState=RUNNING Reason=None Dependency=(null)
   Requeue=0 Restarts=0 BatchFlag=1 Reboot=0 ExitCode=0:0
   RunTime=00:11:18 TimeLimit=02:00:00 TimeMin=N/A
   SubmitTime=2025-06-18T15:19:09 EligibleTime=2025-06-18T15:19:11
   AccrueTime=2025-06-18T15:19:11
   StartTime=2025-06-18T17:20:45 EndTime=2025-06-18T19:20:45 Deadline=N/A
   SuspendTime=None SecsPreSuspend=0 LastSchedEval=2025-06-18T17:20:45 Scheduler=Backfill
   Partition=short AllocNode:Sid=quser41:3973193
   ReqNodeList=(null) ExcNodeList=(null)
   NodeList=qnode3047
   BatchHost=qnode3047
   NumNodes=1 NumCPUs=64 NumTasks=64 CPUs/Task=1 ReqB:S:C:T=0:0:*:*
   ReqTRES=cpu=64,mem=32000M,node=1,billing=288
   AllocTRES=cpu=64,mem=32000M,node=1,billing=288
   Socks/Node=* NtasksPerN:B:S:C=64:0:*:* CoreSpec=*
   MinCPUsNode=64 MinMemoryCPU=500M MinTmpDiskNode=0
   Features=[quest10|quest11|quest12|quest13] DelayBoot=00:00:00
   OverSubscribe=OK Contiguous=0 Licenses=(null) Network=(null)
   Command=/gpfs/home/tbr0780/Dissertation/Integrated_Likelihood_Algorithm/Polytomous_Logistic_Regression/scripts/experiment_sim.sh
   WorkDir=/gpfs/home/tbr0780/Dissertation/Integrated_Likelihood_Algorithm/Polytomous_Logistic_Regression
   StdErr=/dev/null
   StdIn=/dev/null
   StdOut=/dev/null
   MailUser=timothyruel2024@u.northwestern.edu MailType=INVALID_DEPEND,BEGIN,END,FAIL,REQUEUE,STAGE_OUT
   
--------------------------------------------------------------------------------
JOB EFFICIENCY 
--------------------------------------------------------------------------------
Job efficiency will be calculated after the job has completed.
===== checkjob (interval) at Wed Jun 18 17:32:34 CDT 2025 =====
--------------------------------------------------------------------------------
JOB INFORMATION 
--------------------------------------------------------------------------------
JobId=5863750 ArrayJobId=5858372 ArrayTaskId=199 JobName=experiment_sim
   UserId=tbr0780(3229) GroupId=tbr0780(4023) MCS_label=N/A
   Priority=19645 Nice=0 Account=p32397 QOS=normal
   JobState=RUNNING Reason=None Dependency=(null)
   Requeue=0 Restarts=0 BatchFlag=1 Reboot=0 ExitCode=0:0
   RunTime=00:11:49 TimeLimit=02:00:00 TimeMin=N/A
   SubmitTime=2025-06-18T15:19:09 EligibleTime=2025-06-18T15:19:11
   AccrueTime=2025-06-18T15:19:11
   StartTime=2025-06-18T17:20:45 EndTime=2025-06-18T19:20:45 Deadline=N/A
   SuspendTime=None SecsPreSuspend=0 LastSchedEval=2025-06-18T17:20:45 Scheduler=Backfill
   Partition=short AllocNode:Sid=quser41:3973193
   ReqNodeList=(null) ExcNodeList=(null)
   NodeList=qnode3047
   BatchHost=qnode3047
   NumNodes=1 NumCPUs=64 NumTasks=64 CPUs/Task=1 ReqB:S:C:T=0:0:*:*
   ReqTRES=cpu=64,mem=32000M,node=1,billing=288
   AllocTRES=cpu=64,mem=32000M,node=1,billing=288
   Socks/Node=* NtasksPerN:B:S:C=64:0:*:* CoreSpec=*
   MinCPUsNode=64 MinMemoryCPU=500M MinTmpDiskNode=0
   Features=[quest10|quest11|quest12|quest13] DelayBoot=00:00:00
   OverSubscribe=OK Contiguous=0 Licenses=(null) Network=(null)
   Command=/gpfs/home/tbr0780/Dissertation/Integrated_Likelihood_Algorithm/Polytomous_Logistic_Regression/scripts/experiment_sim.sh
   WorkDir=/gpfs/home/tbr0780/Dissertation/Integrated_Likelihood_Algorithm/Polytomous_Logistic_Regression
   StdErr=/dev/null
   StdIn=/dev/null
   StdOut=/dev/null
   MailUser=timothyruel2024@u.northwestern.edu MailType=INVALID_DEPEND,BEGIN,END,FAIL,REQUEUE,STAGE_OUT
   
--------------------------------------------------------------------------------
JOB EFFICIENCY 
--------------------------------------------------------------------------------
Job efficiency will be calculated after the job has completed.
===== checkjob (interval) at Wed Jun 18 17:33:05 CDT 2025 =====
--------------------------------------------------------------------------------
JOB INFORMATION 
--------------------------------------------------------------------------------
JobId=5863750 ArrayJobId=5858372 ArrayTaskId=199 JobName=experiment_sim
   UserId=tbr0780(3229) GroupId=tbr0780(4023) MCS_label=N/A
   Priority=19645 Nice=0 Account=p32397 QOS=normal
   JobState=RUNNING Reason=None Dependency=(null)
   Requeue=0 Restarts=0 BatchFlag=1 Reboot=0 ExitCode=0:0
   RunTime=00:12:21 TimeLimit=02:00:00 TimeMin=N/A
   SubmitTime=2025-06-18T15:19:09 EligibleTime=2025-06-18T15:19:11
   AccrueTime=2025-06-18T15:19:11
   StartTime=2025-06-18T17:20:45 EndTime=2025-06-18T19:20:45 Deadline=N/A
   SuspendTime=None SecsPreSuspend=0 LastSchedEval=2025-06-18T17:20:45 Scheduler=Backfill
   Partition=short AllocNode:Sid=quser41:3973193
   ReqNodeList=(null) ExcNodeList=(null)
   NodeList=qnode3047
   BatchHost=qnode3047
   NumNodes=1 NumCPUs=64 NumTasks=64 CPUs/Task=1 ReqB:S:C:T=0:0:*:*
   ReqTRES=cpu=64,mem=32000M,node=1,billing=288
   AllocTRES=cpu=64,mem=32000M,node=1,billing=288
   Socks/Node=* NtasksPerN:B:S:C=64:0:*:* CoreSpec=*
   MinCPUsNode=64 MinMemoryCPU=500M MinTmpDiskNode=0
   Features=[quest10|quest11|quest12|quest13] DelayBoot=00:00:00
   OverSubscribe=OK Contiguous=0 Licenses=(null) Network=(null)
   Command=/gpfs/home/tbr0780/Dissertation/Integrated_Likelihood_Algorithm/Polytomous_Logistic_Regression/scripts/experiment_sim.sh
   WorkDir=/gpfs/home/tbr0780/Dissertation/Integrated_Likelihood_Algorithm/Polytomous_Logistic_Regression
   StdErr=/dev/null
   StdIn=/dev/null
   StdOut=/dev/null
   MailUser=timothyruel2024@u.northwestern.edu MailType=INVALID_DEPEND,BEGIN,END,FAIL,REQUEUE,STAGE_OUT
   
--------------------------------------------------------------------------------
JOB EFFICIENCY 
--------------------------------------------------------------------------------
Job efficiency will be calculated after the job has completed.
===== checkjob (interval) at Wed Jun 18 17:33:41 CDT 2025 =====
--------------------------------------------------------------------------------
JOB INFORMATION 
--------------------------------------------------------------------------------
JobId=5863750 ArrayJobId=5858372 ArrayTaskId=199 JobName=experiment_sim
   UserId=tbr0780(3229) GroupId=tbr0780(4023) MCS_label=N/A
   Priority=19645 Nice=0 Account=p32397 QOS=normal
   JobState=RUNNING Reason=None Dependency=(null)
   Requeue=0 Restarts=0 BatchFlag=1 Reboot=0 ExitCode=0:0
   RunTime=00:12:58 TimeLimit=02:00:00 TimeMin=N/A
   SubmitTime=2025-06-18T15:19:09 EligibleTime=2025-06-18T15:19:11
   AccrueTime=2025-06-18T15:19:11
   StartTime=2025-06-18T17:20:45 EndTime=2025-06-18T19:20:45 Deadline=N/A
   SuspendTime=None SecsPreSuspend=0 LastSchedEval=2025-06-18T17:20:45 Scheduler=Backfill
   Partition=short AllocNode:Sid=quser41:3973193
   ReqNodeList=(null) ExcNodeList=(null)
   NodeList=qnode3047
   BatchHost=qnode3047
   NumNodes=1 NumCPUs=64 NumTasks=64 CPUs/Task=1 ReqB:S:C:T=0:0:*:*
   ReqTRES=cpu=64,mem=32000M,node=1,billing=288
   AllocTRES=cpu=64,mem=32000M,node=1,billing=288
   Socks/Node=* NtasksPerN:B:S:C=64:0:*:* CoreSpec=*
   MinCPUsNode=64 MinMemoryCPU=500M MinTmpDiskNode=0
   Features=[quest10|quest11|quest12|quest13] DelayBoot=00:00:00
   OverSubscribe=OK Contiguous=0 Licenses=(null) Network=(null)
   Command=/gpfs/home/tbr0780/Dissertation/Integrated_Likelihood_Algorithm/Polytomous_Logistic_Regression/scripts/experiment_sim.sh
   WorkDir=/gpfs/home/tbr0780/Dissertation/Integrated_Likelihood_Algorithm/Polytomous_Logistic_Regression
   StdErr=/dev/null
   StdIn=/dev/null
   StdOut=/dev/null
   MailUser=timothyruel2024@u.northwestern.edu MailType=INVALID_DEPEND,BEGIN,END,FAIL,REQUEUE,STAGE_OUT
   
--------------------------------------------------------------------------------
JOB EFFICIENCY 
--------------------------------------------------------------------------------
Job efficiency will be calculated after the job has completed.
===== checkjob (interval) at Wed Jun 18 17:34:17 CDT 2025 =====
--------------------------------------------------------------------------------
JOB INFORMATION 
--------------------------------------------------------------------------------
JobId=5863750 ArrayJobId=5858372 ArrayTaskId=199 JobName=experiment_sim
   UserId=tbr0780(3229) GroupId=tbr0780(4023) MCS_label=N/A
   Priority=19645 Nice=0 Account=p32397 QOS=normal
   JobState=RUNNING Reason=None Dependency=(null)
   Requeue=0 Restarts=0 BatchFlag=1 Reboot=0 ExitCode=0:0
   RunTime=00:13:33 TimeLimit=02:00:00 TimeMin=N/A
   SubmitTime=2025-06-18T15:19:09 EligibleTime=2025-06-18T15:19:11
   AccrueTime=2025-06-18T15:19:11
   StartTime=2025-06-18T17:20:45 EndTime=2025-06-18T19:20:45 Deadline=N/A
   SuspendTime=None SecsPreSuspend=0 LastSchedEval=2025-06-18T17:20:45 Scheduler=Backfill
   Partition=short AllocNode:Sid=quser41:3973193
   ReqNodeList=(null) ExcNodeList=(null)
   NodeList=qnode3047
   BatchHost=qnode3047
   NumNodes=1 NumCPUs=64 NumTasks=64 CPUs/Task=1 ReqB:S:C:T=0:0:*:*
   ReqTRES=cpu=64,mem=32000M,node=1,billing=288
   AllocTRES=cpu=64,mem=32000M,node=1,billing=288
   Socks/Node=* NtasksPerN:B:S:C=64:0:*:* CoreSpec=*
   MinCPUsNode=64 MinMemoryCPU=500M MinTmpDiskNode=0
   Features=[quest10|quest11|quest12|quest13] DelayBoot=00:00:00
   OverSubscribe=OK Contiguous=0 Licenses=(null) Network=(null)
   Command=/gpfs/home/tbr0780/Dissertation/Integrated_Likelihood_Algorithm/Polytomous_Logistic_Regression/scripts/experiment_sim.sh
   WorkDir=/gpfs/home/tbr0780/Dissertation/Integrated_Likelihood_Algorithm/Polytomous_Logistic_Regression
   StdErr=/dev/null
   StdIn=/dev/null
   StdOut=/dev/null
   MailUser=timothyruel2024@u.northwestern.edu MailType=INVALID_DEPEND,BEGIN,END,FAIL,REQUEUE,STAGE_OUT
   
--------------------------------------------------------------------------------
JOB EFFICIENCY 
--------------------------------------------------------------------------------
Job efficiency will be calculated after the job has completed.
===== checkjob (interval) at Wed Jun 18 17:34:53 CDT 2025 =====
--------------------------------------------------------------------------------
JOB INFORMATION 
--------------------------------------------------------------------------------
JobId=5863750 ArrayJobId=5858372 ArrayTaskId=199 JobName=experiment_sim
   UserId=tbr0780(3229) GroupId=tbr0780(4023) MCS_label=N/A
   Priority=19645 Nice=0 Account=p32397 QOS=normal
   JobState=RUNNING Reason=None Dependency=(null)
   Requeue=0 Restarts=0 BatchFlag=1 Reboot=0 ExitCode=0:0
   RunTime=00:14:10 TimeLimit=02:00:00 TimeMin=N/A
   SubmitTime=2025-06-18T15:19:09 EligibleTime=2025-06-18T15:19:11
   AccrueTime=2025-06-18T15:19:11
   StartTime=2025-06-18T17:20:45 EndTime=2025-06-18T19:20:45 Deadline=N/A
   SuspendTime=None SecsPreSuspend=0 LastSchedEval=2025-06-18T17:20:45 Scheduler=Backfill
   Partition=short AllocNode:Sid=quser41:3973193
   ReqNodeList=(null) ExcNodeList=(null)
   NodeList=qnode3047
   BatchHost=qnode3047
   NumNodes=1 NumCPUs=64 NumTasks=64 CPUs/Task=1 ReqB:S:C:T=0:0:*:*
   ReqTRES=cpu=64,mem=32000M,node=1,billing=288
   AllocTRES=cpu=64,mem=32000M,node=1,billing=288
   Socks/Node=* NtasksPerN:B:S:C=64:0:*:* CoreSpec=*
   MinCPUsNode=64 MinMemoryCPU=500M MinTmpDiskNode=0
   Features=[quest10|quest11|quest12|quest13] DelayBoot=00:00:00
   OverSubscribe=OK Contiguous=0 Licenses=(null) Network=(null)
   Command=/gpfs/home/tbr0780/Dissertation/Integrated_Likelihood_Algorithm/Polytomous_Logistic_Regression/scripts/experiment_sim.sh
   WorkDir=/gpfs/home/tbr0780/Dissertation/Integrated_Likelihood_Algorithm/Polytomous_Logistic_Regression
   StdErr=/dev/null
   StdIn=/dev/null
   StdOut=/dev/null
   MailUser=timothyruel2024@u.northwestern.edu MailType=INVALID_DEPEND,BEGIN,END,FAIL,REQUEUE,STAGE_OUT
   
--------------------------------------------------------------------------------
JOB EFFICIENCY 
--------------------------------------------------------------------------------
Job efficiency will be calculated after the job has completed.
===== checkjob (interval) at Wed Jun 18 17:35:31 CDT 2025 =====
--------------------------------------------------------------------------------
JOB INFORMATION 
--------------------------------------------------------------------------------
JobId=5863750 ArrayJobId=5858372 ArrayTaskId=199 JobName=experiment_sim
   UserId=tbr0780(3229) GroupId=tbr0780(4023) MCS_label=N/A
   Priority=19645 Nice=0 Account=p32397 QOS=normal
   JobState=RUNNING Reason=None Dependency=(null)
   Requeue=0 Restarts=0 BatchFlag=1 Reboot=0 ExitCode=0:0
   RunTime=00:14:48 TimeLimit=02:00:00 TimeMin=N/A
   SubmitTime=2025-06-18T15:19:09 EligibleTime=2025-06-18T15:19:11
   AccrueTime=2025-06-18T15:19:11
   StartTime=2025-06-18T17:20:45 EndTime=2025-06-18T19:20:45 Deadline=N/A
   SuspendTime=None SecsPreSuspend=0 LastSchedEval=2025-06-18T17:20:45 Scheduler=Backfill
   Partition=short AllocNode:Sid=quser41:3973193
   ReqNodeList=(null) ExcNodeList=(null)
   NodeList=qnode3047
   BatchHost=qnode3047
   NumNodes=1 NumCPUs=64 NumTasks=64 CPUs/Task=1 ReqB:S:C:T=0:0:*:*
   ReqTRES=cpu=64,mem=32000M,node=1,billing=288
   AllocTRES=cpu=64,mem=32000M,node=1,billing=288
   Socks/Node=* NtasksPerN:B:S:C=64:0:*:* CoreSpec=*
   MinCPUsNode=64 MinMemoryCPU=500M MinTmpDiskNode=0
   Features=[quest10|quest11|quest12|quest13] DelayBoot=00:00:00
   OverSubscribe=OK Contiguous=0 Licenses=(null) Network=(null)
   Command=/gpfs/home/tbr0780/Dissertation/Integrated_Likelihood_Algorithm/Polytomous_Logistic_Regression/scripts/experiment_sim.sh
   WorkDir=/gpfs/home/tbr0780/Dissertation/Integrated_Likelihood_Algorithm/Polytomous_Logistic_Regression
   StdErr=/dev/null
   StdIn=/dev/null
   StdOut=/dev/null
   MailUser=timothyruel2024@u.northwestern.edu MailType=INVALID_DEPEND,BEGIN,END,FAIL,REQUEUE,STAGE_OUT
   
--------------------------------------------------------------------------------
JOB EFFICIENCY 
--------------------------------------------------------------------------------
Job efficiency will be calculated after the job has completed.
===== checkjob (interval) at Wed Jun 18 17:36:08 CDT 2025 =====
--------------------------------------------------------------------------------
JOB INFORMATION 
--------------------------------------------------------------------------------
JobId=5863750 ArrayJobId=5858372 ArrayTaskId=199 JobName=experiment_sim
   UserId=tbr0780(3229) GroupId=tbr0780(4023) MCS_label=N/A
   Priority=19645 Nice=0 Account=p32397 QOS=normal
   JobState=RUNNING Reason=None Dependency=(null)
   Requeue=0 Restarts=0 BatchFlag=1 Reboot=0 ExitCode=0:0
   RunTime=00:15:26 TimeLimit=02:00:00 TimeMin=N/A
   SubmitTime=2025-06-18T15:19:09 EligibleTime=2025-06-18T15:19:11
   AccrueTime=2025-06-18T15:19:11
   StartTime=2025-06-18T17:20:45 EndTime=2025-06-18T19:20:45 Deadline=N/A
   SuspendTime=None SecsPreSuspend=0 LastSchedEval=2025-06-18T17:20:45 Scheduler=Backfill
   Partition=short AllocNode:Sid=quser41:3973193
   ReqNodeList=(null) ExcNodeList=(null)
   NodeList=qnode3047
   BatchHost=qnode3047
   NumNodes=1 NumCPUs=64 NumTasks=64 CPUs/Task=1 ReqB:S:C:T=0:0:*:*
   ReqTRES=cpu=64,mem=32000M,node=1,billing=288
   AllocTRES=cpu=64,mem=32000M,node=1,billing=288
   Socks/Node=* NtasksPerN:B:S:C=64:0:*:* CoreSpec=*
   MinCPUsNode=64 MinMemoryCPU=500M MinTmpDiskNode=0
   Features=[quest10|quest11|quest12|quest13] DelayBoot=00:00:00
   OverSubscribe=OK Contiguous=0 Licenses=(null) Network=(null)
   Command=/gpfs/home/tbr0780/Dissertation/Integrated_Likelihood_Algorithm/Polytomous_Logistic_Regression/scripts/experiment_sim.sh
   WorkDir=/gpfs/home/tbr0780/Dissertation/Integrated_Likelihood_Algorithm/Polytomous_Logistic_Regression
   StdErr=/dev/null
   StdIn=/dev/null
   StdOut=/dev/null
   MailUser=timothyruel2024@u.northwestern.edu MailType=INVALID_DEPEND,BEGIN,END,FAIL,REQUEUE,STAGE_OUT
   
--------------------------------------------------------------------------------
JOB EFFICIENCY 
--------------------------------------------------------------------------------
Job efficiency will be calculated after the job has completed.
===== checkjob (interval) at Wed Jun 18 17:36:45 CDT 2025 =====
--------------------------------------------------------------------------------
JOB INFORMATION 
--------------------------------------------------------------------------------
JobId=5863750 ArrayJobId=5858372 ArrayTaskId=199 JobName=experiment_sim
   UserId=tbr0780(3229) GroupId=tbr0780(4023) MCS_label=N/A
   Priority=19645 Nice=0 Account=p32397 QOS=normal
   JobState=RUNNING Reason=None Dependency=(null)
   Requeue=0 Restarts=0 BatchFlag=1 Reboot=0 ExitCode=0:0
   RunTime=00:16:01 TimeLimit=02:00:00 TimeMin=N/A
   SubmitTime=2025-06-18T15:19:09 EligibleTime=2025-06-18T15:19:11
   AccrueTime=2025-06-18T15:19:11
   StartTime=2025-06-18T17:20:45 EndTime=2025-06-18T19:20:45 Deadline=N/A
   SuspendTime=None SecsPreSuspend=0 LastSchedEval=2025-06-18T17:20:45 Scheduler=Backfill
   Partition=short AllocNode:Sid=quser41:3973193
   ReqNodeList=(null) ExcNodeList=(null)
   NodeList=qnode3047
   BatchHost=qnode3047
   NumNodes=1 NumCPUs=64 NumTasks=64 CPUs/Task=1 ReqB:S:C:T=0:0:*:*
   ReqTRES=cpu=64,mem=32000M,node=1,billing=288
   AllocTRES=cpu=64,mem=32000M,node=1,billing=288
   Socks/Node=* NtasksPerN:B:S:C=64:0:*:* CoreSpec=*
   MinCPUsNode=64 MinMemoryCPU=500M MinTmpDiskNode=0
   Features=[quest10|quest11|quest12|quest13] DelayBoot=00:00:00
   OverSubscribe=OK Contiguous=0 Licenses=(null) Network=(null)
   Command=/gpfs/home/tbr0780/Dissertation/Integrated_Likelihood_Algorithm/Polytomous_Logistic_Regression/scripts/experiment_sim.sh
   WorkDir=/gpfs/home/tbr0780/Dissertation/Integrated_Likelihood_Algorithm/Polytomous_Logistic_Regression
   StdErr=/dev/null
   StdIn=/dev/null
   StdOut=/dev/null
   MailUser=timothyruel2024@u.northwestern.edu MailType=INVALID_DEPEND,BEGIN,END,FAIL,REQUEUE,STAGE_OUT
   
--------------------------------------------------------------------------------
JOB EFFICIENCY 
--------------------------------------------------------------------------------
Job efficiency will be calculated after the job has completed.
===== checkjob (interval) at Wed Jun 18 17:37:19 CDT 2025 =====
--------------------------------------------------------------------------------
JOB INFORMATION 
--------------------------------------------------------------------------------
JobId=5863750 ArrayJobId=5858372 ArrayTaskId=199 JobName=experiment_sim
   UserId=tbr0780(3229) GroupId=tbr0780(4023) MCS_label=N/A
   Priority=19645 Nice=0 Account=p32397 QOS=normal
   JobState=RUNNING Reason=None Dependency=(null)
   Requeue=0 Restarts=0 BatchFlag=1 Reboot=0 ExitCode=0:0
   RunTime=00:16:36 TimeLimit=02:00:00 TimeMin=N/A
   SubmitTime=2025-06-18T15:19:09 EligibleTime=2025-06-18T15:19:11
   AccrueTime=2025-06-18T15:19:11
   StartTime=2025-06-18T17:20:45 EndTime=2025-06-18T19:20:45 Deadline=N/A
   SuspendTime=None SecsPreSuspend=0 LastSchedEval=2025-06-18T17:20:45 Scheduler=Backfill
   Partition=short AllocNode:Sid=quser41:3973193
   ReqNodeList=(null) ExcNodeList=(null)
   NodeList=qnode3047
   BatchHost=qnode3047
   NumNodes=1 NumCPUs=64 NumTasks=64 CPUs/Task=1 ReqB:S:C:T=0:0:*:*
   ReqTRES=cpu=64,mem=32000M,node=1,billing=288
   AllocTRES=cpu=64,mem=32000M,node=1,billing=288
   Socks/Node=* NtasksPerN:B:S:C=64:0:*:* CoreSpec=*
   MinCPUsNode=64 MinMemoryCPU=500M MinTmpDiskNode=0
   Features=[quest10|quest11|quest12|quest13] DelayBoot=00:00:00
   OverSubscribe=OK Contiguous=0 Licenses=(null) Network=(null)
   Command=/gpfs/home/tbr0780/Dissertation/Integrated_Likelihood_Algorithm/Polytomous_Logistic_Regression/scripts/experiment_sim.sh
   WorkDir=/gpfs/home/tbr0780/Dissertation/Integrated_Likelihood_Algorithm/Polytomous_Logistic_Regression
   StdErr=/dev/null
   StdIn=/dev/null
   StdOut=/dev/null
   MailUser=timothyruel2024@u.northwestern.edu MailType=INVALID_DEPEND,BEGIN,END,FAIL,REQUEUE,STAGE_OUT
   
--------------------------------------------------------------------------------
JOB EFFICIENCY 
--------------------------------------------------------------------------------
Job efficiency will be calculated after the job has completed.
===== checkjob (interval) at Wed Jun 18 17:37:54 CDT 2025 =====
--------------------------------------------------------------------------------
JOB INFORMATION 
--------------------------------------------------------------------------------
JobId=5863750 ArrayJobId=5858372 ArrayTaskId=199 JobName=experiment_sim
   UserId=tbr0780(3229) GroupId=tbr0780(4023) MCS_label=N/A
   Priority=19645 Nice=0 Account=p32397 QOS=normal
   JobState=RUNNING Reason=None Dependency=(null)
   Requeue=0 Restarts=0 BatchFlag=1 Reboot=0 ExitCode=0:0
   RunTime=00:17:10 TimeLimit=02:00:00 TimeMin=N/A
   SubmitTime=2025-06-18T15:19:09 EligibleTime=2025-06-18T15:19:11
   AccrueTime=2025-06-18T15:19:11
   StartTime=2025-06-18T17:20:45 EndTime=2025-06-18T19:20:45 Deadline=N/A
   SuspendTime=None SecsPreSuspend=0 LastSchedEval=2025-06-18T17:20:45 Scheduler=Backfill
   Partition=short AllocNode:Sid=quser41:3973193
   ReqNodeList=(null) ExcNodeList=(null)
   NodeList=qnode3047
   BatchHost=qnode3047
   NumNodes=1 NumCPUs=64 NumTasks=64 CPUs/Task=1 ReqB:S:C:T=0:0:*:*
   ReqTRES=cpu=64,mem=32000M,node=1,billing=288
   AllocTRES=cpu=64,mem=32000M,node=1,billing=288
   Socks/Node=* NtasksPerN:B:S:C=64:0:*:* CoreSpec=*
   MinCPUsNode=64 MinMemoryCPU=500M MinTmpDiskNode=0
   Features=[quest10|quest11|quest12|quest13] DelayBoot=00:00:00
   OverSubscribe=OK Contiguous=0 Licenses=(null) Network=(null)
   Command=/gpfs/home/tbr0780/Dissertation/Integrated_Likelihood_Algorithm/Polytomous_Logistic_Regression/scripts/experiment_sim.sh
   WorkDir=/gpfs/home/tbr0780/Dissertation/Integrated_Likelihood_Algorithm/Polytomous_Logistic_Regression
   StdErr=/dev/null
   StdIn=/dev/null
   StdOut=/dev/null
   MailUser=timothyruel2024@u.northwestern.edu MailType=INVALID_DEPEND,BEGIN,END,FAIL,REQUEUE,STAGE_OUT
   
--------------------------------------------------------------------------------
JOB EFFICIENCY 
--------------------------------------------------------------------------------
Job efficiency will be calculated after the job has completed.
===== checkjob (interval) at Wed Jun 18 17:38:25 CDT 2025 =====
--------------------------------------------------------------------------------
JOB INFORMATION 
--------------------------------------------------------------------------------
JobId=5863750 ArrayJobId=5858372 ArrayTaskId=199 JobName=experiment_sim
   UserId=tbr0780(3229) GroupId=tbr0780(4023) MCS_label=N/A
   Priority=19645 Nice=0 Account=p32397 QOS=normal
   JobState=RUNNING Reason=None Dependency=(null)
   Requeue=0 Restarts=0 BatchFlag=1 Reboot=0 ExitCode=0:0
   RunTime=00:17:41 TimeLimit=02:00:00 TimeMin=N/A
   SubmitTime=2025-06-18T15:19:09 EligibleTime=2025-06-18T15:19:11
   AccrueTime=2025-06-18T15:19:11
   StartTime=2025-06-18T17:20:45 EndTime=2025-06-18T19:20:45 Deadline=N/A
   SuspendTime=None SecsPreSuspend=0 LastSchedEval=2025-06-18T17:20:45 Scheduler=Backfill
   Partition=short AllocNode:Sid=quser41:3973193
   ReqNodeList=(null) ExcNodeList=(null)
   NodeList=qnode3047
   BatchHost=qnode3047
   NumNodes=1 NumCPUs=64 NumTasks=64 CPUs/Task=1 ReqB:S:C:T=0:0:*:*
   ReqTRES=cpu=64,mem=32000M,node=1,billing=288
   AllocTRES=cpu=64,mem=32000M,node=1,billing=288
   Socks/Node=* NtasksPerN:B:S:C=64:0:*:* CoreSpec=*
   MinCPUsNode=64 MinMemoryCPU=500M MinTmpDiskNode=0
   Features=[quest10|quest11|quest12|quest13] DelayBoot=00:00:00
   OverSubscribe=OK Contiguous=0 Licenses=(null) Network=(null)
   Command=/gpfs/home/tbr0780/Dissertation/Integrated_Likelihood_Algorithm/Polytomous_Logistic_Regression/scripts/experiment_sim.sh
   WorkDir=/gpfs/home/tbr0780/Dissertation/Integrated_Likelihood_Algorithm/Polytomous_Logistic_Regression
   StdErr=/dev/null
   StdIn=/dev/null
   StdOut=/dev/null
   MailUser=timothyruel2024@u.northwestern.edu MailType=INVALID_DEPEND,BEGIN,END,FAIL,REQUEUE,STAGE_OUT
   
--------------------------------------------------------------------------------
JOB EFFICIENCY 
--------------------------------------------------------------------------------
Job efficiency will be calculated after the job has completed.
===== checkjob (interval) at Wed Jun 18 17:38:56 CDT 2025 =====
--------------------------------------------------------------------------------
JOB INFORMATION 
--------------------------------------------------------------------------------
JobId=5863750 ArrayJobId=5858372 ArrayTaskId=199 JobName=experiment_sim
   UserId=tbr0780(3229) GroupId=tbr0780(4023) MCS_label=N/A
   Priority=19645 Nice=0 Account=p32397 QOS=normal
   JobState=RUNNING Reason=None Dependency=(null)
   Requeue=0 Restarts=0 BatchFlag=1 Reboot=0 ExitCode=0:0
   RunTime=00:18:12 TimeLimit=02:00:00 TimeMin=N/A
   SubmitTime=2025-06-18T15:19:09 EligibleTime=2025-06-18T15:19:11
   AccrueTime=2025-06-18T15:19:11
   StartTime=2025-06-18T17:20:45 EndTime=2025-06-18T19:20:45 Deadline=N/A
   SuspendTime=None SecsPreSuspend=0 LastSchedEval=2025-06-18T17:20:45 Scheduler=Backfill
   Partition=short AllocNode:Sid=quser41:3973193
   ReqNodeList=(null) ExcNodeList=(null)
   NodeList=qnode3047
   BatchHost=qnode3047
   NumNodes=1 NumCPUs=64 NumTasks=64 CPUs/Task=1 ReqB:S:C:T=0:0:*:*
   ReqTRES=cpu=64,mem=32000M,node=1,billing=288
   AllocTRES=cpu=64,mem=32000M,node=1,billing=288
   Socks/Node=* NtasksPerN:B:S:C=64:0:*:* CoreSpec=*
   MinCPUsNode=64 MinMemoryCPU=500M MinTmpDiskNode=0
   Features=[quest10|quest11|quest12|quest13] DelayBoot=00:00:00
   OverSubscribe=OK Contiguous=0 Licenses=(null) Network=(null)
   Command=/gpfs/home/tbr0780/Dissertation/Integrated_Likelihood_Algorithm/Polytomous_Logistic_Regression/scripts/experiment_sim.sh
   WorkDir=/gpfs/home/tbr0780/Dissertation/Integrated_Likelihood_Algorithm/Polytomous_Logistic_Regression
   StdErr=/dev/null
   StdIn=/dev/null
   StdOut=/dev/null
   MailUser=timothyruel2024@u.northwestern.edu MailType=INVALID_DEPEND,BEGIN,END,FAIL,REQUEUE,STAGE_OUT
   
--------------------------------------------------------------------------------
JOB EFFICIENCY 
--------------------------------------------------------------------------------
Job efficiency will be calculated after the job has completed.
===== checkjob (interval) at Wed Jun 18 17:39:31 CDT 2025 =====
--------------------------------------------------------------------------------
JOB INFORMATION 
--------------------------------------------------------------------------------
JobId=5863750 ArrayJobId=5858372 ArrayTaskId=199 JobName=experiment_sim
   UserId=tbr0780(3229) GroupId=tbr0780(4023) MCS_label=N/A
   Priority=19645 Nice=0 Account=p32397 QOS=normal
   JobState=RUNNING Reason=None Dependency=(null)
   Requeue=0 Restarts=0 BatchFlag=1 Reboot=0 ExitCode=0:0
   RunTime=00:18:48 TimeLimit=02:00:00 TimeMin=N/A
   SubmitTime=2025-06-18T15:19:09 EligibleTime=2025-06-18T15:19:11
   AccrueTime=2025-06-18T15:19:11
   StartTime=2025-06-18T17:20:45 EndTime=2025-06-18T19:20:45 Deadline=N/A
   SuspendTime=None SecsPreSuspend=0 LastSchedEval=2025-06-18T17:20:45 Scheduler=Backfill
   Partition=short AllocNode:Sid=quser41:3973193
   ReqNodeList=(null) ExcNodeList=(null)
   NodeList=qnode3047
   BatchHost=qnode3047
   NumNodes=1 NumCPUs=64 NumTasks=64 CPUs/Task=1 ReqB:S:C:T=0:0:*:*
   ReqTRES=cpu=64,mem=32000M,node=1,billing=288
   AllocTRES=cpu=64,mem=32000M,node=1,billing=288
   Socks/Node=* NtasksPerN:B:S:C=64:0:*:* CoreSpec=*
   MinCPUsNode=64 MinMemoryCPU=500M MinTmpDiskNode=0
   Features=[quest10|quest11|quest12|quest13] DelayBoot=00:00:00
   OverSubscribe=OK Contiguous=0 Licenses=(null) Network=(null)
   Command=/gpfs/home/tbr0780/Dissertation/Integrated_Likelihood_Algorithm/Polytomous_Logistic_Regression/scripts/experiment_sim.sh
   WorkDir=/gpfs/home/tbr0780/Dissertation/Integrated_Likelihood_Algorithm/Polytomous_Logistic_Regression
   StdErr=/dev/null
   StdIn=/dev/null
   StdOut=/dev/null
   MailUser=timothyruel2024@u.northwestern.edu MailType=INVALID_DEPEND,BEGIN,END,FAIL,REQUEUE,STAGE_OUT
   
--------------------------------------------------------------------------------
JOB EFFICIENCY 
--------------------------------------------------------------------------------
Job efficiency will be calculated after the job has completed.
===== checkjob (interval) at Wed Jun 18 17:40:05 CDT 2025 =====
--------------------------------------------------------------------------------
JOB INFORMATION 
--------------------------------------------------------------------------------
JobId=5863750 ArrayJobId=5858372 ArrayTaskId=199 JobName=experiment_sim
   UserId=tbr0780(3229) GroupId=tbr0780(4023) MCS_label=N/A
   Priority=19645 Nice=0 Account=p32397 QOS=normal
   JobState=RUNNING Reason=None Dependency=(null)
   Requeue=0 Restarts=0 BatchFlag=1 Reboot=0 ExitCode=0:0
   RunTime=00:19:21 TimeLimit=02:00:00 TimeMin=N/A
   SubmitTime=2025-06-18T15:19:09 EligibleTime=2025-06-18T15:19:11
   AccrueTime=2025-06-18T15:19:11
   StartTime=2025-06-18T17:20:45 EndTime=2025-06-18T19:20:45 Deadline=N/A
   SuspendTime=None SecsPreSuspend=0 LastSchedEval=2025-06-18T17:20:45 Scheduler=Backfill
   Partition=short AllocNode:Sid=quser41:3973193
   ReqNodeList=(null) ExcNodeList=(null)
   NodeList=qnode3047
   BatchHost=qnode3047
   NumNodes=1 NumCPUs=64 NumTasks=64 CPUs/Task=1 ReqB:S:C:T=0:0:*:*
   ReqTRES=cpu=64,mem=32000M,node=1,billing=288
   AllocTRES=cpu=64,mem=32000M,node=1,billing=288
   Socks/Node=* NtasksPerN:B:S:C=64:0:*:* CoreSpec=*
   MinCPUsNode=64 MinMemoryCPU=500M MinTmpDiskNode=0
   Features=[quest10|quest11|quest12|quest13] DelayBoot=00:00:00
   OverSubscribe=OK Contiguous=0 Licenses=(null) Network=(null)
   Command=/gpfs/home/tbr0780/Dissertation/Integrated_Likelihood_Algorithm/Polytomous_Logistic_Regression/scripts/experiment_sim.sh
   WorkDir=/gpfs/home/tbr0780/Dissertation/Integrated_Likelihood_Algorithm/Polytomous_Logistic_Regression
   StdErr=/dev/null
   StdIn=/dev/null
   StdOut=/dev/null
   MailUser=timothyruel2024@u.northwestern.edu MailType=INVALID_DEPEND,BEGIN,END,FAIL,REQUEUE,STAGE_OUT
   
--------------------------------------------------------------------------------
JOB EFFICIENCY 
--------------------------------------------------------------------------------
Job efficiency will be calculated after the job has completed.
===== checkjob (interval) at Wed Jun 18 17:40:38 CDT 2025 =====
--------------------------------------------------------------------------------
JOB INFORMATION 
--------------------------------------------------------------------------------
JobId=5863750 ArrayJobId=5858372 ArrayTaskId=199 JobName=experiment_sim
   UserId=tbr0780(3229) GroupId=tbr0780(4023) MCS_label=N/A
   Priority=19645 Nice=0 Account=p32397 QOS=normal
   JobState=RUNNING Reason=None Dependency=(null)
   Requeue=0 Restarts=0 BatchFlag=1 Reboot=0 ExitCode=0:0
   RunTime=00:19:53 TimeLimit=02:00:00 TimeMin=N/A
   SubmitTime=2025-06-18T15:19:09 EligibleTime=2025-06-18T15:19:11
   AccrueTime=2025-06-18T15:19:11
   StartTime=2025-06-18T17:20:45 EndTime=2025-06-18T19:20:45 Deadline=N/A
   SuspendTime=None SecsPreSuspend=0 LastSchedEval=2025-06-18T17:20:45 Scheduler=Backfill
   Partition=short AllocNode:Sid=quser41:3973193
   ReqNodeList=(null) ExcNodeList=(null)
   NodeList=qnode3047
   BatchHost=qnode3047
   NumNodes=1 NumCPUs=64 NumTasks=64 CPUs/Task=1 ReqB:S:C:T=0:0:*:*
   ReqTRES=cpu=64,mem=32000M,node=1,billing=288
   AllocTRES=cpu=64,mem=32000M,node=1,billing=288
   Socks/Node=* NtasksPerN:B:S:C=64:0:*:* CoreSpec=*
   MinCPUsNode=64 MinMemoryCPU=500M MinTmpDiskNode=0
   Features=[quest10|quest11|quest12|quest13] DelayBoot=00:00:00
   OverSubscribe=OK Contiguous=0 Licenses=(null) Network=(null)
   Command=/gpfs/home/tbr0780/Dissertation/Integrated_Likelihood_Algorithm/Polytomous_Logistic_Regression/scripts/experiment_sim.sh
   WorkDir=/gpfs/home/tbr0780/Dissertation/Integrated_Likelihood_Algorithm/Polytomous_Logistic_Regression
   StdErr=/dev/null
   StdIn=/dev/null
   StdOut=/dev/null
   MailUser=timothyruel2024@u.northwestern.edu MailType=INVALID_DEPEND,BEGIN,END,FAIL,REQUEUE,STAGE_OUT
   
--------------------------------------------------------------------------------
JOB EFFICIENCY 
--------------------------------------------------------------------------------
Job efficiency will be calculated after the job has completed.
===== checkjob (interval) at Wed Jun 18 17:41:11 CDT 2025 =====
--------------------------------------------------------------------------------
JOB INFORMATION 
--------------------------------------------------------------------------------
JobId=5863750 ArrayJobId=5858372 ArrayTaskId=199 JobName=experiment_sim
   UserId=tbr0780(3229) GroupId=tbr0780(4023) MCS_label=N/A
   Priority=19645 Nice=0 Account=p32397 QOS=normal
   JobState=RUNNING Reason=None Dependency=(null)
   Requeue=0 Restarts=0 BatchFlag=1 Reboot=0 ExitCode=0:0
   RunTime=00:20:26 TimeLimit=02:00:00 TimeMin=N/A
   SubmitTime=2025-06-18T15:19:09 EligibleTime=2025-06-18T15:19:11
   AccrueTime=2025-06-18T15:19:11
   StartTime=2025-06-18T17:20:45 EndTime=2025-06-18T19:20:45 Deadline=N/A
   SuspendTime=None SecsPreSuspend=0 LastSchedEval=2025-06-18T17:20:45 Scheduler=Backfill
   Partition=short AllocNode:Sid=quser41:3973193
   ReqNodeList=(null) ExcNodeList=(null)
   NodeList=qnode3047
   BatchHost=qnode3047
   NumNodes=1 NumCPUs=64 NumTasks=64 CPUs/Task=1 ReqB:S:C:T=0:0:*:*
   ReqTRES=cpu=64,mem=32000M,node=1,billing=288
   AllocTRES=cpu=64,mem=32000M,node=1,billing=288
   Socks/Node=* NtasksPerN:B:S:C=64:0:*:* CoreSpec=*
   MinCPUsNode=64 MinMemoryCPU=500M MinTmpDiskNode=0
   Features=[quest10|quest11|quest12|quest13] DelayBoot=00:00:00
   OverSubscribe=OK Contiguous=0 Licenses=(null) Network=(null)
   Command=/gpfs/home/tbr0780/Dissertation/Integrated_Likelihood_Algorithm/Polytomous_Logistic_Regression/scripts/experiment_sim.sh
   WorkDir=/gpfs/home/tbr0780/Dissertation/Integrated_Likelihood_Algorithm/Polytomous_Logistic_Regression
   StdErr=/dev/null
   StdIn=/dev/null
   StdOut=/dev/null
   MailUser=timothyruel2024@u.northwestern.edu MailType=INVALID_DEPEND,BEGIN,END,FAIL,REQUEUE,STAGE_OUT
   
--------------------------------------------------------------------------------
JOB EFFICIENCY 
--------------------------------------------------------------------------------
Job efficiency will be calculated after the job has completed.
===== checkjob (interval) at Wed Jun 18 17:41:43 CDT 2025 =====
--------------------------------------------------------------------------------
JOB INFORMATION 
--------------------------------------------------------------------------------
JobId=5863750 ArrayJobId=5858372 ArrayTaskId=199 JobName=experiment_sim
   UserId=tbr0780(3229) GroupId=tbr0780(4023) MCS_label=N/A
   Priority=19645 Nice=0 Account=p32397 QOS=normal
   JobState=RUNNING Reason=None Dependency=(null)
   Requeue=0 Restarts=0 BatchFlag=1 Reboot=0 ExitCode=0:0
   RunTime=00:20:58 TimeLimit=02:00:00 TimeMin=N/A
   SubmitTime=2025-06-18T15:19:09 EligibleTime=2025-06-18T15:19:11
   AccrueTime=2025-06-18T15:19:11
   StartTime=2025-06-18T17:20:45 EndTime=2025-06-18T19:20:45 Deadline=N/A
   SuspendTime=None SecsPreSuspend=0 LastSchedEval=2025-06-18T17:20:45 Scheduler=Backfill
   Partition=short AllocNode:Sid=quser41:3973193
   ReqNodeList=(null) ExcNodeList=(null)
   NodeList=qnode3047
   BatchHost=qnode3047
   NumNodes=1 NumCPUs=64 NumTasks=64 CPUs/Task=1 ReqB:S:C:T=0:0:*:*
   ReqTRES=cpu=64,mem=32000M,node=1,billing=288
   AllocTRES=cpu=64,mem=32000M,node=1,billing=288
   Socks/Node=* NtasksPerN:B:S:C=64:0:*:* CoreSpec=*
   MinCPUsNode=64 MinMemoryCPU=500M MinTmpDiskNode=0
   Features=[quest10|quest11|quest12|quest13] DelayBoot=00:00:00
   OverSubscribe=OK Contiguous=0 Licenses=(null) Network=(null)
   Command=/gpfs/home/tbr0780/Dissertation/Integrated_Likelihood_Algorithm/Polytomous_Logistic_Regression/scripts/experiment_sim.sh
   WorkDir=/gpfs/home/tbr0780/Dissertation/Integrated_Likelihood_Algorithm/Polytomous_Logistic_Regression
   StdErr=/dev/null
   StdIn=/dev/null
   StdOut=/dev/null
   MailUser=timothyruel2024@u.northwestern.edu MailType=INVALID_DEPEND,BEGIN,END,FAIL,REQUEUE,STAGE_OUT
   
--------------------------------------------------------------------------------
JOB EFFICIENCY 
--------------------------------------------------------------------------------
Job efficiency will be calculated after the job has completed.
===== checkjob (interval) at Wed Jun 18 17:42:16 CDT 2025 =====
--------------------------------------------------------------------------------
JOB INFORMATION 
--------------------------------------------------------------------------------
JobId=5863750 ArrayJobId=5858372 ArrayTaskId=199 JobName=experiment_sim
   UserId=tbr0780(3229) GroupId=tbr0780(4023) MCS_label=N/A
   Priority=19645 Nice=0 Account=p32397 QOS=normal
   JobState=RUNNING Reason=None Dependency=(null)
   Requeue=0 Restarts=0 BatchFlag=1 Reboot=0 ExitCode=0:0
   RunTime=00:21:31 TimeLimit=02:00:00 TimeMin=N/A
   SubmitTime=2025-06-18T15:19:09 EligibleTime=2025-06-18T15:19:11
   AccrueTime=2025-06-18T15:19:11
   StartTime=2025-06-18T17:20:45 EndTime=2025-06-18T19:20:45 Deadline=N/A
   SuspendTime=None SecsPreSuspend=0 LastSchedEval=2025-06-18T17:20:45 Scheduler=Backfill
   Partition=short AllocNode:Sid=quser41:3973193
   ReqNodeList=(null) ExcNodeList=(null)
   NodeList=qnode3047
   BatchHost=qnode3047
   NumNodes=1 NumCPUs=64 NumTasks=64 CPUs/Task=1 ReqB:S:C:T=0:0:*:*
   ReqTRES=cpu=64,mem=32000M,node=1,billing=288
   AllocTRES=cpu=64,mem=32000M,node=1,billing=288
   Socks/Node=* NtasksPerN:B:S:C=64:0:*:* CoreSpec=*
   MinCPUsNode=64 MinMemoryCPU=500M MinTmpDiskNode=0
   Features=[quest10|quest11|quest12|quest13] DelayBoot=00:00:00
   OverSubscribe=OK Contiguous=0 Licenses=(null) Network=(null)
   Command=/gpfs/home/tbr0780/Dissertation/Integrated_Likelihood_Algorithm/Polytomous_Logistic_Regression/scripts/experiment_sim.sh
   WorkDir=/gpfs/home/tbr0780/Dissertation/Integrated_Likelihood_Algorithm/Polytomous_Logistic_Regression
   StdErr=/dev/null
   StdIn=/dev/null
   StdOut=/dev/null
   MailUser=timothyruel2024@u.northwestern.edu MailType=INVALID_DEPEND,BEGIN,END,FAIL,REQUEUE,STAGE_OUT
   
--------------------------------------------------------------------------------
JOB EFFICIENCY 
--------------------------------------------------------------------------------
Job efficiency will be calculated after the job has completed.
===== checkjob (interval) at Wed Jun 18 17:42:49 CDT 2025 =====
--------------------------------------------------------------------------------
JOB INFORMATION 
--------------------------------------------------------------------------------
JobId=5863750 ArrayJobId=5858372 ArrayTaskId=199 JobName=experiment_sim
   UserId=tbr0780(3229) GroupId=tbr0780(4023) MCS_label=N/A
   Priority=19645 Nice=0 Account=p32397 QOS=normal
   JobState=RUNNING Reason=None Dependency=(null)
   Requeue=0 Restarts=0 BatchFlag=1 Reboot=0 ExitCode=0:0
   RunTime=00:22:04 TimeLimit=02:00:00 TimeMin=N/A
   SubmitTime=2025-06-18T15:19:09 EligibleTime=2025-06-18T15:19:11
   AccrueTime=2025-06-18T15:19:11
   StartTime=2025-06-18T17:20:45 EndTime=2025-06-18T19:20:45 Deadline=N/A
   SuspendTime=None SecsPreSuspend=0 LastSchedEval=2025-06-18T17:20:45 Scheduler=Backfill
   Partition=short AllocNode:Sid=quser41:3973193
   ReqNodeList=(null) ExcNodeList=(null)
   NodeList=qnode3047
   BatchHost=qnode3047
   NumNodes=1 NumCPUs=64 NumTasks=64 CPUs/Task=1 ReqB:S:C:T=0:0:*:*
   ReqTRES=cpu=64,mem=32000M,node=1,billing=288
   AllocTRES=cpu=64,mem=32000M,node=1,billing=288
   Socks/Node=* NtasksPerN:B:S:C=64:0:*:* CoreSpec=*
   MinCPUsNode=64 MinMemoryCPU=500M MinTmpDiskNode=0
   Features=[quest10|quest11|quest12|quest13] DelayBoot=00:00:00
   OverSubscribe=OK Contiguous=0 Licenses=(null) Network=(null)
   Command=/gpfs/home/tbr0780/Dissertation/Integrated_Likelihood_Algorithm/Polytomous_Logistic_Regression/scripts/experiment_sim.sh
   WorkDir=/gpfs/home/tbr0780/Dissertation/Integrated_Likelihood_Algorithm/Polytomous_Logistic_Regression
   StdErr=/dev/null
   StdIn=/dev/null
   StdOut=/dev/null
   MailUser=timothyruel2024@u.northwestern.edu MailType=INVALID_DEPEND,BEGIN,END,FAIL,REQUEUE,STAGE_OUT
   
--------------------------------------------------------------------------------
JOB EFFICIENCY 
--------------------------------------------------------------------------------
Job efficiency will be calculated after the job has completed.
===== checkjob (interval) at Wed Jun 18 17:43:19 CDT 2025 =====
--------------------------------------------------------------------------------
JOB INFORMATION 
--------------------------------------------------------------------------------
JobId=5863750 ArrayJobId=5858372 ArrayTaskId=199 JobName=experiment_sim
   UserId=tbr0780(3229) GroupId=tbr0780(4023) MCS_label=N/A
   Priority=19645 Nice=0 Account=p32397 QOS=normal
   JobState=RUNNING Reason=None Dependency=(null)
   Requeue=0 Restarts=0 BatchFlag=1 Reboot=0 ExitCode=0:0
   RunTime=00:22:34 TimeLimit=02:00:00 TimeMin=N/A
   SubmitTime=2025-06-18T15:19:09 EligibleTime=2025-06-18T15:19:11
   AccrueTime=2025-06-18T15:19:11
   StartTime=2025-06-18T17:20:45 EndTime=2025-06-18T19:20:45 Deadline=N/A
   SuspendTime=None SecsPreSuspend=0 LastSchedEval=2025-06-18T17:20:45 Scheduler=Backfill
   Partition=short AllocNode:Sid=quser41:3973193
   ReqNodeList=(null) ExcNodeList=(null)
   NodeList=qnode3047
   BatchHost=qnode3047
   NumNodes=1 NumCPUs=64 NumTasks=64 CPUs/Task=1 ReqB:S:C:T=0:0:*:*
   ReqTRES=cpu=64,mem=32000M,node=1,billing=288
   AllocTRES=cpu=64,mem=32000M,node=1,billing=288
   Socks/Node=* NtasksPerN:B:S:C=64:0:*:* CoreSpec=*
   MinCPUsNode=64 MinMemoryCPU=500M MinTmpDiskNode=0
   Features=[quest10|quest11|quest12|quest13] DelayBoot=00:00:00
   OverSubscribe=OK Contiguous=0 Licenses=(null) Network=(null)
   Command=/gpfs/home/tbr0780/Dissertation/Integrated_Likelihood_Algorithm/Polytomous_Logistic_Regression/scripts/experiment_sim.sh
   WorkDir=/gpfs/home/tbr0780/Dissertation/Integrated_Likelihood_Algorithm/Polytomous_Logistic_Regression
   StdErr=/dev/null
   StdIn=/dev/null
   StdOut=/dev/null
   MailUser=timothyruel2024@u.northwestern.edu MailType=INVALID_DEPEND,BEGIN,END,FAIL,REQUEUE,STAGE_OUT
   
--------------------------------------------------------------------------------
JOB EFFICIENCY 
--------------------------------------------------------------------------------
Job efficiency will be calculated after the job has completed.
===== checkjob (interval) at Wed Jun 18 17:43:50 CDT 2025 =====
--------------------------------------------------------------------------------
JOB INFORMATION 
--------------------------------------------------------------------------------
JobId=5863750 ArrayJobId=5858372 ArrayTaskId=199 JobName=experiment_sim
   UserId=tbr0780(3229) GroupId=tbr0780(4023) MCS_label=N/A
   Priority=19645 Nice=0 Account=p32397 QOS=normal
   JobState=RUNNING Reason=None Dependency=(null)
   Requeue=0 Restarts=0 BatchFlag=1 Reboot=0 ExitCode=0:0
   RunTime=00:23:05 TimeLimit=02:00:00 TimeMin=N/A
   SubmitTime=2025-06-18T15:19:09 EligibleTime=2025-06-18T15:19:11
   AccrueTime=2025-06-18T15:19:11
   StartTime=2025-06-18T17:20:45 EndTime=2025-06-18T19:20:45 Deadline=N/A
   SuspendTime=None SecsPreSuspend=0 LastSchedEval=2025-06-18T17:20:45 Scheduler=Backfill
   Partition=short AllocNode:Sid=quser41:3973193
   ReqNodeList=(null) ExcNodeList=(null)
   NodeList=qnode3047
   BatchHost=qnode3047
   NumNodes=1 NumCPUs=64 NumTasks=64 CPUs/Task=1 ReqB:S:C:T=0:0:*:*
   ReqTRES=cpu=64,mem=32000M,node=1,billing=288
   AllocTRES=cpu=64,mem=32000M,node=1,billing=288
   Socks/Node=* NtasksPerN:B:S:C=64:0:*:* CoreSpec=*
   MinCPUsNode=64 MinMemoryCPU=500M MinTmpDiskNode=0
   Features=[quest10|quest11|quest12|quest13] DelayBoot=00:00:00
   OverSubscribe=OK Contiguous=0 Licenses=(null) Network=(null)
   Command=/gpfs/home/tbr0780/Dissertation/Integrated_Likelihood_Algorithm/Polytomous_Logistic_Regression/scripts/experiment_sim.sh
   WorkDir=/gpfs/home/tbr0780/Dissertation/Integrated_Likelihood_Algorithm/Polytomous_Logistic_Regression
   StdErr=/dev/null
   StdIn=/dev/null
   StdOut=/dev/null
   MailUser=timothyruel2024@u.northwestern.edu MailType=INVALID_DEPEND,BEGIN,END,FAIL,REQUEUE,STAGE_OUT
   
--------------------------------------------------------------------------------
JOB EFFICIENCY 
--------------------------------------------------------------------------------
Job efficiency will be calculated after the job has completed.
===== checkjob (interval) at Wed Jun 18 17:44:22 CDT 2025 =====
--------------------------------------------------------------------------------
JOB INFORMATION 
--------------------------------------------------------------------------------
JobId=5863750 ArrayJobId=5858372 ArrayTaskId=199 JobName=experiment_sim
   UserId=tbr0780(3229) GroupId=tbr0780(4023) MCS_label=N/A
   Priority=19645 Nice=0 Account=p32397 QOS=normal
   JobState=RUNNING Reason=None Dependency=(null)
   Requeue=0 Restarts=0 BatchFlag=1 Reboot=0 ExitCode=0:0
   RunTime=00:23:37 TimeLimit=02:00:00 TimeMin=N/A
   SubmitTime=2025-06-18T15:19:09 EligibleTime=2025-06-18T15:19:11
   AccrueTime=2025-06-18T15:19:11
   StartTime=2025-06-18T17:20:45 EndTime=2025-06-18T19:20:45 Deadline=N/A
   SuspendTime=None SecsPreSuspend=0 LastSchedEval=2025-06-18T17:20:45 Scheduler=Backfill
   Partition=short AllocNode:Sid=quser41:3973193
   ReqNodeList=(null) ExcNodeList=(null)
   NodeList=qnode3047
   BatchHost=qnode3047
   NumNodes=1 NumCPUs=64 NumTasks=64 CPUs/Task=1 ReqB:S:C:T=0:0:*:*
   ReqTRES=cpu=64,mem=32000M,node=1,billing=288
   AllocTRES=cpu=64,mem=32000M,node=1,billing=288
   Socks/Node=* NtasksPerN:B:S:C=64:0:*:* CoreSpec=*
   MinCPUsNode=64 MinMemoryCPU=500M MinTmpDiskNode=0
   Features=[quest10|quest11|quest12|quest13] DelayBoot=00:00:00
   OverSubscribe=OK Contiguous=0 Licenses=(null) Network=(null)
   Command=/gpfs/home/tbr0780/Dissertation/Integrated_Likelihood_Algorithm/Polytomous_Logistic_Regression/scripts/experiment_sim.sh
   WorkDir=/gpfs/home/tbr0780/Dissertation/Integrated_Likelihood_Algorithm/Polytomous_Logistic_Regression
   StdErr=/dev/null
   StdIn=/dev/null
   StdOut=/dev/null
   MailUser=timothyruel2024@u.northwestern.edu MailType=INVALID_DEPEND,BEGIN,END,FAIL,REQUEUE,STAGE_OUT
   
--------------------------------------------------------------------------------
JOB EFFICIENCY 
--------------------------------------------------------------------------------
Job efficiency will be calculated after the job has completed.
===== checkjob (interval) at Wed Jun 18 17:44:53 CDT 2025 =====
--------------------------------------------------------------------------------
JOB INFORMATION 
--------------------------------------------------------------------------------
JobId=5863750 ArrayJobId=5858372 ArrayTaskId=199 JobName=experiment_sim
   UserId=tbr0780(3229) GroupId=tbr0780(4023) MCS_label=N/A
   Priority=19645 Nice=0 Account=p32397 QOS=normal
   JobState=RUNNING Reason=None Dependency=(null)
   Requeue=0 Restarts=0 BatchFlag=1 Reboot=0 ExitCode=0:0
   RunTime=00:24:08 TimeLimit=02:00:00 TimeMin=N/A
   SubmitTime=2025-06-18T15:19:09 EligibleTime=2025-06-18T15:19:11
   AccrueTime=2025-06-18T15:19:11
   StartTime=2025-06-18T17:20:45 EndTime=2025-06-18T19:20:45 Deadline=N/A
   SuspendTime=None SecsPreSuspend=0 LastSchedEval=2025-06-18T17:20:45 Scheduler=Backfill
   Partition=short AllocNode:Sid=quser41:3973193
   ReqNodeList=(null) ExcNodeList=(null)
   NodeList=qnode3047
   BatchHost=qnode3047
   NumNodes=1 NumCPUs=64 NumTasks=64 CPUs/Task=1 ReqB:S:C:T=0:0:*:*
   ReqTRES=cpu=64,mem=32000M,node=1,billing=288
   AllocTRES=cpu=64,mem=32000M,node=1,billing=288
   Socks/Node=* NtasksPerN:B:S:C=64:0:*:* CoreSpec=*
   MinCPUsNode=64 MinMemoryCPU=500M MinTmpDiskNode=0
   Features=[quest10|quest11|quest12|quest13] DelayBoot=00:00:00
   OverSubscribe=OK Contiguous=0 Licenses=(null) Network=(null)
   Command=/gpfs/home/tbr0780/Dissertation/Integrated_Likelihood_Algorithm/Polytomous_Logistic_Regression/scripts/experiment_sim.sh
   WorkDir=/gpfs/home/tbr0780/Dissertation/Integrated_Likelihood_Algorithm/Polytomous_Logistic_Regression
   StdErr=/dev/null
   StdIn=/dev/null
   StdOut=/dev/null
   MailUser=timothyruel2024@u.northwestern.edu MailType=INVALID_DEPEND,BEGIN,END,FAIL,REQUEUE,STAGE_OUT
   
--------------------------------------------------------------------------------
JOB EFFICIENCY 
--------------------------------------------------------------------------------
Job efficiency will be calculated after the job has completed.
===== checkjob (interval) at Wed Jun 18 17:45:23 CDT 2025 =====
--------------------------------------------------------------------------------
JOB INFORMATION 
--------------------------------------------------------------------------------
JobId=5863750 ArrayJobId=5858372 ArrayTaskId=199 JobName=experiment_sim
   UserId=tbr0780(3229) GroupId=tbr0780(4023) MCS_label=N/A
   Priority=19645 Nice=0 Account=p32397 QOS=normal
   JobState=RUNNING Reason=None Dependency=(null)
   Requeue=0 Restarts=0 BatchFlag=1 Reboot=0 ExitCode=0:0
   RunTime=00:24:40 TimeLimit=02:00:00 TimeMin=N/A
   SubmitTime=2025-06-18T15:19:09 EligibleTime=2025-06-18T15:19:11
   AccrueTime=2025-06-18T15:19:11
   StartTime=2025-06-18T17:20:45 EndTime=2025-06-18T19:20:45 Deadline=N/A
   SuspendTime=None SecsPreSuspend=0 LastSchedEval=2025-06-18T17:20:45 Scheduler=Backfill
   Partition=short AllocNode:Sid=quser41:3973193
   ReqNodeList=(null) ExcNodeList=(null)
   NodeList=qnode3047
   BatchHost=qnode3047
   NumNodes=1 NumCPUs=64 NumTasks=64 CPUs/Task=1 ReqB:S:C:T=0:0:*:*
   ReqTRES=cpu=64,mem=32000M,node=1,billing=288
   AllocTRES=cpu=64,mem=32000M,node=1,billing=288
   Socks/Node=* NtasksPerN:B:S:C=64:0:*:* CoreSpec=*
   MinCPUsNode=64 MinMemoryCPU=500M MinTmpDiskNode=0
   Features=[quest10|quest11|quest12|quest13] DelayBoot=00:00:00
   OverSubscribe=OK Contiguous=0 Licenses=(null) Network=(null)
   Command=/gpfs/home/tbr0780/Dissertation/Integrated_Likelihood_Algorithm/Polytomous_Logistic_Regression/scripts/experiment_sim.sh
   WorkDir=/gpfs/home/tbr0780/Dissertation/Integrated_Likelihood_Algorithm/Polytomous_Logistic_Regression
   StdErr=/dev/null
   StdIn=/dev/null
   StdOut=/dev/null
   MailUser=timothyruel2024@u.northwestern.edu MailType=INVALID_DEPEND,BEGIN,END,FAIL,REQUEUE,STAGE_OUT
   
--------------------------------------------------------------------------------
JOB EFFICIENCY 
--------------------------------------------------------------------------------
Job efficiency will be calculated after the job has completed.
===== checkjob (interval) at Wed Jun 18 17:45:55 CDT 2025 =====
--------------------------------------------------------------------------------
JOB INFORMATION 
--------------------------------------------------------------------------------
JobId=5863750 ArrayJobId=5858372 ArrayTaskId=199 JobName=experiment_sim
   UserId=tbr0780(3229) GroupId=tbr0780(4023) MCS_label=N/A
   Priority=19645 Nice=0 Account=p32397 QOS=normal
   JobState=RUNNING Reason=None Dependency=(null)
   Requeue=0 Restarts=0 BatchFlag=1 Reboot=0 ExitCode=0:0
   RunTime=00:25:10 TimeLimit=02:00:00 TimeMin=N/A
   SubmitTime=2025-06-18T15:19:09 EligibleTime=2025-06-18T15:19:11
   AccrueTime=2025-06-18T15:19:11
   StartTime=2025-06-18T17:20:45 EndTime=2025-06-18T19:20:45 Deadline=N/A
   SuspendTime=None SecsPreSuspend=0 LastSchedEval=2025-06-18T17:20:45 Scheduler=Backfill
   Partition=short AllocNode:Sid=quser41:3973193
   ReqNodeList=(null) ExcNodeList=(null)
   NodeList=qnode3047
   BatchHost=qnode3047
   NumNodes=1 NumCPUs=64 NumTasks=64 CPUs/Task=1 ReqB:S:C:T=0:0:*:*
   ReqTRES=cpu=64,mem=32000M,node=1,billing=288
   AllocTRES=cpu=64,mem=32000M,node=1,billing=288
   Socks/Node=* NtasksPerN:B:S:C=64:0:*:* CoreSpec=*
   MinCPUsNode=64 MinMemoryCPU=500M MinTmpDiskNode=0
   Features=[quest10|quest11|quest12|quest13] DelayBoot=00:00:00
   OverSubscribe=OK Contiguous=0 Licenses=(null) Network=(null)
   Command=/gpfs/home/tbr0780/Dissertation/Integrated_Likelihood_Algorithm/Polytomous_Logistic_Regression/scripts/experiment_sim.sh
   WorkDir=/gpfs/home/tbr0780/Dissertation/Integrated_Likelihood_Algorithm/Polytomous_Logistic_Regression
   StdErr=/dev/null
   StdIn=/dev/null
   StdOut=/dev/null
   MailUser=timothyruel2024@u.northwestern.edu MailType=INVALID_DEPEND,BEGIN,END,FAIL,REQUEUE,STAGE_OUT
   
--------------------------------------------------------------------------------
JOB EFFICIENCY 
--------------------------------------------------------------------------------
Job efficiency will be calculated after the job has completed.
===== checkjob (interval) at Wed Jun 18 17:46:25 CDT 2025 =====
--------------------------------------------------------------------------------
JOB INFORMATION 
--------------------------------------------------------------------------------
JobId=5863750 ArrayJobId=5858372 ArrayTaskId=199 JobName=experiment_sim
   UserId=tbr0780(3229) GroupId=tbr0780(4023) MCS_label=N/A
   Priority=19645 Nice=0 Account=p32397 QOS=normal
   JobState=RUNNING Reason=None Dependency=(null)
   Requeue=0 Restarts=0 BatchFlag=1 Reboot=0 ExitCode=0:0
   RunTime=00:25:40 TimeLimit=02:00:00 TimeMin=N/A
   SubmitTime=2025-06-18T15:19:09 EligibleTime=2025-06-18T15:19:11
   AccrueTime=2025-06-18T15:19:11
   StartTime=2025-06-18T17:20:45 EndTime=2025-06-18T19:20:45 Deadline=N/A
   SuspendTime=None SecsPreSuspend=0 LastSchedEval=2025-06-18T17:20:45 Scheduler=Backfill
   Partition=short AllocNode:Sid=quser41:3973193
   ReqNodeList=(null) ExcNodeList=(null)
   NodeList=qnode3047
   BatchHost=qnode3047
   NumNodes=1 NumCPUs=64 NumTasks=64 CPUs/Task=1 ReqB:S:C:T=0:0:*:*
   ReqTRES=cpu=64,mem=32000M,node=1,billing=288
   AllocTRES=cpu=64,mem=32000M,node=1,billing=288
   Socks/Node=* NtasksPerN:B:S:C=64:0:*:* CoreSpec=*
   MinCPUsNode=64 MinMemoryCPU=500M MinTmpDiskNode=0
   Features=[quest10|quest11|quest12|quest13] DelayBoot=00:00:00
   OverSubscribe=OK Contiguous=0 Licenses=(null) Network=(null)
   Command=/gpfs/home/tbr0780/Dissertation/Integrated_Likelihood_Algorithm/Polytomous_Logistic_Regression/scripts/experiment_sim.sh
   WorkDir=/gpfs/home/tbr0780/Dissertation/Integrated_Likelihood_Algorithm/Polytomous_Logistic_Regression
   StdErr=/dev/null
   StdIn=/dev/null
   StdOut=/dev/null
   MailUser=timothyruel2024@u.northwestern.edu MailType=INVALID_DEPEND,BEGIN,END,FAIL,REQUEUE,STAGE_OUT
   
--------------------------------------------------------------------------------
JOB EFFICIENCY 
--------------------------------------------------------------------------------
Job efficiency will be calculated after the job has completed.
