📌 Logging to experiments/exp_v1.0.2/simulations/sim_02/iter_0005/logs/slurm_log.out
🔁 Running Iteration 5 of Simulation 2 in Experiment v1.0.2 with 64 cores...
[INFO] True parameters already exist — skipping generation.
[INFO] Loading Beta_0 from /experiments/exp_v1.0.2/true_params
[INFO] Generating new data and plots for run: iter_0005
[INFO] Saved config snapshot to /experiments/exp_v1.0.2/simulations/sim_02/iter_0005
Running experiment...
✓ Experiment results saved to /experiments/exp_v1.0.2/simulations/sim_02/iter_0005/results
✓ Log-likelihood plots saved to /experiments/exp_v1.0.2/simulations/sim_02/iter_0005/plots
✓ Run completed
===== FINAL SEFF OUTPUT for Job 4751612 =====
(Logged at Thu May 29 18:06:19 CDT 2025)
Job ID: 4751612
Array Job ID: 4751612_4
Cluster: quest
User/Group: tbr0780/tbr0780
State: RUNNING
Nodes: 1
Cores per node: 64
CPU Utilized: 00:00:00
CPU Efficiency: 0.00% of 04:40:32 core-walltime
Job Wall-clock time: 00:04:23
Memory Utilized: 0.00 MB (estimated maximum)
Memory Efficiency: 0.00% of 31.25 GB (500.00 MB/core)
WARNING: Efficiency statistics may be misleading for RUNNING jobs.
===== FINAL CHECKJOB OUTPUT for Job 4751612 =====
(Logged at Thu May 29 18:06:20 CDT 2025)
--------------------------------------------------------------------------------
JOB INFORMATION 
--------------------------------------------------------------------------------
JobId=4751612 ArrayJobId=4751612 ArrayTaskId=4 JobName=experiment_sim
   UserId=tbr0780(3229) GroupId=tbr0780(4023) MCS_label=N/A
   Priority=48203 Nice=0 Account=p32397 QOS=normal
   JobState=RUNNING Reason=None Dependency=(null)
   Requeue=0 Restarts=0 BatchFlag=1 Reboot=0 ExitCode=0:0
   RunTime=00:04:23 TimeLimit=02:00:00 TimeMin=N/A
   SubmitTime=2025-05-29T18:01:43 EligibleTime=2025-05-29T18:01:45
   AccrueTime=2025-05-29T18:01:45
   StartTime=2025-05-29T18:01:57 EndTime=2025-05-29T20:01:57 Deadline=N/A
   SuspendTime=None SecsPreSuspend=0 LastSchedEval=2025-05-29T18:01:57 Scheduler=Main
   Partition=short AllocNode:Sid=quser42:3615058
   ReqNodeList=(null) ExcNodeList=(null)
   NodeList=qnode1132
   BatchHost=qnode1132
   NumNodes=1 NumCPUs=64 NumTasks=64 CPUs/Task=1 ReqB:S:C:T=0:0:*:*
   ReqTRES=cpu=64,mem=32000M,node=1,billing=288
   AllocTRES=cpu=64,mem=32000M,node=1,billing=288
   Socks/Node=* NtasksPerN:B:S:C=64:0:*:* CoreSpec=*
   MinCPUsNode=64 MinMemoryCPU=500M MinTmpDiskNode=0
   Features=[quest10|quest11|quest12|quest13] DelayBoot=00:00:00
   OverSubscribe=OK Contiguous=0 Licenses=(null) Network=(null)
   Command=/gpfs/home/tbr0780/Dissertation/Integrated_Likelihood_Algorithm/Polytomous_Logistic_Regression/scripts/job_submit.sh
   WorkDir=/gpfs/home/tbr0780/Dissertation/Integrated_Likelihood_Algorithm/Polytomous_Logistic_Regression
   StdErr=/dev/null
   StdIn=/dev/null
   StdOut=/dev/null
   MailUser=timothyruel2024@u.northwestern.edu MailType=INVALID_DEPEND,BEGIN,END,FAIL,REQUEUE,STAGE_OUT
   

JobId=4751616 ArrayJobId=4751612 ArrayTaskId=3 JobName=experiment_sim
   UserId=tbr0780(3229) GroupId=tbr0780(4023) MCS_label=N/A
   Priority=48203 Nice=0 Account=p32397 QOS=normal
   JobState=COMPLETED Reason=None Dependency=(null)
   Requeue=0 Restarts=0 BatchFlag=1 Reboot=0 ExitCode=0:0
   RunTime=00:04:10 TimeLimit=02:00:00 TimeMin=N/A
   SubmitTime=2025-05-29T18:01:43 EligibleTime=2025-05-29T18:01:45
   AccrueTime=2025-05-29T18:01:45
   StartTime=2025-05-29T18:01:57 EndTime=2025-05-29T18:06:07 Deadline=N/A
   SuspendTime=None SecsPreSuspend=0 LastSchedEval=2025-05-29T18:01:57 Scheduler=Main
   Partition=short AllocNode:Sid=quser42:3615058
   ReqNodeList=(null) ExcNodeList=(null)
   NodeList=qnode1127
   BatchHost=qnode1127
   NumNodes=1 NumCPUs=64 NumTasks=64 CPUs/Task=1 ReqB:S:C:T=0:0:*:*
   ReqTRES=cpu=64,mem=32000M,node=1,billing=288
   AllocTRES=cpu=64,mem=32000M,node=1,billing=288
   Socks/Node=* NtasksPerN:B:S:C=64:0:*:* CoreSpec=*
   MinCPUsNode=64 MinMemoryCPU=500M MinTmpDiskNode=0
   Features=[quest10|quest11|quest12|quest13] DelayBoot=00:00:00
   OverSubscribe=OK Contiguous=0 Licenses=(null) Network=(null)
   Command=/gpfs/home/tbr0780/Dissertation/Integrated_Likelihood_Algorithm/Polytomous_Logistic_Regression/scripts/job_submit.sh
   WorkDir=/gpfs/home/tbr0780/Dissertation/Integrated_Likelihood_Algorithm/Polytomous_Logistic_Regression
   StdErr=/dev/null
   StdIn=/dev/null
   StdOut=/dev/null
   MailUser=timothyruel2024@u.northwestern.edu MailType=INVALID_DEPEND,BEGIN,END,FAIL,REQUEUE,STAGE_OUT
   

JobId=4751615 ArrayJobId=4751612 ArrayTaskId=2 JobName=experiment_sim
   UserId=tbr0780(3229) GroupId=tbr0780(4023) MCS_label=N/A
   Priority=48203 Nice=0 Account=p32397 QOS=normal
   JobState=COMPLETED Reason=None Dependency=(null)
   Requeue=0 Restarts=0 BatchFlag=1 Reboot=0 ExitCode=0:0
   RunTime=00:03:25 TimeLimit=02:00:00 TimeMin=N/A
   SubmitTime=2025-05-29T18:01:43 EligibleTime=2025-05-29T18:01:45
   AccrueTime=2025-05-29T18:01:45
   StartTime=2025-05-29T18:01:57 EndTime=2025-05-29T18:05:22 Deadline=N/A
   SuspendTime=None SecsPreSuspend=0 LastSchedEval=2025-05-29T18:01:57 Scheduler=Main
   Partition=short AllocNode:Sid=quser42:3615058
   ReqNodeList=(null) ExcNodeList=(null)
   NodeList=qnode1105
   BatchHost=qnode1105
   NumNodes=1 NumCPUs=64 NumTasks=64 CPUs/Task=1 ReqB:S:C:T=0:0:*:*
   ReqTRES=cpu=64,mem=32000M,node=1,billing=288
   AllocTRES=cpu=64,mem=32000M,node=1,billing=288
   Socks/Node=* NtasksPerN:B:S:C=64:0:*:* CoreSpec=*
   MinCPUsNode=64 MinMemoryCPU=500M MinTmpDiskNode=0
   Features=[quest10|quest11|quest12|quest13] DelayBoot=00:00:00
   OverSubscribe=OK Contiguous=0 Licenses=(null) Network=(null)
   Command=/gpfs/home/tbr0780/Dissertation/Integrated_Likelihood_Algorithm/Polytomous_Logistic_Regression/scripts/job_submit.sh
   WorkDir=/gpfs/home/tbr0780/Dissertation/Integrated_Likelihood_Algorithm/Polytomous_Logistic_Regression
   StdErr=/dev/null
   StdIn=/dev/null
   StdOut=/dev/null
   MailUser=timothyruel2024@u.northwestern.edu MailType=INVALID_DEPEND,BEGIN,END,FAIL,REQUEUE,STAGE_OUT
   

JobId=4751614 ArrayJobId=4751612 ArrayTaskId=1 JobName=experiment_sim
   UserId=tbr0780(3229) GroupId=tbr0780(4023) MCS_label=N/A
   Priority=48203 Nice=0 Account=p32397 QOS=normal
   JobState=RUNNING Reason=None Dependency=(null)
   Requeue=0 Restarts=0 BatchFlag=1 Reboot=0 ExitCode=0:0
   RunTime=00:04:23 TimeLimit=02:00:00 TimeMin=N/A
   SubmitTime=2025-05-29T18:01:43 EligibleTime=2025-05-29T18:01:45
   AccrueTime=2025-05-29T18:01:45
   StartTime=2025-05-29T18:01:57 EndTime=2025-05-29T20:01:57 Deadline=N/A
   SuspendTime=None SecsPreSuspend=0 LastSchedEval=2025-05-29T18:01:57 Scheduler=Main
   Partition=short AllocNode:Sid=quser42:3615058
   ReqNodeList=(null) ExcNodeList=(null)
   NodeList=qnode1032
   BatchHost=qnode1032
   NumNodes=1 NumCPUs=64 NumTasks=64 CPUs/Task=1 ReqB:S:C:T=0:0:*:*
   ReqTRES=cpu=64,mem=32000M,node=1,billing=288
   AllocTRES=cpu=64,mem=32000M,node=1,billing=288
   Socks/Node=* NtasksPerN:B:S:C=64:0:*:* CoreSpec=*
   MinCPUsNode=64 MinMemoryCPU=500M MinTmpDiskNode=0
   Features=[quest10|quest11|quest12|quest13] DelayBoot=00:00:00
   OverSubscribe=OK Contiguous=0 Licenses=(null) Network=(null)
   Command=/gpfs/home/tbr0780/Dissertation/Integrated_Likelihood_Algorithm/Polytomous_Logistic_Regression/scripts/job_submit.sh
   WorkDir=/gpfs/home/tbr0780/Dissertation/Integrated_Likelihood_Algorithm/Polytomous_Logistic_Regression
   StdErr=/dev/null
   StdIn=/dev/null
   StdOut=/dev/null
   MailUser=timothyruel2024@u.northwestern.edu MailType=INVALID_DEPEND,BEGIN,END,FAIL,REQUEUE,STAGE_OUT
   

JobId=4751613 ArrayJobId=4751612 ArrayTaskId=0 JobName=experiment_sim
   UserId=tbr0780(3229) GroupId=tbr0780(4023) MCS_label=N/A
   Priority=48203 Nice=0 Account=p32397 QOS=normal
   JobState=COMPLETED Reason=None Dependency=(null)
   Requeue=0 Restarts=0 BatchFlag=1 Reboot=0 ExitCode=0:0
   RunTime=00:04:10 TimeLimit=02:00:00 TimeMin=N/A
   SubmitTime=2025-05-29T18:01:43 EligibleTime=2025-05-29T18:01:45
   AccrueTime=2025-05-29T18:01:45
   StartTime=2025-05-29T18:01:57 EndTime=2025-05-29T18:06:07 Deadline=N/A
   SuspendTime=None SecsPreSuspend=0 LastSchedEval=2025-05-29T18:01:57 Scheduler=Main
   Partition=short AllocNode:Sid=quser42:3615058
   ReqNodeList=(null) ExcNodeList=(null)
   NodeList=qnode1029
   BatchHost=qnode1029
   NumNodes=1 NumCPUs=64 NumTasks=64 CPUs/Task=1 ReqB:S:C:T=0:0:*:*
   ReqTRES=cpu=64,mem=32000M,node=1,billing=288
   AllocTRES=cpu=64,mem=32000M,node=1,billing=288
   Socks/Node=* NtasksPerN:B:S:C=64:0:*:* CoreSpec=*
   MinCPUsNode=64 MinMemoryCPU=500M MinTmpDiskNode=0
   Features=[quest10|quest11|quest12|quest13] DelayBoot=00:00:00
   OverSubscribe=OK Contiguous=0 Licenses=(null) Network=(null)
   Command=/gpfs/home/tbr0780/Dissertation/Integrated_Likelihood_Algorithm/Polytomous_Logistic_Regression/scripts/job_submit.sh
   WorkDir=/gpfs/home/tbr0780/Dissertation/Integrated_Likelihood_Algorithm/Polytomous_Logistic_Regression
   StdErr=/dev/null
   StdIn=/dev/null
   StdOut=/dev/null
   MailUser=timothyruel2024@u.northwestern.edu MailType=INVALID_DEPEND,BEGIN,END,FAIL,REQUEUE,STAGE_OUT
   
--------------------------------------------------------------------------------
JOB EFFICIENCY 
--------------------------------------------------------------------------------
Job efficiency will be calculated after the job has completed.
===== SACCT OUTPUT for Job 4751612 =====
(Logged at Thu May 29 18:06:21 CDT 2025)
JobID                     JobName    Elapsed     MaxRSS     ReqMem  AllocCPUS      State 
------------ -------------------- ---------- ---------- ---------- ---------- ---------- 
4751612_0          experiment_sim   00:04:10                32000M         64  COMPLETED 
4751612_0.b+                batch   00:04:10    574960K                    64  COMPLETED 
4751612_0.e+               extern   00:04:10       860K                    64  COMPLETED 
4751612_1          experiment_sim   00:04:24                32000M         64    RUNNING 
4751612_1.b+                batch   00:04:24                               64    RUNNING 
4751612_1.e+               extern   00:04:24                               64    RUNNING 
4751612_2          experiment_sim   00:03:25                32000M         64  COMPLETED 
4751612_2.b+                batch   00:03:25    563656K                    64  COMPLETED 
4751612_2.e+               extern   00:03:28       948K                    64  COMPLETED 
4751612_3          experiment_sim   00:04:10                32000M         64  COMPLETED 
4751612_3.b+                batch   00:04:10    581316K                    64  COMPLETED 
4751612_3.e+               extern   00:04:10       852K                    64  COMPLETED 
4751612_4          experiment_sim   00:04:24                32000M         64    RUNNING 
4751612_4.b+                batch   00:04:24                               64    RUNNING 
4751612_4.e+               extern   00:04:24                               64    RUNNING 
===== SYSTEM MEMORY (free -h) =====
(Logged at Thu May 29 18:06:21 CDT 2025)
              total        used        free      shared  buff/cache   available
Mem:          251Gi        22Gi       222Gi       5.5Gi       7.0Gi       219Gi
Swap:          31Gi       1.4Gi        30Gi
===== SYSTEM LOAD (uptime) =====
(Logged at Thu May 29 18:06:21 CDT 2025)
 18:06:21 up 66 days,  6:13,  0 users,  load average: 0.95, 0.73, 0.39
===== SYSTEM PROCESSES (top -b -n 1) =====
(Logged at Thu May 29 18:06:22 CDT 2025)
top - 18:06:22 up 66 days,  6:13,  0 users,  load average: 0.95, 0.73, 0.39
Tasks: 733 total,   1 running, 732 sleeping,   0 stopped,   0 zombie
%Cpu(s):  0.2 us,  0.2 sy,  0.0 ni, 99.7 id,  0.0 wa,  0.0 hi,  0.0 si,  0.0 st
MiB Mem : 257574.4 total, 227750.3 free,  22701.2 used,   7122.9 buff/cache
MiB Swap:  32768.0 total,  31373.9 free,   1394.1 used. 225060.5 avail Mem 

    PID USER      PR  NI    VIRT    RES    SHR S  %CPU  %MEM     TIME+ COMMAND
1752117 tbr0780   20   0  270076   5336   3744 R  11.8   0.0   0:00.11 top
      1 root      20   0  246652  11384   8468 S   0.0   0.0   4:54.73 systemd
      2 root      20   0       0      0      0 S   0.0   0.0   0:05.07 kthreadd
      3 root       0 -20       0      0      0 I   0.0   0.0   0:00.00 rcu_gp
      4 root       0 -20       0      0      0 I   0.0   0.0   0:00.00 rcu_par+
      5 root       0 -20       0      0      0 I   0.0   0.0   0:00.00 slub_fl+
      7 root       0 -20       0      0      0 I   0.0   0.0   0:00.00 kworker+
     11 root       0 -20       0      0      0 I   0.0   0.0   0:00.00 mm_perc+
     12 root      20   0       0      0      0 S   0.0   0.0   0:00.00 rcu_tas+
     13 root      20   0       0      0      0 S   0.0   0.0   0:00.00 rcu_tas+
     14 root      20   0       0      0      0 S   0.0   0.0   0:51.65 ksoftir+
     15 root      20   0       0      0      0 I   0.0   0.0  90:56.85 rcu_sch+
     16 root      rt   0       0      0      0 S   0.0   0.0   0:09.11 migrati+
     17 root      rt   0       0      0      0 S   0.0   0.0   0:01.46 watchdo+
     18 root      20   0       0      0      0 S   0.0   0.0   0:00.02 cpuhp/0
     19 root      20   0       0      0      0 S   0.0   0.0   0:00.00 cpuhp/1
     20 root      rt   0       0      0      0 S   0.0   0.0   0:05.22 watchdo+
     21 root      rt   0       0      0      0 S   0.0   0.0   0:07.44 migrati+
     22 root      20   0       0      0      0 S   0.0   0.0   0:15.31 ksoftir+
     24 root       0 -20       0      0      0 I   0.0   0.0   0:00.00 kworker+
     25 root      20   0       0      0      0 S   0.0   0.0   0:00.00 cpuhp/2
     26 root      rt   0       0      0      0 S   0.0   0.0   0:05.23 watchdo+
     27 root      rt   0       0      0      0 S   0.0   0.0   0:06.88 migrati+
     28 root      20   0       0      0      0 S   0.0   0.0   0:11.51 ksoftir+
     30 root       0 -20       0      0      0 I   0.0   0.0   0:00.00 kworker+
     31 root      20   0       0      0      0 S   0.0   0.0   0:00.00 cpuhp/3
     32 root      rt   0       0      0      0 S   0.0   0.0   0:05.22 watchdo+
     33 root      rt   0       0      0      0 S   0.0   0.0   0:06.61 migrati+
     34 root      20   0       0      0      0 S   0.0   0.0   0:09.64 ksoftir+
     36 root       0 -20       0      0      0 I   0.0   0.0   0:00.00 kworker+
     37 root      20   0       0      0      0 S   0.0   0.0   0:00.00 cpuhp/4
     38 root      rt   0       0      0      0 S   0.0   0.0   0:05.27 watchdo+
     39 root      rt   0       0      0      0 S   0.0   0.0   0:06.68 migrati+
===== BACKGROUND CHECKJOB MONITOR LOG =====
===== checkjob (interval) at Thu May 29 18:03:23 CDT 2025 =====
--------------------------------------------------------------------------------
JOB INFORMATION 
--------------------------------------------------------------------------------
JobId=4751612 ArrayJobId=4751612 ArrayTaskId=4 JobName=experiment_sim
   UserId=tbr0780(3229) GroupId=tbr0780(4023) MCS_label=N/A
   Priority=48203 Nice=0 Account=p32397 QOS=normal
   JobState=RUNNING Reason=None Dependency=(null)
   Requeue=0 Restarts=0 BatchFlag=1 Reboot=0 ExitCode=0:0
   RunTime=00:01:28 TimeLimit=02:00:00 TimeMin=N/A
   SubmitTime=2025-05-29T18:01:43 EligibleTime=2025-05-29T18:01:45
   AccrueTime=2025-05-29T18:01:45
   StartTime=2025-05-29T18:01:57 EndTime=2025-05-29T20:01:57 Deadline=N/A
   SuspendTime=None SecsPreSuspend=0 LastSchedEval=2025-05-29T18:01:57 Scheduler=Main
   Partition=short AllocNode:Sid=quser42:3615058
   ReqNodeList=(null) ExcNodeList=(null)
   NodeList=qnode1132
   BatchHost=qnode1132
   NumNodes=1 NumCPUs=64 NumTasks=64 CPUs/Task=1 ReqB:S:C:T=0:0:*:*
   ReqTRES=cpu=64,mem=32000M,node=1,billing=288
   AllocTRES=cpu=64,mem=32000M,node=1,billing=288
   Socks/Node=* NtasksPerN:B:S:C=64:0:*:* CoreSpec=*
   MinCPUsNode=64 MinMemoryCPU=500M MinTmpDiskNode=0
   Features=[quest10|quest11|quest12|quest13] DelayBoot=00:00:00
   OverSubscribe=OK Contiguous=0 Licenses=(null) Network=(null)
   Command=/gpfs/home/tbr0780/Dissertation/Integrated_Likelihood_Algorithm/Polytomous_Logistic_Regression/scripts/job_submit.sh
   WorkDir=/gpfs/home/tbr0780/Dissertation/Integrated_Likelihood_Algorithm/Polytomous_Logistic_Regression
   StdErr=/dev/null
   StdIn=/dev/null
   StdOut=/dev/null
   MailUser=timothyruel2024@u.northwestern.edu MailType=INVALID_DEPEND,BEGIN,END,FAIL,REQUEUE,STAGE_OUT
   

JobId=4751616 ArrayJobId=4751612 ArrayTaskId=3 JobName=experiment_sim
   UserId=tbr0780(3229) GroupId=tbr0780(4023) MCS_label=N/A
   Priority=48203 Nice=0 Account=p32397 QOS=normal
   JobState=RUNNING Reason=None Dependency=(null)
   Requeue=0 Restarts=0 BatchFlag=1 Reboot=0 ExitCode=0:0
   RunTime=00:01:28 TimeLimit=02:00:00 TimeMin=N/A
   SubmitTime=2025-05-29T18:01:43 EligibleTime=2025-05-29T18:01:45
   AccrueTime=2025-05-29T18:01:45
   StartTime=2025-05-29T18:01:57 EndTime=2025-05-29T20:01:57 Deadline=N/A
   SuspendTime=None SecsPreSuspend=0 LastSchedEval=2025-05-29T18:01:57 Scheduler=Main
   Partition=short AllocNode:Sid=quser42:3615058
   ReqNodeList=(null) ExcNodeList=(null)
   NodeList=qnode1127
   BatchHost=qnode1127
   NumNodes=1 NumCPUs=64 NumTasks=64 CPUs/Task=1 ReqB:S:C:T=0:0:*:*
   ReqTRES=cpu=64,mem=32000M,node=1,billing=288
   AllocTRES=cpu=64,mem=32000M,node=1,billing=288
   Socks/Node=* NtasksPerN:B:S:C=64:0:*:* CoreSpec=*
   MinCPUsNode=64 MinMemoryCPU=500M MinTmpDiskNode=0
   Features=[quest10|quest11|quest12|quest13] DelayBoot=00:00:00
   OverSubscribe=OK Contiguous=0 Licenses=(null) Network=(null)
   Command=/gpfs/home/tbr0780/Dissertation/Integrated_Likelihood_Algorithm/Polytomous_Logistic_Regression/scripts/job_submit.sh
   WorkDir=/gpfs/home/tbr0780/Dissertation/Integrated_Likelihood_Algorithm/Polytomous_Logistic_Regression
   StdErr=/dev/null
   StdIn=/dev/null
   StdOut=/dev/null
   MailUser=timothyruel2024@u.northwestern.edu MailType=INVALID_DEPEND,BEGIN,END,FAIL,REQUEUE,STAGE_OUT
   

JobId=4751615 ArrayJobId=4751612 ArrayTaskId=2 JobName=experiment_sim
   UserId=tbr0780(3229) GroupId=tbr0780(4023) MCS_label=N/A
   Priority=48203 Nice=0 Account=p32397 QOS=normal
   JobState=RUNNING Reason=None Dependency=(null)
   Requeue=0 Restarts=0 BatchFlag=1 Reboot=0 ExitCode=0:0
   RunTime=00:01:28 TimeLimit=02:00:00 TimeMin=N/A
   SubmitTime=2025-05-29T18:01:43 EligibleTime=2025-05-29T18:01:45
   AccrueTime=2025-05-29T18:01:45
   StartTime=2025-05-29T18:01:57 EndTime=2025-05-29T20:01:57 Deadline=N/A
   SuspendTime=None SecsPreSuspend=0 LastSchedEval=2025-05-29T18:01:57 Scheduler=Main
   Partition=short AllocNode:Sid=quser42:3615058
   ReqNodeList=(null) ExcNodeList=(null)
   NodeList=qnode1105
   BatchHost=qnode1105
   NumNodes=1 NumCPUs=64 NumTasks=64 CPUs/Task=1 ReqB:S:C:T=0:0:*:*
   ReqTRES=cpu=64,mem=32000M,node=1,billing=288
   AllocTRES=cpu=64,mem=32000M,node=1,billing=288
   Socks/Node=* NtasksPerN:B:S:C=64:0:*:* CoreSpec=*
   MinCPUsNode=64 MinMemoryCPU=500M MinTmpDiskNode=0
   Features=[quest10|quest11|quest12|quest13] DelayBoot=00:00:00
   OverSubscribe=OK Contiguous=0 Licenses=(null) Network=(null)
   Command=/gpfs/home/tbr0780/Dissertation/Integrated_Likelihood_Algorithm/Polytomous_Logistic_Regression/scripts/job_submit.sh
   WorkDir=/gpfs/home/tbr0780/Dissertation/Integrated_Likelihood_Algorithm/Polytomous_Logistic_Regression
   StdErr=/dev/null
   StdIn=/dev/null
   StdOut=/dev/null
   MailUser=timothyruel2024@u.northwestern.edu MailType=INVALID_DEPEND,BEGIN,END,FAIL,REQUEUE,STAGE_OUT
   

JobId=4751614 ArrayJobId=4751612 ArrayTaskId=1 JobName=experiment_sim
   UserId=tbr0780(3229) GroupId=tbr0780(4023) MCS_label=N/A
   Priority=48203 Nice=0 Account=p32397 QOS=normal
   JobState=RUNNING Reason=None Dependency=(null)
   Requeue=0 Restarts=0 BatchFlag=1 Reboot=0 ExitCode=0:0
   RunTime=00:01:28 TimeLimit=02:00:00 TimeMin=N/A
   SubmitTime=2025-05-29T18:01:43 EligibleTime=2025-05-29T18:01:45
   AccrueTime=2025-05-29T18:01:45
   StartTime=2025-05-29T18:01:57 EndTime=2025-05-29T20:01:57 Deadline=N/A
   SuspendTime=None SecsPreSuspend=0 LastSchedEval=2025-05-29T18:01:57 Scheduler=Main
   Partition=short AllocNode:Sid=quser42:3615058
   ReqNodeList=(null) ExcNodeList=(null)
   NodeList=qnode1032
   BatchHost=qnode1032
   NumNodes=1 NumCPUs=64 NumTasks=64 CPUs/Task=1 ReqB:S:C:T=0:0:*:*
   ReqTRES=cpu=64,mem=32000M,node=1,billing=288
   AllocTRES=cpu=64,mem=32000M,node=1,billing=288
   Socks/Node=* NtasksPerN:B:S:C=64:0:*:* CoreSpec=*
   MinCPUsNode=64 MinMemoryCPU=500M MinTmpDiskNode=0
   Features=[quest10|quest11|quest12|quest13] DelayBoot=00:00:00
   OverSubscribe=OK Contiguous=0 Licenses=(null) Network=(null)
   Command=/gpfs/home/tbr0780/Dissertation/Integrated_Likelihood_Algorithm/Polytomous_Logistic_Regression/scripts/job_submit.sh
   WorkDir=/gpfs/home/tbr0780/Dissertation/Integrated_Likelihood_Algorithm/Polytomous_Logistic_Regression
   StdErr=/dev/null
   StdIn=/dev/null
   StdOut=/dev/null
   MailUser=timothyruel2024@u.northwestern.edu MailType=INVALID_DEPEND,BEGIN,END,FAIL,REQUEUE,STAGE_OUT
   

JobId=4751613 ArrayJobId=4751612 ArrayTaskId=0 JobName=experiment_sim
   UserId=tbr0780(3229) GroupId=tbr0780(4023) MCS_label=N/A
   Priority=48203 Nice=0 Account=p32397 QOS=normal
   JobState=RUNNING Reason=None Dependency=(null)
   Requeue=0 Restarts=0 BatchFlag=1 Reboot=0 ExitCode=0:0
   RunTime=00:01:28 TimeLimit=02:00:00 TimeMin=N/A
   SubmitTime=2025-05-29T18:01:43 EligibleTime=2025-05-29T18:01:45
   AccrueTime=2025-05-29T18:01:45
   StartTime=2025-05-29T18:01:57 EndTime=2025-05-29T20:01:57 Deadline=N/A
   SuspendTime=None SecsPreSuspend=0 LastSchedEval=2025-05-29T18:01:57 Scheduler=Main
   Partition=short AllocNode:Sid=quser42:3615058
   ReqNodeList=(null) ExcNodeList=(null)
   NodeList=qnode1029
   BatchHost=qnode1029
   NumNodes=1 NumCPUs=64 NumTasks=64 CPUs/Task=1 ReqB:S:C:T=0:0:*:*
   ReqTRES=cpu=64,mem=32000M,node=1,billing=288
   AllocTRES=cpu=64,mem=32000M,node=1,billing=288
   Socks/Node=* NtasksPerN:B:S:C=64:0:*:* CoreSpec=*
   MinCPUsNode=64 MinMemoryCPU=500M MinTmpDiskNode=0
   Features=[quest10|quest11|quest12|quest13] DelayBoot=00:00:00
   OverSubscribe=OK Contiguous=0 Licenses=(null) Network=(null)
   Command=/gpfs/home/tbr0780/Dissertation/Integrated_Likelihood_Algorithm/Polytomous_Logistic_Regression/scripts/job_submit.sh
   WorkDir=/gpfs/home/tbr0780/Dissertation/Integrated_Likelihood_Algorithm/Polytomous_Logistic_Regression
   StdErr=/dev/null
   StdIn=/dev/null
   StdOut=/dev/null
   MailUser=timothyruel2024@u.northwestern.edu MailType=INVALID_DEPEND,BEGIN,END,FAIL,REQUEUE,STAGE_OUT
   
--------------------------------------------------------------------------------
JOB EFFICIENCY 
--------------------------------------------------------------------------------
Job efficiency will be calculated after the job has completed.
===== checkjob (interval) at Thu May 29 18:03:57 CDT 2025 =====
--------------------------------------------------------------------------------
JOB INFORMATION 
--------------------------------------------------------------------------------
JobId=4751612 ArrayJobId=4751612 ArrayTaskId=4 JobName=experiment_sim
   UserId=tbr0780(3229) GroupId=tbr0780(4023) MCS_label=N/A
   Priority=48203 Nice=0 Account=p32397 QOS=normal
   JobState=RUNNING Reason=None Dependency=(null)
   Requeue=0 Restarts=0 BatchFlag=1 Reboot=0 ExitCode=0:0
   RunTime=00:02:01 TimeLimit=02:00:00 TimeMin=N/A
   SubmitTime=2025-05-29T18:01:43 EligibleTime=2025-05-29T18:01:45
   AccrueTime=2025-05-29T18:01:45
   StartTime=2025-05-29T18:01:57 EndTime=2025-05-29T20:01:57 Deadline=N/A
   SuspendTime=None SecsPreSuspend=0 LastSchedEval=2025-05-29T18:01:57 Scheduler=Main
   Partition=short AllocNode:Sid=quser42:3615058
   ReqNodeList=(null) ExcNodeList=(null)
   NodeList=qnode1132
   BatchHost=qnode1132
   NumNodes=1 NumCPUs=64 NumTasks=64 CPUs/Task=1 ReqB:S:C:T=0:0:*:*
   ReqTRES=cpu=64,mem=32000M,node=1,billing=288
   AllocTRES=cpu=64,mem=32000M,node=1,billing=288
   Socks/Node=* NtasksPerN:B:S:C=64:0:*:* CoreSpec=*
   MinCPUsNode=64 MinMemoryCPU=500M MinTmpDiskNode=0
   Features=[quest10|quest11|quest12|quest13] DelayBoot=00:00:00
   OverSubscribe=OK Contiguous=0 Licenses=(null) Network=(null)
   Command=/gpfs/home/tbr0780/Dissertation/Integrated_Likelihood_Algorithm/Polytomous_Logistic_Regression/scripts/job_submit.sh
   WorkDir=/gpfs/home/tbr0780/Dissertation/Integrated_Likelihood_Algorithm/Polytomous_Logistic_Regression
   StdErr=/dev/null
   StdIn=/dev/null
   StdOut=/dev/null
   MailUser=timothyruel2024@u.northwestern.edu MailType=INVALID_DEPEND,BEGIN,END,FAIL,REQUEUE,STAGE_OUT
   

JobId=4751616 ArrayJobId=4751612 ArrayTaskId=3 JobName=experiment_sim
   UserId=tbr0780(3229) GroupId=tbr0780(4023) MCS_label=N/A
   Priority=48203 Nice=0 Account=p32397 QOS=normal
   JobState=RUNNING Reason=None Dependency=(null)
   Requeue=0 Restarts=0 BatchFlag=1 Reboot=0 ExitCode=0:0
   RunTime=00:02:01 TimeLimit=02:00:00 TimeMin=N/A
   SubmitTime=2025-05-29T18:01:43 EligibleTime=2025-05-29T18:01:45
   AccrueTime=2025-05-29T18:01:45
   StartTime=2025-05-29T18:01:57 EndTime=2025-05-29T20:01:57 Deadline=N/A
   SuspendTime=None SecsPreSuspend=0 LastSchedEval=2025-05-29T18:01:57 Scheduler=Main
   Partition=short AllocNode:Sid=quser42:3615058
   ReqNodeList=(null) ExcNodeList=(null)
   NodeList=qnode1127
   BatchHost=qnode1127
   NumNodes=1 NumCPUs=64 NumTasks=64 CPUs/Task=1 ReqB:S:C:T=0:0:*:*
   ReqTRES=cpu=64,mem=32000M,node=1,billing=288
   AllocTRES=cpu=64,mem=32000M,node=1,billing=288
   Socks/Node=* NtasksPerN:B:S:C=64:0:*:* CoreSpec=*
   MinCPUsNode=64 MinMemoryCPU=500M MinTmpDiskNode=0
   Features=[quest10|quest11|quest12|quest13] DelayBoot=00:00:00
   OverSubscribe=OK Contiguous=0 Licenses=(null) Network=(null)
   Command=/gpfs/home/tbr0780/Dissertation/Integrated_Likelihood_Algorithm/Polytomous_Logistic_Regression/scripts/job_submit.sh
   WorkDir=/gpfs/home/tbr0780/Dissertation/Integrated_Likelihood_Algorithm/Polytomous_Logistic_Regression
   StdErr=/dev/null
   StdIn=/dev/null
   StdOut=/dev/null
   MailUser=timothyruel2024@u.northwestern.edu MailType=INVALID_DEPEND,BEGIN,END,FAIL,REQUEUE,STAGE_OUT
   

JobId=4751615 ArrayJobId=4751612 ArrayTaskId=2 JobName=experiment_sim
   UserId=tbr0780(3229) GroupId=tbr0780(4023) MCS_label=N/A
   Priority=48203 Nice=0 Account=p32397 QOS=normal
   JobState=RUNNING Reason=None Dependency=(null)
   Requeue=0 Restarts=0 BatchFlag=1 Reboot=0 ExitCode=0:0
   RunTime=00:02:01 TimeLimit=02:00:00 TimeMin=N/A
   SubmitTime=2025-05-29T18:01:43 EligibleTime=2025-05-29T18:01:45
   AccrueTime=2025-05-29T18:01:45
   StartTime=2025-05-29T18:01:57 EndTime=2025-05-29T20:01:57 Deadline=N/A
   SuspendTime=None SecsPreSuspend=0 LastSchedEval=2025-05-29T18:01:57 Scheduler=Main
   Partition=short AllocNode:Sid=quser42:3615058
   ReqNodeList=(null) ExcNodeList=(null)
   NodeList=qnode1105
   BatchHost=qnode1105
   NumNodes=1 NumCPUs=64 NumTasks=64 CPUs/Task=1 ReqB:S:C:T=0:0:*:*
   ReqTRES=cpu=64,mem=32000M,node=1,billing=288
   AllocTRES=cpu=64,mem=32000M,node=1,billing=288
   Socks/Node=* NtasksPerN:B:S:C=64:0:*:* CoreSpec=*
   MinCPUsNode=64 MinMemoryCPU=500M MinTmpDiskNode=0
   Features=[quest10|quest11|quest12|quest13] DelayBoot=00:00:00
   OverSubscribe=OK Contiguous=0 Licenses=(null) Network=(null)
   Command=/gpfs/home/tbr0780/Dissertation/Integrated_Likelihood_Algorithm/Polytomous_Logistic_Regression/scripts/job_submit.sh
   WorkDir=/gpfs/home/tbr0780/Dissertation/Integrated_Likelihood_Algorithm/Polytomous_Logistic_Regression
   StdErr=/dev/null
   StdIn=/dev/null
   StdOut=/dev/null
   MailUser=timothyruel2024@u.northwestern.edu MailType=INVALID_DEPEND,BEGIN,END,FAIL,REQUEUE,STAGE_OUT
   

JobId=4751614 ArrayJobId=4751612 ArrayTaskId=1 JobName=experiment_sim
   UserId=tbr0780(3229) GroupId=tbr0780(4023) MCS_label=N/A
   Priority=48203 Nice=0 Account=p32397 QOS=normal
   JobState=RUNNING Reason=None Dependency=(null)
   Requeue=0 Restarts=0 BatchFlag=1 Reboot=0 ExitCode=0:0
   RunTime=00:02:01 TimeLimit=02:00:00 TimeMin=N/A
   SubmitTime=2025-05-29T18:01:43 EligibleTime=2025-05-29T18:01:45
   AccrueTime=2025-05-29T18:01:45
   StartTime=2025-05-29T18:01:57 EndTime=2025-05-29T20:01:57 Deadline=N/A
   SuspendTime=None SecsPreSuspend=0 LastSchedEval=2025-05-29T18:01:57 Scheduler=Main
   Partition=short AllocNode:Sid=quser42:3615058
   ReqNodeList=(null) ExcNodeList=(null)
   NodeList=qnode1032
   BatchHost=qnode1032
   NumNodes=1 NumCPUs=64 NumTasks=64 CPUs/Task=1 ReqB:S:C:T=0:0:*:*
   ReqTRES=cpu=64,mem=32000M,node=1,billing=288
   AllocTRES=cpu=64,mem=32000M,node=1,billing=288
   Socks/Node=* NtasksPerN:B:S:C=64:0:*:* CoreSpec=*
   MinCPUsNode=64 MinMemoryCPU=500M MinTmpDiskNode=0
   Features=[quest10|quest11|quest12|quest13] DelayBoot=00:00:00
   OverSubscribe=OK Contiguous=0 Licenses=(null) Network=(null)
   Command=/gpfs/home/tbr0780/Dissertation/Integrated_Likelihood_Algorithm/Polytomous_Logistic_Regression/scripts/job_submit.sh
   WorkDir=/gpfs/home/tbr0780/Dissertation/Integrated_Likelihood_Algorithm/Polytomous_Logistic_Regression
   StdErr=/dev/null
   StdIn=/dev/null
   StdOut=/dev/null
   MailUser=timothyruel2024@u.northwestern.edu MailType=INVALID_DEPEND,BEGIN,END,FAIL,REQUEUE,STAGE_OUT
   

JobId=4751613 ArrayJobId=4751612 ArrayTaskId=0 JobName=experiment_sim
   UserId=tbr0780(3229) GroupId=tbr0780(4023) MCS_label=N/A
   Priority=48203 Nice=0 Account=p32397 QOS=normal
   JobState=RUNNING Reason=None Dependency=(null)
   Requeue=0 Restarts=0 BatchFlag=1 Reboot=0 ExitCode=0:0
   RunTime=00:02:01 TimeLimit=02:00:00 TimeMin=N/A
   SubmitTime=2025-05-29T18:01:43 EligibleTime=2025-05-29T18:01:45
   AccrueTime=2025-05-29T18:01:45
   StartTime=2025-05-29T18:01:57 EndTime=2025-05-29T20:01:57 Deadline=N/A
   SuspendTime=None SecsPreSuspend=0 LastSchedEval=2025-05-29T18:01:57 Scheduler=Main
   Partition=short AllocNode:Sid=quser42:3615058
   ReqNodeList=(null) ExcNodeList=(null)
   NodeList=qnode1029
   BatchHost=qnode1029
   NumNodes=1 NumCPUs=64 NumTasks=64 CPUs/Task=1 ReqB:S:C:T=0:0:*:*
   ReqTRES=cpu=64,mem=32000M,node=1,billing=288
   AllocTRES=cpu=64,mem=32000M,node=1,billing=288
   Socks/Node=* NtasksPerN:B:S:C=64:0:*:* CoreSpec=*
   MinCPUsNode=64 MinMemoryCPU=500M MinTmpDiskNode=0
   Features=[quest10|quest11|quest12|quest13] DelayBoot=00:00:00
   OverSubscribe=OK Contiguous=0 Licenses=(null) Network=(null)
   Command=/gpfs/home/tbr0780/Dissertation/Integrated_Likelihood_Algorithm/Polytomous_Logistic_Regression/scripts/job_submit.sh
   WorkDir=/gpfs/home/tbr0780/Dissertation/Integrated_Likelihood_Algorithm/Polytomous_Logistic_Regression
   StdErr=/dev/null
   StdIn=/dev/null
   StdOut=/dev/null
   MailUser=timothyruel2024@u.northwestern.edu MailType=INVALID_DEPEND,BEGIN,END,FAIL,REQUEUE,STAGE_OUT
   
--------------------------------------------------------------------------------
JOB EFFICIENCY 
--------------------------------------------------------------------------------
Job efficiency will be calculated after the job has completed.
===== checkjob (interval) at Thu May 29 18:04:28 CDT 2025 =====
--------------------------------------------------------------------------------
JOB INFORMATION 
--------------------------------------------------------------------------------
JobId=4751612 ArrayJobId=4751612 ArrayTaskId=4 JobName=experiment_sim
   UserId=tbr0780(3229) GroupId=tbr0780(4023) MCS_label=N/A
   Priority=48203 Nice=0 Account=p32397 QOS=normal
   JobState=RUNNING Reason=None Dependency=(null)
   Requeue=0 Restarts=0 BatchFlag=1 Reboot=0 ExitCode=0:0
   RunTime=00:02:32 TimeLimit=02:00:00 TimeMin=N/A
   SubmitTime=2025-05-29T18:01:43 EligibleTime=2025-05-29T18:01:45
   AccrueTime=2025-05-29T18:01:45
   StartTime=2025-05-29T18:01:57 EndTime=2025-05-29T20:01:57 Deadline=N/A
   SuspendTime=None SecsPreSuspend=0 LastSchedEval=2025-05-29T18:01:57 Scheduler=Main
   Partition=short AllocNode:Sid=quser42:3615058
   ReqNodeList=(null) ExcNodeList=(null)
   NodeList=qnode1132
   BatchHost=qnode1132
   NumNodes=1 NumCPUs=64 NumTasks=64 CPUs/Task=1 ReqB:S:C:T=0:0:*:*
   ReqTRES=cpu=64,mem=32000M,node=1,billing=288
   AllocTRES=cpu=64,mem=32000M,node=1,billing=288
   Socks/Node=* NtasksPerN:B:S:C=64:0:*:* CoreSpec=*
   MinCPUsNode=64 MinMemoryCPU=500M MinTmpDiskNode=0
   Features=[quest10|quest11|quest12|quest13] DelayBoot=00:00:00
   OverSubscribe=OK Contiguous=0 Licenses=(null) Network=(null)
   Command=/gpfs/home/tbr0780/Dissertation/Integrated_Likelihood_Algorithm/Polytomous_Logistic_Regression/scripts/job_submit.sh
   WorkDir=/gpfs/home/tbr0780/Dissertation/Integrated_Likelihood_Algorithm/Polytomous_Logistic_Regression
   StdErr=/dev/null
   StdIn=/dev/null
   StdOut=/dev/null
   MailUser=timothyruel2024@u.northwestern.edu MailType=INVALID_DEPEND,BEGIN,END,FAIL,REQUEUE,STAGE_OUT
   

JobId=4751616 ArrayJobId=4751612 ArrayTaskId=3 JobName=experiment_sim
   UserId=tbr0780(3229) GroupId=tbr0780(4023) MCS_label=N/A
   Priority=48203 Nice=0 Account=p32397 QOS=normal
   JobState=RUNNING Reason=None Dependency=(null)
   Requeue=0 Restarts=0 BatchFlag=1 Reboot=0 ExitCode=0:0
   RunTime=00:02:32 TimeLimit=02:00:00 TimeMin=N/A
   SubmitTime=2025-05-29T18:01:43 EligibleTime=2025-05-29T18:01:45
   AccrueTime=2025-05-29T18:01:45
   StartTime=2025-05-29T18:01:57 EndTime=2025-05-29T20:01:57 Deadline=N/A
   SuspendTime=None SecsPreSuspend=0 LastSchedEval=2025-05-29T18:01:57 Scheduler=Main
   Partition=short AllocNode:Sid=quser42:3615058
   ReqNodeList=(null) ExcNodeList=(null)
   NodeList=qnode1127
   BatchHost=qnode1127
   NumNodes=1 NumCPUs=64 NumTasks=64 CPUs/Task=1 ReqB:S:C:T=0:0:*:*
   ReqTRES=cpu=64,mem=32000M,node=1,billing=288
   AllocTRES=cpu=64,mem=32000M,node=1,billing=288
   Socks/Node=* NtasksPerN:B:S:C=64:0:*:* CoreSpec=*
   MinCPUsNode=64 MinMemoryCPU=500M MinTmpDiskNode=0
   Features=[quest10|quest11|quest12|quest13] DelayBoot=00:00:00
   OverSubscribe=OK Contiguous=0 Licenses=(null) Network=(null)
   Command=/gpfs/home/tbr0780/Dissertation/Integrated_Likelihood_Algorithm/Polytomous_Logistic_Regression/scripts/job_submit.sh
   WorkDir=/gpfs/home/tbr0780/Dissertation/Integrated_Likelihood_Algorithm/Polytomous_Logistic_Regression
   StdErr=/dev/null
   StdIn=/dev/null
   StdOut=/dev/null
   MailUser=timothyruel2024@u.northwestern.edu MailType=INVALID_DEPEND,BEGIN,END,FAIL,REQUEUE,STAGE_OUT
   

JobId=4751615 ArrayJobId=4751612 ArrayTaskId=2 JobName=experiment_sim
   UserId=tbr0780(3229) GroupId=tbr0780(4023) MCS_label=N/A
   Priority=48203 Nice=0 Account=p32397 QOS=normal
   JobState=RUNNING Reason=None Dependency=(null)
   Requeue=0 Restarts=0 BatchFlag=1 Reboot=0 ExitCode=0:0
   RunTime=00:02:32 TimeLimit=02:00:00 TimeMin=N/A
   SubmitTime=2025-05-29T18:01:43 EligibleTime=2025-05-29T18:01:45
   AccrueTime=2025-05-29T18:01:45
   StartTime=2025-05-29T18:01:57 EndTime=2025-05-29T20:01:57 Deadline=N/A
   SuspendTime=None SecsPreSuspend=0 LastSchedEval=2025-05-29T18:01:57 Scheduler=Main
   Partition=short AllocNode:Sid=quser42:3615058
   ReqNodeList=(null) ExcNodeList=(null)
   NodeList=qnode1105
   BatchHost=qnode1105
   NumNodes=1 NumCPUs=64 NumTasks=64 CPUs/Task=1 ReqB:S:C:T=0:0:*:*
   ReqTRES=cpu=64,mem=32000M,node=1,billing=288
   AllocTRES=cpu=64,mem=32000M,node=1,billing=288
   Socks/Node=* NtasksPerN:B:S:C=64:0:*:* CoreSpec=*
   MinCPUsNode=64 MinMemoryCPU=500M MinTmpDiskNode=0
   Features=[quest10|quest11|quest12|quest13] DelayBoot=00:00:00
   OverSubscribe=OK Contiguous=0 Licenses=(null) Network=(null)
   Command=/gpfs/home/tbr0780/Dissertation/Integrated_Likelihood_Algorithm/Polytomous_Logistic_Regression/scripts/job_submit.sh
   WorkDir=/gpfs/home/tbr0780/Dissertation/Integrated_Likelihood_Algorithm/Polytomous_Logistic_Regression
   StdErr=/dev/null
   StdIn=/dev/null
   StdOut=/dev/null
   MailUser=timothyruel2024@u.northwestern.edu MailType=INVALID_DEPEND,BEGIN,END,FAIL,REQUEUE,STAGE_OUT
   

JobId=4751614 ArrayJobId=4751612 ArrayTaskId=1 JobName=experiment_sim
   UserId=tbr0780(3229) GroupId=tbr0780(4023) MCS_label=N/A
   Priority=48203 Nice=0 Account=p32397 QOS=normal
   JobState=RUNNING Reason=None Dependency=(null)
   Requeue=0 Restarts=0 BatchFlag=1 Reboot=0 ExitCode=0:0
   RunTime=00:02:32 TimeLimit=02:00:00 TimeMin=N/A
   SubmitTime=2025-05-29T18:01:43 EligibleTime=2025-05-29T18:01:45
   AccrueTime=2025-05-29T18:01:45
   StartTime=2025-05-29T18:01:57 EndTime=2025-05-29T20:01:57 Deadline=N/A
   SuspendTime=None SecsPreSuspend=0 LastSchedEval=2025-05-29T18:01:57 Scheduler=Main
   Partition=short AllocNode:Sid=quser42:3615058
   ReqNodeList=(null) ExcNodeList=(null)
   NodeList=qnode1032
   BatchHost=qnode1032
   NumNodes=1 NumCPUs=64 NumTasks=64 CPUs/Task=1 ReqB:S:C:T=0:0:*:*
   ReqTRES=cpu=64,mem=32000M,node=1,billing=288
   AllocTRES=cpu=64,mem=32000M,node=1,billing=288
   Socks/Node=* NtasksPerN:B:S:C=64:0:*:* CoreSpec=*
   MinCPUsNode=64 MinMemoryCPU=500M MinTmpDiskNode=0
   Features=[quest10|quest11|quest12|quest13] DelayBoot=00:00:00
   OverSubscribe=OK Contiguous=0 Licenses=(null) Network=(null)
   Command=/gpfs/home/tbr0780/Dissertation/Integrated_Likelihood_Algorithm/Polytomous_Logistic_Regression/scripts/job_submit.sh
   WorkDir=/gpfs/home/tbr0780/Dissertation/Integrated_Likelihood_Algorithm/Polytomous_Logistic_Regression
   StdErr=/dev/null
   StdIn=/dev/null
   StdOut=/dev/null
   MailUser=timothyruel2024@u.northwestern.edu MailType=INVALID_DEPEND,BEGIN,END,FAIL,REQUEUE,STAGE_OUT
   

JobId=4751613 ArrayJobId=4751612 ArrayTaskId=0 JobName=experiment_sim
   UserId=tbr0780(3229) GroupId=tbr0780(4023) MCS_label=N/A
   Priority=48203 Nice=0 Account=p32397 QOS=normal
   JobState=RUNNING Reason=None Dependency=(null)
   Requeue=0 Restarts=0 BatchFlag=1 Reboot=0 ExitCode=0:0
   RunTime=00:02:32 TimeLimit=02:00:00 TimeMin=N/A
   SubmitTime=2025-05-29T18:01:43 EligibleTime=2025-05-29T18:01:45
   AccrueTime=2025-05-29T18:01:45
   StartTime=2025-05-29T18:01:57 EndTime=2025-05-29T20:01:57 Deadline=N/A
   SuspendTime=None SecsPreSuspend=0 LastSchedEval=2025-05-29T18:01:57 Scheduler=Main
   Partition=short AllocNode:Sid=quser42:3615058
   ReqNodeList=(null) ExcNodeList=(null)
   NodeList=qnode1029
   BatchHost=qnode1029
   NumNodes=1 NumCPUs=64 NumTasks=64 CPUs/Task=1 ReqB:S:C:T=0:0:*:*
   ReqTRES=cpu=64,mem=32000M,node=1,billing=288
   AllocTRES=cpu=64,mem=32000M,node=1,billing=288
   Socks/Node=* NtasksPerN:B:S:C=64:0:*:* CoreSpec=*
   MinCPUsNode=64 MinMemoryCPU=500M MinTmpDiskNode=0
   Features=[quest10|quest11|quest12|quest13] DelayBoot=00:00:00
   OverSubscribe=OK Contiguous=0 Licenses=(null) Network=(null)
   Command=/gpfs/home/tbr0780/Dissertation/Integrated_Likelihood_Algorithm/Polytomous_Logistic_Regression/scripts/job_submit.sh
   WorkDir=/gpfs/home/tbr0780/Dissertation/Integrated_Likelihood_Algorithm/Polytomous_Logistic_Regression
   StdErr=/dev/null
   StdIn=/dev/null
   StdOut=/dev/null
   MailUser=timothyruel2024@u.northwestern.edu MailType=INVALID_DEPEND,BEGIN,END,FAIL,REQUEUE,STAGE_OUT
   
--------------------------------------------------------------------------------
JOB EFFICIENCY 
--------------------------------------------------------------------------------
Job efficiency will be calculated after the job has completed.
===== checkjob (interval) at Thu May 29 18:05:00 CDT 2025 =====
--------------------------------------------------------------------------------
JOB INFORMATION 
--------------------------------------------------------------------------------
JobId=4751612 ArrayJobId=4751612 ArrayTaskId=4 JobName=experiment_sim
   UserId=tbr0780(3229) GroupId=tbr0780(4023) MCS_label=N/A
   Priority=48203 Nice=0 Account=p32397 QOS=normal
   JobState=RUNNING Reason=None Dependency=(null)
   Requeue=0 Restarts=0 BatchFlag=1 Reboot=0 ExitCode=0:0
   RunTime=00:03:03 TimeLimit=02:00:00 TimeMin=N/A
   SubmitTime=2025-05-29T18:01:43 EligibleTime=2025-05-29T18:01:45
   AccrueTime=2025-05-29T18:01:45
   StartTime=2025-05-29T18:01:57 EndTime=2025-05-29T20:01:57 Deadline=N/A
   SuspendTime=None SecsPreSuspend=0 LastSchedEval=2025-05-29T18:01:57 Scheduler=Main
   Partition=short AllocNode:Sid=quser42:3615058
   ReqNodeList=(null) ExcNodeList=(null)
   NodeList=qnode1132
   BatchHost=qnode1132
   NumNodes=1 NumCPUs=64 NumTasks=64 CPUs/Task=1 ReqB:S:C:T=0:0:*:*
   ReqTRES=cpu=64,mem=32000M,node=1,billing=288
   AllocTRES=cpu=64,mem=32000M,node=1,billing=288
   Socks/Node=* NtasksPerN:B:S:C=64:0:*:* CoreSpec=*
   MinCPUsNode=64 MinMemoryCPU=500M MinTmpDiskNode=0
   Features=[quest10|quest11|quest12|quest13] DelayBoot=00:00:00
   OverSubscribe=OK Contiguous=0 Licenses=(null) Network=(null)
   Command=/gpfs/home/tbr0780/Dissertation/Integrated_Likelihood_Algorithm/Polytomous_Logistic_Regression/scripts/job_submit.sh
   WorkDir=/gpfs/home/tbr0780/Dissertation/Integrated_Likelihood_Algorithm/Polytomous_Logistic_Regression
   StdErr=/dev/null
   StdIn=/dev/null
   StdOut=/dev/null
   MailUser=timothyruel2024@u.northwestern.edu MailType=INVALID_DEPEND,BEGIN,END,FAIL,REQUEUE,STAGE_OUT
   

JobId=4751616 ArrayJobId=4751612 ArrayTaskId=3 JobName=experiment_sim
   UserId=tbr0780(3229) GroupId=tbr0780(4023) MCS_label=N/A
   Priority=48203 Nice=0 Account=p32397 QOS=normal
   JobState=RUNNING Reason=None Dependency=(null)
   Requeue=0 Restarts=0 BatchFlag=1 Reboot=0 ExitCode=0:0
   RunTime=00:03:03 TimeLimit=02:00:00 TimeMin=N/A
   SubmitTime=2025-05-29T18:01:43 EligibleTime=2025-05-29T18:01:45
   AccrueTime=2025-05-29T18:01:45
   StartTime=2025-05-29T18:01:57 EndTime=2025-05-29T20:01:57 Deadline=N/A
   SuspendTime=None SecsPreSuspend=0 LastSchedEval=2025-05-29T18:01:57 Scheduler=Main
   Partition=short AllocNode:Sid=quser42:3615058
   ReqNodeList=(null) ExcNodeList=(null)
   NodeList=qnode1127
   BatchHost=qnode1127
   NumNodes=1 NumCPUs=64 NumTasks=64 CPUs/Task=1 ReqB:S:C:T=0:0:*:*
   ReqTRES=cpu=64,mem=32000M,node=1,billing=288
   AllocTRES=cpu=64,mem=32000M,node=1,billing=288
   Socks/Node=* NtasksPerN:B:S:C=64:0:*:* CoreSpec=*
   MinCPUsNode=64 MinMemoryCPU=500M MinTmpDiskNode=0
   Features=[quest10|quest11|quest12|quest13] DelayBoot=00:00:00
   OverSubscribe=OK Contiguous=0 Licenses=(null) Network=(null)
   Command=/gpfs/home/tbr0780/Dissertation/Integrated_Likelihood_Algorithm/Polytomous_Logistic_Regression/scripts/job_submit.sh
   WorkDir=/gpfs/home/tbr0780/Dissertation/Integrated_Likelihood_Algorithm/Polytomous_Logistic_Regression
   StdErr=/dev/null
   StdIn=/dev/null
   StdOut=/dev/null
   MailUser=timothyruel2024@u.northwestern.edu MailType=INVALID_DEPEND,BEGIN,END,FAIL,REQUEUE,STAGE_OUT
   

JobId=4751615 ArrayJobId=4751612 ArrayTaskId=2 JobName=experiment_sim
   UserId=tbr0780(3229) GroupId=tbr0780(4023) MCS_label=N/A
   Priority=48203 Nice=0 Account=p32397 QOS=normal
   JobState=RUNNING Reason=None Dependency=(null)
   Requeue=0 Restarts=0 BatchFlag=1 Reboot=0 ExitCode=0:0
   RunTime=00:03:03 TimeLimit=02:00:00 TimeMin=N/A
   SubmitTime=2025-05-29T18:01:43 EligibleTime=2025-05-29T18:01:45
   AccrueTime=2025-05-29T18:01:45
   StartTime=2025-05-29T18:01:57 EndTime=2025-05-29T20:01:57 Deadline=N/A
   SuspendTime=None SecsPreSuspend=0 LastSchedEval=2025-05-29T18:01:57 Scheduler=Main
   Partition=short AllocNode:Sid=quser42:3615058
   ReqNodeList=(null) ExcNodeList=(null)
   NodeList=qnode1105
   BatchHost=qnode1105
   NumNodes=1 NumCPUs=64 NumTasks=64 CPUs/Task=1 ReqB:S:C:T=0:0:*:*
   ReqTRES=cpu=64,mem=32000M,node=1,billing=288
   AllocTRES=cpu=64,mem=32000M,node=1,billing=288
   Socks/Node=* NtasksPerN:B:S:C=64:0:*:* CoreSpec=*
   MinCPUsNode=64 MinMemoryCPU=500M MinTmpDiskNode=0
   Features=[quest10|quest11|quest12|quest13] DelayBoot=00:00:00
   OverSubscribe=OK Contiguous=0 Licenses=(null) Network=(null)
   Command=/gpfs/home/tbr0780/Dissertation/Integrated_Likelihood_Algorithm/Polytomous_Logistic_Regression/scripts/job_submit.sh
   WorkDir=/gpfs/home/tbr0780/Dissertation/Integrated_Likelihood_Algorithm/Polytomous_Logistic_Regression
   StdErr=/dev/null
   StdIn=/dev/null
   StdOut=/dev/null
   MailUser=timothyruel2024@u.northwestern.edu MailType=INVALID_DEPEND,BEGIN,END,FAIL,REQUEUE,STAGE_OUT
   

JobId=4751614 ArrayJobId=4751612 ArrayTaskId=1 JobName=experiment_sim
   UserId=tbr0780(3229) GroupId=tbr0780(4023) MCS_label=N/A
   Priority=48203 Nice=0 Account=p32397 QOS=normal
   JobState=RUNNING Reason=None Dependency=(null)
   Requeue=0 Restarts=0 BatchFlag=1 Reboot=0 ExitCode=0:0
   RunTime=00:03:03 TimeLimit=02:00:00 TimeMin=N/A
   SubmitTime=2025-05-29T18:01:43 EligibleTime=2025-05-29T18:01:45
   AccrueTime=2025-05-29T18:01:45
   StartTime=2025-05-29T18:01:57 EndTime=2025-05-29T20:01:57 Deadline=N/A
   SuspendTime=None SecsPreSuspend=0 LastSchedEval=2025-05-29T18:01:57 Scheduler=Main
   Partition=short AllocNode:Sid=quser42:3615058
   ReqNodeList=(null) ExcNodeList=(null)
   NodeList=qnode1032
   BatchHost=qnode1032
   NumNodes=1 NumCPUs=64 NumTasks=64 CPUs/Task=1 ReqB:S:C:T=0:0:*:*
   ReqTRES=cpu=64,mem=32000M,node=1,billing=288
   AllocTRES=cpu=64,mem=32000M,node=1,billing=288
   Socks/Node=* NtasksPerN:B:S:C=64:0:*:* CoreSpec=*
   MinCPUsNode=64 MinMemoryCPU=500M MinTmpDiskNode=0
   Features=[quest10|quest11|quest12|quest13] DelayBoot=00:00:00
   OverSubscribe=OK Contiguous=0 Licenses=(null) Network=(null)
   Command=/gpfs/home/tbr0780/Dissertation/Integrated_Likelihood_Algorithm/Polytomous_Logistic_Regression/scripts/job_submit.sh
   WorkDir=/gpfs/home/tbr0780/Dissertation/Integrated_Likelihood_Algorithm/Polytomous_Logistic_Regression
   StdErr=/dev/null
   StdIn=/dev/null
   StdOut=/dev/null
   MailUser=timothyruel2024@u.northwestern.edu MailType=INVALID_DEPEND,BEGIN,END,FAIL,REQUEUE,STAGE_OUT
   

JobId=4751613 ArrayJobId=4751612 ArrayTaskId=0 JobName=experiment_sim
   UserId=tbr0780(3229) GroupId=tbr0780(4023) MCS_label=N/A
   Priority=48203 Nice=0 Account=p32397 QOS=normal
   JobState=RUNNING Reason=None Dependency=(null)
   Requeue=0 Restarts=0 BatchFlag=1 Reboot=0 ExitCode=0:0
   RunTime=00:03:03 TimeLimit=02:00:00 TimeMin=N/A
   SubmitTime=2025-05-29T18:01:43 EligibleTime=2025-05-29T18:01:45
   AccrueTime=2025-05-29T18:01:45
   StartTime=2025-05-29T18:01:57 EndTime=2025-05-29T20:01:57 Deadline=N/A
   SuspendTime=None SecsPreSuspend=0 LastSchedEval=2025-05-29T18:01:57 Scheduler=Main
   Partition=short AllocNode:Sid=quser42:3615058
   ReqNodeList=(null) ExcNodeList=(null)
   NodeList=qnode1029
   BatchHost=qnode1029
   NumNodes=1 NumCPUs=64 NumTasks=64 CPUs/Task=1 ReqB:S:C:T=0:0:*:*
   ReqTRES=cpu=64,mem=32000M,node=1,billing=288
   AllocTRES=cpu=64,mem=32000M,node=1,billing=288
   Socks/Node=* NtasksPerN:B:S:C=64:0:*:* CoreSpec=*
   MinCPUsNode=64 MinMemoryCPU=500M MinTmpDiskNode=0
   Features=[quest10|quest11|quest12|quest13] DelayBoot=00:00:00
   OverSubscribe=OK Contiguous=0 Licenses=(null) Network=(null)
   Command=/gpfs/home/tbr0780/Dissertation/Integrated_Likelihood_Algorithm/Polytomous_Logistic_Regression/scripts/job_submit.sh
   WorkDir=/gpfs/home/tbr0780/Dissertation/Integrated_Likelihood_Algorithm/Polytomous_Logistic_Regression
   StdErr=/dev/null
   StdIn=/dev/null
   StdOut=/dev/null
   MailUser=timothyruel2024@u.northwestern.edu MailType=INVALID_DEPEND,BEGIN,END,FAIL,REQUEUE,STAGE_OUT
   
--------------------------------------------------------------------------------
JOB EFFICIENCY 
--------------------------------------------------------------------------------
Job efficiency will be calculated after the job has completed.
===== checkjob (interval) at Thu May 29 18:05:31 CDT 2025 =====
--------------------------------------------------------------------------------
JOB INFORMATION 
--------------------------------------------------------------------------------
JobId=4751612 ArrayJobId=4751612 ArrayTaskId=4 JobName=experiment_sim
   UserId=tbr0780(3229) GroupId=tbr0780(4023) MCS_label=N/A
   Priority=48203 Nice=0 Account=p32397 QOS=normal
   JobState=RUNNING Reason=None Dependency=(null)
   Requeue=0 Restarts=0 BatchFlag=1 Reboot=0 ExitCode=0:0
   RunTime=00:03:36 TimeLimit=02:00:00 TimeMin=N/A
   SubmitTime=2025-05-29T18:01:43 EligibleTime=2025-05-29T18:01:45
   AccrueTime=2025-05-29T18:01:45
   StartTime=2025-05-29T18:01:57 EndTime=2025-05-29T20:01:57 Deadline=N/A
   SuspendTime=None SecsPreSuspend=0 LastSchedEval=2025-05-29T18:01:57 Scheduler=Main
   Partition=short AllocNode:Sid=quser42:3615058
   ReqNodeList=(null) ExcNodeList=(null)
   NodeList=qnode1132
   BatchHost=qnode1132
   NumNodes=1 NumCPUs=64 NumTasks=64 CPUs/Task=1 ReqB:S:C:T=0:0:*:*
   ReqTRES=cpu=64,mem=32000M,node=1,billing=288
   AllocTRES=cpu=64,mem=32000M,node=1,billing=288
   Socks/Node=* NtasksPerN:B:S:C=64:0:*:* CoreSpec=*
   MinCPUsNode=64 MinMemoryCPU=500M MinTmpDiskNode=0
   Features=[quest10|quest11|quest12|quest13] DelayBoot=00:00:00
   OverSubscribe=OK Contiguous=0 Licenses=(null) Network=(null)
   Command=/gpfs/home/tbr0780/Dissertation/Integrated_Likelihood_Algorithm/Polytomous_Logistic_Regression/scripts/job_submit.sh
   WorkDir=/gpfs/home/tbr0780/Dissertation/Integrated_Likelihood_Algorithm/Polytomous_Logistic_Regression
   StdErr=/dev/null
   StdIn=/dev/null
   StdOut=/dev/null
   MailUser=timothyruel2024@u.northwestern.edu MailType=INVALID_DEPEND,BEGIN,END,FAIL,REQUEUE,STAGE_OUT
   

JobId=4751616 ArrayJobId=4751612 ArrayTaskId=3 JobName=experiment_sim
   UserId=tbr0780(3229) GroupId=tbr0780(4023) MCS_label=N/A
   Priority=48203 Nice=0 Account=p32397 QOS=normal
   JobState=RUNNING Reason=None Dependency=(null)
   Requeue=0 Restarts=0 BatchFlag=1 Reboot=0 ExitCode=0:0
   RunTime=00:03:36 TimeLimit=02:00:00 TimeMin=N/A
   SubmitTime=2025-05-29T18:01:43 EligibleTime=2025-05-29T18:01:45
   AccrueTime=2025-05-29T18:01:45
   StartTime=2025-05-29T18:01:57 EndTime=2025-05-29T20:01:57 Deadline=N/A
   SuspendTime=None SecsPreSuspend=0 LastSchedEval=2025-05-29T18:01:57 Scheduler=Main
   Partition=short AllocNode:Sid=quser42:3615058
   ReqNodeList=(null) ExcNodeList=(null)
   NodeList=qnode1127
   BatchHost=qnode1127
   NumNodes=1 NumCPUs=64 NumTasks=64 CPUs/Task=1 ReqB:S:C:T=0:0:*:*
   ReqTRES=cpu=64,mem=32000M,node=1,billing=288
   AllocTRES=cpu=64,mem=32000M,node=1,billing=288
   Socks/Node=* NtasksPerN:B:S:C=64:0:*:* CoreSpec=*
   MinCPUsNode=64 MinMemoryCPU=500M MinTmpDiskNode=0
   Features=[quest10|quest11|quest12|quest13] DelayBoot=00:00:00
   OverSubscribe=OK Contiguous=0 Licenses=(null) Network=(null)
   Command=/gpfs/home/tbr0780/Dissertation/Integrated_Likelihood_Algorithm/Polytomous_Logistic_Regression/scripts/job_submit.sh
   WorkDir=/gpfs/home/tbr0780/Dissertation/Integrated_Likelihood_Algorithm/Polytomous_Logistic_Regression
   StdErr=/dev/null
   StdIn=/dev/null
   StdOut=/dev/null
   MailUser=timothyruel2024@u.northwestern.edu MailType=INVALID_DEPEND,BEGIN,END,FAIL,REQUEUE,STAGE_OUT
   

JobId=4751615 ArrayJobId=4751612 ArrayTaskId=2 JobName=experiment_sim
   UserId=tbr0780(3229) GroupId=tbr0780(4023) MCS_label=N/A
   Priority=48203 Nice=0 Account=p32397 QOS=normal
   JobState=COMPLETED Reason=None Dependency=(null)
   Requeue=0 Restarts=0 BatchFlag=1 Reboot=0 ExitCode=0:0
   RunTime=00:03:25 TimeLimit=02:00:00 TimeMin=N/A
   SubmitTime=2025-05-29T18:01:43 EligibleTime=2025-05-29T18:01:45
   AccrueTime=2025-05-29T18:01:45
   StartTime=2025-05-29T18:01:57 EndTime=2025-05-29T18:05:22 Deadline=N/A
   SuspendTime=None SecsPreSuspend=0 LastSchedEval=2025-05-29T18:01:57 Scheduler=Main
   Partition=short AllocNode:Sid=quser42:3615058
   ReqNodeList=(null) ExcNodeList=(null)
   NodeList=qnode1105
   BatchHost=qnode1105
   NumNodes=1 NumCPUs=64 NumTasks=64 CPUs/Task=1 ReqB:S:C:T=0:0:*:*
   ReqTRES=cpu=64,mem=32000M,node=1,billing=288
   AllocTRES=cpu=64,mem=32000M,node=1,billing=288
   Socks/Node=* NtasksPerN:B:S:C=64:0:*:* CoreSpec=*
   MinCPUsNode=64 MinMemoryCPU=500M MinTmpDiskNode=0
   Features=[quest10|quest11|quest12|quest13] DelayBoot=00:00:00
   OverSubscribe=OK Contiguous=0 Licenses=(null) Network=(null)
   Command=/gpfs/home/tbr0780/Dissertation/Integrated_Likelihood_Algorithm/Polytomous_Logistic_Regression/scripts/job_submit.sh
   WorkDir=/gpfs/home/tbr0780/Dissertation/Integrated_Likelihood_Algorithm/Polytomous_Logistic_Regression
   StdErr=/dev/null
   StdIn=/dev/null
   StdOut=/dev/null
   MailUser=timothyruel2024@u.northwestern.edu MailType=INVALID_DEPEND,BEGIN,END,FAIL,REQUEUE,STAGE_OUT
   

JobId=4751614 ArrayJobId=4751612 ArrayTaskId=1 JobName=experiment_sim
   UserId=tbr0780(3229) GroupId=tbr0780(4023) MCS_label=N/A
   Priority=48203 Nice=0 Account=p32397 QOS=normal
   JobState=RUNNING Reason=None Dependency=(null)
   Requeue=0 Restarts=0 BatchFlag=1 Reboot=0 ExitCode=0:0
   RunTime=00:03:36 TimeLimit=02:00:00 TimeMin=N/A
   SubmitTime=2025-05-29T18:01:43 EligibleTime=2025-05-29T18:01:45
   AccrueTime=2025-05-29T18:01:45
   StartTime=2025-05-29T18:01:57 EndTime=2025-05-29T20:01:57 Deadline=N/A
   SuspendTime=None SecsPreSuspend=0 LastSchedEval=2025-05-29T18:01:57 Scheduler=Main
   Partition=short AllocNode:Sid=quser42:3615058
   ReqNodeList=(null) ExcNodeList=(null)
   NodeList=qnode1032
   BatchHost=qnode1032
   NumNodes=1 NumCPUs=64 NumTasks=64 CPUs/Task=1 ReqB:S:C:T=0:0:*:*
   ReqTRES=cpu=64,mem=32000M,node=1,billing=288
   AllocTRES=cpu=64,mem=32000M,node=1,billing=288
   Socks/Node=* NtasksPerN:B:S:C=64:0:*:* CoreSpec=*
   MinCPUsNode=64 MinMemoryCPU=500M MinTmpDiskNode=0
   Features=[quest10|quest11|quest12|quest13] DelayBoot=00:00:00
   OverSubscribe=OK Contiguous=0 Licenses=(null) Network=(null)
   Command=/gpfs/home/tbr0780/Dissertation/Integrated_Likelihood_Algorithm/Polytomous_Logistic_Regression/scripts/job_submit.sh
   WorkDir=/gpfs/home/tbr0780/Dissertation/Integrated_Likelihood_Algorithm/Polytomous_Logistic_Regression
   StdErr=/dev/null
   StdIn=/dev/null
   StdOut=/dev/null
   MailUser=timothyruel2024@u.northwestern.edu MailType=INVALID_DEPEND,BEGIN,END,FAIL,REQUEUE,STAGE_OUT
   

JobId=4751613 ArrayJobId=4751612 ArrayTaskId=0 JobName=experiment_sim
   UserId=tbr0780(3229) GroupId=tbr0780(4023) MCS_label=N/A
   Priority=48203 Nice=0 Account=p32397 QOS=normal
   JobState=RUNNING Reason=None Dependency=(null)
   Requeue=0 Restarts=0 BatchFlag=1 Reboot=0 ExitCode=0:0
   RunTime=00:03:36 TimeLimit=02:00:00 TimeMin=N/A
   SubmitTime=2025-05-29T18:01:43 EligibleTime=2025-05-29T18:01:45
   AccrueTime=2025-05-29T18:01:45
   StartTime=2025-05-29T18:01:57 EndTime=2025-05-29T20:01:57 Deadline=N/A
   SuspendTime=None SecsPreSuspend=0 LastSchedEval=2025-05-29T18:01:57 Scheduler=Main
   Partition=short AllocNode:Sid=quser42:3615058
   ReqNodeList=(null) ExcNodeList=(null)
   NodeList=qnode1029
   BatchHost=qnode1029
   NumNodes=1 NumCPUs=64 NumTasks=64 CPUs/Task=1 ReqB:S:C:T=0:0:*:*
   ReqTRES=cpu=64,mem=32000M,node=1,billing=288
   AllocTRES=cpu=64,mem=32000M,node=1,billing=288
   Socks/Node=* NtasksPerN:B:S:C=64:0:*:* CoreSpec=*
   MinCPUsNode=64 MinMemoryCPU=500M MinTmpDiskNode=0
   Features=[quest10|quest11|quest12|quest13] DelayBoot=00:00:00
   OverSubscribe=OK Contiguous=0 Licenses=(null) Network=(null)
   Command=/gpfs/home/tbr0780/Dissertation/Integrated_Likelihood_Algorithm/Polytomous_Logistic_Regression/scripts/job_submit.sh
   WorkDir=/gpfs/home/tbr0780/Dissertation/Integrated_Likelihood_Algorithm/Polytomous_Logistic_Regression
   StdErr=/dev/null
   StdIn=/dev/null
   StdOut=/dev/null
   MailUser=timothyruel2024@u.northwestern.edu MailType=INVALID_DEPEND,BEGIN,END,FAIL,REQUEUE,STAGE_OUT
   
--------------------------------------------------------------------------------
JOB EFFICIENCY 
--------------------------------------------------------------------------------
Job efficiency will be calculated after the job has completed.
===== checkjob (interval) at Thu May 29 18:06:03 CDT 2025 =====
--------------------------------------------------------------------------------
JOB INFORMATION 
--------------------------------------------------------------------------------
JobId=4751612 ArrayJobId=4751612 ArrayTaskId=4 JobName=experiment_sim
   UserId=tbr0780(3229) GroupId=tbr0780(4023) MCS_label=N/A
   Priority=48203 Nice=0 Account=p32397 QOS=normal
   JobState=RUNNING Reason=None Dependency=(null)
   Requeue=0 Restarts=0 BatchFlag=1 Reboot=0 ExitCode=0:0
   RunTime=00:04:07 TimeLimit=02:00:00 TimeMin=N/A
   SubmitTime=2025-05-29T18:01:43 EligibleTime=2025-05-29T18:01:45
   AccrueTime=2025-05-29T18:01:45
   StartTime=2025-05-29T18:01:57 EndTime=2025-05-29T20:01:57 Deadline=N/A
   SuspendTime=None SecsPreSuspend=0 LastSchedEval=2025-05-29T18:01:57 Scheduler=Main
   Partition=short AllocNode:Sid=quser42:3615058
   ReqNodeList=(null) ExcNodeList=(null)
   NodeList=qnode1132
   BatchHost=qnode1132
   NumNodes=1 NumCPUs=64 NumTasks=64 CPUs/Task=1 ReqB:S:C:T=0:0:*:*
   ReqTRES=cpu=64,mem=32000M,node=1,billing=288
   AllocTRES=cpu=64,mem=32000M,node=1,billing=288
   Socks/Node=* NtasksPerN:B:S:C=64:0:*:* CoreSpec=*
   MinCPUsNode=64 MinMemoryCPU=500M MinTmpDiskNode=0
   Features=[quest10|quest11|quest12|quest13] DelayBoot=00:00:00
   OverSubscribe=OK Contiguous=0 Licenses=(null) Network=(null)
   Command=/gpfs/home/tbr0780/Dissertation/Integrated_Likelihood_Algorithm/Polytomous_Logistic_Regression/scripts/job_submit.sh
   WorkDir=/gpfs/home/tbr0780/Dissertation/Integrated_Likelihood_Algorithm/Polytomous_Logistic_Regression
   StdErr=/dev/null
   StdIn=/dev/null
   StdOut=/dev/null
   MailUser=timothyruel2024@u.northwestern.edu MailType=INVALID_DEPEND,BEGIN,END,FAIL,REQUEUE,STAGE_OUT
   

JobId=4751616 ArrayJobId=4751612 ArrayTaskId=3 JobName=experiment_sim
   UserId=tbr0780(3229) GroupId=tbr0780(4023) MCS_label=N/A
   Priority=48203 Nice=0 Account=p32397 QOS=normal
   JobState=RUNNING Reason=None Dependency=(null)
   Requeue=0 Restarts=0 BatchFlag=1 Reboot=0 ExitCode=0:0
   RunTime=00:04:07 TimeLimit=02:00:00 TimeMin=N/A
   SubmitTime=2025-05-29T18:01:43 EligibleTime=2025-05-29T18:01:45
   AccrueTime=2025-05-29T18:01:45
   StartTime=2025-05-29T18:01:57 EndTime=2025-05-29T20:01:57 Deadline=N/A
   SuspendTime=None SecsPreSuspend=0 LastSchedEval=2025-05-29T18:01:57 Scheduler=Main
   Partition=short AllocNode:Sid=quser42:3615058
   ReqNodeList=(null) ExcNodeList=(null)
   NodeList=qnode1127
   BatchHost=qnode1127
   NumNodes=1 NumCPUs=64 NumTasks=64 CPUs/Task=1 ReqB:S:C:T=0:0:*:*
   ReqTRES=cpu=64,mem=32000M,node=1,billing=288
   AllocTRES=cpu=64,mem=32000M,node=1,billing=288
   Socks/Node=* NtasksPerN:B:S:C=64:0:*:* CoreSpec=*
   MinCPUsNode=64 MinMemoryCPU=500M MinTmpDiskNode=0
   Features=[quest10|quest11|quest12|quest13] DelayBoot=00:00:00
   OverSubscribe=OK Contiguous=0 Licenses=(null) Network=(null)
   Command=/gpfs/home/tbr0780/Dissertation/Integrated_Likelihood_Algorithm/Polytomous_Logistic_Regression/scripts/job_submit.sh
   WorkDir=/gpfs/home/tbr0780/Dissertation/Integrated_Likelihood_Algorithm/Polytomous_Logistic_Regression
   StdErr=/dev/null
   StdIn=/dev/null
   StdOut=/dev/null
   MailUser=timothyruel2024@u.northwestern.edu MailType=INVALID_DEPEND,BEGIN,END,FAIL,REQUEUE,STAGE_OUT
   

JobId=4751615 ArrayJobId=4751612 ArrayTaskId=2 JobName=experiment_sim
   UserId=tbr0780(3229) GroupId=tbr0780(4023) MCS_label=N/A
   Priority=48203 Nice=0 Account=p32397 QOS=normal
   JobState=COMPLETED Reason=None Dependency=(null)
   Requeue=0 Restarts=0 BatchFlag=1 Reboot=0 ExitCode=0:0
   RunTime=00:03:25 TimeLimit=02:00:00 TimeMin=N/A
   SubmitTime=2025-05-29T18:01:43 EligibleTime=2025-05-29T18:01:45
   AccrueTime=2025-05-29T18:01:45
   StartTime=2025-05-29T18:01:57 EndTime=2025-05-29T18:05:22 Deadline=N/A
   SuspendTime=None SecsPreSuspend=0 LastSchedEval=2025-05-29T18:01:57 Scheduler=Main
   Partition=short AllocNode:Sid=quser42:3615058
   ReqNodeList=(null) ExcNodeList=(null)
   NodeList=qnode1105
   BatchHost=qnode1105
   NumNodes=1 NumCPUs=64 NumTasks=64 CPUs/Task=1 ReqB:S:C:T=0:0:*:*
   ReqTRES=cpu=64,mem=32000M,node=1,billing=288
   AllocTRES=cpu=64,mem=32000M,node=1,billing=288
   Socks/Node=* NtasksPerN:B:S:C=64:0:*:* CoreSpec=*
   MinCPUsNode=64 MinMemoryCPU=500M MinTmpDiskNode=0
   Features=[quest10|quest11|quest12|quest13] DelayBoot=00:00:00
   OverSubscribe=OK Contiguous=0 Licenses=(null) Network=(null)
   Command=/gpfs/home/tbr0780/Dissertation/Integrated_Likelihood_Algorithm/Polytomous_Logistic_Regression/scripts/job_submit.sh
   WorkDir=/gpfs/home/tbr0780/Dissertation/Integrated_Likelihood_Algorithm/Polytomous_Logistic_Regression
   StdErr=/dev/null
   StdIn=/dev/null
   StdOut=/dev/null
   MailUser=timothyruel2024@u.northwestern.edu MailType=INVALID_DEPEND,BEGIN,END,FAIL,REQUEUE,STAGE_OUT
   

JobId=4751614 ArrayJobId=4751612 ArrayTaskId=1 JobName=experiment_sim
   UserId=tbr0780(3229) GroupId=tbr0780(4023) MCS_label=N/A
   Priority=48203 Nice=0 Account=p32397 QOS=normal
   JobState=RUNNING Reason=None Dependency=(null)
   Requeue=0 Restarts=0 BatchFlag=1 Reboot=0 ExitCode=0:0
   RunTime=00:04:07 TimeLimit=02:00:00 TimeMin=N/A
   SubmitTime=2025-05-29T18:01:43 EligibleTime=2025-05-29T18:01:45
   AccrueTime=2025-05-29T18:01:45
   StartTime=2025-05-29T18:01:57 EndTime=2025-05-29T20:01:57 Deadline=N/A
   SuspendTime=None SecsPreSuspend=0 LastSchedEval=2025-05-29T18:01:57 Scheduler=Main
   Partition=short AllocNode:Sid=quser42:3615058
   ReqNodeList=(null) ExcNodeList=(null)
   NodeList=qnode1032
   BatchHost=qnode1032
   NumNodes=1 NumCPUs=64 NumTasks=64 CPUs/Task=1 ReqB:S:C:T=0:0:*:*
   ReqTRES=cpu=64,mem=32000M,node=1,billing=288
   AllocTRES=cpu=64,mem=32000M,node=1,billing=288
   Socks/Node=* NtasksPerN:B:S:C=64:0:*:* CoreSpec=*
   MinCPUsNode=64 MinMemoryCPU=500M MinTmpDiskNode=0
   Features=[quest10|quest11|quest12|quest13] DelayBoot=00:00:00
   OverSubscribe=OK Contiguous=0 Licenses=(null) Network=(null)
   Command=/gpfs/home/tbr0780/Dissertation/Integrated_Likelihood_Algorithm/Polytomous_Logistic_Regression/scripts/job_submit.sh
   WorkDir=/gpfs/home/tbr0780/Dissertation/Integrated_Likelihood_Algorithm/Polytomous_Logistic_Regression
   StdErr=/dev/null
   StdIn=/dev/null
   StdOut=/dev/null
   MailUser=timothyruel2024@u.northwestern.edu MailType=INVALID_DEPEND,BEGIN,END,FAIL,REQUEUE,STAGE_OUT
   

JobId=4751613 ArrayJobId=4751612 ArrayTaskId=0 JobName=experiment_sim
   UserId=tbr0780(3229) GroupId=tbr0780(4023) MCS_label=N/A
   Priority=48203 Nice=0 Account=p32397 QOS=normal
   JobState=RUNNING Reason=None Dependency=(null)
   Requeue=0 Restarts=0 BatchFlag=1 Reboot=0 ExitCode=0:0
   RunTime=00:04:07 TimeLimit=02:00:00 TimeMin=N/A
   SubmitTime=2025-05-29T18:01:43 EligibleTime=2025-05-29T18:01:45
   AccrueTime=2025-05-29T18:01:45
   StartTime=2025-05-29T18:01:57 EndTime=2025-05-29T20:01:57 Deadline=N/A
   SuspendTime=None SecsPreSuspend=0 LastSchedEval=2025-05-29T18:01:57 Scheduler=Main
   Partition=short AllocNode:Sid=quser42:3615058
   ReqNodeList=(null) ExcNodeList=(null)
   NodeList=qnode1029
   BatchHost=qnode1029
   NumNodes=1 NumCPUs=64 NumTasks=64 CPUs/Task=1 ReqB:S:C:T=0:0:*:*
   ReqTRES=cpu=64,mem=32000M,node=1,billing=288
   AllocTRES=cpu=64,mem=32000M,node=1,billing=288
   Socks/Node=* NtasksPerN:B:S:C=64:0:*:* CoreSpec=*
   MinCPUsNode=64 MinMemoryCPU=500M MinTmpDiskNode=0
   Features=[quest10|quest11|quest12|quest13] DelayBoot=00:00:00
   OverSubscribe=OK Contiguous=0 Licenses=(null) Network=(null)
   Command=/gpfs/home/tbr0780/Dissertation/Integrated_Likelihood_Algorithm/Polytomous_Logistic_Regression/scripts/job_submit.sh
   WorkDir=/gpfs/home/tbr0780/Dissertation/Integrated_Likelihood_Algorithm/Polytomous_Logistic_Regression
   StdErr=/dev/null
   StdIn=/dev/null
   StdOut=/dev/null
   MailUser=timothyruel2024@u.northwestern.edu MailType=INVALID_DEPEND,BEGIN,END,FAIL,REQUEUE,STAGE_OUT
   
--------------------------------------------------------------------------------
JOB EFFICIENCY 
--------------------------------------------------------------------------------
Job efficiency will be calculated after the job has completed.
