📌 Logging to experiments/exp_v1.0.6/simulations/sim_01/iter_0664/logs/slurm_log.out
🔁 Running Iteration 664 of Simulation 1 in Experiment v1.0.6 with 64 cores...
here() starts at /gpfs/home/tbr0780/Dissertation
[INFO] True parameters already exist — skipping generation.
[INFO] Loading Beta_0 from /experiments/exp_v1.0.6/true_params
[INFO] Generating new data for run: iter_0664
[INFO] Saved config snapshot to /experiments/exp_v1.0.6/simulations/sim_01/iter_0664
Running experiment...
✓ Experiment results saved to /experiments/exp_v1.0.6/simulations/sim_01/iter_0664/results
✓ Run completed
===== FINAL SEFF OUTPUT for Job 5522294 =====
(Logged at Thu Jun 12 22:29:30 CDT 2025)
Job ID: 5522294
Array Job ID: 5519625_663
Cluster: quest
User/Group: tbr0780/tbr0780
State: RUNNING
Nodes: 1
Cores per node: 64
CPU Utilized: 00:00:00
CPU Efficiency: 0.00% of 23:05:36 core-walltime
Job Wall-clock time: 00:21:39
Memory Utilized: 0.00 MB (estimated maximum)
Memory Efficiency: 0.00% of 31.25 GB (500.00 MB/core)
WARNING: Efficiency statistics may be misleading for RUNNING jobs.
===== FINAL CHECKJOB OUTPUT for Job 5522294 =====
(Logged at Thu Jun 12 22:29:32 CDT 2025)
--------------------------------------------------------------------------------
JOB INFORMATION 
--------------------------------------------------------------------------------
JobId=5522294 ArrayJobId=5519625 ArrayTaskId=663 JobName=experiment_sim
   UserId=tbr0780(3229) GroupId=tbr0780(4023) MCS_label=N/A
   Priority=20582 Nice=0 Account=p32397 QOS=normal
   JobState=RUNNING Reason=None Dependency=(null)
   Requeue=0 Restarts=0 BatchFlag=1 Reboot=0 ExitCode=0:0
   RunTime=00:21:39 TimeLimit=02:00:00 TimeMin=N/A
   SubmitTime=2025-06-12T19:56:30 EligibleTime=2025-06-12T19:56:31
   AccrueTime=2025-06-12T19:56:31
   StartTime=2025-06-12T22:07:53 EndTime=2025-06-13T00:07:53 Deadline=N/A
   SuspendTime=None SecsPreSuspend=0 LastSchedEval=2025-06-12T22:07:53 Scheduler=Main
   Partition=short AllocNode:Sid=quser43:3646922
   ReqNodeList=(null) ExcNodeList=(null)
   NodeList=qnode3015
   BatchHost=qnode3015
   NumNodes=1 NumCPUs=64 NumTasks=64 CPUs/Task=1 ReqB:S:C:T=0:0:*:*
   ReqTRES=cpu=64,mem=32000M,node=1,billing=288
   AllocTRES=cpu=64,mem=32000M,node=1,billing=288
   Socks/Node=* NtasksPerN:B:S:C=64:0:*:* CoreSpec=*
   MinCPUsNode=64 MinMemoryCPU=500M MinTmpDiskNode=0
   Features=[quest10|quest11|quest12|quest13] DelayBoot=00:00:00
   OverSubscribe=OK Contiguous=0 Licenses=(null) Network=(null)
   Command=/gpfs/home/tbr0780/Dissertation/Integrated_Likelihood_Algorithm/Polytomous_Logistic_Regression/scripts/experiment_sim.sh
   WorkDir=/gpfs/home/tbr0780/Dissertation/Integrated_Likelihood_Algorithm/Polytomous_Logistic_Regression
   StdErr=/dev/null
   StdIn=/dev/null
   StdOut=/dev/null
   MailUser=timothyruel2024@u.northwestern.edu MailType=INVALID_DEPEND,BEGIN,END,FAIL,REQUEUE,STAGE_OUT
   
--------------------------------------------------------------------------------
JOB EFFICIENCY 
--------------------------------------------------------------------------------
Job efficiency will be calculated after the job has completed.
===== SACCT OUTPUT for Job 5522294 =====
(Logged at Thu Jun 12 22:29:32 CDT 2025)
JobID                     JobName    Elapsed     MaxRSS     ReqMem  AllocCPUS      State 
------------ -------------------- ---------- ---------- ---------- ---------- ---------- 
5519625_663        experiment_sim   00:21:39                32000M         64    RUNNING 
5519625_663+                batch   00:21:39                               64    RUNNING 
5519625_663+               extern   00:21:39                               64    RUNNING 
===== SYSTEM MEMORY (free -h) =====
(Logged at Thu Jun 12 22:29:32 CDT 2025)
              total        used        free      shared  buff/cache   available
Mem:          503Gi        42Gi       455Gi       4.3Gi       5.6Gi       452Gi
Swap:          31Gi       3.9Gi        28Gi
===== SYSTEM LOAD (uptime) =====
(Logged at Thu Jun 12 22:29:32 CDT 2025)
 22:29:32 up 82 days,  1:43,  0 users,  load average: 70.87, 94.29, 101.37
===== SYSTEM PROCESSES (top -b -n 1) =====
(Logged at Thu Jun 12 22:29:32 CDT 2025)
top - 22:29:32 up 82 days,  1:43,  0 users,  load average: 70.87, 94.29, 101.37
Tasks: 1305 total,  65 running, 1240 sleeping,   0 stopped,   0 zombie
%Cpu(s): 49.7 us,  0.2 sy,  0.0 ni, 49.8 id,  0.0 wa,  0.3 hi,  0.0 si,  0.0 st
MiB Mem : 515679.4 total, 466543.1 free,  43410.5 used,   5725.8 buff/cache
MiB Swap:  32768.0 total,  28763.2 free,   4004.8 used. 463224.7 avail Mem 

    PID USER      PR  NI    VIRT    RES    SHR S  %CPU  %MEM     TIME+ COMMAND
 513089 tbr0780   20   0  628204 330392  11532 R 100.0   0.1   7:53.54 R
 513095 tbr0780   20   0  640392 342600  11552 R 100.0   0.1   7:53.48 R
 513103 tbr0780   20   0  647980 350168  11532 R 100.0   0.1   7:53.67 R
 513106 tbr0780   20   0  650684 352876  11536 R 100.0   0.1   7:53.88 R
 513108 tbr0780   20   0  653912 356100  11532 R 100.0   0.1   7:53.82 R
 513109 tbr0780   20   0  655008 357200  11536 R 100.0   0.1   7:53.85 R
 513110 tbr0780   20   0  652660 354852  11536 R 100.0   0.1   7:53.63 R
 513117 tbr0780   20   0  640196 342384  11532 R 100.0   0.1   7:53.83 R
 513120 tbr0780   20   0  635848 338040  11536 R 100.0   0.1   7:53.53 R
 513122 tbr0780   20   0  632664 334872  11552 R 100.0   0.1   7:53.72 R
 513123 tbr0780   20   0  632632 334840  11552 R 100.0   0.1   7:53.72 R
 513129 tbr0780   20   0  632748 334940  11536 R 100.0   0.1   7:53.08 R
 513139 tbr0780   20   0  659920 362128  11552 R 100.0   0.1   7:53.58 R
 513141 tbr0780   20   0  632952 335144  11536 R 100.0   0.1   7:53.34 R
 513144 tbr0780   20   0  632980 335172  11536 R 100.0   0.1   7:53.02 R
 513145 tbr0780   20   0  633012 335204  11536 R 100.0   0.1   7:52.91 R
 513146 tbr0780   20   0  633004 335212  11552 R 100.0   0.1   7:53.00 R
 513148 tbr0780   20   0  633084 335276  11536 R 100.0   0.1   7:53.26 R
 513151 tbr0780   20   0  633112 335304  11536 R 100.0   0.1   7:45.20 R
 513088 tbr0780   20   0  629656 331864  11552 R  94.1   0.1   7:53.70 R
 513090 tbr0780   20   0  629460 331648  11532 R  94.1   0.1   7:53.96 R
 513091 tbr0780   20   0  630804 332992  11532 R  94.1   0.1   7:53.73 R
 513092 tbr0780   20   0  632140 334328  11532 R  94.1   0.1   7:52.81 R
 513093 tbr0780   20   0  637388 339596  11552 R  94.1   0.1   7:53.32 R
 513094 tbr0780   20   0  638852 341060  11552 R  94.1   0.1   7:52.55 R
 513096 tbr0780   20   0  637648 339856  11552 R  94.1   0.1   7:53.30 R
 513097 tbr0780   20   0  639020 341228  11552 R  94.1   0.1   7:53.26 R
 513098 tbr0780   20   0  640424 342612  11532 R  94.1   0.1   7:52.99 R
 513099 tbr0780   20   0  641812 344000  11532 R  94.1   0.1   7:53.70 R
 513100 tbr0780   20   0  643220 345408  11532 R  94.1   0.1   7:53.70 R
 513101 tbr0780   20   0  644612 346800  11532 R  94.1   0.1   7:53.71 R
 513102 tbr0780   20   0  649524 351728  11548 R  94.1   0.1   7:53.74 R
 513104 tbr0780   20   0  652624 354832  11552 R  94.1   0.1   7:53.82 R
===== BACKGROUND CHECKJOB MONITOR LOG =====
===== checkjob (interval) at Thu Jun 12 22:08:19 CDT 2025 =====
--------------------------------------------------------------------------------
JOB INFORMATION 
--------------------------------------------------------------------------------
JobId=5522294 ArrayJobId=5519625 ArrayTaskId=663 JobName=experiment_sim
   UserId=tbr0780(3229) GroupId=tbr0780(4023) MCS_label=N/A
   Priority=20582 Nice=0 Account=p32397 QOS=normal
   JobState=RUNNING Reason=None Dependency=(null)
   Requeue=0 Restarts=0 BatchFlag=1 Reboot=0 ExitCode=0:0
   RunTime=00:00:26 TimeLimit=02:00:00 TimeMin=N/A
   SubmitTime=2025-06-12T19:56:30 EligibleTime=2025-06-12T19:56:31
   AccrueTime=2025-06-12T19:56:31
   StartTime=2025-06-12T22:07:53 EndTime=2025-06-13T00:07:53 Deadline=N/A
   SuspendTime=None SecsPreSuspend=0 LastSchedEval=2025-06-12T22:07:53 Scheduler=Main
   Partition=short AllocNode:Sid=quser43:3646922
   ReqNodeList=(null) ExcNodeList=(null)
   NodeList=qnode3015
   BatchHost=qnode3015
   NumNodes=1 NumCPUs=64 NumTasks=64 CPUs/Task=1 ReqB:S:C:T=0:0:*:*
   ReqTRES=cpu=64,mem=32000M,node=1,billing=288
   AllocTRES=cpu=64,mem=32000M,node=1,billing=288
   Socks/Node=* NtasksPerN:B:S:C=64:0:*:* CoreSpec=*
   MinCPUsNode=64 MinMemoryCPU=500M MinTmpDiskNode=0
   Features=[quest10|quest11|quest12|quest13] DelayBoot=00:00:00
   OverSubscribe=OK Contiguous=0 Licenses=(null) Network=(null)
   Command=/gpfs/home/tbr0780/Dissertation/Integrated_Likelihood_Algorithm/Polytomous_Logistic_Regression/scripts/experiment_sim.sh
   WorkDir=/gpfs/home/tbr0780/Dissertation/Integrated_Likelihood_Algorithm/Polytomous_Logistic_Regression
   StdErr=/dev/null
   StdIn=/dev/null
   StdOut=/dev/null
   MailUser=timothyruel2024@u.northwestern.edu MailType=INVALID_DEPEND,BEGIN,END,FAIL,REQUEUE,STAGE_OUT
   
--------------------------------------------------------------------------------
JOB EFFICIENCY 
--------------------------------------------------------------------------------
Job efficiency will be calculated after the job has completed.
===== checkjob (interval) at Thu Jun 12 22:08:50 CDT 2025 =====
--------------------------------------------------------------------------------
JOB INFORMATION 
--------------------------------------------------------------------------------
JobId=5522294 ArrayJobId=5519625 ArrayTaskId=663 JobName=experiment_sim
   UserId=tbr0780(3229) GroupId=tbr0780(4023) MCS_label=N/A
   Priority=20582 Nice=0 Account=p32397 QOS=normal
   JobState=RUNNING Reason=None Dependency=(null)
   Requeue=0 Restarts=0 BatchFlag=1 Reboot=0 ExitCode=0:0
   RunTime=00:00:57 TimeLimit=02:00:00 TimeMin=N/A
   SubmitTime=2025-06-12T19:56:30 EligibleTime=2025-06-12T19:56:31
   AccrueTime=2025-06-12T19:56:31
   StartTime=2025-06-12T22:07:53 EndTime=2025-06-13T00:07:53 Deadline=N/A
   SuspendTime=None SecsPreSuspend=0 LastSchedEval=2025-06-12T22:07:53 Scheduler=Main
   Partition=short AllocNode:Sid=quser43:3646922
   ReqNodeList=(null) ExcNodeList=(null)
   NodeList=qnode3015
   BatchHost=qnode3015
   NumNodes=1 NumCPUs=64 NumTasks=64 CPUs/Task=1 ReqB:S:C:T=0:0:*:*
   ReqTRES=cpu=64,mem=32000M,node=1,billing=288
   AllocTRES=cpu=64,mem=32000M,node=1,billing=288
   Socks/Node=* NtasksPerN:B:S:C=64:0:*:* CoreSpec=*
   MinCPUsNode=64 MinMemoryCPU=500M MinTmpDiskNode=0
   Features=[quest10|quest11|quest12|quest13] DelayBoot=00:00:00
   OverSubscribe=OK Contiguous=0 Licenses=(null) Network=(null)
   Command=/gpfs/home/tbr0780/Dissertation/Integrated_Likelihood_Algorithm/Polytomous_Logistic_Regression/scripts/experiment_sim.sh
   WorkDir=/gpfs/home/tbr0780/Dissertation/Integrated_Likelihood_Algorithm/Polytomous_Logistic_Regression
   StdErr=/dev/null
   StdIn=/dev/null
   StdOut=/dev/null
   MailUser=timothyruel2024@u.northwestern.edu MailType=INVALID_DEPEND,BEGIN,END,FAIL,REQUEUE,STAGE_OUT
   
--------------------------------------------------------------------------------
JOB EFFICIENCY 
--------------------------------------------------------------------------------
Job efficiency will be calculated after the job has completed.
===== checkjob (interval) at Thu Jun 12 22:09:21 CDT 2025 =====
--------------------------------------------------------------------------------
JOB INFORMATION 
--------------------------------------------------------------------------------
JobId=5522294 ArrayJobId=5519625 ArrayTaskId=663 JobName=experiment_sim
   UserId=tbr0780(3229) GroupId=tbr0780(4023) MCS_label=N/A
   Priority=20582 Nice=0 Account=p32397 QOS=normal
   JobState=RUNNING Reason=None Dependency=(null)
   Requeue=0 Restarts=0 BatchFlag=1 Reboot=0 ExitCode=0:0
   RunTime=00:01:28 TimeLimit=02:00:00 TimeMin=N/A
   SubmitTime=2025-06-12T19:56:30 EligibleTime=2025-06-12T19:56:31
   AccrueTime=2025-06-12T19:56:31
   StartTime=2025-06-12T22:07:53 EndTime=2025-06-13T00:07:53 Deadline=N/A
   SuspendTime=None SecsPreSuspend=0 LastSchedEval=2025-06-12T22:07:53 Scheduler=Main
   Partition=short AllocNode:Sid=quser43:3646922
   ReqNodeList=(null) ExcNodeList=(null)
   NodeList=qnode3015
   BatchHost=qnode3015
   NumNodes=1 NumCPUs=64 NumTasks=64 CPUs/Task=1 ReqB:S:C:T=0:0:*:*
   ReqTRES=cpu=64,mem=32000M,node=1,billing=288
   AllocTRES=cpu=64,mem=32000M,node=1,billing=288
   Socks/Node=* NtasksPerN:B:S:C=64:0:*:* CoreSpec=*
   MinCPUsNode=64 MinMemoryCPU=500M MinTmpDiskNode=0
   Features=[quest10|quest11|quest12|quest13] DelayBoot=00:00:00
   OverSubscribe=OK Contiguous=0 Licenses=(null) Network=(null)
   Command=/gpfs/home/tbr0780/Dissertation/Integrated_Likelihood_Algorithm/Polytomous_Logistic_Regression/scripts/experiment_sim.sh
   WorkDir=/gpfs/home/tbr0780/Dissertation/Integrated_Likelihood_Algorithm/Polytomous_Logistic_Regression
   StdErr=/dev/null
   StdIn=/dev/null
   StdOut=/dev/null
   MailUser=timothyruel2024@u.northwestern.edu MailType=INVALID_DEPEND,BEGIN,END,FAIL,REQUEUE,STAGE_OUT
   
--------------------------------------------------------------------------------
JOB EFFICIENCY 
--------------------------------------------------------------------------------
Job efficiency will be calculated after the job has completed.
===== checkjob (interval) at Thu Jun 12 22:09:54 CDT 2025 =====
--------------------------------------------------------------------------------
JOB INFORMATION 
--------------------------------------------------------------------------------
JobId=5522294 ArrayJobId=5519625 ArrayTaskId=663 JobName=experiment_sim
   UserId=tbr0780(3229) GroupId=tbr0780(4023) MCS_label=N/A
   Priority=20582 Nice=0 Account=p32397 QOS=normal
   JobState=RUNNING Reason=None Dependency=(null)
   Requeue=0 Restarts=0 BatchFlag=1 Reboot=0 ExitCode=0:0
   RunTime=00:02:01 TimeLimit=02:00:00 TimeMin=N/A
   SubmitTime=2025-06-12T19:56:30 EligibleTime=2025-06-12T19:56:31
   AccrueTime=2025-06-12T19:56:31
   StartTime=2025-06-12T22:07:53 EndTime=2025-06-13T00:07:53 Deadline=N/A
   SuspendTime=None SecsPreSuspend=0 LastSchedEval=2025-06-12T22:07:53 Scheduler=Main
   Partition=short AllocNode:Sid=quser43:3646922
   ReqNodeList=(null) ExcNodeList=(null)
   NodeList=qnode3015
   BatchHost=qnode3015
   NumNodes=1 NumCPUs=64 NumTasks=64 CPUs/Task=1 ReqB:S:C:T=0:0:*:*
   ReqTRES=cpu=64,mem=32000M,node=1,billing=288
   AllocTRES=cpu=64,mem=32000M,node=1,billing=288
   Socks/Node=* NtasksPerN:B:S:C=64:0:*:* CoreSpec=*
   MinCPUsNode=64 MinMemoryCPU=500M MinTmpDiskNode=0
   Features=[quest10|quest11|quest12|quest13] DelayBoot=00:00:00
   OverSubscribe=OK Contiguous=0 Licenses=(null) Network=(null)
   Command=/gpfs/home/tbr0780/Dissertation/Integrated_Likelihood_Algorithm/Polytomous_Logistic_Regression/scripts/experiment_sim.sh
   WorkDir=/gpfs/home/tbr0780/Dissertation/Integrated_Likelihood_Algorithm/Polytomous_Logistic_Regression
   StdErr=/dev/null
   StdIn=/dev/null
   StdOut=/dev/null
   MailUser=timothyruel2024@u.northwestern.edu MailType=INVALID_DEPEND,BEGIN,END,FAIL,REQUEUE,STAGE_OUT
   
--------------------------------------------------------------------------------
JOB EFFICIENCY 
--------------------------------------------------------------------------------
Job efficiency will be calculated after the job has completed.
===== checkjob (interval) at Thu Jun 12 22:10:29 CDT 2025 =====
--------------------------------------------------------------------------------
JOB INFORMATION 
--------------------------------------------------------------------------------
JobId=5522294 ArrayJobId=5519625 ArrayTaskId=663 JobName=experiment_sim
   UserId=tbr0780(3229) GroupId=tbr0780(4023) MCS_label=N/A
   Priority=20582 Nice=0 Account=p32397 QOS=normal
   JobState=RUNNING Reason=None Dependency=(null)
   Requeue=0 Restarts=0 BatchFlag=1 Reboot=0 ExitCode=0:0
   RunTime=00:02:36 TimeLimit=02:00:00 TimeMin=N/A
   SubmitTime=2025-06-12T19:56:30 EligibleTime=2025-06-12T19:56:31
   AccrueTime=2025-06-12T19:56:31
   StartTime=2025-06-12T22:07:53 EndTime=2025-06-13T00:07:53 Deadline=N/A
   SuspendTime=None SecsPreSuspend=0 LastSchedEval=2025-06-12T22:07:53 Scheduler=Main
   Partition=short AllocNode:Sid=quser43:3646922
   ReqNodeList=(null) ExcNodeList=(null)
   NodeList=qnode3015
   BatchHost=qnode3015
   NumNodes=1 NumCPUs=64 NumTasks=64 CPUs/Task=1 ReqB:S:C:T=0:0:*:*
   ReqTRES=cpu=64,mem=32000M,node=1,billing=288
   AllocTRES=cpu=64,mem=32000M,node=1,billing=288
   Socks/Node=* NtasksPerN:B:S:C=64:0:*:* CoreSpec=*
   MinCPUsNode=64 MinMemoryCPU=500M MinTmpDiskNode=0
   Features=[quest10|quest11|quest12|quest13] DelayBoot=00:00:00
   OverSubscribe=OK Contiguous=0 Licenses=(null) Network=(null)
   Command=/gpfs/home/tbr0780/Dissertation/Integrated_Likelihood_Algorithm/Polytomous_Logistic_Regression/scripts/experiment_sim.sh
   WorkDir=/gpfs/home/tbr0780/Dissertation/Integrated_Likelihood_Algorithm/Polytomous_Logistic_Regression
   StdErr=/dev/null
   StdIn=/dev/null
   StdOut=/dev/null
   MailUser=timothyruel2024@u.northwestern.edu MailType=INVALID_DEPEND,BEGIN,END,FAIL,REQUEUE,STAGE_OUT
   
--------------------------------------------------------------------------------
JOB EFFICIENCY 
--------------------------------------------------------------------------------
Job efficiency will be calculated after the job has completed.
===== checkjob (interval) at Thu Jun 12 22:11:00 CDT 2025 =====
--------------------------------------------------------------------------------
JOB INFORMATION 
--------------------------------------------------------------------------------
JobId=5522294 ArrayJobId=5519625 ArrayTaskId=663 JobName=experiment_sim
   UserId=tbr0780(3229) GroupId=tbr0780(4023) MCS_label=N/A
   Priority=20582 Nice=0 Account=p32397 QOS=normal
   JobState=RUNNING Reason=None Dependency=(null)
   Requeue=0 Restarts=0 BatchFlag=1 Reboot=0 ExitCode=0:0
   RunTime=00:03:08 TimeLimit=02:00:00 TimeMin=N/A
   SubmitTime=2025-06-12T19:56:30 EligibleTime=2025-06-12T19:56:31
   AccrueTime=2025-06-12T19:56:31
   StartTime=2025-06-12T22:07:53 EndTime=2025-06-13T00:07:53 Deadline=N/A
   SuspendTime=None SecsPreSuspend=0 LastSchedEval=2025-06-12T22:07:53 Scheduler=Main
   Partition=short AllocNode:Sid=quser43:3646922
   ReqNodeList=(null) ExcNodeList=(null)
   NodeList=qnode3015
   BatchHost=qnode3015
   NumNodes=1 NumCPUs=64 NumTasks=64 CPUs/Task=1 ReqB:S:C:T=0:0:*:*
   ReqTRES=cpu=64,mem=32000M,node=1,billing=288
   AllocTRES=cpu=64,mem=32000M,node=1,billing=288
   Socks/Node=* NtasksPerN:B:S:C=64:0:*:* CoreSpec=*
   MinCPUsNode=64 MinMemoryCPU=500M MinTmpDiskNode=0
   Features=[quest10|quest11|quest12|quest13] DelayBoot=00:00:00
   OverSubscribe=OK Contiguous=0 Licenses=(null) Network=(null)
   Command=/gpfs/home/tbr0780/Dissertation/Integrated_Likelihood_Algorithm/Polytomous_Logistic_Regression/scripts/experiment_sim.sh
   WorkDir=/gpfs/home/tbr0780/Dissertation/Integrated_Likelihood_Algorithm/Polytomous_Logistic_Regression
   StdErr=/dev/null
   StdIn=/dev/null
   StdOut=/dev/null
   MailUser=timothyruel2024@u.northwestern.edu MailType=INVALID_DEPEND,BEGIN,END,FAIL,REQUEUE,STAGE_OUT
   
--------------------------------------------------------------------------------
JOB EFFICIENCY 
--------------------------------------------------------------------------------
Job efficiency will be calculated after the job has completed.
===== checkjob (interval) at Thu Jun 12 22:11:33 CDT 2025 =====
--------------------------------------------------------------------------------
JOB INFORMATION 
--------------------------------------------------------------------------------
JobId=5522294 ArrayJobId=5519625 ArrayTaskId=663 JobName=experiment_sim
   UserId=tbr0780(3229) GroupId=tbr0780(4023) MCS_label=N/A
   Priority=20582 Nice=0 Account=p32397 QOS=normal
   JobState=RUNNING Reason=None Dependency=(null)
   Requeue=0 Restarts=0 BatchFlag=1 Reboot=0 ExitCode=0:0
   RunTime=00:03:41 TimeLimit=02:00:00 TimeMin=N/A
   SubmitTime=2025-06-12T19:56:30 EligibleTime=2025-06-12T19:56:31
   AccrueTime=2025-06-12T19:56:31
   StartTime=2025-06-12T22:07:53 EndTime=2025-06-13T00:07:53 Deadline=N/A
   SuspendTime=None SecsPreSuspend=0 LastSchedEval=2025-06-12T22:07:53 Scheduler=Main
   Partition=short AllocNode:Sid=quser43:3646922
   ReqNodeList=(null) ExcNodeList=(null)
   NodeList=qnode3015
   BatchHost=qnode3015
   NumNodes=1 NumCPUs=64 NumTasks=64 CPUs/Task=1 ReqB:S:C:T=0:0:*:*
   ReqTRES=cpu=64,mem=32000M,node=1,billing=288
   AllocTRES=cpu=64,mem=32000M,node=1,billing=288
   Socks/Node=* NtasksPerN:B:S:C=64:0:*:* CoreSpec=*
   MinCPUsNode=64 MinMemoryCPU=500M MinTmpDiskNode=0
   Features=[quest10|quest11|quest12|quest13] DelayBoot=00:00:00
   OverSubscribe=OK Contiguous=0 Licenses=(null) Network=(null)
   Command=/gpfs/home/tbr0780/Dissertation/Integrated_Likelihood_Algorithm/Polytomous_Logistic_Regression/scripts/experiment_sim.sh
   WorkDir=/gpfs/home/tbr0780/Dissertation/Integrated_Likelihood_Algorithm/Polytomous_Logistic_Regression
   StdErr=/dev/null
   StdIn=/dev/null
   StdOut=/dev/null
   MailUser=timothyruel2024@u.northwestern.edu MailType=INVALID_DEPEND,BEGIN,END,FAIL,REQUEUE,STAGE_OUT
   
--------------------------------------------------------------------------------
JOB EFFICIENCY 
--------------------------------------------------------------------------------
Job efficiency will be calculated after the job has completed.
===== checkjob (interval) at Thu Jun 12 22:12:08 CDT 2025 =====
--------------------------------------------------------------------------------
JOB INFORMATION 
--------------------------------------------------------------------------------
JobId=5522294 ArrayJobId=5519625 ArrayTaskId=663 JobName=experiment_sim
   UserId=tbr0780(3229) GroupId=tbr0780(4023) MCS_label=N/A
   Priority=20582 Nice=0 Account=p32397 QOS=normal
   JobState=RUNNING Reason=None Dependency=(null)
   Requeue=0 Restarts=0 BatchFlag=1 Reboot=0 ExitCode=0:0
   RunTime=00:04:16 TimeLimit=02:00:00 TimeMin=N/A
   SubmitTime=2025-06-12T19:56:30 EligibleTime=2025-06-12T19:56:31
   AccrueTime=2025-06-12T19:56:31
   StartTime=2025-06-12T22:07:53 EndTime=2025-06-13T00:07:53 Deadline=N/A
   SuspendTime=None SecsPreSuspend=0 LastSchedEval=2025-06-12T22:07:53 Scheduler=Main
   Partition=short AllocNode:Sid=quser43:3646922
   ReqNodeList=(null) ExcNodeList=(null)
   NodeList=qnode3015
   BatchHost=qnode3015
   NumNodes=1 NumCPUs=64 NumTasks=64 CPUs/Task=1 ReqB:S:C:T=0:0:*:*
   ReqTRES=cpu=64,mem=32000M,node=1,billing=288
   AllocTRES=cpu=64,mem=32000M,node=1,billing=288
   Socks/Node=* NtasksPerN:B:S:C=64:0:*:* CoreSpec=*
   MinCPUsNode=64 MinMemoryCPU=500M MinTmpDiskNode=0
   Features=[quest10|quest11|quest12|quest13] DelayBoot=00:00:00
   OverSubscribe=OK Contiguous=0 Licenses=(null) Network=(null)
   Command=/gpfs/home/tbr0780/Dissertation/Integrated_Likelihood_Algorithm/Polytomous_Logistic_Regression/scripts/experiment_sim.sh
   WorkDir=/gpfs/home/tbr0780/Dissertation/Integrated_Likelihood_Algorithm/Polytomous_Logistic_Regression
   StdErr=/dev/null
   StdIn=/dev/null
   StdOut=/dev/null
   MailUser=timothyruel2024@u.northwestern.edu MailType=INVALID_DEPEND,BEGIN,END,FAIL,REQUEUE,STAGE_OUT
   
--------------------------------------------------------------------------------
JOB EFFICIENCY 
--------------------------------------------------------------------------------
Job efficiency will be calculated after the job has completed.
===== checkjob (interval) at Thu Jun 12 22:12:40 CDT 2025 =====
--------------------------------------------------------------------------------
JOB INFORMATION 
--------------------------------------------------------------------------------
JobId=5522294 ArrayJobId=5519625 ArrayTaskId=663 JobName=experiment_sim
   UserId=tbr0780(3229) GroupId=tbr0780(4023) MCS_label=N/A
   Priority=20582 Nice=0 Account=p32397 QOS=normal
   JobState=RUNNING Reason=None Dependency=(null)
   Requeue=0 Restarts=0 BatchFlag=1 Reboot=0 ExitCode=0:0
   RunTime=00:04:48 TimeLimit=02:00:00 TimeMin=N/A
   SubmitTime=2025-06-12T19:56:30 EligibleTime=2025-06-12T19:56:31
   AccrueTime=2025-06-12T19:56:31
   StartTime=2025-06-12T22:07:53 EndTime=2025-06-13T00:07:53 Deadline=N/A
   SuspendTime=None SecsPreSuspend=0 LastSchedEval=2025-06-12T22:07:53 Scheduler=Main
   Partition=short AllocNode:Sid=quser43:3646922
   ReqNodeList=(null) ExcNodeList=(null)
   NodeList=qnode3015
   BatchHost=qnode3015
   NumNodes=1 NumCPUs=64 NumTasks=64 CPUs/Task=1 ReqB:S:C:T=0:0:*:*
   ReqTRES=cpu=64,mem=32000M,node=1,billing=288
   AllocTRES=cpu=64,mem=32000M,node=1,billing=288
   Socks/Node=* NtasksPerN:B:S:C=64:0:*:* CoreSpec=*
   MinCPUsNode=64 MinMemoryCPU=500M MinTmpDiskNode=0
   Features=[quest10|quest11|quest12|quest13] DelayBoot=00:00:00
   OverSubscribe=OK Contiguous=0 Licenses=(null) Network=(null)
   Command=/gpfs/home/tbr0780/Dissertation/Integrated_Likelihood_Algorithm/Polytomous_Logistic_Regression/scripts/experiment_sim.sh
   WorkDir=/gpfs/home/tbr0780/Dissertation/Integrated_Likelihood_Algorithm/Polytomous_Logistic_Regression
   StdErr=/dev/null
   StdIn=/dev/null
   StdOut=/dev/null
   MailUser=timothyruel2024@u.northwestern.edu MailType=INVALID_DEPEND,BEGIN,END,FAIL,REQUEUE,STAGE_OUT
   
--------------------------------------------------------------------------------
JOB EFFICIENCY 
--------------------------------------------------------------------------------
Job efficiency will be calculated after the job has completed.
===== checkjob (interval) at Thu Jun 12 22:13:14 CDT 2025 =====
--------------------------------------------------------------------------------
JOB INFORMATION 
--------------------------------------------------------------------------------
JobId=5522294 ArrayJobId=5519625 ArrayTaskId=663 JobName=experiment_sim
   UserId=tbr0780(3229) GroupId=tbr0780(4023) MCS_label=N/A
   Priority=20582 Nice=0 Account=p32397 QOS=normal
   JobState=RUNNING Reason=None Dependency=(null)
   Requeue=0 Restarts=0 BatchFlag=1 Reboot=0 ExitCode=0:0
   RunTime=00:05:21 TimeLimit=02:00:00 TimeMin=N/A
   SubmitTime=2025-06-12T19:56:30 EligibleTime=2025-06-12T19:56:31
   AccrueTime=2025-06-12T19:56:31
   StartTime=2025-06-12T22:07:53 EndTime=2025-06-13T00:07:53 Deadline=N/A
   SuspendTime=None SecsPreSuspend=0 LastSchedEval=2025-06-12T22:07:53 Scheduler=Main
   Partition=short AllocNode:Sid=quser43:3646922
   ReqNodeList=(null) ExcNodeList=(null)
   NodeList=qnode3015
   BatchHost=qnode3015
   NumNodes=1 NumCPUs=64 NumTasks=64 CPUs/Task=1 ReqB:S:C:T=0:0:*:*
   ReqTRES=cpu=64,mem=32000M,node=1,billing=288
   AllocTRES=cpu=64,mem=32000M,node=1,billing=288
   Socks/Node=* NtasksPerN:B:S:C=64:0:*:* CoreSpec=*
   MinCPUsNode=64 MinMemoryCPU=500M MinTmpDiskNode=0
   Features=[quest10|quest11|quest12|quest13] DelayBoot=00:00:00
   OverSubscribe=OK Contiguous=0 Licenses=(null) Network=(null)
   Command=/gpfs/home/tbr0780/Dissertation/Integrated_Likelihood_Algorithm/Polytomous_Logistic_Regression/scripts/experiment_sim.sh
   WorkDir=/gpfs/home/tbr0780/Dissertation/Integrated_Likelihood_Algorithm/Polytomous_Logistic_Regression
   StdErr=/dev/null
   StdIn=/dev/null
   StdOut=/dev/null
   MailUser=timothyruel2024@u.northwestern.edu MailType=INVALID_DEPEND,BEGIN,END,FAIL,REQUEUE,STAGE_OUT
   
--------------------------------------------------------------------------------
JOB EFFICIENCY 
--------------------------------------------------------------------------------
Job efficiency will be calculated after the job has completed.
===== checkjob (interval) at Thu Jun 12 22:13:49 CDT 2025 =====
--------------------------------------------------------------------------------
JOB INFORMATION 
--------------------------------------------------------------------------------
JobId=5522294 ArrayJobId=5519625 ArrayTaskId=663 JobName=experiment_sim
   UserId=tbr0780(3229) GroupId=tbr0780(4023) MCS_label=N/A
   Priority=20582 Nice=0 Account=p32397 QOS=normal
   JobState=RUNNING Reason=None Dependency=(null)
   Requeue=0 Restarts=0 BatchFlag=1 Reboot=0 ExitCode=0:0
   RunTime=00:05:56 TimeLimit=02:00:00 TimeMin=N/A
   SubmitTime=2025-06-12T19:56:30 EligibleTime=2025-06-12T19:56:31
   AccrueTime=2025-06-12T19:56:31
   StartTime=2025-06-12T22:07:53 EndTime=2025-06-13T00:07:53 Deadline=N/A
   SuspendTime=None SecsPreSuspend=0 LastSchedEval=2025-06-12T22:07:53 Scheduler=Main
   Partition=short AllocNode:Sid=quser43:3646922
   ReqNodeList=(null) ExcNodeList=(null)
   NodeList=qnode3015
   BatchHost=qnode3015
   NumNodes=1 NumCPUs=64 NumTasks=64 CPUs/Task=1 ReqB:S:C:T=0:0:*:*
   ReqTRES=cpu=64,mem=32000M,node=1,billing=288
   AllocTRES=cpu=64,mem=32000M,node=1,billing=288
   Socks/Node=* NtasksPerN:B:S:C=64:0:*:* CoreSpec=*
   MinCPUsNode=64 MinMemoryCPU=500M MinTmpDiskNode=0
   Features=[quest10|quest11|quest12|quest13] DelayBoot=00:00:00
   OverSubscribe=OK Contiguous=0 Licenses=(null) Network=(null)
   Command=/gpfs/home/tbr0780/Dissertation/Integrated_Likelihood_Algorithm/Polytomous_Logistic_Regression/scripts/experiment_sim.sh
   WorkDir=/gpfs/home/tbr0780/Dissertation/Integrated_Likelihood_Algorithm/Polytomous_Logistic_Regression
   StdErr=/dev/null
   StdIn=/dev/null
   StdOut=/dev/null
   MailUser=timothyruel2024@u.northwestern.edu MailType=INVALID_DEPEND,BEGIN,END,FAIL,REQUEUE,STAGE_OUT
   
--------------------------------------------------------------------------------
JOB EFFICIENCY 
--------------------------------------------------------------------------------
Job efficiency will be calculated after the job has completed.
===== checkjob (interval) at Thu Jun 12 22:14:20 CDT 2025 =====
--------------------------------------------------------------------------------
JOB INFORMATION 
--------------------------------------------------------------------------------
JobId=5522294 ArrayJobId=5519625 ArrayTaskId=663 JobName=experiment_sim
   UserId=tbr0780(3229) GroupId=tbr0780(4023) MCS_label=N/A
   Priority=20582 Nice=0 Account=p32397 QOS=normal
   JobState=RUNNING Reason=None Dependency=(null)
   Requeue=0 Restarts=0 BatchFlag=1 Reboot=0 ExitCode=0:0
   RunTime=00:06:28 TimeLimit=02:00:00 TimeMin=N/A
   SubmitTime=2025-06-12T19:56:30 EligibleTime=2025-06-12T19:56:31
   AccrueTime=2025-06-12T19:56:31
   StartTime=2025-06-12T22:07:53 EndTime=2025-06-13T00:07:53 Deadline=N/A
   SuspendTime=None SecsPreSuspend=0 LastSchedEval=2025-06-12T22:07:53 Scheduler=Main
   Partition=short AllocNode:Sid=quser43:3646922
   ReqNodeList=(null) ExcNodeList=(null)
   NodeList=qnode3015
   BatchHost=qnode3015
   NumNodes=1 NumCPUs=64 NumTasks=64 CPUs/Task=1 ReqB:S:C:T=0:0:*:*
   ReqTRES=cpu=64,mem=32000M,node=1,billing=288
   AllocTRES=cpu=64,mem=32000M,node=1,billing=288
   Socks/Node=* NtasksPerN:B:S:C=64:0:*:* CoreSpec=*
   MinCPUsNode=64 MinMemoryCPU=500M MinTmpDiskNode=0
   Features=[quest10|quest11|quest12|quest13] DelayBoot=00:00:00
   OverSubscribe=OK Contiguous=0 Licenses=(null) Network=(null)
   Command=/gpfs/home/tbr0780/Dissertation/Integrated_Likelihood_Algorithm/Polytomous_Logistic_Regression/scripts/experiment_sim.sh
   WorkDir=/gpfs/home/tbr0780/Dissertation/Integrated_Likelihood_Algorithm/Polytomous_Logistic_Regression
   StdErr=/dev/null
   StdIn=/dev/null
   StdOut=/dev/null
   MailUser=timothyruel2024@u.northwestern.edu MailType=INVALID_DEPEND,BEGIN,END,FAIL,REQUEUE,STAGE_OUT
   
--------------------------------------------------------------------------------
JOB EFFICIENCY 
--------------------------------------------------------------------------------
Job efficiency will be calculated after the job has completed.
===== checkjob (interval) at Thu Jun 12 22:14:54 CDT 2025 =====
--------------------------------------------------------------------------------
JOB INFORMATION 
--------------------------------------------------------------------------------
JobId=5522294 ArrayJobId=5519625 ArrayTaskId=663 JobName=experiment_sim
   UserId=tbr0780(3229) GroupId=tbr0780(4023) MCS_label=N/A
   Priority=20582 Nice=0 Account=p32397 QOS=normal
   JobState=RUNNING Reason=None Dependency=(null)
   Requeue=0 Restarts=0 BatchFlag=1 Reboot=0 ExitCode=0:0
   RunTime=00:07:01 TimeLimit=02:00:00 TimeMin=N/A
   SubmitTime=2025-06-12T19:56:30 EligibleTime=2025-06-12T19:56:31
   AccrueTime=2025-06-12T19:56:31
   StartTime=2025-06-12T22:07:53 EndTime=2025-06-13T00:07:53 Deadline=N/A
   SuspendTime=None SecsPreSuspend=0 LastSchedEval=2025-06-12T22:07:53 Scheduler=Main
   Partition=short AllocNode:Sid=quser43:3646922
   ReqNodeList=(null) ExcNodeList=(null)
   NodeList=qnode3015
   BatchHost=qnode3015
   NumNodes=1 NumCPUs=64 NumTasks=64 CPUs/Task=1 ReqB:S:C:T=0:0:*:*
   ReqTRES=cpu=64,mem=32000M,node=1,billing=288
   AllocTRES=cpu=64,mem=32000M,node=1,billing=288
   Socks/Node=* NtasksPerN:B:S:C=64:0:*:* CoreSpec=*
   MinCPUsNode=64 MinMemoryCPU=500M MinTmpDiskNode=0
   Features=[quest10|quest11|quest12|quest13] DelayBoot=00:00:00
   OverSubscribe=OK Contiguous=0 Licenses=(null) Network=(null)
   Command=/gpfs/home/tbr0780/Dissertation/Integrated_Likelihood_Algorithm/Polytomous_Logistic_Regression/scripts/experiment_sim.sh
   WorkDir=/gpfs/home/tbr0780/Dissertation/Integrated_Likelihood_Algorithm/Polytomous_Logistic_Regression
   StdErr=/dev/null
   StdIn=/dev/null
   StdOut=/dev/null
   MailUser=timothyruel2024@u.northwestern.edu MailType=INVALID_DEPEND,BEGIN,END,FAIL,REQUEUE,STAGE_OUT
   
--------------------------------------------------------------------------------
JOB EFFICIENCY 
--------------------------------------------------------------------------------
Job efficiency will be calculated after the job has completed.
===== checkjob (interval) at Thu Jun 12 22:15:29 CDT 2025 =====
--------------------------------------------------------------------------------
JOB INFORMATION 
--------------------------------------------------------------------------------
JobId=5522294 ArrayJobId=5519625 ArrayTaskId=663 JobName=experiment_sim
   UserId=tbr0780(3229) GroupId=tbr0780(4023) MCS_label=N/A
   Priority=20582 Nice=0 Account=p32397 QOS=normal
   JobState=RUNNING Reason=None Dependency=(null)
   Requeue=0 Restarts=0 BatchFlag=1 Reboot=0 ExitCode=0:0
   RunTime=00:07:36 TimeLimit=02:00:00 TimeMin=N/A
   SubmitTime=2025-06-12T19:56:30 EligibleTime=2025-06-12T19:56:31
   AccrueTime=2025-06-12T19:56:31
   StartTime=2025-06-12T22:07:53 EndTime=2025-06-13T00:07:53 Deadline=N/A
   SuspendTime=None SecsPreSuspend=0 LastSchedEval=2025-06-12T22:07:53 Scheduler=Main
   Partition=short AllocNode:Sid=quser43:3646922
   ReqNodeList=(null) ExcNodeList=(null)
   NodeList=qnode3015
   BatchHost=qnode3015
   NumNodes=1 NumCPUs=64 NumTasks=64 CPUs/Task=1 ReqB:S:C:T=0:0:*:*
   ReqTRES=cpu=64,mem=32000M,node=1,billing=288
   AllocTRES=cpu=64,mem=32000M,node=1,billing=288
   Socks/Node=* NtasksPerN:B:S:C=64:0:*:* CoreSpec=*
   MinCPUsNode=64 MinMemoryCPU=500M MinTmpDiskNode=0
   Features=[quest10|quest11|quest12|quest13] DelayBoot=00:00:00
   OverSubscribe=OK Contiguous=0 Licenses=(null) Network=(null)
   Command=/gpfs/home/tbr0780/Dissertation/Integrated_Likelihood_Algorithm/Polytomous_Logistic_Regression/scripts/experiment_sim.sh
   WorkDir=/gpfs/home/tbr0780/Dissertation/Integrated_Likelihood_Algorithm/Polytomous_Logistic_Regression
   StdErr=/dev/null
   StdIn=/dev/null
   StdOut=/dev/null
   MailUser=timothyruel2024@u.northwestern.edu MailType=INVALID_DEPEND,BEGIN,END,FAIL,REQUEUE,STAGE_OUT
   
--------------------------------------------------------------------------------
JOB EFFICIENCY 
--------------------------------------------------------------------------------
Job efficiency will be calculated after the job has completed.
===== checkjob (interval) at Thu Jun 12 22:16:00 CDT 2025 =====
--------------------------------------------------------------------------------
JOB INFORMATION 
--------------------------------------------------------------------------------
JobId=5522294 ArrayJobId=5519625 ArrayTaskId=663 JobName=experiment_sim
   UserId=tbr0780(3229) GroupId=tbr0780(4023) MCS_label=N/A
   Priority=20582 Nice=0 Account=p32397 QOS=normal
   JobState=RUNNING Reason=None Dependency=(null)
   Requeue=0 Restarts=0 BatchFlag=1 Reboot=0 ExitCode=0:0
   RunTime=00:08:07 TimeLimit=02:00:00 TimeMin=N/A
   SubmitTime=2025-06-12T19:56:30 EligibleTime=2025-06-12T19:56:31
   AccrueTime=2025-06-12T19:56:31
   StartTime=2025-06-12T22:07:53 EndTime=2025-06-13T00:07:53 Deadline=N/A
   SuspendTime=None SecsPreSuspend=0 LastSchedEval=2025-06-12T22:07:53 Scheduler=Main
   Partition=short AllocNode:Sid=quser43:3646922
   ReqNodeList=(null) ExcNodeList=(null)
   NodeList=qnode3015
   BatchHost=qnode3015
   NumNodes=1 NumCPUs=64 NumTasks=64 CPUs/Task=1 ReqB:S:C:T=0:0:*:*
   ReqTRES=cpu=64,mem=32000M,node=1,billing=288
   AllocTRES=cpu=64,mem=32000M,node=1,billing=288
   Socks/Node=* NtasksPerN:B:S:C=64:0:*:* CoreSpec=*
   MinCPUsNode=64 MinMemoryCPU=500M MinTmpDiskNode=0
   Features=[quest10|quest11|quest12|quest13] DelayBoot=00:00:00
   OverSubscribe=OK Contiguous=0 Licenses=(null) Network=(null)
   Command=/gpfs/home/tbr0780/Dissertation/Integrated_Likelihood_Algorithm/Polytomous_Logistic_Regression/scripts/experiment_sim.sh
   WorkDir=/gpfs/home/tbr0780/Dissertation/Integrated_Likelihood_Algorithm/Polytomous_Logistic_Regression
   StdErr=/dev/null
   StdIn=/dev/null
   StdOut=/dev/null
   MailUser=timothyruel2024@u.northwestern.edu MailType=INVALID_DEPEND,BEGIN,END,FAIL,REQUEUE,STAGE_OUT
   
--------------------------------------------------------------------------------
JOB EFFICIENCY 
--------------------------------------------------------------------------------
Job efficiency will be calculated after the job has completed.
===== checkjob (interval) at Thu Jun 12 22:16:31 CDT 2025 =====
--------------------------------------------------------------------------------
JOB INFORMATION 
--------------------------------------------------------------------------------
JobId=5522294 ArrayJobId=5519625 ArrayTaskId=663 JobName=experiment_sim
   UserId=tbr0780(3229) GroupId=tbr0780(4023) MCS_label=N/A
   Priority=20582 Nice=0 Account=p32397 QOS=normal
   JobState=RUNNING Reason=None Dependency=(null)
   Requeue=0 Restarts=0 BatchFlag=1 Reboot=0 ExitCode=0:0
   RunTime=00:08:39 TimeLimit=02:00:00 TimeMin=N/A
   SubmitTime=2025-06-12T19:56:30 EligibleTime=2025-06-12T19:56:31
   AccrueTime=2025-06-12T19:56:31
   StartTime=2025-06-12T22:07:53 EndTime=2025-06-13T00:07:53 Deadline=N/A
   SuspendTime=None SecsPreSuspend=0 LastSchedEval=2025-06-12T22:07:53 Scheduler=Main
   Partition=short AllocNode:Sid=quser43:3646922
   ReqNodeList=(null) ExcNodeList=(null)
   NodeList=qnode3015
   BatchHost=qnode3015
   NumNodes=1 NumCPUs=64 NumTasks=64 CPUs/Task=1 ReqB:S:C:T=0:0:*:*
   ReqTRES=cpu=64,mem=32000M,node=1,billing=288
   AllocTRES=cpu=64,mem=32000M,node=1,billing=288
   Socks/Node=* NtasksPerN:B:S:C=64:0:*:* CoreSpec=*
   MinCPUsNode=64 MinMemoryCPU=500M MinTmpDiskNode=0
   Features=[quest10|quest11|quest12|quest13] DelayBoot=00:00:00
   OverSubscribe=OK Contiguous=0 Licenses=(null) Network=(null)
   Command=/gpfs/home/tbr0780/Dissertation/Integrated_Likelihood_Algorithm/Polytomous_Logistic_Regression/scripts/experiment_sim.sh
   WorkDir=/gpfs/home/tbr0780/Dissertation/Integrated_Likelihood_Algorithm/Polytomous_Logistic_Regression
   StdErr=/dev/null
   StdIn=/dev/null
   StdOut=/dev/null
   MailUser=timothyruel2024@u.northwestern.edu MailType=INVALID_DEPEND,BEGIN,END,FAIL,REQUEUE,STAGE_OUT
   
--------------------------------------------------------------------------------
JOB EFFICIENCY 
--------------------------------------------------------------------------------
Job efficiency will be calculated after the job has completed.
===== checkjob (interval) at Thu Jun 12 22:17:04 CDT 2025 =====
--------------------------------------------------------------------------------
JOB INFORMATION 
--------------------------------------------------------------------------------
JobId=5522294 ArrayJobId=5519625 ArrayTaskId=663 JobName=experiment_sim
   UserId=tbr0780(3229) GroupId=tbr0780(4023) MCS_label=N/A
   Priority=20582 Nice=0 Account=p32397 QOS=normal
   JobState=RUNNING Reason=None Dependency=(null)
   Requeue=0 Restarts=0 BatchFlag=1 Reboot=0 ExitCode=0:0
   RunTime=00:09:12 TimeLimit=02:00:00 TimeMin=N/A
   SubmitTime=2025-06-12T19:56:30 EligibleTime=2025-06-12T19:56:31
   AccrueTime=2025-06-12T19:56:31
   StartTime=2025-06-12T22:07:53 EndTime=2025-06-13T00:07:53 Deadline=N/A
   SuspendTime=None SecsPreSuspend=0 LastSchedEval=2025-06-12T22:07:53 Scheduler=Main
   Partition=short AllocNode:Sid=quser43:3646922
   ReqNodeList=(null) ExcNodeList=(null)
   NodeList=qnode3015
   BatchHost=qnode3015
   NumNodes=1 NumCPUs=64 NumTasks=64 CPUs/Task=1 ReqB:S:C:T=0:0:*:*
   ReqTRES=cpu=64,mem=32000M,node=1,billing=288
   AllocTRES=cpu=64,mem=32000M,node=1,billing=288
   Socks/Node=* NtasksPerN:B:S:C=64:0:*:* CoreSpec=*
   MinCPUsNode=64 MinMemoryCPU=500M MinTmpDiskNode=0
   Features=[quest10|quest11|quest12|quest13] DelayBoot=00:00:00
   OverSubscribe=OK Contiguous=0 Licenses=(null) Network=(null)
   Command=/gpfs/home/tbr0780/Dissertation/Integrated_Likelihood_Algorithm/Polytomous_Logistic_Regression/scripts/experiment_sim.sh
   WorkDir=/gpfs/home/tbr0780/Dissertation/Integrated_Likelihood_Algorithm/Polytomous_Logistic_Regression
   StdErr=/dev/null
   StdIn=/dev/null
   StdOut=/dev/null
   MailUser=timothyruel2024@u.northwestern.edu MailType=INVALID_DEPEND,BEGIN,END,FAIL,REQUEUE,STAGE_OUT
   
--------------------------------------------------------------------------------
JOB EFFICIENCY 
--------------------------------------------------------------------------------
Job efficiency will be calculated after the job has completed.
===== checkjob (interval) at Thu Jun 12 22:17:39 CDT 2025 =====
--------------------------------------------------------------------------------
JOB INFORMATION 
--------------------------------------------------------------------------------
JobId=5522294 ArrayJobId=5519625 ArrayTaskId=663 JobName=experiment_sim
   UserId=tbr0780(3229) GroupId=tbr0780(4023) MCS_label=N/A
   Priority=20582 Nice=0 Account=p32397 QOS=normal
   JobState=RUNNING Reason=None Dependency=(null)
   Requeue=0 Restarts=0 BatchFlag=1 Reboot=0 ExitCode=0:0
   RunTime=00:09:47 TimeLimit=02:00:00 TimeMin=N/A
   SubmitTime=2025-06-12T19:56:30 EligibleTime=2025-06-12T19:56:31
   AccrueTime=2025-06-12T19:56:31
   StartTime=2025-06-12T22:07:53 EndTime=2025-06-13T00:07:53 Deadline=N/A
   SuspendTime=None SecsPreSuspend=0 LastSchedEval=2025-06-12T22:07:53 Scheduler=Main
   Partition=short AllocNode:Sid=quser43:3646922
   ReqNodeList=(null) ExcNodeList=(null)
   NodeList=qnode3015
   BatchHost=qnode3015
   NumNodes=1 NumCPUs=64 NumTasks=64 CPUs/Task=1 ReqB:S:C:T=0:0:*:*
   ReqTRES=cpu=64,mem=32000M,node=1,billing=288
   AllocTRES=cpu=64,mem=32000M,node=1,billing=288
   Socks/Node=* NtasksPerN:B:S:C=64:0:*:* CoreSpec=*
   MinCPUsNode=64 MinMemoryCPU=500M MinTmpDiskNode=0
   Features=[quest10|quest11|quest12|quest13] DelayBoot=00:00:00
   OverSubscribe=OK Contiguous=0 Licenses=(null) Network=(null)
   Command=/gpfs/home/tbr0780/Dissertation/Integrated_Likelihood_Algorithm/Polytomous_Logistic_Regression/scripts/experiment_sim.sh
   WorkDir=/gpfs/home/tbr0780/Dissertation/Integrated_Likelihood_Algorithm/Polytomous_Logistic_Regression
   StdErr=/dev/null
   StdIn=/dev/null
   StdOut=/dev/null
   MailUser=timothyruel2024@u.northwestern.edu MailType=INVALID_DEPEND,BEGIN,END,FAIL,REQUEUE,STAGE_OUT
   
--------------------------------------------------------------------------------
JOB EFFICIENCY 
--------------------------------------------------------------------------------
Job efficiency will be calculated after the job has completed.
===== checkjob (interval) at Thu Jun 12 22:18:11 CDT 2025 =====
--------------------------------------------------------------------------------
JOB INFORMATION 
--------------------------------------------------------------------------------
JobId=5522294 ArrayJobId=5519625 ArrayTaskId=663 JobName=experiment_sim
   UserId=tbr0780(3229) GroupId=tbr0780(4023) MCS_label=N/A
   Priority=20582 Nice=0 Account=p32397 QOS=normal
   JobState=RUNNING Reason=None Dependency=(null)
   Requeue=0 Restarts=0 BatchFlag=1 Reboot=0 ExitCode=0:0
   RunTime=00:10:20 TimeLimit=02:00:00 TimeMin=N/A
   SubmitTime=2025-06-12T19:56:30 EligibleTime=2025-06-12T19:56:31
   AccrueTime=2025-06-12T19:56:31
   StartTime=2025-06-12T22:07:53 EndTime=2025-06-13T00:07:53 Deadline=N/A
   SuspendTime=None SecsPreSuspend=0 LastSchedEval=2025-06-12T22:07:53 Scheduler=Main
   Partition=short AllocNode:Sid=quser43:3646922
   ReqNodeList=(null) ExcNodeList=(null)
   NodeList=qnode3015
   BatchHost=qnode3015
   NumNodes=1 NumCPUs=64 NumTasks=64 CPUs/Task=1 ReqB:S:C:T=0:0:*:*
   ReqTRES=cpu=64,mem=32000M,node=1,billing=288
   AllocTRES=cpu=64,mem=32000M,node=1,billing=288
   Socks/Node=* NtasksPerN:B:S:C=64:0:*:* CoreSpec=*
   MinCPUsNode=64 MinMemoryCPU=500M MinTmpDiskNode=0
   Features=[quest10|quest11|quest12|quest13] DelayBoot=00:00:00
   OverSubscribe=OK Contiguous=0 Licenses=(null) Network=(null)
   Command=/gpfs/home/tbr0780/Dissertation/Integrated_Likelihood_Algorithm/Polytomous_Logistic_Regression/scripts/experiment_sim.sh
   WorkDir=/gpfs/home/tbr0780/Dissertation/Integrated_Likelihood_Algorithm/Polytomous_Logistic_Regression
   StdErr=/dev/null
   StdIn=/dev/null
   StdOut=/dev/null
   MailUser=timothyruel2024@u.northwestern.edu MailType=INVALID_DEPEND,BEGIN,END,FAIL,REQUEUE,STAGE_OUT
   
--------------------------------------------------------------------------------
JOB EFFICIENCY 
--------------------------------------------------------------------------------
Job efficiency will be calculated after the job has completed.
===== checkjob (interval) at Thu Jun 12 22:18:45 CDT 2025 =====
--------------------------------------------------------------------------------
JOB INFORMATION 
--------------------------------------------------------------------------------
JobId=5522294 ArrayJobId=5519625 ArrayTaskId=663 JobName=experiment_sim
   UserId=tbr0780(3229) GroupId=tbr0780(4023) MCS_label=N/A
   Priority=20582 Nice=0 Account=p32397 QOS=normal
   JobState=RUNNING Reason=None Dependency=(null)
   Requeue=0 Restarts=0 BatchFlag=1 Reboot=0 ExitCode=0:0
   RunTime=00:10:53 TimeLimit=02:00:00 TimeMin=N/A
   SubmitTime=2025-06-12T19:56:30 EligibleTime=2025-06-12T19:56:31
   AccrueTime=2025-06-12T19:56:31
   StartTime=2025-06-12T22:07:53 EndTime=2025-06-13T00:07:53 Deadline=N/A
   SuspendTime=None SecsPreSuspend=0 LastSchedEval=2025-06-12T22:07:53 Scheduler=Main
   Partition=short AllocNode:Sid=quser43:3646922
   ReqNodeList=(null) ExcNodeList=(null)
   NodeList=qnode3015
   BatchHost=qnode3015
   NumNodes=1 NumCPUs=64 NumTasks=64 CPUs/Task=1 ReqB:S:C:T=0:0:*:*
   ReqTRES=cpu=64,mem=32000M,node=1,billing=288
   AllocTRES=cpu=64,mem=32000M,node=1,billing=288
   Socks/Node=* NtasksPerN:B:S:C=64:0:*:* CoreSpec=*
   MinCPUsNode=64 MinMemoryCPU=500M MinTmpDiskNode=0
   Features=[quest10|quest11|quest12|quest13] DelayBoot=00:00:00
   OverSubscribe=OK Contiguous=0 Licenses=(null) Network=(null)
   Command=/gpfs/home/tbr0780/Dissertation/Integrated_Likelihood_Algorithm/Polytomous_Logistic_Regression/scripts/experiment_sim.sh
   WorkDir=/gpfs/home/tbr0780/Dissertation/Integrated_Likelihood_Algorithm/Polytomous_Logistic_Regression
   StdErr=/dev/null
   StdIn=/dev/null
   StdOut=/dev/null
   MailUser=timothyruel2024@u.northwestern.edu MailType=INVALID_DEPEND,BEGIN,END,FAIL,REQUEUE,STAGE_OUT
   
--------------------------------------------------------------------------------
JOB EFFICIENCY 
--------------------------------------------------------------------------------
Job efficiency will be calculated after the job has completed.
===== checkjob (interval) at Thu Jun 12 22:19:21 CDT 2025 =====
--------------------------------------------------------------------------------
JOB INFORMATION 
--------------------------------------------------------------------------------
JobId=5522294 ArrayJobId=5519625 ArrayTaskId=663 JobName=experiment_sim
   UserId=tbr0780(3229) GroupId=tbr0780(4023) MCS_label=N/A
   Priority=20582 Nice=0 Account=p32397 QOS=normal
   JobState=RUNNING Reason=None Dependency=(null)
   Requeue=0 Restarts=0 BatchFlag=1 Reboot=0 ExitCode=0:0
   RunTime=00:11:28 TimeLimit=02:00:00 TimeMin=N/A
   SubmitTime=2025-06-12T19:56:30 EligibleTime=2025-06-12T19:56:31
   AccrueTime=2025-06-12T19:56:31
   StartTime=2025-06-12T22:07:53 EndTime=2025-06-13T00:07:53 Deadline=N/A
   SuspendTime=None SecsPreSuspend=0 LastSchedEval=2025-06-12T22:07:53 Scheduler=Main
   Partition=short AllocNode:Sid=quser43:3646922
   ReqNodeList=(null) ExcNodeList=(null)
   NodeList=qnode3015
   BatchHost=qnode3015
   NumNodes=1 NumCPUs=64 NumTasks=64 CPUs/Task=1 ReqB:S:C:T=0:0:*:*
   ReqTRES=cpu=64,mem=32000M,node=1,billing=288
   AllocTRES=cpu=64,mem=32000M,node=1,billing=288
   Socks/Node=* NtasksPerN:B:S:C=64:0:*:* CoreSpec=*
   MinCPUsNode=64 MinMemoryCPU=500M MinTmpDiskNode=0
   Features=[quest10|quest11|quest12|quest13] DelayBoot=00:00:00
   OverSubscribe=OK Contiguous=0 Licenses=(null) Network=(null)
   Command=/gpfs/home/tbr0780/Dissertation/Integrated_Likelihood_Algorithm/Polytomous_Logistic_Regression/scripts/experiment_sim.sh
   WorkDir=/gpfs/home/tbr0780/Dissertation/Integrated_Likelihood_Algorithm/Polytomous_Logistic_Regression
   StdErr=/dev/null
   StdIn=/dev/null
   StdOut=/dev/null
   MailUser=timothyruel2024@u.northwestern.edu MailType=INVALID_DEPEND,BEGIN,END,FAIL,REQUEUE,STAGE_OUT
   
--------------------------------------------------------------------------------
JOB EFFICIENCY 
--------------------------------------------------------------------------------
Job efficiency will be calculated after the job has completed.
===== checkjob (interval) at Thu Jun 12 22:19:52 CDT 2025 =====
--------------------------------------------------------------------------------
JOB INFORMATION 
--------------------------------------------------------------------------------
JobId=5522294 ArrayJobId=5519625 ArrayTaskId=663 JobName=experiment_sim
   UserId=tbr0780(3229) GroupId=tbr0780(4023) MCS_label=N/A
   Priority=20582 Nice=0 Account=p32397 QOS=normal
   JobState=RUNNING Reason=None Dependency=(null)
   Requeue=0 Restarts=0 BatchFlag=1 Reboot=0 ExitCode=0:0
   RunTime=00:12:01 TimeLimit=02:00:00 TimeMin=N/A
   SubmitTime=2025-06-12T19:56:30 EligibleTime=2025-06-12T19:56:31
   AccrueTime=2025-06-12T19:56:31
   StartTime=2025-06-12T22:07:53 EndTime=2025-06-13T00:07:53 Deadline=N/A
   SuspendTime=None SecsPreSuspend=0 LastSchedEval=2025-06-12T22:07:53 Scheduler=Main
   Partition=short AllocNode:Sid=quser43:3646922
   ReqNodeList=(null) ExcNodeList=(null)
   NodeList=qnode3015
   BatchHost=qnode3015
   NumNodes=1 NumCPUs=64 NumTasks=64 CPUs/Task=1 ReqB:S:C:T=0:0:*:*
   ReqTRES=cpu=64,mem=32000M,node=1,billing=288
   AllocTRES=cpu=64,mem=32000M,node=1,billing=288
   Socks/Node=* NtasksPerN:B:S:C=64:0:*:* CoreSpec=*
   MinCPUsNode=64 MinMemoryCPU=500M MinTmpDiskNode=0
   Features=[quest10|quest11|quest12|quest13] DelayBoot=00:00:00
   OverSubscribe=OK Contiguous=0 Licenses=(null) Network=(null)
   Command=/gpfs/home/tbr0780/Dissertation/Integrated_Likelihood_Algorithm/Polytomous_Logistic_Regression/scripts/experiment_sim.sh
   WorkDir=/gpfs/home/tbr0780/Dissertation/Integrated_Likelihood_Algorithm/Polytomous_Logistic_Regression
   StdErr=/dev/null
   StdIn=/dev/null
   StdOut=/dev/null
   MailUser=timothyruel2024@u.northwestern.edu MailType=INVALID_DEPEND,BEGIN,END,FAIL,REQUEUE,STAGE_OUT
   
--------------------------------------------------------------------------------
JOB EFFICIENCY 
--------------------------------------------------------------------------------
Job efficiency will be calculated after the job has completed.
===== checkjob (interval) at Thu Jun 12 22:20:27 CDT 2025 =====
--------------------------------------------------------------------------------
JOB INFORMATION 
--------------------------------------------------------------------------------
JobId=5522294 ArrayJobId=5519625 ArrayTaskId=663 JobName=experiment_sim
   UserId=tbr0780(3229) GroupId=tbr0780(4023) MCS_label=N/A
   Priority=20582 Nice=0 Account=p32397 QOS=normal
   JobState=RUNNING Reason=None Dependency=(null)
   Requeue=0 Restarts=0 BatchFlag=1 Reboot=0 ExitCode=0:0
   RunTime=00:12:34 TimeLimit=02:00:00 TimeMin=N/A
   SubmitTime=2025-06-12T19:56:30 EligibleTime=2025-06-12T19:56:31
   AccrueTime=2025-06-12T19:56:31
   StartTime=2025-06-12T22:07:53 EndTime=2025-06-13T00:07:53 Deadline=N/A
   SuspendTime=None SecsPreSuspend=0 LastSchedEval=2025-06-12T22:07:53 Scheduler=Main
   Partition=short AllocNode:Sid=quser43:3646922
   ReqNodeList=(null) ExcNodeList=(null)
   NodeList=qnode3015
   BatchHost=qnode3015
   NumNodes=1 NumCPUs=64 NumTasks=64 CPUs/Task=1 ReqB:S:C:T=0:0:*:*
   ReqTRES=cpu=64,mem=32000M,node=1,billing=288
   AllocTRES=cpu=64,mem=32000M,node=1,billing=288
   Socks/Node=* NtasksPerN:B:S:C=64:0:*:* CoreSpec=*
   MinCPUsNode=64 MinMemoryCPU=500M MinTmpDiskNode=0
   Features=[quest10|quest11|quest12|quest13] DelayBoot=00:00:00
   OverSubscribe=OK Contiguous=0 Licenses=(null) Network=(null)
   Command=/gpfs/home/tbr0780/Dissertation/Integrated_Likelihood_Algorithm/Polytomous_Logistic_Regression/scripts/experiment_sim.sh
   WorkDir=/gpfs/home/tbr0780/Dissertation/Integrated_Likelihood_Algorithm/Polytomous_Logistic_Regression
   StdErr=/dev/null
   StdIn=/dev/null
   StdOut=/dev/null
   MailUser=timothyruel2024@u.northwestern.edu MailType=INVALID_DEPEND,BEGIN,END,FAIL,REQUEUE,STAGE_OUT
   
--------------------------------------------------------------------------------
JOB EFFICIENCY 
--------------------------------------------------------------------------------
Job efficiency will be calculated after the job has completed.
===== checkjob (interval) at Thu Jun 12 22:21:00 CDT 2025 =====
--------------------------------------------------------------------------------
JOB INFORMATION 
--------------------------------------------------------------------------------
JobId=5522294 ArrayJobId=5519625 ArrayTaskId=663 JobName=experiment_sim
   UserId=tbr0780(3229) GroupId=tbr0780(4023) MCS_label=N/A
   Priority=20582 Nice=0 Account=p32397 QOS=normal
   JobState=RUNNING Reason=None Dependency=(null)
   Requeue=0 Restarts=0 BatchFlag=1 Reboot=0 ExitCode=0:0
   RunTime=00:13:07 TimeLimit=02:00:00 TimeMin=N/A
   SubmitTime=2025-06-12T19:56:30 EligibleTime=2025-06-12T19:56:31
   AccrueTime=2025-06-12T19:56:31
   StartTime=2025-06-12T22:07:53 EndTime=2025-06-13T00:07:53 Deadline=N/A
   SuspendTime=None SecsPreSuspend=0 LastSchedEval=2025-06-12T22:07:53 Scheduler=Main
   Partition=short AllocNode:Sid=quser43:3646922
   ReqNodeList=(null) ExcNodeList=(null)
   NodeList=qnode3015
   BatchHost=qnode3015
   NumNodes=1 NumCPUs=64 NumTasks=64 CPUs/Task=1 ReqB:S:C:T=0:0:*:*
   ReqTRES=cpu=64,mem=32000M,node=1,billing=288
   AllocTRES=cpu=64,mem=32000M,node=1,billing=288
   Socks/Node=* NtasksPerN:B:S:C=64:0:*:* CoreSpec=*
   MinCPUsNode=64 MinMemoryCPU=500M MinTmpDiskNode=0
   Features=[quest10|quest11|quest12|quest13] DelayBoot=00:00:00
   OverSubscribe=OK Contiguous=0 Licenses=(null) Network=(null)
   Command=/gpfs/home/tbr0780/Dissertation/Integrated_Likelihood_Algorithm/Polytomous_Logistic_Regression/scripts/experiment_sim.sh
   WorkDir=/gpfs/home/tbr0780/Dissertation/Integrated_Likelihood_Algorithm/Polytomous_Logistic_Regression
   StdErr=/dev/null
   StdIn=/dev/null
   StdOut=/dev/null
   MailUser=timothyruel2024@u.northwestern.edu MailType=INVALID_DEPEND,BEGIN,END,FAIL,REQUEUE,STAGE_OUT
   
--------------------------------------------------------------------------------
JOB EFFICIENCY 
--------------------------------------------------------------------------------
Job efficiency will be calculated after the job has completed.
===== checkjob (interval) at Thu Jun 12 22:21:31 CDT 2025 =====
--------------------------------------------------------------------------------
JOB INFORMATION 
--------------------------------------------------------------------------------
JobId=5522294 ArrayJobId=5519625 ArrayTaskId=663 JobName=experiment_sim
   UserId=tbr0780(3229) GroupId=tbr0780(4023) MCS_label=N/A
   Priority=20582 Nice=0 Account=p32397 QOS=normal
   JobState=RUNNING Reason=None Dependency=(null)
   Requeue=0 Restarts=0 BatchFlag=1 Reboot=0 ExitCode=0:0
   RunTime=00:13:39 TimeLimit=02:00:00 TimeMin=N/A
   SubmitTime=2025-06-12T19:56:30 EligibleTime=2025-06-12T19:56:31
   AccrueTime=2025-06-12T19:56:31
   StartTime=2025-06-12T22:07:53 EndTime=2025-06-13T00:07:53 Deadline=N/A
   SuspendTime=None SecsPreSuspend=0 LastSchedEval=2025-06-12T22:07:53 Scheduler=Main
   Partition=short AllocNode:Sid=quser43:3646922
   ReqNodeList=(null) ExcNodeList=(null)
   NodeList=qnode3015
   BatchHost=qnode3015
   NumNodes=1 NumCPUs=64 NumTasks=64 CPUs/Task=1 ReqB:S:C:T=0:0:*:*
   ReqTRES=cpu=64,mem=32000M,node=1,billing=288
   AllocTRES=cpu=64,mem=32000M,node=1,billing=288
   Socks/Node=* NtasksPerN:B:S:C=64:0:*:* CoreSpec=*
   MinCPUsNode=64 MinMemoryCPU=500M MinTmpDiskNode=0
   Features=[quest10|quest11|quest12|quest13] DelayBoot=00:00:00
   OverSubscribe=OK Contiguous=0 Licenses=(null) Network=(null)
   Command=/gpfs/home/tbr0780/Dissertation/Integrated_Likelihood_Algorithm/Polytomous_Logistic_Regression/scripts/experiment_sim.sh
   WorkDir=/gpfs/home/tbr0780/Dissertation/Integrated_Likelihood_Algorithm/Polytomous_Logistic_Regression
   StdErr=/dev/null
   StdIn=/dev/null
   StdOut=/dev/null
   MailUser=timothyruel2024@u.northwestern.edu MailType=INVALID_DEPEND,BEGIN,END,FAIL,REQUEUE,STAGE_OUT
   
--------------------------------------------------------------------------------
JOB EFFICIENCY 
--------------------------------------------------------------------------------
Job efficiency will be calculated after the job has completed.
===== checkjob (interval) at Thu Jun 12 22:22:04 CDT 2025 =====
--------------------------------------------------------------------------------
JOB INFORMATION 
--------------------------------------------------------------------------------
JobId=5522294 ArrayJobId=5519625 ArrayTaskId=663 JobName=experiment_sim
   UserId=tbr0780(3229) GroupId=tbr0780(4023) MCS_label=N/A
   Priority=20582 Nice=0 Account=p32397 QOS=normal
   JobState=RUNNING Reason=None Dependency=(null)
   Requeue=0 Restarts=0 BatchFlag=1 Reboot=0 ExitCode=0:0
   RunTime=00:14:11 TimeLimit=02:00:00 TimeMin=N/A
   SubmitTime=2025-06-12T19:56:30 EligibleTime=2025-06-12T19:56:31
   AccrueTime=2025-06-12T19:56:31
   StartTime=2025-06-12T22:07:53 EndTime=2025-06-13T00:07:53 Deadline=N/A
   SuspendTime=None SecsPreSuspend=0 LastSchedEval=2025-06-12T22:07:53 Scheduler=Main
   Partition=short AllocNode:Sid=quser43:3646922
   ReqNodeList=(null) ExcNodeList=(null)
   NodeList=qnode3015
   BatchHost=qnode3015
   NumNodes=1 NumCPUs=64 NumTasks=64 CPUs/Task=1 ReqB:S:C:T=0:0:*:*
   ReqTRES=cpu=64,mem=32000M,node=1,billing=288
   AllocTRES=cpu=64,mem=32000M,node=1,billing=288
   Socks/Node=* NtasksPerN:B:S:C=64:0:*:* CoreSpec=*
   MinCPUsNode=64 MinMemoryCPU=500M MinTmpDiskNode=0
   Features=[quest10|quest11|quest12|quest13] DelayBoot=00:00:00
   OverSubscribe=OK Contiguous=0 Licenses=(null) Network=(null)
   Command=/gpfs/home/tbr0780/Dissertation/Integrated_Likelihood_Algorithm/Polytomous_Logistic_Regression/scripts/experiment_sim.sh
   WorkDir=/gpfs/home/tbr0780/Dissertation/Integrated_Likelihood_Algorithm/Polytomous_Logistic_Regression
   StdErr=/dev/null
   StdIn=/dev/null
   StdOut=/dev/null
   MailUser=timothyruel2024@u.northwestern.edu MailType=INVALID_DEPEND,BEGIN,END,FAIL,REQUEUE,STAGE_OUT
   
--------------------------------------------------------------------------------
JOB EFFICIENCY 
--------------------------------------------------------------------------------
Job efficiency will be calculated after the job has completed.
===== checkjob (interval) at Thu Jun 12 22:22:39 CDT 2025 =====
--------------------------------------------------------------------------------
JOB INFORMATION 
--------------------------------------------------------------------------------
JobId=5522294 ArrayJobId=5519625 ArrayTaskId=663 JobName=experiment_sim
   UserId=tbr0780(3229) GroupId=tbr0780(4023) MCS_label=N/A
   Priority=20582 Nice=0 Account=p32397 QOS=normal
   JobState=RUNNING Reason=None Dependency=(null)
   Requeue=0 Restarts=0 BatchFlag=1 Reboot=0 ExitCode=0:0
   RunTime=00:14:46 TimeLimit=02:00:00 TimeMin=N/A
   SubmitTime=2025-06-12T19:56:30 EligibleTime=2025-06-12T19:56:31
   AccrueTime=2025-06-12T19:56:31
   StartTime=2025-06-12T22:07:53 EndTime=2025-06-13T00:07:53 Deadline=N/A
   SuspendTime=None SecsPreSuspend=0 LastSchedEval=2025-06-12T22:07:53 Scheduler=Main
   Partition=short AllocNode:Sid=quser43:3646922
   ReqNodeList=(null) ExcNodeList=(null)
   NodeList=qnode3015
   BatchHost=qnode3015
   NumNodes=1 NumCPUs=64 NumTasks=64 CPUs/Task=1 ReqB:S:C:T=0:0:*:*
   ReqTRES=cpu=64,mem=32000M,node=1,billing=288
   AllocTRES=cpu=64,mem=32000M,node=1,billing=288
   Socks/Node=* NtasksPerN:B:S:C=64:0:*:* CoreSpec=*
   MinCPUsNode=64 MinMemoryCPU=500M MinTmpDiskNode=0
   Features=[quest10|quest11|quest12|quest13] DelayBoot=00:00:00
   OverSubscribe=OK Contiguous=0 Licenses=(null) Network=(null)
   Command=/gpfs/home/tbr0780/Dissertation/Integrated_Likelihood_Algorithm/Polytomous_Logistic_Regression/scripts/experiment_sim.sh
   WorkDir=/gpfs/home/tbr0780/Dissertation/Integrated_Likelihood_Algorithm/Polytomous_Logistic_Regression
   StdErr=/dev/null
   StdIn=/dev/null
   StdOut=/dev/null
   MailUser=timothyruel2024@u.northwestern.edu MailType=INVALID_DEPEND,BEGIN,END,FAIL,REQUEUE,STAGE_OUT
   
--------------------------------------------------------------------------------
JOB EFFICIENCY 
--------------------------------------------------------------------------------
Job efficiency will be calculated after the job has completed.
===== checkjob (interval) at Thu Jun 12 22:23:14 CDT 2025 =====
--------------------------------------------------------------------------------
JOB INFORMATION 
--------------------------------------------------------------------------------
JobId=5522294 ArrayJobId=5519625 ArrayTaskId=663 JobName=experiment_sim
   UserId=tbr0780(3229) GroupId=tbr0780(4023) MCS_label=N/A
   Priority=20582 Nice=0 Account=p32397 QOS=normal
   JobState=RUNNING Reason=None Dependency=(null)
   Requeue=0 Restarts=0 BatchFlag=1 Reboot=0 ExitCode=0:0
   RunTime=00:15:21 TimeLimit=02:00:00 TimeMin=N/A
   SubmitTime=2025-06-12T19:56:30 EligibleTime=2025-06-12T19:56:31
   AccrueTime=2025-06-12T19:56:31
   StartTime=2025-06-12T22:07:53 EndTime=2025-06-13T00:07:53 Deadline=N/A
   SuspendTime=None SecsPreSuspend=0 LastSchedEval=2025-06-12T22:07:53 Scheduler=Main
   Partition=short AllocNode:Sid=quser43:3646922
   ReqNodeList=(null) ExcNodeList=(null)
   NodeList=qnode3015
   BatchHost=qnode3015
   NumNodes=1 NumCPUs=64 NumTasks=64 CPUs/Task=1 ReqB:S:C:T=0:0:*:*
   ReqTRES=cpu=64,mem=32000M,node=1,billing=288
   AllocTRES=cpu=64,mem=32000M,node=1,billing=288
   Socks/Node=* NtasksPerN:B:S:C=64:0:*:* CoreSpec=*
   MinCPUsNode=64 MinMemoryCPU=500M MinTmpDiskNode=0
   Features=[quest10|quest11|quest12|quest13] DelayBoot=00:00:00
   OverSubscribe=OK Contiguous=0 Licenses=(null) Network=(null)
   Command=/gpfs/home/tbr0780/Dissertation/Integrated_Likelihood_Algorithm/Polytomous_Logistic_Regression/scripts/experiment_sim.sh
   WorkDir=/gpfs/home/tbr0780/Dissertation/Integrated_Likelihood_Algorithm/Polytomous_Logistic_Regression
   StdErr=/dev/null
   StdIn=/dev/null
   StdOut=/dev/null
   MailUser=timothyruel2024@u.northwestern.edu MailType=INVALID_DEPEND,BEGIN,END,FAIL,REQUEUE,STAGE_OUT
   
--------------------------------------------------------------------------------
JOB EFFICIENCY 
--------------------------------------------------------------------------------
Job efficiency will be calculated after the job has completed.
===== checkjob (interval) at Thu Jun 12 22:23:45 CDT 2025 =====
--------------------------------------------------------------------------------
JOB INFORMATION 
--------------------------------------------------------------------------------
JobId=5522294 ArrayJobId=5519625 ArrayTaskId=663 JobName=experiment_sim
   UserId=tbr0780(3229) GroupId=tbr0780(4023) MCS_label=N/A
   Priority=20582 Nice=0 Account=p32397 QOS=normal
   JobState=RUNNING Reason=None Dependency=(null)
   Requeue=0 Restarts=0 BatchFlag=1 Reboot=0 ExitCode=0:0
   RunTime=00:15:54 TimeLimit=02:00:00 TimeMin=N/A
   SubmitTime=2025-06-12T19:56:30 EligibleTime=2025-06-12T19:56:31
   AccrueTime=2025-06-12T19:56:31
   StartTime=2025-06-12T22:07:53 EndTime=2025-06-13T00:07:53 Deadline=N/A
   SuspendTime=None SecsPreSuspend=0 LastSchedEval=2025-06-12T22:07:53 Scheduler=Main
   Partition=short AllocNode:Sid=quser43:3646922
   ReqNodeList=(null) ExcNodeList=(null)
   NodeList=qnode3015
   BatchHost=qnode3015
   NumNodes=1 NumCPUs=64 NumTasks=64 CPUs/Task=1 ReqB:S:C:T=0:0:*:*
   ReqTRES=cpu=64,mem=32000M,node=1,billing=288
   AllocTRES=cpu=64,mem=32000M,node=1,billing=288
   Socks/Node=* NtasksPerN:B:S:C=64:0:*:* CoreSpec=*
   MinCPUsNode=64 MinMemoryCPU=500M MinTmpDiskNode=0
   Features=[quest10|quest11|quest12|quest13] DelayBoot=00:00:00
   OverSubscribe=OK Contiguous=0 Licenses=(null) Network=(null)
   Command=/gpfs/home/tbr0780/Dissertation/Integrated_Likelihood_Algorithm/Polytomous_Logistic_Regression/scripts/experiment_sim.sh
   WorkDir=/gpfs/home/tbr0780/Dissertation/Integrated_Likelihood_Algorithm/Polytomous_Logistic_Regression
   StdErr=/dev/null
   StdIn=/dev/null
   StdOut=/dev/null
   MailUser=timothyruel2024@u.northwestern.edu MailType=INVALID_DEPEND,BEGIN,END,FAIL,REQUEUE,STAGE_OUT
   
--------------------------------------------------------------------------------
JOB EFFICIENCY 
--------------------------------------------------------------------------------
Job efficiency will be calculated after the job has completed.
===== checkjob (interval) at Thu Jun 12 22:24:17 CDT 2025 =====
--------------------------------------------------------------------------------
JOB INFORMATION 
--------------------------------------------------------------------------------
JobId=5522294 ArrayJobId=5519625 ArrayTaskId=663 JobName=experiment_sim
   UserId=tbr0780(3229) GroupId=tbr0780(4023) MCS_label=N/A
   Priority=20582 Nice=0 Account=p32397 QOS=normal
   JobState=RUNNING Reason=None Dependency=(null)
   Requeue=0 Restarts=0 BatchFlag=1 Reboot=0 ExitCode=0:0
   RunTime=00:16:26 TimeLimit=02:00:00 TimeMin=N/A
   SubmitTime=2025-06-12T19:56:30 EligibleTime=2025-06-12T19:56:31
   AccrueTime=2025-06-12T19:56:31
   StartTime=2025-06-12T22:07:53 EndTime=2025-06-13T00:07:53 Deadline=N/A
   SuspendTime=None SecsPreSuspend=0 LastSchedEval=2025-06-12T22:07:53 Scheduler=Main
   Partition=short AllocNode:Sid=quser43:3646922
   ReqNodeList=(null) ExcNodeList=(null)
   NodeList=qnode3015
   BatchHost=qnode3015
   NumNodes=1 NumCPUs=64 NumTasks=64 CPUs/Task=1 ReqB:S:C:T=0:0:*:*
   ReqTRES=cpu=64,mem=32000M,node=1,billing=288
   AllocTRES=cpu=64,mem=32000M,node=1,billing=288
   Socks/Node=* NtasksPerN:B:S:C=64:0:*:* CoreSpec=*
   MinCPUsNode=64 MinMemoryCPU=500M MinTmpDiskNode=0
   Features=[quest10|quest11|quest12|quest13] DelayBoot=00:00:00
   OverSubscribe=OK Contiguous=0 Licenses=(null) Network=(null)
   Command=/gpfs/home/tbr0780/Dissertation/Integrated_Likelihood_Algorithm/Polytomous_Logistic_Regression/scripts/experiment_sim.sh
   WorkDir=/gpfs/home/tbr0780/Dissertation/Integrated_Likelihood_Algorithm/Polytomous_Logistic_Regression
   StdErr=/dev/null
   StdIn=/dev/null
   StdOut=/dev/null
   MailUser=timothyruel2024@u.northwestern.edu MailType=INVALID_DEPEND,BEGIN,END,FAIL,REQUEUE,STAGE_OUT
   
--------------------------------------------------------------------------------
JOB EFFICIENCY 
--------------------------------------------------------------------------------
Job efficiency will be calculated after the job has completed.
===== checkjob (interval) at Thu Jun 12 22:24:52 CDT 2025 =====
--------------------------------------------------------------------------------
JOB INFORMATION 
--------------------------------------------------------------------------------
JobId=5522294 ArrayJobId=5519625 ArrayTaskId=663 JobName=experiment_sim
   UserId=tbr0780(3229) GroupId=tbr0780(4023) MCS_label=N/A
   Priority=20582 Nice=0 Account=p32397 QOS=normal
   JobState=RUNNING Reason=None Dependency=(null)
   Requeue=0 Restarts=0 BatchFlag=1 Reboot=0 ExitCode=0:0
   RunTime=00:16:59 TimeLimit=02:00:00 TimeMin=N/A
   SubmitTime=2025-06-12T19:56:30 EligibleTime=2025-06-12T19:56:31
   AccrueTime=2025-06-12T19:56:31
   StartTime=2025-06-12T22:07:53 EndTime=2025-06-13T00:07:53 Deadline=N/A
   SuspendTime=None SecsPreSuspend=0 LastSchedEval=2025-06-12T22:07:53 Scheduler=Main
   Partition=short AllocNode:Sid=quser43:3646922
   ReqNodeList=(null) ExcNodeList=(null)
   NodeList=qnode3015
   BatchHost=qnode3015
   NumNodes=1 NumCPUs=64 NumTasks=64 CPUs/Task=1 ReqB:S:C:T=0:0:*:*
   ReqTRES=cpu=64,mem=32000M,node=1,billing=288
   AllocTRES=cpu=64,mem=32000M,node=1,billing=288
   Socks/Node=* NtasksPerN:B:S:C=64:0:*:* CoreSpec=*
   MinCPUsNode=64 MinMemoryCPU=500M MinTmpDiskNode=0
   Features=[quest10|quest11|quest12|quest13] DelayBoot=00:00:00
   OverSubscribe=OK Contiguous=0 Licenses=(null) Network=(null)
   Command=/gpfs/home/tbr0780/Dissertation/Integrated_Likelihood_Algorithm/Polytomous_Logistic_Regression/scripts/experiment_sim.sh
   WorkDir=/gpfs/home/tbr0780/Dissertation/Integrated_Likelihood_Algorithm/Polytomous_Logistic_Regression
   StdErr=/dev/null
   StdIn=/dev/null
   StdOut=/dev/null
   MailUser=timothyruel2024@u.northwestern.edu MailType=INVALID_DEPEND,BEGIN,END,FAIL,REQUEUE,STAGE_OUT
   
--------------------------------------------------------------------------------
JOB EFFICIENCY 
--------------------------------------------------------------------------------
Job efficiency will be calculated after the job has completed.
===== checkjob (interval) at Thu Jun 12 22:25:23 CDT 2025 =====
--------------------------------------------------------------------------------
JOB INFORMATION 
--------------------------------------------------------------------------------
JobId=5522294 ArrayJobId=5519625 ArrayTaskId=663 JobName=experiment_sim
   UserId=tbr0780(3229) GroupId=tbr0780(4023) MCS_label=N/A
   Priority=20582 Nice=0 Account=p32397 QOS=normal
   JobState=RUNNING Reason=None Dependency=(null)
   Requeue=0 Restarts=0 BatchFlag=1 Reboot=0 ExitCode=0:0
   RunTime=00:17:32 TimeLimit=02:00:00 TimeMin=N/A
   SubmitTime=2025-06-12T19:56:30 EligibleTime=2025-06-12T19:56:31
   AccrueTime=2025-06-12T19:56:31
   StartTime=2025-06-12T22:07:53 EndTime=2025-06-13T00:07:53 Deadline=N/A
   SuspendTime=None SecsPreSuspend=0 LastSchedEval=2025-06-12T22:07:53 Scheduler=Main
   Partition=short AllocNode:Sid=quser43:3646922
   ReqNodeList=(null) ExcNodeList=(null)
   NodeList=qnode3015
   BatchHost=qnode3015
   NumNodes=1 NumCPUs=64 NumTasks=64 CPUs/Task=1 ReqB:S:C:T=0:0:*:*
   ReqTRES=cpu=64,mem=32000M,node=1,billing=288
   AllocTRES=cpu=64,mem=32000M,node=1,billing=288
   Socks/Node=* NtasksPerN:B:S:C=64:0:*:* CoreSpec=*
   MinCPUsNode=64 MinMemoryCPU=500M MinTmpDiskNode=0
   Features=[quest10|quest11|quest12|quest13] DelayBoot=00:00:00
   OverSubscribe=OK Contiguous=0 Licenses=(null) Network=(null)
   Command=/gpfs/home/tbr0780/Dissertation/Integrated_Likelihood_Algorithm/Polytomous_Logistic_Regression/scripts/experiment_sim.sh
   WorkDir=/gpfs/home/tbr0780/Dissertation/Integrated_Likelihood_Algorithm/Polytomous_Logistic_Regression
   StdErr=/dev/null
   StdIn=/dev/null
   StdOut=/dev/null
   MailUser=timothyruel2024@u.northwestern.edu MailType=INVALID_DEPEND,BEGIN,END,FAIL,REQUEUE,STAGE_OUT
   
--------------------------------------------------------------------------------
JOB EFFICIENCY 
--------------------------------------------------------------------------------
Job efficiency will be calculated after the job has completed.
===== checkjob (interval) at Thu Jun 12 22:25:55 CDT 2025 =====
--------------------------------------------------------------------------------
JOB INFORMATION 
--------------------------------------------------------------------------------
JobId=5522294 ArrayJobId=5519625 ArrayTaskId=663 JobName=experiment_sim
   UserId=tbr0780(3229) GroupId=tbr0780(4023) MCS_label=N/A
   Priority=20582 Nice=0 Account=p32397 QOS=normal
   JobState=RUNNING Reason=None Dependency=(null)
   Requeue=0 Restarts=0 BatchFlag=1 Reboot=0 ExitCode=0:0
   RunTime=00:18:04 TimeLimit=02:00:00 TimeMin=N/A
   SubmitTime=2025-06-12T19:56:30 EligibleTime=2025-06-12T19:56:31
   AccrueTime=2025-06-12T19:56:31
   StartTime=2025-06-12T22:07:53 EndTime=2025-06-13T00:07:53 Deadline=N/A
   SuspendTime=None SecsPreSuspend=0 LastSchedEval=2025-06-12T22:07:53 Scheduler=Main
   Partition=short AllocNode:Sid=quser43:3646922
   ReqNodeList=(null) ExcNodeList=(null)
   NodeList=qnode3015
   BatchHost=qnode3015
   NumNodes=1 NumCPUs=64 NumTasks=64 CPUs/Task=1 ReqB:S:C:T=0:0:*:*
   ReqTRES=cpu=64,mem=32000M,node=1,billing=288
   AllocTRES=cpu=64,mem=32000M,node=1,billing=288
   Socks/Node=* NtasksPerN:B:S:C=64:0:*:* CoreSpec=*
   MinCPUsNode=64 MinMemoryCPU=500M MinTmpDiskNode=0
   Features=[quest10|quest11|quest12|quest13] DelayBoot=00:00:00
   OverSubscribe=OK Contiguous=0 Licenses=(null) Network=(null)
   Command=/gpfs/home/tbr0780/Dissertation/Integrated_Likelihood_Algorithm/Polytomous_Logistic_Regression/scripts/experiment_sim.sh
   WorkDir=/gpfs/home/tbr0780/Dissertation/Integrated_Likelihood_Algorithm/Polytomous_Logistic_Regression
   StdErr=/dev/null
   StdIn=/dev/null
   StdOut=/dev/null
   MailUser=timothyruel2024@u.northwestern.edu MailType=INVALID_DEPEND,BEGIN,END,FAIL,REQUEUE,STAGE_OUT
   
--------------------------------------------------------------------------------
JOB EFFICIENCY 
--------------------------------------------------------------------------------
Job efficiency will be calculated after the job has completed.
===== checkjob (interval) at Thu Jun 12 22:26:28 CDT 2025 =====
--------------------------------------------------------------------------------
JOB INFORMATION 
--------------------------------------------------------------------------------
JobId=5522294 ArrayJobId=5519625 ArrayTaskId=663 JobName=experiment_sim
   UserId=tbr0780(3229) GroupId=tbr0780(4023) MCS_label=N/A
   Priority=20582 Nice=0 Account=p32397 QOS=normal
   JobState=RUNNING Reason=None Dependency=(null)
   Requeue=0 Restarts=0 BatchFlag=1 Reboot=0 ExitCode=0:0
   RunTime=00:18:35 TimeLimit=02:00:00 TimeMin=N/A
   SubmitTime=2025-06-12T19:56:30 EligibleTime=2025-06-12T19:56:31
   AccrueTime=2025-06-12T19:56:31
   StartTime=2025-06-12T22:07:53 EndTime=2025-06-13T00:07:53 Deadline=N/A
   SuspendTime=None SecsPreSuspend=0 LastSchedEval=2025-06-12T22:07:53 Scheduler=Main
   Partition=short AllocNode:Sid=quser43:3646922
   ReqNodeList=(null) ExcNodeList=(null)
   NodeList=qnode3015
   BatchHost=qnode3015
   NumNodes=1 NumCPUs=64 NumTasks=64 CPUs/Task=1 ReqB:S:C:T=0:0:*:*
   ReqTRES=cpu=64,mem=32000M,node=1,billing=288
   AllocTRES=cpu=64,mem=32000M,node=1,billing=288
   Socks/Node=* NtasksPerN:B:S:C=64:0:*:* CoreSpec=*
   MinCPUsNode=64 MinMemoryCPU=500M MinTmpDiskNode=0
   Features=[quest10|quest11|quest12|quest13] DelayBoot=00:00:00
   OverSubscribe=OK Contiguous=0 Licenses=(null) Network=(null)
   Command=/gpfs/home/tbr0780/Dissertation/Integrated_Likelihood_Algorithm/Polytomous_Logistic_Regression/scripts/experiment_sim.sh
   WorkDir=/gpfs/home/tbr0780/Dissertation/Integrated_Likelihood_Algorithm/Polytomous_Logistic_Regression
   StdErr=/dev/null
   StdIn=/dev/null
   StdOut=/dev/null
   MailUser=timothyruel2024@u.northwestern.edu MailType=INVALID_DEPEND,BEGIN,END,FAIL,REQUEUE,STAGE_OUT
   
--------------------------------------------------------------------------------
JOB EFFICIENCY 
--------------------------------------------------------------------------------
Job efficiency will be calculated after the job has completed.
===== checkjob (interval) at Thu Jun 12 22:26:58 CDT 2025 =====
--------------------------------------------------------------------------------
JOB INFORMATION 
--------------------------------------------------------------------------------
JobId=5522294 ArrayJobId=5519625 ArrayTaskId=663 JobName=experiment_sim
   UserId=tbr0780(3229) GroupId=tbr0780(4023) MCS_label=N/A
   Priority=20582 Nice=0 Account=p32397 QOS=normal
   JobState=RUNNING Reason=None Dependency=(null)
   Requeue=0 Restarts=0 BatchFlag=1 Reboot=0 ExitCode=0:0
   RunTime=00:19:06 TimeLimit=02:00:00 TimeMin=N/A
   SubmitTime=2025-06-12T19:56:30 EligibleTime=2025-06-12T19:56:31
   AccrueTime=2025-06-12T19:56:31
   StartTime=2025-06-12T22:07:53 EndTime=2025-06-13T00:07:53 Deadline=N/A
   SuspendTime=None SecsPreSuspend=0 LastSchedEval=2025-06-12T22:07:53 Scheduler=Main
   Partition=short AllocNode:Sid=quser43:3646922
   ReqNodeList=(null) ExcNodeList=(null)
   NodeList=qnode3015
   BatchHost=qnode3015
   NumNodes=1 NumCPUs=64 NumTasks=64 CPUs/Task=1 ReqB:S:C:T=0:0:*:*
   ReqTRES=cpu=64,mem=32000M,node=1,billing=288
   AllocTRES=cpu=64,mem=32000M,node=1,billing=288
   Socks/Node=* NtasksPerN:B:S:C=64:0:*:* CoreSpec=*
   MinCPUsNode=64 MinMemoryCPU=500M MinTmpDiskNode=0
   Features=[quest10|quest11|quest12|quest13] DelayBoot=00:00:00
   OverSubscribe=OK Contiguous=0 Licenses=(null) Network=(null)
   Command=/gpfs/home/tbr0780/Dissertation/Integrated_Likelihood_Algorithm/Polytomous_Logistic_Regression/scripts/experiment_sim.sh
   WorkDir=/gpfs/home/tbr0780/Dissertation/Integrated_Likelihood_Algorithm/Polytomous_Logistic_Regression
   StdErr=/dev/null
   StdIn=/dev/null
   StdOut=/dev/null
   MailUser=timothyruel2024@u.northwestern.edu MailType=INVALID_DEPEND,BEGIN,END,FAIL,REQUEUE,STAGE_OUT
   
--------------------------------------------------------------------------------
JOB EFFICIENCY 
--------------------------------------------------------------------------------
Job efficiency will be calculated after the job has completed.
===== checkjob (interval) at Thu Jun 12 22:27:29 CDT 2025 =====
--------------------------------------------------------------------------------
JOB INFORMATION 
--------------------------------------------------------------------------------
JobId=5522294 ArrayJobId=5519625 ArrayTaskId=663 JobName=experiment_sim
   UserId=tbr0780(3229) GroupId=tbr0780(4023) MCS_label=N/A
   Priority=20582 Nice=0 Account=p32397 QOS=normal
   JobState=RUNNING Reason=None Dependency=(null)
   Requeue=0 Restarts=0 BatchFlag=1 Reboot=0 ExitCode=0:0
   RunTime=00:19:38 TimeLimit=02:00:00 TimeMin=N/A
   SubmitTime=2025-06-12T19:56:30 EligibleTime=2025-06-12T19:56:31
   AccrueTime=2025-06-12T19:56:31
   StartTime=2025-06-12T22:07:53 EndTime=2025-06-13T00:07:53 Deadline=N/A
   SuspendTime=None SecsPreSuspend=0 LastSchedEval=2025-06-12T22:07:53 Scheduler=Main
   Partition=short AllocNode:Sid=quser43:3646922
   ReqNodeList=(null) ExcNodeList=(null)
   NodeList=qnode3015
   BatchHost=qnode3015
   NumNodes=1 NumCPUs=64 NumTasks=64 CPUs/Task=1 ReqB:S:C:T=0:0:*:*
   ReqTRES=cpu=64,mem=32000M,node=1,billing=288
   AllocTRES=cpu=64,mem=32000M,node=1,billing=288
   Socks/Node=* NtasksPerN:B:S:C=64:0:*:* CoreSpec=*
   MinCPUsNode=64 MinMemoryCPU=500M MinTmpDiskNode=0
   Features=[quest10|quest11|quest12|quest13] DelayBoot=00:00:00
   OverSubscribe=OK Contiguous=0 Licenses=(null) Network=(null)
   Command=/gpfs/home/tbr0780/Dissertation/Integrated_Likelihood_Algorithm/Polytomous_Logistic_Regression/scripts/experiment_sim.sh
   WorkDir=/gpfs/home/tbr0780/Dissertation/Integrated_Likelihood_Algorithm/Polytomous_Logistic_Regression
   StdErr=/dev/null
   StdIn=/dev/null
   StdOut=/dev/null
   MailUser=timothyruel2024@u.northwestern.edu MailType=INVALID_DEPEND,BEGIN,END,FAIL,REQUEUE,STAGE_OUT
   
--------------------------------------------------------------------------------
JOB EFFICIENCY 
--------------------------------------------------------------------------------
Job efficiency will be calculated after the job has completed.
===== checkjob (interval) at Thu Jun 12 22:28:04 CDT 2025 =====
--------------------------------------------------------------------------------
JOB INFORMATION 
--------------------------------------------------------------------------------
JobId=5522294 ArrayJobId=5519625 ArrayTaskId=663 JobName=experiment_sim
   UserId=tbr0780(3229) GroupId=tbr0780(4023) MCS_label=N/A
   Priority=20582 Nice=0 Account=p32397 QOS=normal
   JobState=RUNNING Reason=None Dependency=(null)
   Requeue=0 Restarts=0 BatchFlag=1 Reboot=0 ExitCode=0:0
   RunTime=00:20:11 TimeLimit=02:00:00 TimeMin=N/A
   SubmitTime=2025-06-12T19:56:30 EligibleTime=2025-06-12T19:56:31
   AccrueTime=2025-06-12T19:56:31
   StartTime=2025-06-12T22:07:53 EndTime=2025-06-13T00:07:53 Deadline=N/A
   SuspendTime=None SecsPreSuspend=0 LastSchedEval=2025-06-12T22:07:53 Scheduler=Main
   Partition=short AllocNode:Sid=quser43:3646922
   ReqNodeList=(null) ExcNodeList=(null)
   NodeList=qnode3015
   BatchHost=qnode3015
   NumNodes=1 NumCPUs=64 NumTasks=64 CPUs/Task=1 ReqB:S:C:T=0:0:*:*
   ReqTRES=cpu=64,mem=32000M,node=1,billing=288
   AllocTRES=cpu=64,mem=32000M,node=1,billing=288
   Socks/Node=* NtasksPerN:B:S:C=64:0:*:* CoreSpec=*
   MinCPUsNode=64 MinMemoryCPU=500M MinTmpDiskNode=0
   Features=[quest10|quest11|quest12|quest13] DelayBoot=00:00:00
   OverSubscribe=OK Contiguous=0 Licenses=(null) Network=(null)
   Command=/gpfs/home/tbr0780/Dissertation/Integrated_Likelihood_Algorithm/Polytomous_Logistic_Regression/scripts/experiment_sim.sh
   WorkDir=/gpfs/home/tbr0780/Dissertation/Integrated_Likelihood_Algorithm/Polytomous_Logistic_Regression
   StdErr=/dev/null
   StdIn=/dev/null
   StdOut=/dev/null
   MailUser=timothyruel2024@u.northwestern.edu MailType=INVALID_DEPEND,BEGIN,END,FAIL,REQUEUE,STAGE_OUT
   
--------------------------------------------------------------------------------
JOB EFFICIENCY 
--------------------------------------------------------------------------------
Job efficiency will be calculated after the job has completed.
===== checkjob (interval) at Thu Jun 12 22:28:36 CDT 2025 =====
--------------------------------------------------------------------------------
JOB INFORMATION 
--------------------------------------------------------------------------------
JobId=5522294 ArrayJobId=5519625 ArrayTaskId=663 JobName=experiment_sim
   UserId=tbr0780(3229) GroupId=tbr0780(4023) MCS_label=N/A
   Priority=20582 Nice=0 Account=p32397 QOS=normal
   JobState=RUNNING Reason=None Dependency=(null)
   Requeue=0 Restarts=0 BatchFlag=1 Reboot=0 ExitCode=0:0
   RunTime=00:20:43 TimeLimit=02:00:00 TimeMin=N/A
   SubmitTime=2025-06-12T19:56:30 EligibleTime=2025-06-12T19:56:31
   AccrueTime=2025-06-12T19:56:31
   StartTime=2025-06-12T22:07:53 EndTime=2025-06-13T00:07:53 Deadline=N/A
   SuspendTime=None SecsPreSuspend=0 LastSchedEval=2025-06-12T22:07:53 Scheduler=Main
   Partition=short AllocNode:Sid=quser43:3646922
   ReqNodeList=(null) ExcNodeList=(null)
   NodeList=qnode3015
   BatchHost=qnode3015
   NumNodes=1 NumCPUs=64 NumTasks=64 CPUs/Task=1 ReqB:S:C:T=0:0:*:*
   ReqTRES=cpu=64,mem=32000M,node=1,billing=288
   AllocTRES=cpu=64,mem=32000M,node=1,billing=288
   Socks/Node=* NtasksPerN:B:S:C=64:0:*:* CoreSpec=*
   MinCPUsNode=64 MinMemoryCPU=500M MinTmpDiskNode=0
   Features=[quest10|quest11|quest12|quest13] DelayBoot=00:00:00
   OverSubscribe=OK Contiguous=0 Licenses=(null) Network=(null)
   Command=/gpfs/home/tbr0780/Dissertation/Integrated_Likelihood_Algorithm/Polytomous_Logistic_Regression/scripts/experiment_sim.sh
   WorkDir=/gpfs/home/tbr0780/Dissertation/Integrated_Likelihood_Algorithm/Polytomous_Logistic_Regression
   StdErr=/dev/null
   StdIn=/dev/null
   StdOut=/dev/null
   MailUser=timothyruel2024@u.northwestern.edu MailType=INVALID_DEPEND,BEGIN,END,FAIL,REQUEUE,STAGE_OUT
   
--------------------------------------------------------------------------------
JOB EFFICIENCY 
--------------------------------------------------------------------------------
Job efficiency will be calculated after the job has completed.
===== checkjob (interval) at Thu Jun 12 22:29:07 CDT 2025 =====
--------------------------------------------------------------------------------
JOB INFORMATION 
--------------------------------------------------------------------------------
JobId=5522294 ArrayJobId=5519625 ArrayTaskId=663 JobName=experiment_sim
   UserId=tbr0780(3229) GroupId=tbr0780(4023) MCS_label=N/A
   Priority=20582 Nice=0 Account=p32397 QOS=normal
   JobState=RUNNING Reason=None Dependency=(null)
   Requeue=0 Restarts=0 BatchFlag=1 Reboot=0 ExitCode=0:0
   RunTime=00:21:14 TimeLimit=02:00:00 TimeMin=N/A
   SubmitTime=2025-06-12T19:56:30 EligibleTime=2025-06-12T19:56:31
   AccrueTime=2025-06-12T19:56:31
   StartTime=2025-06-12T22:07:53 EndTime=2025-06-13T00:07:53 Deadline=N/A
   SuspendTime=None SecsPreSuspend=0 LastSchedEval=2025-06-12T22:07:53 Scheduler=Main
   Partition=short AllocNode:Sid=quser43:3646922
   ReqNodeList=(null) ExcNodeList=(null)
   NodeList=qnode3015
   BatchHost=qnode3015
   NumNodes=1 NumCPUs=64 NumTasks=64 CPUs/Task=1 ReqB:S:C:T=0:0:*:*
   ReqTRES=cpu=64,mem=32000M,node=1,billing=288
   AllocTRES=cpu=64,mem=32000M,node=1,billing=288
   Socks/Node=* NtasksPerN:B:S:C=64:0:*:* CoreSpec=*
   MinCPUsNode=64 MinMemoryCPU=500M MinTmpDiskNode=0
   Features=[quest10|quest11|quest12|quest13] DelayBoot=00:00:00
   OverSubscribe=OK Contiguous=0 Licenses=(null) Network=(null)
   Command=/gpfs/home/tbr0780/Dissertation/Integrated_Likelihood_Algorithm/Polytomous_Logistic_Regression/scripts/experiment_sim.sh
   WorkDir=/gpfs/home/tbr0780/Dissertation/Integrated_Likelihood_Algorithm/Polytomous_Logistic_Regression
   StdErr=/dev/null
   StdIn=/dev/null
   StdOut=/dev/null
   MailUser=timothyruel2024@u.northwestern.edu MailType=INVALID_DEPEND,BEGIN,END,FAIL,REQUEUE,STAGE_OUT
   
--------------------------------------------------------------------------------
JOB EFFICIENCY 
--------------------------------------------------------------------------------
Job efficiency will be calculated after the job has completed.
