📌 Logging to experiments/exp_v1.0.0/simulations/sim_01/iter_0644/logs/slurm_log.out
🔁 Running Iteration 644 of Simulation 1 in Experiment v1.0.0 with 64 cores...
here() starts at /gpfs/home/tbr0780/Dissertation
[INFO] True parameters already exist — skipping generation.
[INFO] Loading Beta_0 from /experiments/exp_v1.0.0/true_params
[INFO] Generating new data for run: iter_0644
[INFO] Saved config snapshot to /experiments/exp_v1.0.0/simulations/sim_01/iter_0644
Running experiment...
✓ Experiment results saved to /experiments/exp_v1.0.0/simulations/sim_01/iter_0644/results
✓ Run completed
===== FINAL SEFF OUTPUT for Job 5924278 =====
(Logged at Wed Jun 18 20:18:56 CDT 2025)
Job ID: 5924278
Array Job ID: 5858372_643
Cluster: quest
User/Group: tbr0780/tbr0780
State: RUNNING
Nodes: 1
Cores per node: 64
CPU Utilized: 00:00:00
CPU Efficiency: 0.00% of 1-02:32:32 core-walltime
Job Wall-clock time: 00:24:53
Memory Utilized: 0.00 MB (estimated maximum)
Memory Efficiency: 0.00% of 31.25 GB (500.00 MB/core)
WARNING: Efficiency statistics may be misleading for RUNNING jobs.
===== FINAL CHECKJOB OUTPUT for Job 5924278 =====
(Logged at Wed Jun 18 20:18:58 CDT 2025)
--------------------------------------------------------------------------------
JOB INFORMATION 
--------------------------------------------------------------------------------
JobId=5924278 ArrayJobId=5858372 ArrayTaskId=643 JobName=experiment_sim
   UserId=tbr0780(3229) GroupId=tbr0780(4023) MCS_label=N/A
   Priority=19535 Nice=0 Account=p32397 QOS=normal
   JobState=RUNNING Reason=None Dependency=(null)
   Requeue=0 Restarts=0 BatchFlag=1 Reboot=0 ExitCode=0:0
   RunTime=00:24:53 TimeLimit=02:00:00 TimeMin=N/A
   SubmitTime=2025-06-18T15:19:09 EligibleTime=2025-06-18T15:19:11
   AccrueTime=2025-06-18T15:19:11
   StartTime=2025-06-18T19:54:05 EndTime=2025-06-18T21:54:05 Deadline=N/A
   SuspendTime=None SecsPreSuspend=0 LastSchedEval=2025-06-18T19:54:05 Scheduler=Backfill
   Partition=short AllocNode:Sid=quser41:3973193
   ReqNodeList=(null) ExcNodeList=(null)
   NodeList=qnode3030
   BatchHost=qnode3030
   NumNodes=1 NumCPUs=64 NumTasks=64 CPUs/Task=1 ReqB:S:C:T=0:0:*:*
   ReqTRES=cpu=64,mem=32000M,node=1,billing=288
   AllocTRES=cpu=64,mem=32000M,node=1,billing=288
   Socks/Node=* NtasksPerN:B:S:C=64:0:*:* CoreSpec=*
   MinCPUsNode=64 MinMemoryCPU=500M MinTmpDiskNode=0
   Features=[quest10|quest11|quest12|quest13] DelayBoot=00:00:00
   OverSubscribe=OK Contiguous=0 Licenses=(null) Network=(null)
   Command=/gpfs/home/tbr0780/Dissertation/Integrated_Likelihood_Algorithm/Polytomous_Logistic_Regression/scripts/experiment_sim.sh
   WorkDir=/gpfs/home/tbr0780/Dissertation/Integrated_Likelihood_Algorithm/Polytomous_Logistic_Regression
   StdErr=/dev/null
   StdIn=/dev/null
   StdOut=/dev/null
   MailUser=timothyruel2024@u.northwestern.edu MailType=INVALID_DEPEND,BEGIN,END,FAIL,REQUEUE,STAGE_OUT
   
--------------------------------------------------------------------------------
JOB EFFICIENCY 
--------------------------------------------------------------------------------
Job efficiency will be calculated after the job has completed.
===== SACCT OUTPUT for Job 5924278 =====
(Logged at Wed Jun 18 20:19:01 CDT 2025)
JobID                     JobName    Elapsed     MaxRSS     ReqMem  AllocCPUS      State 
------------ -------------------- ---------- ---------- ---------- ---------- ---------- 
5858372_643        experiment_sim   00:24:56                32000M         64    RUNNING 
5858372_643+                batch   00:24:56                               64    RUNNING 
5858372_643+               extern   00:24:56                               64    RUNNING 
===== SYSTEM MEMORY (free -h) =====
(Logged at Wed Jun 18 20:19:01 CDT 2025)
              total        used        free      shared  buff/cache   available
Mem:          503Gi        43Gi       452Gi       5.9Gi       7.6Gi       449Gi
Swap:          31Gi       1.5Gi        30Gi
===== SYSTEM LOAD (uptime) =====
(Logged at Wed Jun 18 20:19:01 CDT 2025)
 20:19:01 up 87 days, 23:33,  0 users,  load average: 71.77, 101.39, 105.96
===== SYSTEM PROCESSES (top -b -n 1) =====
(Logged at Wed Jun 18 20:19:01 CDT 2025)
top - 20:19:01 up 87 days, 23:33,  0 users,  load average: 71.77, 101.39, 105.96
Tasks: 1296 total,  65 running, 1231 sleeping,   0 stopped,   0 zombie
%Cpu(s): 49.7 us,  0.2 sy,  0.0 ni, 49.8 id,  0.0 wa,  0.2 hi,  0.0 si,  0.0 st
MiB Mem : 515679.4 total, 463454.4 free,  44418.5 used,   7806.6 buff/cache
MiB Swap:  32768.0 total,  31263.3 free,   1504.7 used. 460361.4 avail Mem 

    PID USER      PR  NI    VIRT    RES    SHR S  %CPU  %MEM     TIME+ COMMAND
2638874 tbr0780   20   0  633652 336188  11884 R 100.0   0.1  24:44.81 R
2638827 tbr0780   20   0  628772 331304  11880 R 100.0   0.1  24:47.03 R
2638829 tbr0780   20   0  631196 333728  11880 R 100.0   0.1  24:47.08 R
2638830 tbr0780   20   0  631924 334460  11884 R 100.0   0.1  24:45.89 R
2638831 tbr0780   20   0  633808 336452  11992 R 100.0   0.1  24:44.98 R
2638835 tbr0780   20   0  638952 341596  11992 R 100.0   0.1  24:43.96 R
2638836 tbr0780   20   0  640320 342964  11992 R 100.0   0.1  24:43.62 R
2638837 tbr0780   20   0  641712 344356  11992 R 100.0   0.1  24:43.65 R
2638838 tbr0780   20   0  643104 345636  11880 R 100.0   0.1  24:44.78 R
2638839 tbr0780   20   0  644536 347068  11880 R 100.0   0.1  24:45.68 R
2638840 tbr0780   20   0  645736 348272  11884 R 100.0   0.1  24:44.71 R
2638842 tbr0780   20   0  648780 351320  11888 R 100.0   0.1  24:45.00 R
2638843 tbr0780   20   0  650236 352880  11992 R 100.0   0.1  24:40.75 R
2638844 tbr0780   20   0  651816 354360  11892 R 100.0   0.1  24:45.50 R
2638845 tbr0780   20   0  654360 357004  11992 R 100.0   0.1  24:47.24 R
2638846 tbr0780   20   0  656688 359240  11900 R 100.0   0.1  24:45.85 R
2638847 tbr0780   20   0  655212 357856  11992 R 100.0   0.1  24:47.16 R
2638849 tbr0780   20   0  654008 356544  11884 R 100.0   0.1  22:33.66 R
2638850 tbr0780   20   0  653840 356372  11880 R 100.0   0.1  24:45.51 R
2638851 tbr0780   20   0  650456 353100  11992 R 100.0   0.1  24:47.31 R
2638852 tbr0780   20   0  648480 351016  11884 R 100.0   0.1  24:45.69 R
2638853 tbr0780   20   0  647324 349856  11880 R 100.0   0.1  24:47.11 R
2638855 tbr0780   20   0  642564 345100  11884 R 100.0   0.1  24:47.28 R
2638856 tbr0780   20   0  636324 338860  11884 R 100.0   0.1  24:45.27 R
2638857 tbr0780   20   0  634588 337232  11992 R 100.0   0.1  24:33.75 R
2638858 tbr0780   20   0  636224 338760  11884 R 100.0   0.1  24:45.70 R
2638859 tbr0780   20   0  636644 339288  11992 R 100.0   0.1  24:46.06 R
2638860 tbr0780   20   0  635200 337844  11992 R 100.0   0.1  24:45.56 R
2638861 tbr0780   20   0  633476 336120  11992 R 100.0   0.1  24:40.40 R
2638863 tbr0780   20   0  633448 336092  11992 R 100.0   0.1  24:44.45 R
2638864 tbr0780   20   0  633548 336084  11884 R 100.0   0.1  24:44.84 R
2638865 tbr0780   20   0  668280 370924  11992 R 100.0   0.1  24:43.60 R
2638866 tbr0780   20   0  633520 336056  11884 R 100.0   0.1  24:44.97 R
===== BACKGROUND CHECKJOB MONITOR LOG =====
===== checkjob (interval) at Wed Jun 18 19:57:07 CDT 2025 =====
--------------------------------------------------------------------------------
JOB INFORMATION 
--------------------------------------------------------------------------------
JobId=5924278 ArrayJobId=5858372 ArrayTaskId=643 JobName=experiment_sim
   UserId=tbr0780(3229) GroupId=tbr0780(4023) MCS_label=N/A
   Priority=19535 Nice=0 Account=p32397 QOS=normal
   JobState=RUNNING Reason=None Dependency=(null)
   Requeue=0 Restarts=0 BatchFlag=1 Reboot=0 ExitCode=0:0
   RunTime=00:03:03 TimeLimit=02:00:00 TimeMin=N/A
   SubmitTime=2025-06-18T15:19:09 EligibleTime=2025-06-18T15:19:11
   AccrueTime=2025-06-18T15:19:11
   StartTime=2025-06-18T19:54:05 EndTime=2025-06-18T21:54:05 Deadline=N/A
   SuspendTime=None SecsPreSuspend=0 LastSchedEval=2025-06-18T19:54:05 Scheduler=Backfill
   Partition=short AllocNode:Sid=quser41:3973193
   ReqNodeList=(null) ExcNodeList=(null)
   NodeList=qnode3030
   BatchHost=qnode3030
   NumNodes=1 NumCPUs=64 NumTasks=64 CPUs/Task=1 ReqB:S:C:T=0:0:*:*
   ReqTRES=cpu=64,mem=32000M,node=1,billing=288
   AllocTRES=cpu=64,mem=32000M,node=1,billing=288
   Socks/Node=* NtasksPerN:B:S:C=64:0:*:* CoreSpec=*
   MinCPUsNode=64 MinMemoryCPU=500M MinTmpDiskNode=0
   Features=[quest10|quest11|quest12|quest13] DelayBoot=00:00:00
   OverSubscribe=OK Contiguous=0 Licenses=(null) Network=(null)
   Command=/gpfs/home/tbr0780/Dissertation/Integrated_Likelihood_Algorithm/Polytomous_Logistic_Regression/scripts/experiment_sim.sh
   WorkDir=/gpfs/home/tbr0780/Dissertation/Integrated_Likelihood_Algorithm/Polytomous_Logistic_Regression
   StdErr=/dev/null
   StdIn=/dev/null
   StdOut=/dev/null
   MailUser=timothyruel2024@u.northwestern.edu MailType=INVALID_DEPEND,BEGIN,END,FAIL,REQUEUE,STAGE_OUT
   
--------------------------------------------------------------------------------
JOB EFFICIENCY 
--------------------------------------------------------------------------------
Job efficiency will be calculated after the job has completed.
===== checkjob (interval) at Wed Jun 18 19:57:39 CDT 2025 =====
--------------------------------------------------------------------------------
JOB INFORMATION 
--------------------------------------------------------------------------------
JobId=5924278 ArrayJobId=5858372 ArrayTaskId=643 JobName=experiment_sim
   UserId=tbr0780(3229) GroupId=tbr0780(4023) MCS_label=N/A
   Priority=19535 Nice=0 Account=p32397 QOS=normal
   JobState=RUNNING Reason=None Dependency=(null)
   Requeue=0 Restarts=0 BatchFlag=1 Reboot=0 ExitCode=0:0
   RunTime=00:03:34 TimeLimit=02:00:00 TimeMin=N/A
   SubmitTime=2025-06-18T15:19:09 EligibleTime=2025-06-18T15:19:11
   AccrueTime=2025-06-18T15:19:11
   StartTime=2025-06-18T19:54:05 EndTime=2025-06-18T21:54:05 Deadline=N/A
   SuspendTime=None SecsPreSuspend=0 LastSchedEval=2025-06-18T19:54:05 Scheduler=Backfill
   Partition=short AllocNode:Sid=quser41:3973193
   ReqNodeList=(null) ExcNodeList=(null)
   NodeList=qnode3030
   BatchHost=qnode3030
   NumNodes=1 NumCPUs=64 NumTasks=64 CPUs/Task=1 ReqB:S:C:T=0:0:*:*
   ReqTRES=cpu=64,mem=32000M,node=1,billing=288
   AllocTRES=cpu=64,mem=32000M,node=1,billing=288
   Socks/Node=* NtasksPerN:B:S:C=64:0:*:* CoreSpec=*
   MinCPUsNode=64 MinMemoryCPU=500M MinTmpDiskNode=0
   Features=[quest10|quest11|quest12|quest13] DelayBoot=00:00:00
   OverSubscribe=OK Contiguous=0 Licenses=(null) Network=(null)
   Command=/gpfs/home/tbr0780/Dissertation/Integrated_Likelihood_Algorithm/Polytomous_Logistic_Regression/scripts/experiment_sim.sh
   WorkDir=/gpfs/home/tbr0780/Dissertation/Integrated_Likelihood_Algorithm/Polytomous_Logistic_Regression
   StdErr=/dev/null
   StdIn=/dev/null
   StdOut=/dev/null
   MailUser=timothyruel2024@u.northwestern.edu MailType=INVALID_DEPEND,BEGIN,END,FAIL,REQUEUE,STAGE_OUT
   
--------------------------------------------------------------------------------
JOB EFFICIENCY 
--------------------------------------------------------------------------------
Job efficiency will be calculated after the job has completed.
===== checkjob (interval) at Wed Jun 18 19:58:12 CDT 2025 =====
--------------------------------------------------------------------------------
JOB INFORMATION 
--------------------------------------------------------------------------------
JobId=5924278 ArrayJobId=5858372 ArrayTaskId=643 JobName=experiment_sim
   UserId=tbr0780(3229) GroupId=tbr0780(4023) MCS_label=N/A
   Priority=19535 Nice=0 Account=p32397 QOS=normal
   JobState=RUNNING Reason=None Dependency=(null)
   Requeue=0 Restarts=0 BatchFlag=1 Reboot=0 ExitCode=0:0
   RunTime=00:04:09 TimeLimit=02:00:00 TimeMin=N/A
   SubmitTime=2025-06-18T15:19:09 EligibleTime=2025-06-18T15:19:11
   AccrueTime=2025-06-18T15:19:11
   StartTime=2025-06-18T19:54:05 EndTime=2025-06-18T21:54:05 Deadline=N/A
   SuspendTime=None SecsPreSuspend=0 LastSchedEval=2025-06-18T19:54:05 Scheduler=Backfill
   Partition=short AllocNode:Sid=quser41:3973193
   ReqNodeList=(null) ExcNodeList=(null)
   NodeList=qnode3030
   BatchHost=qnode3030
   NumNodes=1 NumCPUs=64 NumTasks=64 CPUs/Task=1 ReqB:S:C:T=0:0:*:*
   ReqTRES=cpu=64,mem=32000M,node=1,billing=288
   AllocTRES=cpu=64,mem=32000M,node=1,billing=288
   Socks/Node=* NtasksPerN:B:S:C=64:0:*:* CoreSpec=*
   MinCPUsNode=64 MinMemoryCPU=500M MinTmpDiskNode=0
   Features=[quest10|quest11|quest12|quest13] DelayBoot=00:00:00
   OverSubscribe=OK Contiguous=0 Licenses=(null) Network=(null)
   Command=/gpfs/home/tbr0780/Dissertation/Integrated_Likelihood_Algorithm/Polytomous_Logistic_Regression/scripts/experiment_sim.sh
   WorkDir=/gpfs/home/tbr0780/Dissertation/Integrated_Likelihood_Algorithm/Polytomous_Logistic_Regression
   StdErr=/dev/null
   StdIn=/dev/null
   StdOut=/dev/null
   MailUser=timothyruel2024@u.northwestern.edu MailType=INVALID_DEPEND,BEGIN,END,FAIL,REQUEUE,STAGE_OUT
   
--------------------------------------------------------------------------------
JOB EFFICIENCY 
--------------------------------------------------------------------------------
Job efficiency will be calculated after the job has completed.
===== checkjob (interval) at Wed Jun 18 19:58:46 CDT 2025 =====
--------------------------------------------------------------------------------
JOB INFORMATION 
--------------------------------------------------------------------------------
JobId=5924278 ArrayJobId=5858372 ArrayTaskId=643 JobName=experiment_sim
   UserId=tbr0780(3229) GroupId=tbr0780(4023) MCS_label=N/A
   Priority=19535 Nice=0 Account=p32397 QOS=normal
   JobState=RUNNING Reason=None Dependency=(null)
   Requeue=0 Restarts=0 BatchFlag=1 Reboot=0 ExitCode=0:0
   RunTime=00:05:04 TimeLimit=02:00:00 TimeMin=N/A
   SubmitTime=2025-06-18T15:19:09 EligibleTime=2025-06-18T15:19:11
   AccrueTime=2025-06-18T15:19:11
   StartTime=2025-06-18T19:54:05 EndTime=2025-06-18T21:54:05 Deadline=N/A
   SuspendTime=None SecsPreSuspend=0 LastSchedEval=2025-06-18T19:54:05 Scheduler=Backfill
   Partition=short AllocNode:Sid=quser41:3973193
   ReqNodeList=(null) ExcNodeList=(null)
   NodeList=qnode3030
   BatchHost=qnode3030
   NumNodes=1 NumCPUs=64 NumTasks=64 CPUs/Task=1 ReqB:S:C:T=0:0:*:*
   ReqTRES=cpu=64,mem=32000M,node=1,billing=288
   AllocTRES=cpu=64,mem=32000M,node=1,billing=288
   Socks/Node=* NtasksPerN:B:S:C=64:0:*:* CoreSpec=*
   MinCPUsNode=64 MinMemoryCPU=500M MinTmpDiskNode=0
   Features=[quest10|quest11|quest12|quest13] DelayBoot=00:00:00
   OverSubscribe=OK Contiguous=0 Licenses=(null) Network=(null)
   Command=/gpfs/home/tbr0780/Dissertation/Integrated_Likelihood_Algorithm/Polytomous_Logistic_Regression/scripts/experiment_sim.sh
   WorkDir=/gpfs/home/tbr0780/Dissertation/Integrated_Likelihood_Algorithm/Polytomous_Logistic_Regression
   StdErr=/dev/null
   StdIn=/dev/null
   StdOut=/dev/null
   MailUser=timothyruel2024@u.northwestern.edu MailType=INVALID_DEPEND,BEGIN,END,FAIL,REQUEUE,STAGE_OUT
   
--------------------------------------------------------------------------------
JOB EFFICIENCY 
--------------------------------------------------------------------------------
Job efficiency will be calculated after the job has completed.
===== checkjob (interval) at Wed Jun 18 19:59:42 CDT 2025 =====
--------------------------------------------------------------------------------
JOB INFORMATION 
--------------------------------------------------------------------------------
JobId=5924278 ArrayJobId=5858372 ArrayTaskId=643 JobName=experiment_sim
   UserId=tbr0780(3229) GroupId=tbr0780(4023) MCS_label=N/A
   Priority=19535 Nice=0 Account=p32397 QOS=normal
   JobState=RUNNING Reason=None Dependency=(null)
   Requeue=0 Restarts=0 BatchFlag=1 Reboot=0 ExitCode=0:0
   RunTime=00:05:37 TimeLimit=02:00:00 TimeMin=N/A
   SubmitTime=2025-06-18T15:19:09 EligibleTime=2025-06-18T15:19:11
   AccrueTime=2025-06-18T15:19:11
   StartTime=2025-06-18T19:54:05 EndTime=2025-06-18T21:54:05 Deadline=N/A
   SuspendTime=None SecsPreSuspend=0 LastSchedEval=2025-06-18T19:54:05 Scheduler=Backfill
   Partition=short AllocNode:Sid=quser41:3973193
   ReqNodeList=(null) ExcNodeList=(null)
   NodeList=qnode3030
   BatchHost=qnode3030
   NumNodes=1 NumCPUs=64 NumTasks=64 CPUs/Task=1 ReqB:S:C:T=0:0:*:*
   ReqTRES=cpu=64,mem=32000M,node=1,billing=288
   AllocTRES=cpu=64,mem=32000M,node=1,billing=288
   Socks/Node=* NtasksPerN:B:S:C=64:0:*:* CoreSpec=*
   MinCPUsNode=64 MinMemoryCPU=500M MinTmpDiskNode=0
   Features=[quest10|quest11|quest12|quest13] DelayBoot=00:00:00
   OverSubscribe=OK Contiguous=0 Licenses=(null) Network=(null)
   Command=/gpfs/home/tbr0780/Dissertation/Integrated_Likelihood_Algorithm/Polytomous_Logistic_Regression/scripts/experiment_sim.sh
   WorkDir=/gpfs/home/tbr0780/Dissertation/Integrated_Likelihood_Algorithm/Polytomous_Logistic_Regression
   StdErr=/dev/null
   StdIn=/dev/null
   StdOut=/dev/null
   MailUser=timothyruel2024@u.northwestern.edu MailType=INVALID_DEPEND,BEGIN,END,FAIL,REQUEUE,STAGE_OUT
   
--------------------------------------------------------------------------------
JOB EFFICIENCY 
--------------------------------------------------------------------------------
Job efficiency will be calculated after the job has completed.
===== checkjob (interval) at Wed Jun 18 20:00:13 CDT 2025 =====
--------------------------------------------------------------------------------
JOB INFORMATION 
--------------------------------------------------------------------------------
JobId=5924278 ArrayJobId=5858372 ArrayTaskId=643 JobName=experiment_sim
   UserId=tbr0780(3229) GroupId=tbr0780(4023) MCS_label=N/A
   Priority=19535 Nice=0 Account=p32397 QOS=normal
   JobState=RUNNING Reason=None Dependency=(null)
   Requeue=0 Restarts=0 BatchFlag=1 Reboot=0 ExitCode=0:0
   RunTime=00:06:10 TimeLimit=02:00:00 TimeMin=N/A
   SubmitTime=2025-06-18T15:19:09 EligibleTime=2025-06-18T15:19:11
   AccrueTime=2025-06-18T15:19:11
   StartTime=2025-06-18T19:54:05 EndTime=2025-06-18T21:54:05 Deadline=N/A
   SuspendTime=None SecsPreSuspend=0 LastSchedEval=2025-06-18T19:54:05 Scheduler=Backfill
   Partition=short AllocNode:Sid=quser41:3973193
   ReqNodeList=(null) ExcNodeList=(null)
   NodeList=qnode3030
   BatchHost=qnode3030
   NumNodes=1 NumCPUs=64 NumTasks=64 CPUs/Task=1 ReqB:S:C:T=0:0:*:*
   ReqTRES=cpu=64,mem=32000M,node=1,billing=288
   AllocTRES=cpu=64,mem=32000M,node=1,billing=288
   Socks/Node=* NtasksPerN:B:S:C=64:0:*:* CoreSpec=*
   MinCPUsNode=64 MinMemoryCPU=500M MinTmpDiskNode=0
   Features=[quest10|quest11|quest12|quest13] DelayBoot=00:00:00
   OverSubscribe=OK Contiguous=0 Licenses=(null) Network=(null)
   Command=/gpfs/home/tbr0780/Dissertation/Integrated_Likelihood_Algorithm/Polytomous_Logistic_Regression/scripts/experiment_sim.sh
   WorkDir=/gpfs/home/tbr0780/Dissertation/Integrated_Likelihood_Algorithm/Polytomous_Logistic_Regression
   StdErr=/dev/null
   StdIn=/dev/null
   StdOut=/dev/null
   MailUser=timothyruel2024@u.northwestern.edu MailType=INVALID_DEPEND,BEGIN,END,FAIL,REQUEUE,STAGE_OUT
   
--------------------------------------------------------------------------------
JOB EFFICIENCY 
--------------------------------------------------------------------------------
Job efficiency will be calculated after the job has completed.
===== checkjob (interval) at Wed Jun 18 20:00:47 CDT 2025 =====
--------------------------------------------------------------------------------
JOB INFORMATION 
--------------------------------------------------------------------------------
JobId=5924278 ArrayJobId=5858372 ArrayTaskId=643 JobName=experiment_sim
   UserId=tbr0780(3229) GroupId=tbr0780(4023) MCS_label=N/A
   Priority=19535 Nice=0 Account=p32397 QOS=normal
   JobState=RUNNING Reason=None Dependency=(null)
   Requeue=0 Restarts=0 BatchFlag=1 Reboot=0 ExitCode=0:0
   RunTime=00:06:42 TimeLimit=02:00:00 TimeMin=N/A
   SubmitTime=2025-06-18T15:19:09 EligibleTime=2025-06-18T15:19:11
   AccrueTime=2025-06-18T15:19:11
   StartTime=2025-06-18T19:54:05 EndTime=2025-06-18T21:54:05 Deadline=N/A
   SuspendTime=None SecsPreSuspend=0 LastSchedEval=2025-06-18T19:54:05 Scheduler=Backfill
   Partition=short AllocNode:Sid=quser41:3973193
   ReqNodeList=(null) ExcNodeList=(null)
   NodeList=qnode3030
   BatchHost=qnode3030
   NumNodes=1 NumCPUs=64 NumTasks=64 CPUs/Task=1 ReqB:S:C:T=0:0:*:*
   ReqTRES=cpu=64,mem=32000M,node=1,billing=288
   AllocTRES=cpu=64,mem=32000M,node=1,billing=288
   Socks/Node=* NtasksPerN:B:S:C=64:0:*:* CoreSpec=*
   MinCPUsNode=64 MinMemoryCPU=500M MinTmpDiskNode=0
   Features=[quest10|quest11|quest12|quest13] DelayBoot=00:00:00
   OverSubscribe=OK Contiguous=0 Licenses=(null) Network=(null)
   Command=/gpfs/home/tbr0780/Dissertation/Integrated_Likelihood_Algorithm/Polytomous_Logistic_Regression/scripts/experiment_sim.sh
   WorkDir=/gpfs/home/tbr0780/Dissertation/Integrated_Likelihood_Algorithm/Polytomous_Logistic_Regression
   StdErr=/dev/null
   StdIn=/dev/null
   StdOut=/dev/null
   MailUser=timothyruel2024@u.northwestern.edu MailType=INVALID_DEPEND,BEGIN,END,FAIL,REQUEUE,STAGE_OUT
   
--------------------------------------------------------------------------------
JOB EFFICIENCY 
--------------------------------------------------------------------------------
Job efficiency will be calculated after the job has completed.
===== checkjob (interval) at Wed Jun 18 20:01:20 CDT 2025 =====
--------------------------------------------------------------------------------
JOB INFORMATION 
--------------------------------------------------------------------------------
JobId=5924278 ArrayJobId=5858372 ArrayTaskId=643 JobName=experiment_sim
   UserId=tbr0780(3229) GroupId=tbr0780(4023) MCS_label=N/A
   Priority=19535 Nice=0 Account=p32397 QOS=normal
   JobState=RUNNING Reason=None Dependency=(null)
   Requeue=0 Restarts=0 BatchFlag=1 Reboot=0 ExitCode=0:0
   RunTime=00:07:15 TimeLimit=02:00:00 TimeMin=N/A
   SubmitTime=2025-06-18T15:19:09 EligibleTime=2025-06-18T15:19:11
   AccrueTime=2025-06-18T15:19:11
   StartTime=2025-06-18T19:54:05 EndTime=2025-06-18T21:54:05 Deadline=N/A
   SuspendTime=None SecsPreSuspend=0 LastSchedEval=2025-06-18T19:54:05 Scheduler=Backfill
   Partition=short AllocNode:Sid=quser41:3973193
   ReqNodeList=(null) ExcNodeList=(null)
   NodeList=qnode3030
   BatchHost=qnode3030
   NumNodes=1 NumCPUs=64 NumTasks=64 CPUs/Task=1 ReqB:S:C:T=0:0:*:*
   ReqTRES=cpu=64,mem=32000M,node=1,billing=288
   AllocTRES=cpu=64,mem=32000M,node=1,billing=288
   Socks/Node=* NtasksPerN:B:S:C=64:0:*:* CoreSpec=*
   MinCPUsNode=64 MinMemoryCPU=500M MinTmpDiskNode=0
   Features=[quest10|quest11|quest12|quest13] DelayBoot=00:00:00
   OverSubscribe=OK Contiguous=0 Licenses=(null) Network=(null)
   Command=/gpfs/home/tbr0780/Dissertation/Integrated_Likelihood_Algorithm/Polytomous_Logistic_Regression/scripts/experiment_sim.sh
   WorkDir=/gpfs/home/tbr0780/Dissertation/Integrated_Likelihood_Algorithm/Polytomous_Logistic_Regression
   StdErr=/dev/null
   StdIn=/dev/null
   StdOut=/dev/null
   MailUser=timothyruel2024@u.northwestern.edu MailType=INVALID_DEPEND,BEGIN,END,FAIL,REQUEUE,STAGE_OUT
   
--------------------------------------------------------------------------------
JOB EFFICIENCY 
--------------------------------------------------------------------------------
Job efficiency will be calculated after the job has completed.
===== checkjob (interval) at Wed Jun 18 20:01:55 CDT 2025 =====
--------------------------------------------------------------------------------
JOB INFORMATION 
--------------------------------------------------------------------------------
JobId=5924278 ArrayJobId=5858372 ArrayTaskId=643 JobName=experiment_sim
   UserId=tbr0780(3229) GroupId=tbr0780(4023) MCS_label=N/A
   Priority=19535 Nice=0 Account=p32397 QOS=normal
   JobState=RUNNING Reason=None Dependency=(null)
   Requeue=0 Restarts=0 BatchFlag=1 Reboot=0 ExitCode=0:0
   RunTime=00:07:52 TimeLimit=02:00:00 TimeMin=N/A
   SubmitTime=2025-06-18T15:19:09 EligibleTime=2025-06-18T15:19:11
   AccrueTime=2025-06-18T15:19:11
   StartTime=2025-06-18T19:54:05 EndTime=2025-06-18T21:54:05 Deadline=N/A
   SuspendTime=None SecsPreSuspend=0 LastSchedEval=2025-06-18T19:54:05 Scheduler=Backfill
   Partition=short AllocNode:Sid=quser41:3973193
   ReqNodeList=(null) ExcNodeList=(null)
   NodeList=qnode3030
   BatchHost=qnode3030
   NumNodes=1 NumCPUs=64 NumTasks=64 CPUs/Task=1 ReqB:S:C:T=0:0:*:*
   ReqTRES=cpu=64,mem=32000M,node=1,billing=288
   AllocTRES=cpu=64,mem=32000M,node=1,billing=288
   Socks/Node=* NtasksPerN:B:S:C=64:0:*:* CoreSpec=*
   MinCPUsNode=64 MinMemoryCPU=500M MinTmpDiskNode=0
   Features=[quest10|quest11|quest12|quest13] DelayBoot=00:00:00
   OverSubscribe=OK Contiguous=0 Licenses=(null) Network=(null)
   Command=/gpfs/home/tbr0780/Dissertation/Integrated_Likelihood_Algorithm/Polytomous_Logistic_Regression/scripts/experiment_sim.sh
   WorkDir=/gpfs/home/tbr0780/Dissertation/Integrated_Likelihood_Algorithm/Polytomous_Logistic_Regression
   StdErr=/dev/null
   StdIn=/dev/null
   StdOut=/dev/null
   MailUser=timothyruel2024@u.northwestern.edu MailType=INVALID_DEPEND,BEGIN,END,FAIL,REQUEUE,STAGE_OUT
   
--------------------------------------------------------------------------------
JOB EFFICIENCY 
--------------------------------------------------------------------------------
Job efficiency will be calculated after the job has completed.
===== checkjob (interval) at Wed Jun 18 20:02:30 CDT 2025 =====
--------------------------------------------------------------------------------
JOB INFORMATION 
--------------------------------------------------------------------------------
JobId=5924278 ArrayJobId=5858372 ArrayTaskId=643 JobName=experiment_sim
   UserId=tbr0780(3229) GroupId=tbr0780(4023) MCS_label=N/A
   Priority=19535 Nice=0 Account=p32397 QOS=normal
   JobState=RUNNING Reason=None Dependency=(null)
   Requeue=0 Restarts=0 BatchFlag=1 Reboot=0 ExitCode=0:0
   RunTime=00:08:28 TimeLimit=02:00:00 TimeMin=N/A
   SubmitTime=2025-06-18T15:19:09 EligibleTime=2025-06-18T15:19:11
   AccrueTime=2025-06-18T15:19:11
   StartTime=2025-06-18T19:54:05 EndTime=2025-06-18T21:54:05 Deadline=N/A
   SuspendTime=None SecsPreSuspend=0 LastSchedEval=2025-06-18T19:54:05 Scheduler=Backfill
   Partition=short AllocNode:Sid=quser41:3973193
   ReqNodeList=(null) ExcNodeList=(null)
   NodeList=qnode3030
   BatchHost=qnode3030
   NumNodes=1 NumCPUs=64 NumTasks=64 CPUs/Task=1 ReqB:S:C:T=0:0:*:*
   ReqTRES=cpu=64,mem=32000M,node=1,billing=288
   AllocTRES=cpu=64,mem=32000M,node=1,billing=288
   Socks/Node=* NtasksPerN:B:S:C=64:0:*:* CoreSpec=*
   MinCPUsNode=64 MinMemoryCPU=500M MinTmpDiskNode=0
   Features=[quest10|quest11|quest12|quest13] DelayBoot=00:00:00
   OverSubscribe=OK Contiguous=0 Licenses=(null) Network=(null)
   Command=/gpfs/home/tbr0780/Dissertation/Integrated_Likelihood_Algorithm/Polytomous_Logistic_Regression/scripts/experiment_sim.sh
   WorkDir=/gpfs/home/tbr0780/Dissertation/Integrated_Likelihood_Algorithm/Polytomous_Logistic_Regression
   StdErr=/dev/null
   StdIn=/dev/null
   StdOut=/dev/null
   MailUser=timothyruel2024@u.northwestern.edu MailType=INVALID_DEPEND,BEGIN,END,FAIL,REQUEUE,STAGE_OUT
   
--------------------------------------------------------------------------------
JOB EFFICIENCY 
--------------------------------------------------------------------------------
Job efficiency will be calculated after the job has completed.
===== checkjob (interval) at Wed Jun 18 20:03:06 CDT 2025 =====
--------------------------------------------------------------------------------
JOB INFORMATION 
--------------------------------------------------------------------------------
JobId=5924278 ArrayJobId=5858372 ArrayTaskId=643 JobName=experiment_sim
   UserId=tbr0780(3229) GroupId=tbr0780(4023) MCS_label=N/A
   Priority=19535 Nice=0 Account=p32397 QOS=normal
   JobState=RUNNING Reason=None Dependency=(null)
   Requeue=0 Restarts=0 BatchFlag=1 Reboot=0 ExitCode=0:0
   RunTime=00:09:01 TimeLimit=02:00:00 TimeMin=N/A
   SubmitTime=2025-06-18T15:19:09 EligibleTime=2025-06-18T15:19:11
   AccrueTime=2025-06-18T15:19:11
   StartTime=2025-06-18T19:54:05 EndTime=2025-06-18T21:54:05 Deadline=N/A
   SuspendTime=None SecsPreSuspend=0 LastSchedEval=2025-06-18T19:54:05 Scheduler=Backfill
   Partition=short AllocNode:Sid=quser41:3973193
   ReqNodeList=(null) ExcNodeList=(null)
   NodeList=qnode3030
   BatchHost=qnode3030
   NumNodes=1 NumCPUs=64 NumTasks=64 CPUs/Task=1 ReqB:S:C:T=0:0:*:*
   ReqTRES=cpu=64,mem=32000M,node=1,billing=288
   AllocTRES=cpu=64,mem=32000M,node=1,billing=288
   Socks/Node=* NtasksPerN:B:S:C=64:0:*:* CoreSpec=*
   MinCPUsNode=64 MinMemoryCPU=500M MinTmpDiskNode=0
   Features=[quest10|quest11|quest12|quest13] DelayBoot=00:00:00
   OverSubscribe=OK Contiguous=0 Licenses=(null) Network=(null)
   Command=/gpfs/home/tbr0780/Dissertation/Integrated_Likelihood_Algorithm/Polytomous_Logistic_Regression/scripts/experiment_sim.sh
   WorkDir=/gpfs/home/tbr0780/Dissertation/Integrated_Likelihood_Algorithm/Polytomous_Logistic_Regression
   StdErr=/dev/null
   StdIn=/dev/null
   StdOut=/dev/null
   MailUser=timothyruel2024@u.northwestern.edu MailType=INVALID_DEPEND,BEGIN,END,FAIL,REQUEUE,STAGE_OUT
   
--------------------------------------------------------------------------------
JOB EFFICIENCY 
--------------------------------------------------------------------------------
Job efficiency will be calculated after the job has completed.
===== checkjob (interval) at Wed Jun 18 20:03:41 CDT 2025 =====
--------------------------------------------------------------------------------
JOB INFORMATION 
--------------------------------------------------------------------------------
JobId=5924278 ArrayJobId=5858372 ArrayTaskId=643 JobName=experiment_sim
   UserId=tbr0780(3229) GroupId=tbr0780(4023) MCS_label=N/A
   Priority=19535 Nice=0 Account=p32397 QOS=normal
   JobState=RUNNING Reason=None Dependency=(null)
   Requeue=0 Restarts=0 BatchFlag=1 Reboot=0 ExitCode=0:0
   RunTime=00:09:36 TimeLimit=02:00:00 TimeMin=N/A
   SubmitTime=2025-06-18T15:19:09 EligibleTime=2025-06-18T15:19:11
   AccrueTime=2025-06-18T15:19:11
   StartTime=2025-06-18T19:54:05 EndTime=2025-06-18T21:54:05 Deadline=N/A
   SuspendTime=None SecsPreSuspend=0 LastSchedEval=2025-06-18T19:54:05 Scheduler=Backfill
   Partition=short AllocNode:Sid=quser41:3973193
   ReqNodeList=(null) ExcNodeList=(null)
   NodeList=qnode3030
   BatchHost=qnode3030
   NumNodes=1 NumCPUs=64 NumTasks=64 CPUs/Task=1 ReqB:S:C:T=0:0:*:*
   ReqTRES=cpu=64,mem=32000M,node=1,billing=288
   AllocTRES=cpu=64,mem=32000M,node=1,billing=288
   Socks/Node=* NtasksPerN:B:S:C=64:0:*:* CoreSpec=*
   MinCPUsNode=64 MinMemoryCPU=500M MinTmpDiskNode=0
   Features=[quest10|quest11|quest12|quest13] DelayBoot=00:00:00
   OverSubscribe=OK Contiguous=0 Licenses=(null) Network=(null)
   Command=/gpfs/home/tbr0780/Dissertation/Integrated_Likelihood_Algorithm/Polytomous_Logistic_Regression/scripts/experiment_sim.sh
   WorkDir=/gpfs/home/tbr0780/Dissertation/Integrated_Likelihood_Algorithm/Polytomous_Logistic_Regression
   StdErr=/dev/null
   StdIn=/dev/null
   StdOut=/dev/null
   MailUser=timothyruel2024@u.northwestern.edu MailType=INVALID_DEPEND,BEGIN,END,FAIL,REQUEUE,STAGE_OUT
   
--------------------------------------------------------------------------------
JOB EFFICIENCY 
--------------------------------------------------------------------------------
Job efficiency will be calculated after the job has completed.
===== checkjob (interval) at Wed Jun 18 20:04:13 CDT 2025 =====
--------------------------------------------------------------------------------
JOB INFORMATION 
--------------------------------------------------------------------------------
JobId=5924278 ArrayJobId=5858372 ArrayTaskId=643 JobName=experiment_sim
   UserId=tbr0780(3229) GroupId=tbr0780(4023) MCS_label=N/A
   Priority=19535 Nice=0 Account=p32397 QOS=normal
   JobState=RUNNING Reason=None Dependency=(null)
   Requeue=0 Restarts=0 BatchFlag=1 Reboot=0 ExitCode=0:0
   RunTime=00:10:34 TimeLimit=02:00:00 TimeMin=N/A
   SubmitTime=2025-06-18T15:19:09 EligibleTime=2025-06-18T15:19:11
   AccrueTime=2025-06-18T15:19:11
   StartTime=2025-06-18T19:54:05 EndTime=2025-06-18T21:54:05 Deadline=N/A
   SuspendTime=None SecsPreSuspend=0 LastSchedEval=2025-06-18T19:54:05 Scheduler=Backfill
   Partition=short AllocNode:Sid=quser41:3973193
   ReqNodeList=(null) ExcNodeList=(null)
   NodeList=qnode3030
   BatchHost=qnode3030
   NumNodes=1 NumCPUs=64 NumTasks=64 CPUs/Task=1 ReqB:S:C:T=0:0:*:*
   ReqTRES=cpu=64,mem=32000M,node=1,billing=288
   AllocTRES=cpu=64,mem=32000M,node=1,billing=288
   Socks/Node=* NtasksPerN:B:S:C=64:0:*:* CoreSpec=*
   MinCPUsNode=64 MinMemoryCPU=500M MinTmpDiskNode=0
   Features=[quest10|quest11|quest12|quest13] DelayBoot=00:00:00
   OverSubscribe=OK Contiguous=0 Licenses=(null) Network=(null)
   Command=/gpfs/home/tbr0780/Dissertation/Integrated_Likelihood_Algorithm/Polytomous_Logistic_Regression/scripts/experiment_sim.sh
   WorkDir=/gpfs/home/tbr0780/Dissertation/Integrated_Likelihood_Algorithm/Polytomous_Logistic_Regression
   StdErr=/dev/null
   StdIn=/dev/null
   StdOut=/dev/null
   MailUser=timothyruel2024@u.northwestern.edu MailType=INVALID_DEPEND,BEGIN,END,FAIL,REQUEUE,STAGE_OUT
   
--------------------------------------------------------------------------------
JOB EFFICIENCY 
--------------------------------------------------------------------------------
Job efficiency will be calculated after the job has completed.
===== checkjob (interval) at Wed Jun 18 20:05:11 CDT 2025 =====
--------------------------------------------------------------------------------
JOB INFORMATION 
--------------------------------------------------------------------------------
JobId=5924278 ArrayJobId=5858372 ArrayTaskId=643 JobName=experiment_sim
   UserId=tbr0780(3229) GroupId=tbr0780(4023) MCS_label=N/A
   Priority=19535 Nice=0 Account=p32397 QOS=normal
   JobState=RUNNING Reason=None Dependency=(null)
   Requeue=0 Restarts=0 BatchFlag=1 Reboot=0 ExitCode=0:0
   RunTime=00:11:06 TimeLimit=02:00:00 TimeMin=N/A
   SubmitTime=2025-06-18T15:19:09 EligibleTime=2025-06-18T15:19:11
   AccrueTime=2025-06-18T15:19:11
   StartTime=2025-06-18T19:54:05 EndTime=2025-06-18T21:54:05 Deadline=N/A
   SuspendTime=None SecsPreSuspend=0 LastSchedEval=2025-06-18T19:54:05 Scheduler=Backfill
   Partition=short AllocNode:Sid=quser41:3973193
   ReqNodeList=(null) ExcNodeList=(null)
   NodeList=qnode3030
   BatchHost=qnode3030
   NumNodes=1 NumCPUs=64 NumTasks=64 CPUs/Task=1 ReqB:S:C:T=0:0:*:*
   ReqTRES=cpu=64,mem=32000M,node=1,billing=288
   AllocTRES=cpu=64,mem=32000M,node=1,billing=288
   Socks/Node=* NtasksPerN:B:S:C=64:0:*:* CoreSpec=*
   MinCPUsNode=64 MinMemoryCPU=500M MinTmpDiskNode=0
   Features=[quest10|quest11|quest12|quest13] DelayBoot=00:00:00
   OverSubscribe=OK Contiguous=0 Licenses=(null) Network=(null)
   Command=/gpfs/home/tbr0780/Dissertation/Integrated_Likelihood_Algorithm/Polytomous_Logistic_Regression/scripts/experiment_sim.sh
   WorkDir=/gpfs/home/tbr0780/Dissertation/Integrated_Likelihood_Algorithm/Polytomous_Logistic_Regression
   StdErr=/dev/null
   StdIn=/dev/null
   StdOut=/dev/null
   MailUser=timothyruel2024@u.northwestern.edu MailType=INVALID_DEPEND,BEGIN,END,FAIL,REQUEUE,STAGE_OUT
   
--------------------------------------------------------------------------------
JOB EFFICIENCY 
--------------------------------------------------------------------------------
Job efficiency will be calculated after the job has completed.
===== checkjob (interval) at Wed Jun 18 20:05:42 CDT 2025 =====
--------------------------------------------------------------------------------
JOB INFORMATION 
--------------------------------------------------------------------------------
JobId=5924278 ArrayJobId=5858372 ArrayTaskId=643 JobName=experiment_sim
   UserId=tbr0780(3229) GroupId=tbr0780(4023) MCS_label=N/A
   Priority=19535 Nice=0 Account=p32397 QOS=normal
   JobState=RUNNING Reason=None Dependency=(null)
   Requeue=0 Restarts=0 BatchFlag=1 Reboot=0 ExitCode=0:0
   RunTime=00:11:38 TimeLimit=02:00:00 TimeMin=N/A
   SubmitTime=2025-06-18T15:19:09 EligibleTime=2025-06-18T15:19:11
   AccrueTime=2025-06-18T15:19:11
   StartTime=2025-06-18T19:54:05 EndTime=2025-06-18T21:54:05 Deadline=N/A
   SuspendTime=None SecsPreSuspend=0 LastSchedEval=2025-06-18T19:54:05 Scheduler=Backfill
   Partition=short AllocNode:Sid=quser41:3973193
   ReqNodeList=(null) ExcNodeList=(null)
   NodeList=qnode3030
   BatchHost=qnode3030
   NumNodes=1 NumCPUs=64 NumTasks=64 CPUs/Task=1 ReqB:S:C:T=0:0:*:*
   ReqTRES=cpu=64,mem=32000M,node=1,billing=288
   AllocTRES=cpu=64,mem=32000M,node=1,billing=288
   Socks/Node=* NtasksPerN:B:S:C=64:0:*:* CoreSpec=*
   MinCPUsNode=64 MinMemoryCPU=500M MinTmpDiskNode=0
   Features=[quest10|quest11|quest12|quest13] DelayBoot=00:00:00
   OverSubscribe=OK Contiguous=0 Licenses=(null) Network=(null)
   Command=/gpfs/home/tbr0780/Dissertation/Integrated_Likelihood_Algorithm/Polytomous_Logistic_Regression/scripts/experiment_sim.sh
   WorkDir=/gpfs/home/tbr0780/Dissertation/Integrated_Likelihood_Algorithm/Polytomous_Logistic_Regression
   StdErr=/dev/null
   StdIn=/dev/null
   StdOut=/dev/null
   MailUser=timothyruel2024@u.northwestern.edu MailType=INVALID_DEPEND,BEGIN,END,FAIL,REQUEUE,STAGE_OUT
   
--------------------------------------------------------------------------------
JOB EFFICIENCY 
--------------------------------------------------------------------------------
Job efficiency will be calculated after the job has completed.
===== checkjob (interval) at Wed Jun 18 20:06:16 CDT 2025 =====
--------------------------------------------------------------------------------
JOB INFORMATION 
--------------------------------------------------------------------------------
JobId=5924278 ArrayJobId=5858372 ArrayTaskId=643 JobName=experiment_sim
   UserId=tbr0780(3229) GroupId=tbr0780(4023) MCS_label=N/A
   Priority=19535 Nice=0 Account=p32397 QOS=normal
   JobState=RUNNING Reason=None Dependency=(null)
   Requeue=0 Restarts=0 BatchFlag=1 Reboot=0 ExitCode=0:0
   RunTime=00:12:11 TimeLimit=02:00:00 TimeMin=N/A
   SubmitTime=2025-06-18T15:19:09 EligibleTime=2025-06-18T15:19:11
   AccrueTime=2025-06-18T15:19:11
   StartTime=2025-06-18T19:54:05 EndTime=2025-06-18T21:54:05 Deadline=N/A
   SuspendTime=None SecsPreSuspend=0 LastSchedEval=2025-06-18T19:54:05 Scheduler=Backfill
   Partition=short AllocNode:Sid=quser41:3973193
   ReqNodeList=(null) ExcNodeList=(null)
   NodeList=qnode3030
   BatchHost=qnode3030
   NumNodes=1 NumCPUs=64 NumTasks=64 CPUs/Task=1 ReqB:S:C:T=0:0:*:*
   ReqTRES=cpu=64,mem=32000M,node=1,billing=288
   AllocTRES=cpu=64,mem=32000M,node=1,billing=288
   Socks/Node=* NtasksPerN:B:S:C=64:0:*:* CoreSpec=*
   MinCPUsNode=64 MinMemoryCPU=500M MinTmpDiskNode=0
   Features=[quest10|quest11|quest12|quest13] DelayBoot=00:00:00
   OverSubscribe=OK Contiguous=0 Licenses=(null) Network=(null)
   Command=/gpfs/home/tbr0780/Dissertation/Integrated_Likelihood_Algorithm/Polytomous_Logistic_Regression/scripts/experiment_sim.sh
   WorkDir=/gpfs/home/tbr0780/Dissertation/Integrated_Likelihood_Algorithm/Polytomous_Logistic_Regression
   StdErr=/dev/null
   StdIn=/dev/null
   StdOut=/dev/null
   MailUser=timothyruel2024@u.northwestern.edu MailType=INVALID_DEPEND,BEGIN,END,FAIL,REQUEUE,STAGE_OUT
   
--------------------------------------------------------------------------------
JOB EFFICIENCY 
--------------------------------------------------------------------------------
Job efficiency will be calculated after the job has completed.
===== checkjob (interval) at Wed Jun 18 20:06:51 CDT 2025 =====
--------------------------------------------------------------------------------
JOB INFORMATION 
--------------------------------------------------------------------------------
JobId=5924278 ArrayJobId=5858372 ArrayTaskId=643 JobName=experiment_sim
   UserId=tbr0780(3229) GroupId=tbr0780(4023) MCS_label=N/A
   Priority=19535 Nice=0 Account=p32397 QOS=normal
   JobState=RUNNING Reason=None Dependency=(null)
   Requeue=0 Restarts=0 BatchFlag=1 Reboot=0 ExitCode=0:0
   RunTime=00:12:46 TimeLimit=02:00:00 TimeMin=N/A
   SubmitTime=2025-06-18T15:19:09 EligibleTime=2025-06-18T15:19:11
   AccrueTime=2025-06-18T15:19:11
   StartTime=2025-06-18T19:54:05 EndTime=2025-06-18T21:54:05 Deadline=N/A
   SuspendTime=None SecsPreSuspend=0 LastSchedEval=2025-06-18T19:54:05 Scheduler=Backfill
   Partition=short AllocNode:Sid=quser41:3973193
   ReqNodeList=(null) ExcNodeList=(null)
   NodeList=qnode3030
   BatchHost=qnode3030
   NumNodes=1 NumCPUs=64 NumTasks=64 CPUs/Task=1 ReqB:S:C:T=0:0:*:*
   ReqTRES=cpu=64,mem=32000M,node=1,billing=288
   AllocTRES=cpu=64,mem=32000M,node=1,billing=288
   Socks/Node=* NtasksPerN:B:S:C=64:0:*:* CoreSpec=*
   MinCPUsNode=64 MinMemoryCPU=500M MinTmpDiskNode=0
   Features=[quest10|quest11|quest12|quest13] DelayBoot=00:00:00
   OverSubscribe=OK Contiguous=0 Licenses=(null) Network=(null)
   Command=/gpfs/home/tbr0780/Dissertation/Integrated_Likelihood_Algorithm/Polytomous_Logistic_Regression/scripts/experiment_sim.sh
   WorkDir=/gpfs/home/tbr0780/Dissertation/Integrated_Likelihood_Algorithm/Polytomous_Logistic_Regression
   StdErr=/dev/null
   StdIn=/dev/null
   StdOut=/dev/null
   MailUser=timothyruel2024@u.northwestern.edu MailType=INVALID_DEPEND,BEGIN,END,FAIL,REQUEUE,STAGE_OUT
   
--------------------------------------------------------------------------------
JOB EFFICIENCY 
--------------------------------------------------------------------------------
Job efficiency will be calculated after the job has completed.
===== checkjob (interval) at Wed Jun 18 20:07:24 CDT 2025 =====
--------------------------------------------------------------------------------
JOB INFORMATION 
--------------------------------------------------------------------------------
JobId=5924278 ArrayJobId=5858372 ArrayTaskId=643 JobName=experiment_sim
   UserId=tbr0780(3229) GroupId=tbr0780(4023) MCS_label=N/A
   Priority=19535 Nice=0 Account=p32397 QOS=normal
   JobState=RUNNING Reason=None Dependency=(null)
   Requeue=0 Restarts=0 BatchFlag=1 Reboot=0 ExitCode=0:0
   RunTime=00:13:19 TimeLimit=02:00:00 TimeMin=N/A
   SubmitTime=2025-06-18T15:19:09 EligibleTime=2025-06-18T15:19:11
   AccrueTime=2025-06-18T15:19:11
   StartTime=2025-06-18T19:54:05 EndTime=2025-06-18T21:54:05 Deadline=N/A
   SuspendTime=None SecsPreSuspend=0 LastSchedEval=2025-06-18T19:54:05 Scheduler=Backfill
   Partition=short AllocNode:Sid=quser41:3973193
   ReqNodeList=(null) ExcNodeList=(null)
   NodeList=qnode3030
   BatchHost=qnode3030
   NumNodes=1 NumCPUs=64 NumTasks=64 CPUs/Task=1 ReqB:S:C:T=0:0:*:*
   ReqTRES=cpu=64,mem=32000M,node=1,billing=288
   AllocTRES=cpu=64,mem=32000M,node=1,billing=288
   Socks/Node=* NtasksPerN:B:S:C=64:0:*:* CoreSpec=*
   MinCPUsNode=64 MinMemoryCPU=500M MinTmpDiskNode=0
   Features=[quest10|quest11|quest12|quest13] DelayBoot=00:00:00
   OverSubscribe=OK Contiguous=0 Licenses=(null) Network=(null)
   Command=/gpfs/home/tbr0780/Dissertation/Integrated_Likelihood_Algorithm/Polytomous_Logistic_Regression/scripts/experiment_sim.sh
   WorkDir=/gpfs/home/tbr0780/Dissertation/Integrated_Likelihood_Algorithm/Polytomous_Logistic_Regression
   StdErr=/dev/null
   StdIn=/dev/null
   StdOut=/dev/null
   MailUser=timothyruel2024@u.northwestern.edu MailType=INVALID_DEPEND,BEGIN,END,FAIL,REQUEUE,STAGE_OUT
   
--------------------------------------------------------------------------------
JOB EFFICIENCY 
--------------------------------------------------------------------------------
Job efficiency will be calculated after the job has completed.
===== checkjob (interval) at Wed Jun 18 20:07:57 CDT 2025 =====
--------------------------------------------------------------------------------
JOB INFORMATION 
--------------------------------------------------------------------------------
JobId=5924278 ArrayJobId=5858372 ArrayTaskId=643 JobName=experiment_sim
   UserId=tbr0780(3229) GroupId=tbr0780(4023) MCS_label=N/A
   Priority=19535 Nice=0 Account=p32397 QOS=normal
   JobState=RUNNING Reason=None Dependency=(null)
   Requeue=0 Restarts=0 BatchFlag=1 Reboot=0 ExitCode=0:0
   RunTime=00:13:52 TimeLimit=02:00:00 TimeMin=N/A
   SubmitTime=2025-06-18T15:19:09 EligibleTime=2025-06-18T15:19:11
   AccrueTime=2025-06-18T15:19:11
   StartTime=2025-06-18T19:54:05 EndTime=2025-06-18T21:54:05 Deadline=N/A
   SuspendTime=None SecsPreSuspend=0 LastSchedEval=2025-06-18T19:54:05 Scheduler=Backfill
   Partition=short AllocNode:Sid=quser41:3973193
   ReqNodeList=(null) ExcNodeList=(null)
   NodeList=qnode3030
   BatchHost=qnode3030
   NumNodes=1 NumCPUs=64 NumTasks=64 CPUs/Task=1 ReqB:S:C:T=0:0:*:*
   ReqTRES=cpu=64,mem=32000M,node=1,billing=288
   AllocTRES=cpu=64,mem=32000M,node=1,billing=288
   Socks/Node=* NtasksPerN:B:S:C=64:0:*:* CoreSpec=*
   MinCPUsNode=64 MinMemoryCPU=500M MinTmpDiskNode=0
   Features=[quest10|quest11|quest12|quest13] DelayBoot=00:00:00
   OverSubscribe=OK Contiguous=0 Licenses=(null) Network=(null)
   Command=/gpfs/home/tbr0780/Dissertation/Integrated_Likelihood_Algorithm/Polytomous_Logistic_Regression/scripts/experiment_sim.sh
   WorkDir=/gpfs/home/tbr0780/Dissertation/Integrated_Likelihood_Algorithm/Polytomous_Logistic_Regression
   StdErr=/dev/null
   StdIn=/dev/null
   StdOut=/dev/null
   MailUser=timothyruel2024@u.northwestern.edu MailType=INVALID_DEPEND,BEGIN,END,FAIL,REQUEUE,STAGE_OUT
   
--------------------------------------------------------------------------------
JOB EFFICIENCY 
--------------------------------------------------------------------------------
Job efficiency will be calculated after the job has completed.
===== checkjob (interval) at Wed Jun 18 20:08:32 CDT 2025 =====
--------------------------------------------------------------------------------
JOB INFORMATION 
--------------------------------------------------------------------------------
JobId=5924278 ArrayJobId=5858372 ArrayTaskId=643 JobName=experiment_sim
   UserId=tbr0780(3229) GroupId=tbr0780(4023) MCS_label=N/A
   Priority=19535 Nice=0 Account=p32397 QOS=normal
   JobState=RUNNING Reason=None Dependency=(null)
   Requeue=0 Restarts=0 BatchFlag=1 Reboot=0 ExitCode=0:0
   RunTime=00:14:27 TimeLimit=02:00:00 TimeMin=N/A
   SubmitTime=2025-06-18T15:19:09 EligibleTime=2025-06-18T15:19:11
   AccrueTime=2025-06-18T15:19:11
   StartTime=2025-06-18T19:54:05 EndTime=2025-06-18T21:54:05 Deadline=N/A
   SuspendTime=None SecsPreSuspend=0 LastSchedEval=2025-06-18T19:54:05 Scheduler=Backfill
   Partition=short AllocNode:Sid=quser41:3973193
   ReqNodeList=(null) ExcNodeList=(null)
   NodeList=qnode3030
   BatchHost=qnode3030
   NumNodes=1 NumCPUs=64 NumTasks=64 CPUs/Task=1 ReqB:S:C:T=0:0:*:*
   ReqTRES=cpu=64,mem=32000M,node=1,billing=288
   AllocTRES=cpu=64,mem=32000M,node=1,billing=288
   Socks/Node=* NtasksPerN:B:S:C=64:0:*:* CoreSpec=*
   MinCPUsNode=64 MinMemoryCPU=500M MinTmpDiskNode=0
   Features=[quest10|quest11|quest12|quest13] DelayBoot=00:00:00
   OverSubscribe=OK Contiguous=0 Licenses=(null) Network=(null)
   Command=/gpfs/home/tbr0780/Dissertation/Integrated_Likelihood_Algorithm/Polytomous_Logistic_Regression/scripts/experiment_sim.sh
   WorkDir=/gpfs/home/tbr0780/Dissertation/Integrated_Likelihood_Algorithm/Polytomous_Logistic_Regression
   StdErr=/dev/null
   StdIn=/dev/null
   StdOut=/dev/null
   MailUser=timothyruel2024@u.northwestern.edu MailType=INVALID_DEPEND,BEGIN,END,FAIL,REQUEUE,STAGE_OUT
   
--------------------------------------------------------------------------------
JOB EFFICIENCY 
--------------------------------------------------------------------------------
Job efficiency will be calculated after the job has completed.
===== checkjob (interval) at Wed Jun 18 20:09:05 CDT 2025 =====
--------------------------------------------------------------------------------
JOB INFORMATION 
--------------------------------------------------------------------------------
JobId=5924278 ArrayJobId=5858372 ArrayTaskId=643 JobName=experiment_sim
   UserId=tbr0780(3229) GroupId=tbr0780(4023) MCS_label=N/A
   Priority=19535 Nice=0 Account=p32397 QOS=normal
   JobState=RUNNING Reason=None Dependency=(null)
   Requeue=0 Restarts=0 BatchFlag=1 Reboot=0 ExitCode=0:0
   RunTime=00:15:00 TimeLimit=02:00:00 TimeMin=N/A
   SubmitTime=2025-06-18T15:19:09 EligibleTime=2025-06-18T15:19:11
   AccrueTime=2025-06-18T15:19:11
   StartTime=2025-06-18T19:54:05 EndTime=2025-06-18T21:54:05 Deadline=N/A
   SuspendTime=None SecsPreSuspend=0 LastSchedEval=2025-06-18T19:54:05 Scheduler=Backfill
   Partition=short AllocNode:Sid=quser41:3973193
   ReqNodeList=(null) ExcNodeList=(null)
   NodeList=qnode3030
   BatchHost=qnode3030
   NumNodes=1 NumCPUs=64 NumTasks=64 CPUs/Task=1 ReqB:S:C:T=0:0:*:*
   ReqTRES=cpu=64,mem=32000M,node=1,billing=288
   AllocTRES=cpu=64,mem=32000M,node=1,billing=288
   Socks/Node=* NtasksPerN:B:S:C=64:0:*:* CoreSpec=*
   MinCPUsNode=64 MinMemoryCPU=500M MinTmpDiskNode=0
   Features=[quest10|quest11|quest12|quest13] DelayBoot=00:00:00
   OverSubscribe=OK Contiguous=0 Licenses=(null) Network=(null)
   Command=/gpfs/home/tbr0780/Dissertation/Integrated_Likelihood_Algorithm/Polytomous_Logistic_Regression/scripts/experiment_sim.sh
   WorkDir=/gpfs/home/tbr0780/Dissertation/Integrated_Likelihood_Algorithm/Polytomous_Logistic_Regression
   StdErr=/dev/null
   StdIn=/dev/null
   StdOut=/dev/null
   MailUser=timothyruel2024@u.northwestern.edu MailType=INVALID_DEPEND,BEGIN,END,FAIL,REQUEUE,STAGE_OUT
   
--------------------------------------------------------------------------------
JOB EFFICIENCY 
--------------------------------------------------------------------------------
Job efficiency will be calculated after the job has completed.
===== checkjob (interval) at Wed Jun 18 20:09:38 CDT 2025 =====
--------------------------------------------------------------------------------
JOB INFORMATION 
--------------------------------------------------------------------------------
JobId=5924278 ArrayJobId=5858372 ArrayTaskId=643 JobName=experiment_sim
   UserId=tbr0780(3229) GroupId=tbr0780(4023) MCS_label=N/A
   Priority=19535 Nice=0 Account=p32397 QOS=normal
   JobState=RUNNING Reason=None Dependency=(null)
   Requeue=0 Restarts=0 BatchFlag=1 Reboot=0 ExitCode=0:0
   RunTime=00:15:33 TimeLimit=02:00:00 TimeMin=N/A
   SubmitTime=2025-06-18T15:19:09 EligibleTime=2025-06-18T15:19:11
   AccrueTime=2025-06-18T15:19:11
   StartTime=2025-06-18T19:54:05 EndTime=2025-06-18T21:54:05 Deadline=N/A
   SuspendTime=None SecsPreSuspend=0 LastSchedEval=2025-06-18T19:54:05 Scheduler=Backfill
   Partition=short AllocNode:Sid=quser41:3973193
   ReqNodeList=(null) ExcNodeList=(null)
   NodeList=qnode3030
   BatchHost=qnode3030
   NumNodes=1 NumCPUs=64 NumTasks=64 CPUs/Task=1 ReqB:S:C:T=0:0:*:*
   ReqTRES=cpu=64,mem=32000M,node=1,billing=288
   AllocTRES=cpu=64,mem=32000M,node=1,billing=288
   Socks/Node=* NtasksPerN:B:S:C=64:0:*:* CoreSpec=*
   MinCPUsNode=64 MinMemoryCPU=500M MinTmpDiskNode=0
   Features=[quest10|quest11|quest12|quest13] DelayBoot=00:00:00
   OverSubscribe=OK Contiguous=0 Licenses=(null) Network=(null)
   Command=/gpfs/home/tbr0780/Dissertation/Integrated_Likelihood_Algorithm/Polytomous_Logistic_Regression/scripts/experiment_sim.sh
   WorkDir=/gpfs/home/tbr0780/Dissertation/Integrated_Likelihood_Algorithm/Polytomous_Logistic_Regression
   StdErr=/dev/null
   StdIn=/dev/null
   StdOut=/dev/null
   MailUser=timothyruel2024@u.northwestern.edu MailType=INVALID_DEPEND,BEGIN,END,FAIL,REQUEUE,STAGE_OUT
   
--------------------------------------------------------------------------------
JOB EFFICIENCY 
--------------------------------------------------------------------------------
Job efficiency will be calculated after the job has completed.
===== checkjob (interval) at Wed Jun 18 20:10:11 CDT 2025 =====
--------------------------------------------------------------------------------
JOB INFORMATION 
--------------------------------------------------------------------------------
JobId=5924278 ArrayJobId=5858372 ArrayTaskId=643 JobName=experiment_sim
   UserId=tbr0780(3229) GroupId=tbr0780(4023) MCS_label=N/A
   Priority=19535 Nice=0 Account=p32397 QOS=normal
   JobState=RUNNING Reason=None Dependency=(null)
   Requeue=0 Restarts=0 BatchFlag=1 Reboot=0 ExitCode=0:0
   RunTime=00:16:32 TimeLimit=02:00:00 TimeMin=N/A
   SubmitTime=2025-06-18T15:19:09 EligibleTime=2025-06-18T15:19:11
   AccrueTime=2025-06-18T15:19:11
   StartTime=2025-06-18T19:54:05 EndTime=2025-06-18T21:54:05 Deadline=N/A
   SuspendTime=None SecsPreSuspend=0 LastSchedEval=2025-06-18T19:54:05 Scheduler=Backfill
   Partition=short AllocNode:Sid=quser41:3973193
   ReqNodeList=(null) ExcNodeList=(null)
   NodeList=qnode3030
   BatchHost=qnode3030
   NumNodes=1 NumCPUs=64 NumTasks=64 CPUs/Task=1 ReqB:S:C:T=0:0:*:*
   ReqTRES=cpu=64,mem=32000M,node=1,billing=288
   AllocTRES=cpu=64,mem=32000M,node=1,billing=288
   Socks/Node=* NtasksPerN:B:S:C=64:0:*:* CoreSpec=*
   MinCPUsNode=64 MinMemoryCPU=500M MinTmpDiskNode=0
   Features=[quest10|quest11|quest12|quest13] DelayBoot=00:00:00
   OverSubscribe=OK Contiguous=0 Licenses=(null) Network=(null)
   Command=/gpfs/home/tbr0780/Dissertation/Integrated_Likelihood_Algorithm/Polytomous_Logistic_Regression/scripts/experiment_sim.sh
   WorkDir=/gpfs/home/tbr0780/Dissertation/Integrated_Likelihood_Algorithm/Polytomous_Logistic_Regression
   StdErr=/dev/null
   StdIn=/dev/null
   StdOut=/dev/null
   MailUser=timothyruel2024@u.northwestern.edu MailType=INVALID_DEPEND,BEGIN,END,FAIL,REQUEUE,STAGE_OUT
   
--------------------------------------------------------------------------------
JOB EFFICIENCY 
--------------------------------------------------------------------------------
Job efficiency will be calculated after the job has completed.
===== checkjob (interval) at Wed Jun 18 20:11:09 CDT 2025 =====
--------------------------------------------------------------------------------
JOB INFORMATION 
--------------------------------------------------------------------------------
JobId=5924278 ArrayJobId=5858372 ArrayTaskId=643 JobName=experiment_sim
   UserId=tbr0780(3229) GroupId=tbr0780(4023) MCS_label=N/A
   Priority=19535 Nice=0 Account=p32397 QOS=normal
   JobState=RUNNING Reason=None Dependency=(null)
   Requeue=0 Restarts=0 BatchFlag=1 Reboot=0 ExitCode=0:0
   RunTime=00:17:04 TimeLimit=02:00:00 TimeMin=N/A
   SubmitTime=2025-06-18T15:19:09 EligibleTime=2025-06-18T15:19:11
   AccrueTime=2025-06-18T15:19:11
   StartTime=2025-06-18T19:54:05 EndTime=2025-06-18T21:54:05 Deadline=N/A
   SuspendTime=None SecsPreSuspend=0 LastSchedEval=2025-06-18T19:54:05 Scheduler=Backfill
   Partition=short AllocNode:Sid=quser41:3973193
   ReqNodeList=(null) ExcNodeList=(null)
   NodeList=qnode3030
   BatchHost=qnode3030
   NumNodes=1 NumCPUs=64 NumTasks=64 CPUs/Task=1 ReqB:S:C:T=0:0:*:*
   ReqTRES=cpu=64,mem=32000M,node=1,billing=288
   AllocTRES=cpu=64,mem=32000M,node=1,billing=288
   Socks/Node=* NtasksPerN:B:S:C=64:0:*:* CoreSpec=*
   MinCPUsNode=64 MinMemoryCPU=500M MinTmpDiskNode=0
   Features=[quest10|quest11|quest12|quest13] DelayBoot=00:00:00
   OverSubscribe=OK Contiguous=0 Licenses=(null) Network=(null)
   Command=/gpfs/home/tbr0780/Dissertation/Integrated_Likelihood_Algorithm/Polytomous_Logistic_Regression/scripts/experiment_sim.sh
   WorkDir=/gpfs/home/tbr0780/Dissertation/Integrated_Likelihood_Algorithm/Polytomous_Logistic_Regression
   StdErr=/dev/null
   StdIn=/dev/null
   StdOut=/dev/null
   MailUser=timothyruel2024@u.northwestern.edu MailType=INVALID_DEPEND,BEGIN,END,FAIL,REQUEUE,STAGE_OUT
   
--------------------------------------------------------------------------------
JOB EFFICIENCY 
--------------------------------------------------------------------------------
Job efficiency will be calculated after the job has completed.
===== checkjob (interval) at Wed Jun 18 20:11:41 CDT 2025 =====
--------------------------------------------------------------------------------
JOB INFORMATION 
--------------------------------------------------------------------------------
JobId=5924278 ArrayJobId=5858372 ArrayTaskId=643 JobName=experiment_sim
   UserId=tbr0780(3229) GroupId=tbr0780(4023) MCS_label=N/A
   Priority=19535 Nice=0 Account=p32397 QOS=normal
   JobState=RUNNING Reason=None Dependency=(null)
   Requeue=0 Restarts=0 BatchFlag=1 Reboot=0 ExitCode=0:0
   RunTime=00:17:37 TimeLimit=02:00:00 TimeMin=N/A
   SubmitTime=2025-06-18T15:19:09 EligibleTime=2025-06-18T15:19:11
   AccrueTime=2025-06-18T15:19:11
   StartTime=2025-06-18T19:54:05 EndTime=2025-06-18T21:54:05 Deadline=N/A
   SuspendTime=None SecsPreSuspend=0 LastSchedEval=2025-06-18T19:54:05 Scheduler=Backfill
   Partition=short AllocNode:Sid=quser41:3973193
   ReqNodeList=(null) ExcNodeList=(null)
   NodeList=qnode3030
   BatchHost=qnode3030
   NumNodes=1 NumCPUs=64 NumTasks=64 CPUs/Task=1 ReqB:S:C:T=0:0:*:*
   ReqTRES=cpu=64,mem=32000M,node=1,billing=288
   AllocTRES=cpu=64,mem=32000M,node=1,billing=288
   Socks/Node=* NtasksPerN:B:S:C=64:0:*:* CoreSpec=*
   MinCPUsNode=64 MinMemoryCPU=500M MinTmpDiskNode=0
   Features=[quest10|quest11|quest12|quest13] DelayBoot=00:00:00
   OverSubscribe=OK Contiguous=0 Licenses=(null) Network=(null)
   Command=/gpfs/home/tbr0780/Dissertation/Integrated_Likelihood_Algorithm/Polytomous_Logistic_Regression/scripts/experiment_sim.sh
   WorkDir=/gpfs/home/tbr0780/Dissertation/Integrated_Likelihood_Algorithm/Polytomous_Logistic_Regression
   StdErr=/dev/null
   StdIn=/dev/null
   StdOut=/dev/null
   MailUser=timothyruel2024@u.northwestern.edu MailType=INVALID_DEPEND,BEGIN,END,FAIL,REQUEUE,STAGE_OUT
   
--------------------------------------------------------------------------------
JOB EFFICIENCY 
--------------------------------------------------------------------------------
Job efficiency will be calculated after the job has completed.
===== checkjob (interval) at Wed Jun 18 20:12:15 CDT 2025 =====
--------------------------------------------------------------------------------
JOB INFORMATION 
--------------------------------------------------------------------------------
JobId=5924278 ArrayJobId=5858372 ArrayTaskId=643 JobName=experiment_sim
   UserId=tbr0780(3229) GroupId=tbr0780(4023) MCS_label=N/A
   Priority=19535 Nice=0 Account=p32397 QOS=normal
   JobState=RUNNING Reason=None Dependency=(null)
   Requeue=0 Restarts=0 BatchFlag=1 Reboot=0 ExitCode=0:0
   RunTime=00:18:10 TimeLimit=02:00:00 TimeMin=N/A
   SubmitTime=2025-06-18T15:19:09 EligibleTime=2025-06-18T15:19:11
   AccrueTime=2025-06-18T15:19:11
   StartTime=2025-06-18T19:54:05 EndTime=2025-06-18T21:54:05 Deadline=N/A
   SuspendTime=None SecsPreSuspend=0 LastSchedEval=2025-06-18T19:54:05 Scheduler=Backfill
   Partition=short AllocNode:Sid=quser41:3973193
   ReqNodeList=(null) ExcNodeList=(null)
   NodeList=qnode3030
   BatchHost=qnode3030
   NumNodes=1 NumCPUs=64 NumTasks=64 CPUs/Task=1 ReqB:S:C:T=0:0:*:*
   ReqTRES=cpu=64,mem=32000M,node=1,billing=288
   AllocTRES=cpu=64,mem=32000M,node=1,billing=288
   Socks/Node=* NtasksPerN:B:S:C=64:0:*:* CoreSpec=*
   MinCPUsNode=64 MinMemoryCPU=500M MinTmpDiskNode=0
   Features=[quest10|quest11|quest12|quest13] DelayBoot=00:00:00
   OverSubscribe=OK Contiguous=0 Licenses=(null) Network=(null)
   Command=/gpfs/home/tbr0780/Dissertation/Integrated_Likelihood_Algorithm/Polytomous_Logistic_Regression/scripts/experiment_sim.sh
   WorkDir=/gpfs/home/tbr0780/Dissertation/Integrated_Likelihood_Algorithm/Polytomous_Logistic_Regression
   StdErr=/dev/null
   StdIn=/dev/null
   StdOut=/dev/null
   MailUser=timothyruel2024@u.northwestern.edu MailType=INVALID_DEPEND,BEGIN,END,FAIL,REQUEUE,STAGE_OUT
   
--------------------------------------------------------------------------------
JOB EFFICIENCY 
--------------------------------------------------------------------------------
Job efficiency will be calculated after the job has completed.
===== checkjob (interval) at Wed Jun 18 20:12:48 CDT 2025 =====
--------------------------------------------------------------------------------
JOB INFORMATION 
--------------------------------------------------------------------------------
JobId=5924278 ArrayJobId=5858372 ArrayTaskId=643 JobName=experiment_sim
   UserId=tbr0780(3229) GroupId=tbr0780(4023) MCS_label=N/A
   Priority=19535 Nice=0 Account=p32397 QOS=normal
   JobState=RUNNING Reason=None Dependency=(null)
   Requeue=0 Restarts=0 BatchFlag=1 Reboot=0 ExitCode=0:0
   RunTime=00:18:45 TimeLimit=02:00:00 TimeMin=N/A
   SubmitTime=2025-06-18T15:19:09 EligibleTime=2025-06-18T15:19:11
   AccrueTime=2025-06-18T15:19:11
   StartTime=2025-06-18T19:54:05 EndTime=2025-06-18T21:54:05 Deadline=N/A
   SuspendTime=None SecsPreSuspend=0 LastSchedEval=2025-06-18T19:54:05 Scheduler=Backfill
   Partition=short AllocNode:Sid=quser41:3973193
   ReqNodeList=(null) ExcNodeList=(null)
   NodeList=qnode3030
   BatchHost=qnode3030
   NumNodes=1 NumCPUs=64 NumTasks=64 CPUs/Task=1 ReqB:S:C:T=0:0:*:*
   ReqTRES=cpu=64,mem=32000M,node=1,billing=288
   AllocTRES=cpu=64,mem=32000M,node=1,billing=288
   Socks/Node=* NtasksPerN:B:S:C=64:0:*:* CoreSpec=*
   MinCPUsNode=64 MinMemoryCPU=500M MinTmpDiskNode=0
   Features=[quest10|quest11|quest12|quest13] DelayBoot=00:00:00
   OverSubscribe=OK Contiguous=0 Licenses=(null) Network=(null)
   Command=/gpfs/home/tbr0780/Dissertation/Integrated_Likelihood_Algorithm/Polytomous_Logistic_Regression/scripts/experiment_sim.sh
   WorkDir=/gpfs/home/tbr0780/Dissertation/Integrated_Likelihood_Algorithm/Polytomous_Logistic_Regression
   StdErr=/dev/null
   StdIn=/dev/null
   StdOut=/dev/null
   MailUser=timothyruel2024@u.northwestern.edu MailType=INVALID_DEPEND,BEGIN,END,FAIL,REQUEUE,STAGE_OUT
   
--------------------------------------------------------------------------------
JOB EFFICIENCY 
--------------------------------------------------------------------------------
Job efficiency will be calculated after the job has completed.
===== checkjob (interval) at Wed Jun 18 20:13:23 CDT 2025 =====
--------------------------------------------------------------------------------
JOB INFORMATION 
--------------------------------------------------------------------------------
JobId=5924278 ArrayJobId=5858372 ArrayTaskId=643 JobName=experiment_sim
   UserId=tbr0780(3229) GroupId=tbr0780(4023) MCS_label=N/A
   Priority=19535 Nice=0 Account=p32397 QOS=normal
   JobState=RUNNING Reason=None Dependency=(null)
   Requeue=0 Restarts=0 BatchFlag=1 Reboot=0 ExitCode=0:0
   RunTime=00:19:18 TimeLimit=02:00:00 TimeMin=N/A
   SubmitTime=2025-06-18T15:19:09 EligibleTime=2025-06-18T15:19:11
   AccrueTime=2025-06-18T15:19:11
   StartTime=2025-06-18T19:54:05 EndTime=2025-06-18T21:54:05 Deadline=N/A
   SuspendTime=None SecsPreSuspend=0 LastSchedEval=2025-06-18T19:54:05 Scheduler=Backfill
   Partition=short AllocNode:Sid=quser41:3973193
   ReqNodeList=(null) ExcNodeList=(null)
   NodeList=qnode3030
   BatchHost=qnode3030
   NumNodes=1 NumCPUs=64 NumTasks=64 CPUs/Task=1 ReqB:S:C:T=0:0:*:*
   ReqTRES=cpu=64,mem=32000M,node=1,billing=288
   AllocTRES=cpu=64,mem=32000M,node=1,billing=288
   Socks/Node=* NtasksPerN:B:S:C=64:0:*:* CoreSpec=*
   MinCPUsNode=64 MinMemoryCPU=500M MinTmpDiskNode=0
   Features=[quest10|quest11|quest12|quest13] DelayBoot=00:00:00
   OverSubscribe=OK Contiguous=0 Licenses=(null) Network=(null)
   Command=/gpfs/home/tbr0780/Dissertation/Integrated_Likelihood_Algorithm/Polytomous_Logistic_Regression/scripts/experiment_sim.sh
   WorkDir=/gpfs/home/tbr0780/Dissertation/Integrated_Likelihood_Algorithm/Polytomous_Logistic_Regression
   StdErr=/dev/null
   StdIn=/dev/null
   StdOut=/dev/null
   MailUser=timothyruel2024@u.northwestern.edu MailType=INVALID_DEPEND,BEGIN,END,FAIL,REQUEUE,STAGE_OUT
   
--------------------------------------------------------------------------------
JOB EFFICIENCY 
--------------------------------------------------------------------------------
Job efficiency will be calculated after the job has completed.
===== checkjob (interval) at Wed Jun 18 20:13:55 CDT 2025 =====
--------------------------------------------------------------------------------
JOB INFORMATION 
--------------------------------------------------------------------------------
JobId=5924278 ArrayJobId=5858372 ArrayTaskId=643 JobName=experiment_sim
   UserId=tbr0780(3229) GroupId=tbr0780(4023) MCS_label=N/A
   Priority=19535 Nice=0 Account=p32397 QOS=normal
   JobState=RUNNING Reason=None Dependency=(null)
   Requeue=0 Restarts=0 BatchFlag=1 Reboot=0 ExitCode=0:0
   RunTime=00:19:53 TimeLimit=02:00:00 TimeMin=N/A
   SubmitTime=2025-06-18T15:19:09 EligibleTime=2025-06-18T15:19:11
   AccrueTime=2025-06-18T15:19:11
   StartTime=2025-06-18T19:54:05 EndTime=2025-06-18T21:54:05 Deadline=N/A
   SuspendTime=None SecsPreSuspend=0 LastSchedEval=2025-06-18T19:54:05 Scheduler=Backfill
   Partition=short AllocNode:Sid=quser41:3973193
   ReqNodeList=(null) ExcNodeList=(null)
   NodeList=qnode3030
   BatchHost=qnode3030
   NumNodes=1 NumCPUs=64 NumTasks=64 CPUs/Task=1 ReqB:S:C:T=0:0:*:*
   ReqTRES=cpu=64,mem=32000M,node=1,billing=288
   AllocTRES=cpu=64,mem=32000M,node=1,billing=288
   Socks/Node=* NtasksPerN:B:S:C=64:0:*:* CoreSpec=*
   MinCPUsNode=64 MinMemoryCPU=500M MinTmpDiskNode=0
   Features=[quest10|quest11|quest12|quest13] DelayBoot=00:00:00
   OverSubscribe=OK Contiguous=0 Licenses=(null) Network=(null)
   Command=/gpfs/home/tbr0780/Dissertation/Integrated_Likelihood_Algorithm/Polytomous_Logistic_Regression/scripts/experiment_sim.sh
   WorkDir=/gpfs/home/tbr0780/Dissertation/Integrated_Likelihood_Algorithm/Polytomous_Logistic_Regression
   StdErr=/dev/null
   StdIn=/dev/null
   StdOut=/dev/null
   MailUser=timothyruel2024@u.northwestern.edu MailType=INVALID_DEPEND,BEGIN,END,FAIL,REQUEUE,STAGE_OUT
   
--------------------------------------------------------------------------------
JOB EFFICIENCY 
--------------------------------------------------------------------------------
Job efficiency will be calculated after the job has completed.
===== checkjob (interval) at Wed Jun 18 20:14:31 CDT 2025 =====
--------------------------------------------------------------------------------
JOB INFORMATION 
--------------------------------------------------------------------------------
JobId=5924278 ArrayJobId=5858372 ArrayTaskId=643 JobName=experiment_sim
   UserId=tbr0780(3229) GroupId=tbr0780(4023) MCS_label=N/A
   Priority=19535 Nice=0 Account=p32397 QOS=normal
   JobState=RUNNING Reason=None Dependency=(null)
   Requeue=0 Restarts=0 BatchFlag=1 Reboot=0 ExitCode=0:0
   RunTime=00:20:26 TimeLimit=02:00:00 TimeMin=N/A
   SubmitTime=2025-06-18T15:19:09 EligibleTime=2025-06-18T15:19:11
   AccrueTime=2025-06-18T15:19:11
   StartTime=2025-06-18T19:54:05 EndTime=2025-06-18T21:54:05 Deadline=N/A
   SuspendTime=None SecsPreSuspend=0 LastSchedEval=2025-06-18T19:54:05 Scheduler=Backfill
   Partition=short AllocNode:Sid=quser41:3973193
   ReqNodeList=(null) ExcNodeList=(null)
   NodeList=qnode3030
   BatchHost=qnode3030
   NumNodes=1 NumCPUs=64 NumTasks=64 CPUs/Task=1 ReqB:S:C:T=0:0:*:*
   ReqTRES=cpu=64,mem=32000M,node=1,billing=288
   AllocTRES=cpu=64,mem=32000M,node=1,billing=288
   Socks/Node=* NtasksPerN:B:S:C=64:0:*:* CoreSpec=*
   MinCPUsNode=64 MinMemoryCPU=500M MinTmpDiskNode=0
   Features=[quest10|quest11|quest12|quest13] DelayBoot=00:00:00
   OverSubscribe=OK Contiguous=0 Licenses=(null) Network=(null)
   Command=/gpfs/home/tbr0780/Dissertation/Integrated_Likelihood_Algorithm/Polytomous_Logistic_Regression/scripts/experiment_sim.sh
   WorkDir=/gpfs/home/tbr0780/Dissertation/Integrated_Likelihood_Algorithm/Polytomous_Logistic_Regression
   StdErr=/dev/null
   StdIn=/dev/null
   StdOut=/dev/null
   MailUser=timothyruel2024@u.northwestern.edu MailType=INVALID_DEPEND,BEGIN,END,FAIL,REQUEUE,STAGE_OUT
   
--------------------------------------------------------------------------------
JOB EFFICIENCY 
--------------------------------------------------------------------------------
Job efficiency will be calculated after the job has completed.
===== checkjob (interval) at Wed Jun 18 20:15:04 CDT 2025 =====
--------------------------------------------------------------------------------
JOB INFORMATION 
--------------------------------------------------------------------------------
JobId=5924278 ArrayJobId=5858372 ArrayTaskId=643 JobName=experiment_sim
   UserId=tbr0780(3229) GroupId=tbr0780(4023) MCS_label=N/A
   Priority=19535 Nice=0 Account=p32397 QOS=normal
   JobState=RUNNING Reason=None Dependency=(null)
   Requeue=0 Restarts=0 BatchFlag=1 Reboot=0 ExitCode=0:0
   RunTime=00:20:59 TimeLimit=02:00:00 TimeMin=N/A
   SubmitTime=2025-06-18T15:19:09 EligibleTime=2025-06-18T15:19:11
   AccrueTime=2025-06-18T15:19:11
   StartTime=2025-06-18T19:54:05 EndTime=2025-06-18T21:54:05 Deadline=N/A
   SuspendTime=None SecsPreSuspend=0 LastSchedEval=2025-06-18T19:54:05 Scheduler=Backfill
   Partition=short AllocNode:Sid=quser41:3973193
   ReqNodeList=(null) ExcNodeList=(null)
   NodeList=qnode3030
   BatchHost=qnode3030
   NumNodes=1 NumCPUs=64 NumTasks=64 CPUs/Task=1 ReqB:S:C:T=0:0:*:*
   ReqTRES=cpu=64,mem=32000M,node=1,billing=288
   AllocTRES=cpu=64,mem=32000M,node=1,billing=288
   Socks/Node=* NtasksPerN:B:S:C=64:0:*:* CoreSpec=*
   MinCPUsNode=64 MinMemoryCPU=500M MinTmpDiskNode=0
   Features=[quest10|quest11|quest12|quest13] DelayBoot=00:00:00
   OverSubscribe=OK Contiguous=0 Licenses=(null) Network=(null)
   Command=/gpfs/home/tbr0780/Dissertation/Integrated_Likelihood_Algorithm/Polytomous_Logistic_Regression/scripts/experiment_sim.sh
   WorkDir=/gpfs/home/tbr0780/Dissertation/Integrated_Likelihood_Algorithm/Polytomous_Logistic_Regression
   StdErr=/dev/null
   StdIn=/dev/null
   StdOut=/dev/null
   MailUser=timothyruel2024@u.northwestern.edu MailType=INVALID_DEPEND,BEGIN,END,FAIL,REQUEUE,STAGE_OUT
   
--------------------------------------------------------------------------------
JOB EFFICIENCY 
--------------------------------------------------------------------------------
Job efficiency will be calculated after the job has completed.
===== checkjob (interval) at Wed Jun 18 20:15:36 CDT 2025 =====
--------------------------------------------------------------------------------
JOB INFORMATION 
--------------------------------------------------------------------------------
JobId=5924278 ArrayJobId=5858372 ArrayTaskId=643 JobName=experiment_sim
   UserId=tbr0780(3229) GroupId=tbr0780(4023) MCS_label=N/A
   Priority=19535 Nice=0 Account=p32397 QOS=normal
   JobState=RUNNING Reason=None Dependency=(null)
   Requeue=0 Restarts=0 BatchFlag=1 Reboot=0 ExitCode=0:0
   RunTime=00:21:32 TimeLimit=02:00:00 TimeMin=N/A
   SubmitTime=2025-06-18T15:19:09 EligibleTime=2025-06-18T15:19:11
   AccrueTime=2025-06-18T15:19:11
   StartTime=2025-06-18T19:54:05 EndTime=2025-06-18T21:54:05 Deadline=N/A
   SuspendTime=None SecsPreSuspend=0 LastSchedEval=2025-06-18T19:54:05 Scheduler=Backfill
   Partition=short AllocNode:Sid=quser41:3973193
   ReqNodeList=(null) ExcNodeList=(null)
   NodeList=qnode3030
   BatchHost=qnode3030
   NumNodes=1 NumCPUs=64 NumTasks=64 CPUs/Task=1 ReqB:S:C:T=0:0:*:*
   ReqTRES=cpu=64,mem=32000M,node=1,billing=288
   AllocTRES=cpu=64,mem=32000M,node=1,billing=288
   Socks/Node=* NtasksPerN:B:S:C=64:0:*:* CoreSpec=*
   MinCPUsNode=64 MinMemoryCPU=500M MinTmpDiskNode=0
   Features=[quest10|quest11|quest12|quest13] DelayBoot=00:00:00
   OverSubscribe=OK Contiguous=0 Licenses=(null) Network=(null)
   Command=/gpfs/home/tbr0780/Dissertation/Integrated_Likelihood_Algorithm/Polytomous_Logistic_Regression/scripts/experiment_sim.sh
   WorkDir=/gpfs/home/tbr0780/Dissertation/Integrated_Likelihood_Algorithm/Polytomous_Logistic_Regression
   StdErr=/dev/null
   StdIn=/dev/null
   StdOut=/dev/null
   MailUser=timothyruel2024@u.northwestern.edu MailType=INVALID_DEPEND,BEGIN,END,FAIL,REQUEUE,STAGE_OUT
   
--------------------------------------------------------------------------------
JOB EFFICIENCY 
--------------------------------------------------------------------------------
Job efficiency will be calculated after the job has completed.
===== checkjob (interval) at Wed Jun 18 20:16:09 CDT 2025 =====
--------------------------------------------------------------------------------
JOB INFORMATION 
--------------------------------------------------------------------------------
JobId=5924278 ArrayJobId=5858372 ArrayTaskId=643 JobName=experiment_sim
   UserId=tbr0780(3229) GroupId=tbr0780(4023) MCS_label=N/A
   Priority=19535 Nice=0 Account=p32397 QOS=normal
   JobState=RUNNING Reason=None Dependency=(null)
   Requeue=0 Restarts=0 BatchFlag=1 Reboot=0 ExitCode=0:0
   RunTime=00:22:26 TimeLimit=02:00:00 TimeMin=N/A
   SubmitTime=2025-06-18T15:19:09 EligibleTime=2025-06-18T15:19:11
   AccrueTime=2025-06-18T15:19:11
   StartTime=2025-06-18T19:54:05 EndTime=2025-06-18T21:54:05 Deadline=N/A
   SuspendTime=None SecsPreSuspend=0 LastSchedEval=2025-06-18T19:54:05 Scheduler=Backfill
   Partition=short AllocNode:Sid=quser41:3973193
   ReqNodeList=(null) ExcNodeList=(null)
   NodeList=qnode3030
   BatchHost=qnode3030
   NumNodes=1 NumCPUs=64 NumTasks=64 CPUs/Task=1 ReqB:S:C:T=0:0:*:*
   ReqTRES=cpu=64,mem=32000M,node=1,billing=288
   AllocTRES=cpu=64,mem=32000M,node=1,billing=288
   Socks/Node=* NtasksPerN:B:S:C=64:0:*:* CoreSpec=*
   MinCPUsNode=64 MinMemoryCPU=500M MinTmpDiskNode=0
   Features=[quest10|quest11|quest12|quest13] DelayBoot=00:00:00
   OverSubscribe=OK Contiguous=0 Licenses=(null) Network=(null)
   Command=/gpfs/home/tbr0780/Dissertation/Integrated_Likelihood_Algorithm/Polytomous_Logistic_Regression/scripts/experiment_sim.sh
   WorkDir=/gpfs/home/tbr0780/Dissertation/Integrated_Likelihood_Algorithm/Polytomous_Logistic_Regression
   StdErr=/dev/null
   StdIn=/dev/null
   StdOut=/dev/null
   MailUser=timothyruel2024@u.northwestern.edu MailType=INVALID_DEPEND,BEGIN,END,FAIL,REQUEUE,STAGE_OUT
   
--------------------------------------------------------------------------------
JOB EFFICIENCY 
--------------------------------------------------------------------------------
Job efficiency will be calculated after the job has completed.
===== checkjob (interval) at Wed Jun 18 20:17:03 CDT 2025 =====
--------------------------------------------------------------------------------
JOB INFORMATION 
--------------------------------------------------------------------------------
JobId=5924278 ArrayJobId=5858372 ArrayTaskId=643 JobName=experiment_sim
   UserId=tbr0780(3229) GroupId=tbr0780(4023) MCS_label=N/A
   Priority=19535 Nice=0 Account=p32397 QOS=normal
   JobState=RUNNING Reason=None Dependency=(null)
   Requeue=0 Restarts=0 BatchFlag=1 Reboot=0 ExitCode=0:0
   RunTime=00:22:58 TimeLimit=02:00:00 TimeMin=N/A
   SubmitTime=2025-06-18T15:19:09 EligibleTime=2025-06-18T15:19:11
   AccrueTime=2025-06-18T15:19:11
   StartTime=2025-06-18T19:54:05 EndTime=2025-06-18T21:54:05 Deadline=N/A
   SuspendTime=None SecsPreSuspend=0 LastSchedEval=2025-06-18T19:54:05 Scheduler=Backfill
   Partition=short AllocNode:Sid=quser41:3973193
   ReqNodeList=(null) ExcNodeList=(null)
   NodeList=qnode3030
   BatchHost=qnode3030
   NumNodes=1 NumCPUs=64 NumTasks=64 CPUs/Task=1 ReqB:S:C:T=0:0:*:*
   ReqTRES=cpu=64,mem=32000M,node=1,billing=288
   AllocTRES=cpu=64,mem=32000M,node=1,billing=288
   Socks/Node=* NtasksPerN:B:S:C=64:0:*:* CoreSpec=*
   MinCPUsNode=64 MinMemoryCPU=500M MinTmpDiskNode=0
   Features=[quest10|quest11|quest12|quest13] DelayBoot=00:00:00
   OverSubscribe=OK Contiguous=0 Licenses=(null) Network=(null)
   Command=/gpfs/home/tbr0780/Dissertation/Integrated_Likelihood_Algorithm/Polytomous_Logistic_Regression/scripts/experiment_sim.sh
   WorkDir=/gpfs/home/tbr0780/Dissertation/Integrated_Likelihood_Algorithm/Polytomous_Logistic_Regression
   StdErr=/dev/null
   StdIn=/dev/null
   StdOut=/dev/null
   MailUser=timothyruel2024@u.northwestern.edu MailType=INVALID_DEPEND,BEGIN,END,FAIL,REQUEUE,STAGE_OUT
   
--------------------------------------------------------------------------------
JOB EFFICIENCY 
--------------------------------------------------------------------------------
Job efficiency will be calculated after the job has completed.
===== checkjob (interval) at Wed Jun 18 20:17:34 CDT 2025 =====
--------------------------------------------------------------------------------
JOB INFORMATION 
--------------------------------------------------------------------------------
JobId=5924278 ArrayJobId=5858372 ArrayTaskId=643 JobName=experiment_sim
   UserId=tbr0780(3229) GroupId=tbr0780(4023) MCS_label=N/A
   Priority=19535 Nice=0 Account=p32397 QOS=normal
   JobState=RUNNING Reason=None Dependency=(null)
   Requeue=0 Restarts=0 BatchFlag=1 Reboot=0 ExitCode=0:0
   RunTime=00:23:29 TimeLimit=02:00:00 TimeMin=N/A
   SubmitTime=2025-06-18T15:19:09 EligibleTime=2025-06-18T15:19:11
   AccrueTime=2025-06-18T15:19:11
   StartTime=2025-06-18T19:54:05 EndTime=2025-06-18T21:54:05 Deadline=N/A
   SuspendTime=None SecsPreSuspend=0 LastSchedEval=2025-06-18T19:54:05 Scheduler=Backfill
   Partition=short AllocNode:Sid=quser41:3973193
   ReqNodeList=(null) ExcNodeList=(null)
   NodeList=qnode3030
   BatchHost=qnode3030
   NumNodes=1 NumCPUs=64 NumTasks=64 CPUs/Task=1 ReqB:S:C:T=0:0:*:*
   ReqTRES=cpu=64,mem=32000M,node=1,billing=288
   AllocTRES=cpu=64,mem=32000M,node=1,billing=288
   Socks/Node=* NtasksPerN:B:S:C=64:0:*:* CoreSpec=*
   MinCPUsNode=64 MinMemoryCPU=500M MinTmpDiskNode=0
   Features=[quest10|quest11|quest12|quest13] DelayBoot=00:00:00
   OverSubscribe=OK Contiguous=0 Licenses=(null) Network=(null)
   Command=/gpfs/home/tbr0780/Dissertation/Integrated_Likelihood_Algorithm/Polytomous_Logistic_Regression/scripts/experiment_sim.sh
   WorkDir=/gpfs/home/tbr0780/Dissertation/Integrated_Likelihood_Algorithm/Polytomous_Logistic_Regression
   StdErr=/dev/null
   StdIn=/dev/null
   StdOut=/dev/null
   MailUser=timothyruel2024@u.northwestern.edu MailType=INVALID_DEPEND,BEGIN,END,FAIL,REQUEUE,STAGE_OUT
   
--------------------------------------------------------------------------------
JOB EFFICIENCY 
--------------------------------------------------------------------------------
Job efficiency will be calculated after the job has completed.
===== checkjob (interval) at Wed Jun 18 20:18:06 CDT 2025 =====
--------------------------------------------------------------------------------
JOB INFORMATION 
--------------------------------------------------------------------------------
JobId=5924278 ArrayJobId=5858372 ArrayTaskId=643 JobName=experiment_sim
   UserId=tbr0780(3229) GroupId=tbr0780(4023) MCS_label=N/A
   Priority=19535 Nice=0 Account=p32397 QOS=normal
   JobState=RUNNING Reason=None Dependency=(null)
   Requeue=0 Restarts=0 BatchFlag=1 Reboot=0 ExitCode=0:0
   RunTime=00:24:01 TimeLimit=02:00:00 TimeMin=N/A
   SubmitTime=2025-06-18T15:19:09 EligibleTime=2025-06-18T15:19:11
   AccrueTime=2025-06-18T15:19:11
   StartTime=2025-06-18T19:54:05 EndTime=2025-06-18T21:54:05 Deadline=N/A
   SuspendTime=None SecsPreSuspend=0 LastSchedEval=2025-06-18T19:54:05 Scheduler=Backfill
   Partition=short AllocNode:Sid=quser41:3973193
   ReqNodeList=(null) ExcNodeList=(null)
   NodeList=qnode3030
   BatchHost=qnode3030
   NumNodes=1 NumCPUs=64 NumTasks=64 CPUs/Task=1 ReqB:S:C:T=0:0:*:*
   ReqTRES=cpu=64,mem=32000M,node=1,billing=288
   AllocTRES=cpu=64,mem=32000M,node=1,billing=288
   Socks/Node=* NtasksPerN:B:S:C=64:0:*:* CoreSpec=*
   MinCPUsNode=64 MinMemoryCPU=500M MinTmpDiskNode=0
   Features=[quest10|quest11|quest12|quest13] DelayBoot=00:00:00
   OverSubscribe=OK Contiguous=0 Licenses=(null) Network=(null)
   Command=/gpfs/home/tbr0780/Dissertation/Integrated_Likelihood_Algorithm/Polytomous_Logistic_Regression/scripts/experiment_sim.sh
   WorkDir=/gpfs/home/tbr0780/Dissertation/Integrated_Likelihood_Algorithm/Polytomous_Logistic_Regression
   StdErr=/dev/null
   StdIn=/dev/null
   StdOut=/dev/null
   MailUser=timothyruel2024@u.northwestern.edu MailType=INVALID_DEPEND,BEGIN,END,FAIL,REQUEUE,STAGE_OUT
   
--------------------------------------------------------------------------------
JOB EFFICIENCY 
--------------------------------------------------------------------------------
Job efficiency will be calculated after the job has completed.
===== checkjob (interval) at Wed Jun 18 20:18:39 CDT 2025 =====
--------------------------------------------------------------------------------
JOB INFORMATION 
--------------------------------------------------------------------------------
JobId=5924278 ArrayJobId=5858372 ArrayTaskId=643 JobName=experiment_sim
   UserId=tbr0780(3229) GroupId=tbr0780(4023) MCS_label=N/A
   Priority=19535 Nice=0 Account=p32397 QOS=normal
   JobState=RUNNING Reason=None Dependency=(null)
   Requeue=0 Restarts=0 BatchFlag=1 Reboot=0 ExitCode=0:0
   RunTime=00:24:34 TimeLimit=02:00:00 TimeMin=N/A
   SubmitTime=2025-06-18T15:19:09 EligibleTime=2025-06-18T15:19:11
   AccrueTime=2025-06-18T15:19:11
   StartTime=2025-06-18T19:54:05 EndTime=2025-06-18T21:54:05 Deadline=N/A
   SuspendTime=None SecsPreSuspend=0 LastSchedEval=2025-06-18T19:54:05 Scheduler=Backfill
   Partition=short AllocNode:Sid=quser41:3973193
   ReqNodeList=(null) ExcNodeList=(null)
   NodeList=qnode3030
   BatchHost=qnode3030
   NumNodes=1 NumCPUs=64 NumTasks=64 CPUs/Task=1 ReqB:S:C:T=0:0:*:*
   ReqTRES=cpu=64,mem=32000M,node=1,billing=288
   AllocTRES=cpu=64,mem=32000M,node=1,billing=288
   Socks/Node=* NtasksPerN:B:S:C=64:0:*:* CoreSpec=*
   MinCPUsNode=64 MinMemoryCPU=500M MinTmpDiskNode=0
   Features=[quest10|quest11|quest12|quest13] DelayBoot=00:00:00
   OverSubscribe=OK Contiguous=0 Licenses=(null) Network=(null)
   Command=/gpfs/home/tbr0780/Dissertation/Integrated_Likelihood_Algorithm/Polytomous_Logistic_Regression/scripts/experiment_sim.sh
   WorkDir=/gpfs/home/tbr0780/Dissertation/Integrated_Likelihood_Algorithm/Polytomous_Logistic_Regression
   StdErr=/dev/null
   StdIn=/dev/null
   StdOut=/dev/null
   MailUser=timothyruel2024@u.northwestern.edu MailType=INVALID_DEPEND,BEGIN,END,FAIL,REQUEUE,STAGE_OUT
   
--------------------------------------------------------------------------------
JOB EFFICIENCY 
--------------------------------------------------------------------------------
Job efficiency will be calculated after the job has completed.
