📌 Logging to experiments/exp_v1.0.6/simulations/sim_01/iter_0428/logs/slurm_log.out
🔁 Running Iteration 428 of Simulation 1 in Experiment v1.0.6 with 64 cores...
here() starts at /gpfs/home/tbr0780/Dissertation
[INFO] True parameters already exist — skipping generation.
[INFO] Loading Beta_0 from /experiments/exp_v1.0.6/true_params
[INFO] Generating new data for run: iter_0428
[INFO] Saved config snapshot to /experiments/exp_v1.0.6/simulations/sim_01/iter_0428
Running experiment...
✓ Experiment results saved to /experiments/exp_v1.0.6/simulations/sim_01/iter_0428/results
✓ Run completed
===== FINAL SEFF OUTPUT for Job 5521579 =====
(Logged at Thu Jun 12 21:40:35 CDT 2025)
Job ID: 5521579
Array Job ID: 5519625_427
Cluster: quest
User/Group: tbr0780/tbr0780
State: RUNNING
Nodes: 1
Cores per node: 64
CPU Utilized: 00:00:00
CPU Efficiency: 0.00% of 20:17:04 core-walltime
Job Wall-clock time: 00:19:01
Memory Utilized: 0.00 MB (estimated maximum)
Memory Efficiency: 0.00% of 31.25 GB (500.00 MB/core)
WARNING: Efficiency statistics may be misleading for RUNNING jobs.
===== FINAL CHECKJOB OUTPUT for Job 5521579 =====
(Logged at Thu Jun 12 21:40:35 CDT 2025)
--------------------------------------------------------------------------------
JOB INFORMATION 
--------------------------------------------------------------------------------
JobId=5521579 ArrayJobId=5519625 ArrayTaskId=427 JobName=experiment_sim
   UserId=tbr0780(3229) GroupId=tbr0780(4023) MCS_label=N/A
   Priority=20774 Nice=0 Account=p32397 QOS=normal
   JobState=RUNNING Reason=None Dependency=(null)
   Requeue=0 Restarts=0 BatchFlag=1 Reboot=0 ExitCode=0:0
   RunTime=00:19:01 TimeLimit=02:00:00 TimeMin=N/A
   SubmitTime=2025-06-12T19:56:30 EligibleTime=2025-06-12T19:56:31
   AccrueTime=2025-06-12T19:56:31
   StartTime=2025-06-12T21:21:34 EndTime=2025-06-12T23:21:34 Deadline=N/A
   SuspendTime=None SecsPreSuspend=0 LastSchedEval=2025-06-12T21:21:34 Scheduler=Main
   Partition=short AllocNode:Sid=quser43:3646922
   ReqNodeList=(null) ExcNodeList=(null)
   NodeList=qnode3033
   BatchHost=qnode3033
   NumNodes=1 NumCPUs=64 NumTasks=64 CPUs/Task=1 ReqB:S:C:T=0:0:*:*
   ReqTRES=cpu=64,mem=32000M,node=1,billing=288
   AllocTRES=cpu=64,mem=32000M,node=1,billing=288
   Socks/Node=* NtasksPerN:B:S:C=64:0:*:* CoreSpec=*
   MinCPUsNode=64 MinMemoryCPU=500M MinTmpDiskNode=0
   Features=[quest10|quest11|quest12|quest13] DelayBoot=00:00:00
   OverSubscribe=OK Contiguous=0 Licenses=(null) Network=(null)
   Command=/gpfs/home/tbr0780/Dissertation/Integrated_Likelihood_Algorithm/Polytomous_Logistic_Regression/scripts/experiment_sim.sh
   WorkDir=/gpfs/home/tbr0780/Dissertation/Integrated_Likelihood_Algorithm/Polytomous_Logistic_Regression
   StdErr=/dev/null
   StdIn=/dev/null
   StdOut=/dev/null
   MailUser=timothyruel2024@u.northwestern.edu MailType=INVALID_DEPEND,BEGIN,END,FAIL,REQUEUE,STAGE_OUT
   
--------------------------------------------------------------------------------
JOB EFFICIENCY 
--------------------------------------------------------------------------------
Job efficiency will be calculated after the job has completed.
===== SACCT OUTPUT for Job 5521579 =====
(Logged at Thu Jun 12 21:40:36 CDT 2025)
JobID                     JobName    Elapsed     MaxRSS     ReqMem  AllocCPUS      State 
------------ -------------------- ---------- ---------- ---------- ---------- ---------- 
5519625_427        experiment_sim   00:19:02                32000M         64    RUNNING 
5519625_427+                batch   00:19:02                               64    RUNNING 
5519625_427+               extern   00:19:02                               64    RUNNING 
===== SYSTEM MEMORY (free -h) =====
(Logged at Thu Jun 12 21:40:36 CDT 2025)
              total        used        free      shared  buff/cache   available
Mem:          503Gi        43Gi       452Gi       6.7Gi       8.2Gi       448Gi
Swap:          31Gi       575Mi        31Gi
===== SYSTEM LOAD (uptime) =====
(Logged at Thu Jun 12 21:40:36 CDT 2025)
 21:40:36 up 82 days, 54 min,  0 users,  load average: 75.53, 99.43, 101.59
===== SYSTEM PROCESSES (top -b -n 1) =====
(Logged at Thu Jun 12 21:40:36 CDT 2025)
top - 21:40:36 up 82 days, 54 min,  0 users,  load average: 75.53, 99.43, 101.59
Tasks: 1281 total,  65 running, 1216 sleeping,   0 stopped,   0 zombie
%Cpu(s): 49.8 us,  0.2 sy,  0.0 ni, 49.8 id,  0.0 wa,  0.2 hi,  0.0 si,  0.0 st
MiB Mem : 515679.5 total, 462894.5 free,  44340.4 used,   8444.6 buff/cache
MiB Swap:  32768.0 total,  32192.5 free,    575.5 used. 459687.9 avail Mem 

    PID USER      PR  NI    VIRT    RES    SHR S  %CPU  %MEM     TIME+ COMMAND
 614716 tbr0780   20   0  654556 358980  11880 R 100.0   0.1   7:13.63 R
 614695 tbr0780   20   0  625628 330108  11936 R 100.0   0.1   7:13.05 R
 614696 tbr0780   20   0  629840 334276  11892 R 100.0   0.1   7:14.26 R
 614700 tbr0780   20   0  633524 338004  11936 R 100.0   0.1   7:12.52 R
 614701 tbr0780   20   0  634892 339372  11936 R 100.0   0.1   7:13.95 R
 614702 tbr0780   20   0  636268 340748  11936 R 100.0   0.1   7:13.98 R
 614705 tbr0780   20   0  640420 344848  11884 R 100.0   0.1   7:14.16 R
 614708 tbr0780   20   0  644632 349064  11888 R 100.0   0.1   7:14.09 R
 614711 tbr0780   20   0  649564 353988  11880 R 100.0   0.1   7:13.43 R
 614712 tbr0780   20   0  652852 357276  11880 R 100.0   0.1   7:13.74 R
 614714 tbr0780   20   0  652616 357040  11880 R 100.0   0.1   7:13.91 R
 614717 tbr0780   20   0  651916 356396  11936 R 100.0   0.1   7:00.03 R
 614718 tbr0780   20   0  655280 359712  11888 R 100.0   0.1   7:08.25 R
 614719 tbr0780   20   0  653596 358076  11936 R 100.0   0.1   7:13.51 R
 614720 tbr0780   20   0  647864 352288  11880 R 100.0   0.1   7:13.83 R
 614724 tbr0780   20   0  640192 344616  11880 R 100.0   0.1   7:13.71 R
 614725 tbr0780   20   0  636056 340536  11936 R 100.0   0.1   7:13.56 R
 614726 tbr0780   20   0  635308 339788  11936 R 100.0   0.1   7:13.55 R
 614727 tbr0780   20   0  636324 340804  11936 R 100.0   0.1   7:08.40 R
 614728 tbr0780   20   0  634212 338640  11884 R 100.0   0.1   7:13.70 R
 614729 tbr0780   20   0  660044 364524  11936 R 100.0   0.1   7:13.83 R
 614730 tbr0780   20   0  632608 337032  11880 R 100.0   0.1   7:13.71 R
 614732 tbr0780   20   0  666464 370888  11880 R 100.0   0.1   7:13.51 R
 614734 tbr0780   20   0  632912 337340  11884 R 100.0   0.1   7:13.49 R
 614735 tbr0780   20   0  632624 337052  11884 R 100.0   0.1   7:13.74 R
 614738 tbr0780   20   0  661096 365520  11880 R 100.0   0.1   7:13.58 R
 614739 tbr0780   20   0  663660 368140  11936 R 100.0   0.1   7:13.30 R
 614740 tbr0780   20   0  632692 337172  11936 R 100.0   0.1   7:13.44 R
 614741 tbr0780   20   0  632700 337128  11884 R 100.0   0.1   7:13.59 R
 614743 tbr0780   20   0  632828 337256  11884 R 100.0   0.1   7:13.61 R
 614744 tbr0780   20   0  632748 337228  11936 R 100.0   0.1   6:59.76 R
 614745 tbr0780   20   0  660108 364536  11884 R 100.0   0.1   7:13.59 R
 614746 tbr0780   20   0  632772 337252  11936 R 100.0   0.1   7:13.44 R
===== BACKGROUND CHECKJOB MONITOR LOG =====
===== checkjob (interval) at Thu Jun 12 21:22:12 CDT 2025 =====
--------------------------------------------------------------------------------
JOB INFORMATION 
--------------------------------------------------------------------------------
JobId=5521579 ArrayJobId=5519625 ArrayTaskId=427 JobName=experiment_sim
   UserId=tbr0780(3229) GroupId=tbr0780(4023) MCS_label=N/A
   Priority=20774 Nice=0 Account=p32397 QOS=normal
   JobState=RUNNING Reason=None Dependency=(null)
   Requeue=0 Restarts=0 BatchFlag=1 Reboot=0 ExitCode=0:0
   RunTime=00:00:39 TimeLimit=02:00:00 TimeMin=N/A
   SubmitTime=2025-06-12T19:56:30 EligibleTime=2025-06-12T19:56:31
   AccrueTime=2025-06-12T19:56:31
   StartTime=2025-06-12T21:21:34 EndTime=2025-06-12T23:21:34 Deadline=N/A
   SuspendTime=None SecsPreSuspend=0 LastSchedEval=2025-06-12T21:21:34 Scheduler=Main
   Partition=short AllocNode:Sid=quser43:3646922
   ReqNodeList=(null) ExcNodeList=(null)
   NodeList=qnode3033
   BatchHost=qnode3033
   NumNodes=1 NumCPUs=64 NumTasks=64 CPUs/Task=1 ReqB:S:C:T=0:0:*:*
   ReqTRES=cpu=64,mem=32000M,node=1,billing=288
   AllocTRES=cpu=64,mem=32000M,node=1,billing=288
   Socks/Node=* NtasksPerN:B:S:C=64:0:*:* CoreSpec=*
   MinCPUsNode=64 MinMemoryCPU=500M MinTmpDiskNode=0
   Features=[quest10|quest11|quest12|quest13] DelayBoot=00:00:00
   OverSubscribe=OK Contiguous=0 Licenses=(null) Network=(null)
   Command=/gpfs/home/tbr0780/Dissertation/Integrated_Likelihood_Algorithm/Polytomous_Logistic_Regression/scripts/experiment_sim.sh
   WorkDir=/gpfs/home/tbr0780/Dissertation/Integrated_Likelihood_Algorithm/Polytomous_Logistic_Regression
   StdErr=/dev/null
   StdIn=/dev/null
   StdOut=/dev/null
   MailUser=timothyruel2024@u.northwestern.edu MailType=INVALID_DEPEND,BEGIN,END,FAIL,REQUEUE,STAGE_OUT
   
--------------------------------------------------------------------------------
JOB EFFICIENCY 
--------------------------------------------------------------------------------
Job efficiency will be calculated after the job has completed.
===== checkjob (interval) at Thu Jun 12 21:22:44 CDT 2025 =====
--------------------------------------------------------------------------------
JOB INFORMATION 
--------------------------------------------------------------------------------
JobId=5521579 ArrayJobId=5519625 ArrayTaskId=427 JobName=experiment_sim
   UserId=tbr0780(3229) GroupId=tbr0780(4023) MCS_label=N/A
   Priority=20774 Nice=0 Account=p32397 QOS=normal
   JobState=RUNNING Reason=None Dependency=(null)
   Requeue=0 Restarts=0 BatchFlag=1 Reboot=0 ExitCode=0:0
   RunTime=00:01:10 TimeLimit=02:00:00 TimeMin=N/A
   SubmitTime=2025-06-12T19:56:30 EligibleTime=2025-06-12T19:56:31
   AccrueTime=2025-06-12T19:56:31
   StartTime=2025-06-12T21:21:34 EndTime=2025-06-12T23:21:34 Deadline=N/A
   SuspendTime=None SecsPreSuspend=0 LastSchedEval=2025-06-12T21:21:34 Scheduler=Main
   Partition=short AllocNode:Sid=quser43:3646922
   ReqNodeList=(null) ExcNodeList=(null)
   NodeList=qnode3033
   BatchHost=qnode3033
   NumNodes=1 NumCPUs=64 NumTasks=64 CPUs/Task=1 ReqB:S:C:T=0:0:*:*
   ReqTRES=cpu=64,mem=32000M,node=1,billing=288
   AllocTRES=cpu=64,mem=32000M,node=1,billing=288
   Socks/Node=* NtasksPerN:B:S:C=64:0:*:* CoreSpec=*
   MinCPUsNode=64 MinMemoryCPU=500M MinTmpDiskNode=0
   Features=[quest10|quest11|quest12|quest13] DelayBoot=00:00:00
   OverSubscribe=OK Contiguous=0 Licenses=(null) Network=(null)
   Command=/gpfs/home/tbr0780/Dissertation/Integrated_Likelihood_Algorithm/Polytomous_Logistic_Regression/scripts/experiment_sim.sh
   WorkDir=/gpfs/home/tbr0780/Dissertation/Integrated_Likelihood_Algorithm/Polytomous_Logistic_Regression
   StdErr=/dev/null
   StdIn=/dev/null
   StdOut=/dev/null
   MailUser=timothyruel2024@u.northwestern.edu MailType=INVALID_DEPEND,BEGIN,END,FAIL,REQUEUE,STAGE_OUT
   
--------------------------------------------------------------------------------
JOB EFFICIENCY 
--------------------------------------------------------------------------------
Job efficiency will be calculated after the job has completed.
===== checkjob (interval) at Thu Jun 12 21:23:15 CDT 2025 =====
--------------------------------------------------------------------------------
JOB INFORMATION 
--------------------------------------------------------------------------------
JobId=5521579 ArrayJobId=5519625 ArrayTaskId=427 JobName=experiment_sim
   UserId=tbr0780(3229) GroupId=tbr0780(4023) MCS_label=N/A
   Priority=20774 Nice=0 Account=p32397 QOS=normal
   JobState=RUNNING Reason=None Dependency=(null)
   Requeue=0 Restarts=0 BatchFlag=1 Reboot=0 ExitCode=0:0
   RunTime=00:01:43 TimeLimit=02:00:00 TimeMin=N/A
   SubmitTime=2025-06-12T19:56:30 EligibleTime=2025-06-12T19:56:31
   AccrueTime=2025-06-12T19:56:31
   StartTime=2025-06-12T21:21:34 EndTime=2025-06-12T23:21:34 Deadline=N/A
   SuspendTime=None SecsPreSuspend=0 LastSchedEval=2025-06-12T21:21:34 Scheduler=Main
   Partition=short AllocNode:Sid=quser43:3646922
   ReqNodeList=(null) ExcNodeList=(null)
   NodeList=qnode3033
   BatchHost=qnode3033
   NumNodes=1 NumCPUs=64 NumTasks=64 CPUs/Task=1 ReqB:S:C:T=0:0:*:*
   ReqTRES=cpu=64,mem=32000M,node=1,billing=288
   AllocTRES=cpu=64,mem=32000M,node=1,billing=288
   Socks/Node=* NtasksPerN:B:S:C=64:0:*:* CoreSpec=*
   MinCPUsNode=64 MinMemoryCPU=500M MinTmpDiskNode=0
   Features=[quest10|quest11|quest12|quest13] DelayBoot=00:00:00
   OverSubscribe=OK Contiguous=0 Licenses=(null) Network=(null)
   Command=/gpfs/home/tbr0780/Dissertation/Integrated_Likelihood_Algorithm/Polytomous_Logistic_Regression/scripts/experiment_sim.sh
   WorkDir=/gpfs/home/tbr0780/Dissertation/Integrated_Likelihood_Algorithm/Polytomous_Logistic_Regression
   StdErr=/dev/null
   StdIn=/dev/null
   StdOut=/dev/null
   MailUser=timothyruel2024@u.northwestern.edu MailType=INVALID_DEPEND,BEGIN,END,FAIL,REQUEUE,STAGE_OUT
   
--------------------------------------------------------------------------------
JOB EFFICIENCY 
--------------------------------------------------------------------------------
Job efficiency will be calculated after the job has completed.
===== checkjob (interval) at Thu Jun 12 21:23:50 CDT 2025 =====
--------------------------------------------------------------------------------
JOB INFORMATION 
--------------------------------------------------------------------------------
JobId=5521579 ArrayJobId=5519625 ArrayTaskId=427 JobName=experiment_sim
   UserId=tbr0780(3229) GroupId=tbr0780(4023) MCS_label=N/A
   Priority=20774 Nice=0 Account=p32397 QOS=normal
   JobState=RUNNING Reason=None Dependency=(null)
   Requeue=0 Restarts=0 BatchFlag=1 Reboot=0 ExitCode=0:0
   RunTime=00:02:16 TimeLimit=02:00:00 TimeMin=N/A
   SubmitTime=2025-06-12T19:56:30 EligibleTime=2025-06-12T19:56:31
   AccrueTime=2025-06-12T19:56:31
   StartTime=2025-06-12T21:21:34 EndTime=2025-06-12T23:21:34 Deadline=N/A
   SuspendTime=None SecsPreSuspend=0 LastSchedEval=2025-06-12T21:21:34 Scheduler=Main
   Partition=short AllocNode:Sid=quser43:3646922
   ReqNodeList=(null) ExcNodeList=(null)
   NodeList=qnode3033
   BatchHost=qnode3033
   NumNodes=1 NumCPUs=64 NumTasks=64 CPUs/Task=1 ReqB:S:C:T=0:0:*:*
   ReqTRES=cpu=64,mem=32000M,node=1,billing=288
   AllocTRES=cpu=64,mem=32000M,node=1,billing=288
   Socks/Node=* NtasksPerN:B:S:C=64:0:*:* CoreSpec=*
   MinCPUsNode=64 MinMemoryCPU=500M MinTmpDiskNode=0
   Features=[quest10|quest11|quest12|quest13] DelayBoot=00:00:00
   OverSubscribe=OK Contiguous=0 Licenses=(null) Network=(null)
   Command=/gpfs/home/tbr0780/Dissertation/Integrated_Likelihood_Algorithm/Polytomous_Logistic_Regression/scripts/experiment_sim.sh
   WorkDir=/gpfs/home/tbr0780/Dissertation/Integrated_Likelihood_Algorithm/Polytomous_Logistic_Regression
   StdErr=/dev/null
   StdIn=/dev/null
   StdOut=/dev/null
   MailUser=timothyruel2024@u.northwestern.edu MailType=INVALID_DEPEND,BEGIN,END,FAIL,REQUEUE,STAGE_OUT
   
--------------------------------------------------------------------------------
JOB EFFICIENCY 
--------------------------------------------------------------------------------
Job efficiency will be calculated after the job has completed.
===== checkjob (interval) at Thu Jun 12 21:24:25 CDT 2025 =====
--------------------------------------------------------------------------------
JOB INFORMATION 
--------------------------------------------------------------------------------
JobId=5521579 ArrayJobId=5519625 ArrayTaskId=427 JobName=experiment_sim
   UserId=tbr0780(3229) GroupId=tbr0780(4023) MCS_label=N/A
   Priority=20774 Nice=0 Account=p32397 QOS=normal
   JobState=RUNNING Reason=None Dependency=(null)
   Requeue=0 Restarts=0 BatchFlag=1 Reboot=0 ExitCode=0:0
   RunTime=00:02:51 TimeLimit=02:00:00 TimeMin=N/A
   SubmitTime=2025-06-12T19:56:30 EligibleTime=2025-06-12T19:56:31
   AccrueTime=2025-06-12T19:56:31
   StartTime=2025-06-12T21:21:34 EndTime=2025-06-12T23:21:34 Deadline=N/A
   SuspendTime=None SecsPreSuspend=0 LastSchedEval=2025-06-12T21:21:34 Scheduler=Main
   Partition=short AllocNode:Sid=quser43:3646922
   ReqNodeList=(null) ExcNodeList=(null)
   NodeList=qnode3033
   BatchHost=qnode3033
   NumNodes=1 NumCPUs=64 NumTasks=64 CPUs/Task=1 ReqB:S:C:T=0:0:*:*
   ReqTRES=cpu=64,mem=32000M,node=1,billing=288
   AllocTRES=cpu=64,mem=32000M,node=1,billing=288
   Socks/Node=* NtasksPerN:B:S:C=64:0:*:* CoreSpec=*
   MinCPUsNode=64 MinMemoryCPU=500M MinTmpDiskNode=0
   Features=[quest10|quest11|quest12|quest13] DelayBoot=00:00:00
   OverSubscribe=OK Contiguous=0 Licenses=(null) Network=(null)
   Command=/gpfs/home/tbr0780/Dissertation/Integrated_Likelihood_Algorithm/Polytomous_Logistic_Regression/scripts/experiment_sim.sh
   WorkDir=/gpfs/home/tbr0780/Dissertation/Integrated_Likelihood_Algorithm/Polytomous_Logistic_Regression
   StdErr=/dev/null
   StdIn=/dev/null
   StdOut=/dev/null
   MailUser=timothyruel2024@u.northwestern.edu MailType=INVALID_DEPEND,BEGIN,END,FAIL,REQUEUE,STAGE_OUT
   
--------------------------------------------------------------------------------
JOB EFFICIENCY 
--------------------------------------------------------------------------------
Job efficiency will be calculated after the job has completed.
===== checkjob (interval) at Thu Jun 12 21:24:58 CDT 2025 =====
--------------------------------------------------------------------------------
JOB INFORMATION 
--------------------------------------------------------------------------------
JobId=5521579 ArrayJobId=5519625 ArrayTaskId=427 JobName=experiment_sim
   UserId=tbr0780(3229) GroupId=tbr0780(4023) MCS_label=N/A
   Priority=20774 Nice=0 Account=p32397 QOS=normal
   JobState=RUNNING Reason=None Dependency=(null)
   Requeue=0 Restarts=0 BatchFlag=1 Reboot=0 ExitCode=0:0
   RunTime=00:03:24 TimeLimit=02:00:00 TimeMin=N/A
   SubmitTime=2025-06-12T19:56:30 EligibleTime=2025-06-12T19:56:31
   AccrueTime=2025-06-12T19:56:31
   StartTime=2025-06-12T21:21:34 EndTime=2025-06-12T23:21:34 Deadline=N/A
   SuspendTime=None SecsPreSuspend=0 LastSchedEval=2025-06-12T21:21:34 Scheduler=Main
   Partition=short AllocNode:Sid=quser43:3646922
   ReqNodeList=(null) ExcNodeList=(null)
   NodeList=qnode3033
   BatchHost=qnode3033
   NumNodes=1 NumCPUs=64 NumTasks=64 CPUs/Task=1 ReqB:S:C:T=0:0:*:*
   ReqTRES=cpu=64,mem=32000M,node=1,billing=288
   AllocTRES=cpu=64,mem=32000M,node=1,billing=288
   Socks/Node=* NtasksPerN:B:S:C=64:0:*:* CoreSpec=*
   MinCPUsNode=64 MinMemoryCPU=500M MinTmpDiskNode=0
   Features=[quest10|quest11|quest12|quest13] DelayBoot=00:00:00
   OverSubscribe=OK Contiguous=0 Licenses=(null) Network=(null)
   Command=/gpfs/home/tbr0780/Dissertation/Integrated_Likelihood_Algorithm/Polytomous_Logistic_Regression/scripts/experiment_sim.sh
   WorkDir=/gpfs/home/tbr0780/Dissertation/Integrated_Likelihood_Algorithm/Polytomous_Logistic_Regression
   StdErr=/dev/null
   StdIn=/dev/null
   StdOut=/dev/null
   MailUser=timothyruel2024@u.northwestern.edu MailType=INVALID_DEPEND,BEGIN,END,FAIL,REQUEUE,STAGE_OUT
   
--------------------------------------------------------------------------------
JOB EFFICIENCY 
--------------------------------------------------------------------------------
Job efficiency will be calculated after the job has completed.
===== checkjob (interval) at Thu Jun 12 21:25:29 CDT 2025 =====
--------------------------------------------------------------------------------
JOB INFORMATION 
--------------------------------------------------------------------------------
JobId=5521579 ArrayJobId=5519625 ArrayTaskId=427 JobName=experiment_sim
   UserId=tbr0780(3229) GroupId=tbr0780(4023) MCS_label=N/A
   Priority=20774 Nice=0 Account=p32397 QOS=normal
   JobState=RUNNING Reason=None Dependency=(null)
   Requeue=0 Restarts=0 BatchFlag=1 Reboot=0 ExitCode=0:0
   RunTime=00:03:56 TimeLimit=02:00:00 TimeMin=N/A
   SubmitTime=2025-06-12T19:56:30 EligibleTime=2025-06-12T19:56:31
   AccrueTime=2025-06-12T19:56:31
   StartTime=2025-06-12T21:21:34 EndTime=2025-06-12T23:21:34 Deadline=N/A
   SuspendTime=None SecsPreSuspend=0 LastSchedEval=2025-06-12T21:21:34 Scheduler=Main
   Partition=short AllocNode:Sid=quser43:3646922
   ReqNodeList=(null) ExcNodeList=(null)
   NodeList=qnode3033
   BatchHost=qnode3033
   NumNodes=1 NumCPUs=64 NumTasks=64 CPUs/Task=1 ReqB:S:C:T=0:0:*:*
   ReqTRES=cpu=64,mem=32000M,node=1,billing=288
   AllocTRES=cpu=64,mem=32000M,node=1,billing=288
   Socks/Node=* NtasksPerN:B:S:C=64:0:*:* CoreSpec=*
   MinCPUsNode=64 MinMemoryCPU=500M MinTmpDiskNode=0
   Features=[quest10|quest11|quest12|quest13] DelayBoot=00:00:00
   OverSubscribe=OK Contiguous=0 Licenses=(null) Network=(null)
   Command=/gpfs/home/tbr0780/Dissertation/Integrated_Likelihood_Algorithm/Polytomous_Logistic_Regression/scripts/experiment_sim.sh
   WorkDir=/gpfs/home/tbr0780/Dissertation/Integrated_Likelihood_Algorithm/Polytomous_Logistic_Regression
   StdErr=/dev/null
   StdIn=/dev/null
   StdOut=/dev/null
   MailUser=timothyruel2024@u.northwestern.edu MailType=INVALID_DEPEND,BEGIN,END,FAIL,REQUEUE,STAGE_OUT
   
--------------------------------------------------------------------------------
JOB EFFICIENCY 
--------------------------------------------------------------------------------
Job efficiency will be calculated after the job has completed.
===== checkjob (interval) at Thu Jun 12 21:26:03 CDT 2025 =====
--------------------------------------------------------------------------------
JOB INFORMATION 
--------------------------------------------------------------------------------
JobId=5521579 ArrayJobId=5519625 ArrayTaskId=427 JobName=experiment_sim
   UserId=tbr0780(3229) GroupId=tbr0780(4023) MCS_label=N/A
   Priority=20774 Nice=0 Account=p32397 QOS=normal
   JobState=RUNNING Reason=None Dependency=(null)
   Requeue=0 Restarts=0 BatchFlag=1 Reboot=0 ExitCode=0:0
   RunTime=00:04:29 TimeLimit=02:00:00 TimeMin=N/A
   SubmitTime=2025-06-12T19:56:30 EligibleTime=2025-06-12T19:56:31
   AccrueTime=2025-06-12T19:56:31
   StartTime=2025-06-12T21:21:34 EndTime=2025-06-12T23:21:34 Deadline=N/A
   SuspendTime=None SecsPreSuspend=0 LastSchedEval=2025-06-12T21:21:34 Scheduler=Main
   Partition=short AllocNode:Sid=quser43:3646922
   ReqNodeList=(null) ExcNodeList=(null)
   NodeList=qnode3033
   BatchHost=qnode3033
   NumNodes=1 NumCPUs=64 NumTasks=64 CPUs/Task=1 ReqB:S:C:T=0:0:*:*
   ReqTRES=cpu=64,mem=32000M,node=1,billing=288
   AllocTRES=cpu=64,mem=32000M,node=1,billing=288
   Socks/Node=* NtasksPerN:B:S:C=64:0:*:* CoreSpec=*
   MinCPUsNode=64 MinMemoryCPU=500M MinTmpDiskNode=0
   Features=[quest10|quest11|quest12|quest13] DelayBoot=00:00:00
   OverSubscribe=OK Contiguous=0 Licenses=(null) Network=(null)
   Command=/gpfs/home/tbr0780/Dissertation/Integrated_Likelihood_Algorithm/Polytomous_Logistic_Regression/scripts/experiment_sim.sh
   WorkDir=/gpfs/home/tbr0780/Dissertation/Integrated_Likelihood_Algorithm/Polytomous_Logistic_Regression
   StdErr=/dev/null
   StdIn=/dev/null
   StdOut=/dev/null
   MailUser=timothyruel2024@u.northwestern.edu MailType=INVALID_DEPEND,BEGIN,END,FAIL,REQUEUE,STAGE_OUT
   
--------------------------------------------------------------------------------
JOB EFFICIENCY 
--------------------------------------------------------------------------------
Job efficiency will be calculated after the job has completed.
===== checkjob (interval) at Thu Jun 12 21:26:38 CDT 2025 =====
--------------------------------------------------------------------------------
JOB INFORMATION 
--------------------------------------------------------------------------------
JobId=5521579 ArrayJobId=5519625 ArrayTaskId=427 JobName=experiment_sim
   UserId=tbr0780(3229) GroupId=tbr0780(4023) MCS_label=N/A
   Priority=20774 Nice=0 Account=p32397 QOS=normal
   JobState=RUNNING Reason=None Dependency=(null)
   Requeue=0 Restarts=0 BatchFlag=1 Reboot=0 ExitCode=0:0
   RunTime=00:05:04 TimeLimit=02:00:00 TimeMin=N/A
   SubmitTime=2025-06-12T19:56:30 EligibleTime=2025-06-12T19:56:31
   AccrueTime=2025-06-12T19:56:31
   StartTime=2025-06-12T21:21:34 EndTime=2025-06-12T23:21:34 Deadline=N/A
   SuspendTime=None SecsPreSuspend=0 LastSchedEval=2025-06-12T21:21:34 Scheduler=Main
   Partition=short AllocNode:Sid=quser43:3646922
   ReqNodeList=(null) ExcNodeList=(null)
   NodeList=qnode3033
   BatchHost=qnode3033
   NumNodes=1 NumCPUs=64 NumTasks=64 CPUs/Task=1 ReqB:S:C:T=0:0:*:*
   ReqTRES=cpu=64,mem=32000M,node=1,billing=288
   AllocTRES=cpu=64,mem=32000M,node=1,billing=288
   Socks/Node=* NtasksPerN:B:S:C=64:0:*:* CoreSpec=*
   MinCPUsNode=64 MinMemoryCPU=500M MinTmpDiskNode=0
   Features=[quest10|quest11|quest12|quest13] DelayBoot=00:00:00
   OverSubscribe=OK Contiguous=0 Licenses=(null) Network=(null)
   Command=/gpfs/home/tbr0780/Dissertation/Integrated_Likelihood_Algorithm/Polytomous_Logistic_Regression/scripts/experiment_sim.sh
   WorkDir=/gpfs/home/tbr0780/Dissertation/Integrated_Likelihood_Algorithm/Polytomous_Logistic_Regression
   StdErr=/dev/null
   StdIn=/dev/null
   StdOut=/dev/null
   MailUser=timothyruel2024@u.northwestern.edu MailType=INVALID_DEPEND,BEGIN,END,FAIL,REQUEUE,STAGE_OUT
   
--------------------------------------------------------------------------------
JOB EFFICIENCY 
--------------------------------------------------------------------------------
Job efficiency will be calculated after the job has completed.
===== checkjob (interval) at Thu Jun 12 21:27:09 CDT 2025 =====
--------------------------------------------------------------------------------
JOB INFORMATION 
--------------------------------------------------------------------------------
JobId=5521579 ArrayJobId=5519625 ArrayTaskId=427 JobName=experiment_sim
   UserId=tbr0780(3229) GroupId=tbr0780(4023) MCS_label=N/A
   Priority=20774 Nice=0 Account=p32397 QOS=normal
   JobState=RUNNING Reason=None Dependency=(null)
   Requeue=0 Restarts=0 BatchFlag=1 Reboot=0 ExitCode=0:0
   RunTime=00:05:35 TimeLimit=02:00:00 TimeMin=N/A
   SubmitTime=2025-06-12T19:56:30 EligibleTime=2025-06-12T19:56:31
   AccrueTime=2025-06-12T19:56:31
   StartTime=2025-06-12T21:21:34 EndTime=2025-06-12T23:21:34 Deadline=N/A
   SuspendTime=None SecsPreSuspend=0 LastSchedEval=2025-06-12T21:21:34 Scheduler=Main
   Partition=short AllocNode:Sid=quser43:3646922
   ReqNodeList=(null) ExcNodeList=(null)
   NodeList=qnode3033
   BatchHost=qnode3033
   NumNodes=1 NumCPUs=64 NumTasks=64 CPUs/Task=1 ReqB:S:C:T=0:0:*:*
   ReqTRES=cpu=64,mem=32000M,node=1,billing=288
   AllocTRES=cpu=64,mem=32000M,node=1,billing=288
   Socks/Node=* NtasksPerN:B:S:C=64:0:*:* CoreSpec=*
   MinCPUsNode=64 MinMemoryCPU=500M MinTmpDiskNode=0
   Features=[quest10|quest11|quest12|quest13] DelayBoot=00:00:00
   OverSubscribe=OK Contiguous=0 Licenses=(null) Network=(null)
   Command=/gpfs/home/tbr0780/Dissertation/Integrated_Likelihood_Algorithm/Polytomous_Logistic_Regression/scripts/experiment_sim.sh
   WorkDir=/gpfs/home/tbr0780/Dissertation/Integrated_Likelihood_Algorithm/Polytomous_Logistic_Regression
   StdErr=/dev/null
   StdIn=/dev/null
   StdOut=/dev/null
   MailUser=timothyruel2024@u.northwestern.edu MailType=INVALID_DEPEND,BEGIN,END,FAIL,REQUEUE,STAGE_OUT
   
--------------------------------------------------------------------------------
JOB EFFICIENCY 
--------------------------------------------------------------------------------
Job efficiency will be calculated after the job has completed.
===== checkjob (interval) at Thu Jun 12 21:27:42 CDT 2025 =====
--------------------------------------------------------------------------------
JOB INFORMATION 
--------------------------------------------------------------------------------
JobId=5521579 ArrayJobId=5519625 ArrayTaskId=427 JobName=experiment_sim
   UserId=tbr0780(3229) GroupId=tbr0780(4023) MCS_label=N/A
   Priority=20774 Nice=0 Account=p32397 QOS=normal
   JobState=RUNNING Reason=None Dependency=(null)
   Requeue=0 Restarts=0 BatchFlag=1 Reboot=0 ExitCode=0:0
   RunTime=00:06:10 TimeLimit=02:00:00 TimeMin=N/A
   SubmitTime=2025-06-12T19:56:30 EligibleTime=2025-06-12T19:56:31
   AccrueTime=2025-06-12T19:56:31
   StartTime=2025-06-12T21:21:34 EndTime=2025-06-12T23:21:34 Deadline=N/A
   SuspendTime=None SecsPreSuspend=0 LastSchedEval=2025-06-12T21:21:34 Scheduler=Main
   Partition=short AllocNode:Sid=quser43:3646922
   ReqNodeList=(null) ExcNodeList=(null)
   NodeList=qnode3033
   BatchHost=qnode3033
   NumNodes=1 NumCPUs=64 NumTasks=64 CPUs/Task=1 ReqB:S:C:T=0:0:*:*
   ReqTRES=cpu=64,mem=32000M,node=1,billing=288
   AllocTRES=cpu=64,mem=32000M,node=1,billing=288
   Socks/Node=* NtasksPerN:B:S:C=64:0:*:* CoreSpec=*
   MinCPUsNode=64 MinMemoryCPU=500M MinTmpDiskNode=0
   Features=[quest10|quest11|quest12|quest13] DelayBoot=00:00:00
   OverSubscribe=OK Contiguous=0 Licenses=(null) Network=(null)
   Command=/gpfs/home/tbr0780/Dissertation/Integrated_Likelihood_Algorithm/Polytomous_Logistic_Regression/scripts/experiment_sim.sh
   WorkDir=/gpfs/home/tbr0780/Dissertation/Integrated_Likelihood_Algorithm/Polytomous_Logistic_Regression
   StdErr=/dev/null
   StdIn=/dev/null
   StdOut=/dev/null
   MailUser=timothyruel2024@u.northwestern.edu MailType=INVALID_DEPEND,BEGIN,END,FAIL,REQUEUE,STAGE_OUT
   
--------------------------------------------------------------------------------
JOB EFFICIENCY 
--------------------------------------------------------------------------------
Job efficiency will be calculated after the job has completed.
===== checkjob (interval) at Thu Jun 12 21:28:16 CDT 2025 =====
--------------------------------------------------------------------------------
JOB INFORMATION 
--------------------------------------------------------------------------------
JobId=5521579 ArrayJobId=5519625 ArrayTaskId=427 JobName=experiment_sim
   UserId=tbr0780(3229) GroupId=tbr0780(4023) MCS_label=N/A
   Priority=20774 Nice=0 Account=p32397 QOS=normal
   JobState=RUNNING Reason=None Dependency=(null)
   Requeue=0 Restarts=0 BatchFlag=1 Reboot=0 ExitCode=0:0
   RunTime=00:06:42 TimeLimit=02:00:00 TimeMin=N/A
   SubmitTime=2025-06-12T19:56:30 EligibleTime=2025-06-12T19:56:31
   AccrueTime=2025-06-12T19:56:31
   StartTime=2025-06-12T21:21:34 EndTime=2025-06-12T23:21:34 Deadline=N/A
   SuspendTime=None SecsPreSuspend=0 LastSchedEval=2025-06-12T21:21:34 Scheduler=Main
   Partition=short AllocNode:Sid=quser43:3646922
   ReqNodeList=(null) ExcNodeList=(null)
   NodeList=qnode3033
   BatchHost=qnode3033
   NumNodes=1 NumCPUs=64 NumTasks=64 CPUs/Task=1 ReqB:S:C:T=0:0:*:*
   ReqTRES=cpu=64,mem=32000M,node=1,billing=288
   AllocTRES=cpu=64,mem=32000M,node=1,billing=288
   Socks/Node=* NtasksPerN:B:S:C=64:0:*:* CoreSpec=*
   MinCPUsNode=64 MinMemoryCPU=500M MinTmpDiskNode=0
   Features=[quest10|quest11|quest12|quest13] DelayBoot=00:00:00
   OverSubscribe=OK Contiguous=0 Licenses=(null) Network=(null)
   Command=/gpfs/home/tbr0780/Dissertation/Integrated_Likelihood_Algorithm/Polytomous_Logistic_Regression/scripts/experiment_sim.sh
   WorkDir=/gpfs/home/tbr0780/Dissertation/Integrated_Likelihood_Algorithm/Polytomous_Logistic_Regression
   StdErr=/dev/null
   StdIn=/dev/null
   StdOut=/dev/null
   MailUser=timothyruel2024@u.northwestern.edu MailType=INVALID_DEPEND,BEGIN,END,FAIL,REQUEUE,STAGE_OUT
   
--------------------------------------------------------------------------------
JOB EFFICIENCY 
--------------------------------------------------------------------------------
Job efficiency will be calculated after the job has completed.
===== checkjob (interval) at Thu Jun 12 21:28:47 CDT 2025 =====
--------------------------------------------------------------------------------
JOB INFORMATION 
--------------------------------------------------------------------------------
JobId=5521579 ArrayJobId=5519625 ArrayTaskId=427 JobName=experiment_sim
   UserId=tbr0780(3229) GroupId=tbr0780(4023) MCS_label=N/A
   Priority=20774 Nice=0 Account=p32397 QOS=normal
   JobState=RUNNING Reason=None Dependency=(null)
   Requeue=0 Restarts=0 BatchFlag=1 Reboot=0 ExitCode=0:0
   RunTime=00:07:14 TimeLimit=02:00:00 TimeMin=N/A
   SubmitTime=2025-06-12T19:56:30 EligibleTime=2025-06-12T19:56:31
   AccrueTime=2025-06-12T19:56:31
   StartTime=2025-06-12T21:21:34 EndTime=2025-06-12T23:21:34 Deadline=N/A
   SuspendTime=None SecsPreSuspend=0 LastSchedEval=2025-06-12T21:21:34 Scheduler=Main
   Partition=short AllocNode:Sid=quser43:3646922
   ReqNodeList=(null) ExcNodeList=(null)
   NodeList=qnode3033
   BatchHost=qnode3033
   NumNodes=1 NumCPUs=64 NumTasks=64 CPUs/Task=1 ReqB:S:C:T=0:0:*:*
   ReqTRES=cpu=64,mem=32000M,node=1,billing=288
   AllocTRES=cpu=64,mem=32000M,node=1,billing=288
   Socks/Node=* NtasksPerN:B:S:C=64:0:*:* CoreSpec=*
   MinCPUsNode=64 MinMemoryCPU=500M MinTmpDiskNode=0
   Features=[quest10|quest11|quest12|quest13] DelayBoot=00:00:00
   OverSubscribe=OK Contiguous=0 Licenses=(null) Network=(null)
   Command=/gpfs/home/tbr0780/Dissertation/Integrated_Likelihood_Algorithm/Polytomous_Logistic_Regression/scripts/experiment_sim.sh
   WorkDir=/gpfs/home/tbr0780/Dissertation/Integrated_Likelihood_Algorithm/Polytomous_Logistic_Regression
   StdErr=/dev/null
   StdIn=/dev/null
   StdOut=/dev/null
   MailUser=timothyruel2024@u.northwestern.edu MailType=INVALID_DEPEND,BEGIN,END,FAIL,REQUEUE,STAGE_OUT
   
--------------------------------------------------------------------------------
JOB EFFICIENCY 
--------------------------------------------------------------------------------
Job efficiency will be calculated after the job has completed.
===== checkjob (interval) at Thu Jun 12 21:29:20 CDT 2025 =====
--------------------------------------------------------------------------------
JOB INFORMATION 
--------------------------------------------------------------------------------
JobId=5521579 ArrayJobId=5519625 ArrayTaskId=427 JobName=experiment_sim
   UserId=tbr0780(3229) GroupId=tbr0780(4023) MCS_label=N/A
   Priority=20774 Nice=0 Account=p32397 QOS=normal
   JobState=RUNNING Reason=None Dependency=(null)
   Requeue=0 Restarts=0 BatchFlag=1 Reboot=0 ExitCode=0:0
   RunTime=00:07:49 TimeLimit=02:00:00 TimeMin=N/A
   SubmitTime=2025-06-12T19:56:30 EligibleTime=2025-06-12T19:56:31
   AccrueTime=2025-06-12T19:56:31
   StartTime=2025-06-12T21:21:34 EndTime=2025-06-12T23:21:34 Deadline=N/A
   SuspendTime=None SecsPreSuspend=0 LastSchedEval=2025-06-12T21:21:34 Scheduler=Main
   Partition=short AllocNode:Sid=quser43:3646922
   ReqNodeList=(null) ExcNodeList=(null)
   NodeList=qnode3033
   BatchHost=qnode3033
   NumNodes=1 NumCPUs=64 NumTasks=64 CPUs/Task=1 ReqB:S:C:T=0:0:*:*
   ReqTRES=cpu=64,mem=32000M,node=1,billing=288
   AllocTRES=cpu=64,mem=32000M,node=1,billing=288
   Socks/Node=* NtasksPerN:B:S:C=64:0:*:* CoreSpec=*
   MinCPUsNode=64 MinMemoryCPU=500M MinTmpDiskNode=0
   Features=[quest10|quest11|quest12|quest13] DelayBoot=00:00:00
   OverSubscribe=OK Contiguous=0 Licenses=(null) Network=(null)
   Command=/gpfs/home/tbr0780/Dissertation/Integrated_Likelihood_Algorithm/Polytomous_Logistic_Regression/scripts/experiment_sim.sh
   WorkDir=/gpfs/home/tbr0780/Dissertation/Integrated_Likelihood_Algorithm/Polytomous_Logistic_Regression
   StdErr=/dev/null
   StdIn=/dev/null
   StdOut=/dev/null
   MailUser=timothyruel2024@u.northwestern.edu MailType=INVALID_DEPEND,BEGIN,END,FAIL,REQUEUE,STAGE_OUT
   
--------------------------------------------------------------------------------
JOB EFFICIENCY 
--------------------------------------------------------------------------------
Job efficiency will be calculated after the job has completed.
===== checkjob (interval) at Thu Jun 12 21:29:55 CDT 2025 =====
--------------------------------------------------------------------------------
JOB INFORMATION 
--------------------------------------------------------------------------------
JobId=5521579 ArrayJobId=5519625 ArrayTaskId=427 JobName=experiment_sim
   UserId=tbr0780(3229) GroupId=tbr0780(4023) MCS_label=N/A
   Priority=20774 Nice=0 Account=p32397 QOS=normal
   JobState=RUNNING Reason=None Dependency=(null)
   Requeue=0 Restarts=0 BatchFlag=1 Reboot=0 ExitCode=0:0
   RunTime=00:08:22 TimeLimit=02:00:00 TimeMin=N/A
   SubmitTime=2025-06-12T19:56:30 EligibleTime=2025-06-12T19:56:31
   AccrueTime=2025-06-12T19:56:31
   StartTime=2025-06-12T21:21:34 EndTime=2025-06-12T23:21:34 Deadline=N/A
   SuspendTime=None SecsPreSuspend=0 LastSchedEval=2025-06-12T21:21:34 Scheduler=Main
   Partition=short AllocNode:Sid=quser43:3646922
   ReqNodeList=(null) ExcNodeList=(null)
   NodeList=qnode3033
   BatchHost=qnode3033
   NumNodes=1 NumCPUs=64 NumTasks=64 CPUs/Task=1 ReqB:S:C:T=0:0:*:*
   ReqTRES=cpu=64,mem=32000M,node=1,billing=288
   AllocTRES=cpu=64,mem=32000M,node=1,billing=288
   Socks/Node=* NtasksPerN:B:S:C=64:0:*:* CoreSpec=*
   MinCPUsNode=64 MinMemoryCPU=500M MinTmpDiskNode=0
   Features=[quest10|quest11|quest12|quest13] DelayBoot=00:00:00
   OverSubscribe=OK Contiguous=0 Licenses=(null) Network=(null)
   Command=/gpfs/home/tbr0780/Dissertation/Integrated_Likelihood_Algorithm/Polytomous_Logistic_Regression/scripts/experiment_sim.sh
   WorkDir=/gpfs/home/tbr0780/Dissertation/Integrated_Likelihood_Algorithm/Polytomous_Logistic_Regression
   StdErr=/dev/null
   StdIn=/dev/null
   StdOut=/dev/null
   MailUser=timothyruel2024@u.northwestern.edu MailType=INVALID_DEPEND,BEGIN,END,FAIL,REQUEUE,STAGE_OUT
   
--------------------------------------------------------------------------------
JOB EFFICIENCY 
--------------------------------------------------------------------------------
Job efficiency will be calculated after the job has completed.
===== checkjob (interval) at Thu Jun 12 21:30:27 CDT 2025 =====
--------------------------------------------------------------------------------
JOB INFORMATION 
--------------------------------------------------------------------------------
JobId=5521579 ArrayJobId=5519625 ArrayTaskId=427 JobName=experiment_sim
   UserId=tbr0780(3229) GroupId=tbr0780(4023) MCS_label=N/A
   Priority=20774 Nice=0 Account=p32397 QOS=normal
   JobState=RUNNING Reason=None Dependency=(null)
   Requeue=0 Restarts=0 BatchFlag=1 Reboot=0 ExitCode=0:0
   RunTime=00:08:54 TimeLimit=02:00:00 TimeMin=N/A
   SubmitTime=2025-06-12T19:56:30 EligibleTime=2025-06-12T19:56:31
   AccrueTime=2025-06-12T19:56:31
   StartTime=2025-06-12T21:21:34 EndTime=2025-06-12T23:21:34 Deadline=N/A
   SuspendTime=None SecsPreSuspend=0 LastSchedEval=2025-06-12T21:21:34 Scheduler=Main
   Partition=short AllocNode:Sid=quser43:3646922
   ReqNodeList=(null) ExcNodeList=(null)
   NodeList=qnode3033
   BatchHost=qnode3033
   NumNodes=1 NumCPUs=64 NumTasks=64 CPUs/Task=1 ReqB:S:C:T=0:0:*:*
   ReqTRES=cpu=64,mem=32000M,node=1,billing=288
   AllocTRES=cpu=64,mem=32000M,node=1,billing=288
   Socks/Node=* NtasksPerN:B:S:C=64:0:*:* CoreSpec=*
   MinCPUsNode=64 MinMemoryCPU=500M MinTmpDiskNode=0
   Features=[quest10|quest11|quest12|quest13] DelayBoot=00:00:00
   OverSubscribe=OK Contiguous=0 Licenses=(null) Network=(null)
   Command=/gpfs/home/tbr0780/Dissertation/Integrated_Likelihood_Algorithm/Polytomous_Logistic_Regression/scripts/experiment_sim.sh
   WorkDir=/gpfs/home/tbr0780/Dissertation/Integrated_Likelihood_Algorithm/Polytomous_Logistic_Regression
   StdErr=/dev/null
   StdIn=/dev/null
   StdOut=/dev/null
   MailUser=timothyruel2024@u.northwestern.edu MailType=INVALID_DEPEND,BEGIN,END,FAIL,REQUEUE,STAGE_OUT
   
--------------------------------------------------------------------------------
JOB EFFICIENCY 
--------------------------------------------------------------------------------
Job efficiency will be calculated after the job has completed.
===== checkjob (interval) at Thu Jun 12 21:31:01 CDT 2025 =====
--------------------------------------------------------------------------------
JOB INFORMATION 
--------------------------------------------------------------------------------
JobId=5521579 ArrayJobId=5519625 ArrayTaskId=427 JobName=experiment_sim
   UserId=tbr0780(3229) GroupId=tbr0780(4023) MCS_label=N/A
   Priority=20774 Nice=0 Account=p32397 QOS=normal
   JobState=RUNNING Reason=None Dependency=(null)
   Requeue=0 Restarts=0 BatchFlag=1 Reboot=0 ExitCode=0:0
   RunTime=00:09:27 TimeLimit=02:00:00 TimeMin=N/A
   SubmitTime=2025-06-12T19:56:30 EligibleTime=2025-06-12T19:56:31
   AccrueTime=2025-06-12T19:56:31
   StartTime=2025-06-12T21:21:34 EndTime=2025-06-12T23:21:34 Deadline=N/A
   SuspendTime=None SecsPreSuspend=0 LastSchedEval=2025-06-12T21:21:34 Scheduler=Main
   Partition=short AllocNode:Sid=quser43:3646922
   ReqNodeList=(null) ExcNodeList=(null)
   NodeList=qnode3033
   BatchHost=qnode3033
   NumNodes=1 NumCPUs=64 NumTasks=64 CPUs/Task=1 ReqB:S:C:T=0:0:*:*
   ReqTRES=cpu=64,mem=32000M,node=1,billing=288
   AllocTRES=cpu=64,mem=32000M,node=1,billing=288
   Socks/Node=* NtasksPerN:B:S:C=64:0:*:* CoreSpec=*
   MinCPUsNode=64 MinMemoryCPU=500M MinTmpDiskNode=0
   Features=[quest10|quest11|quest12|quest13] DelayBoot=00:00:00
   OverSubscribe=OK Contiguous=0 Licenses=(null) Network=(null)
   Command=/gpfs/home/tbr0780/Dissertation/Integrated_Likelihood_Algorithm/Polytomous_Logistic_Regression/scripts/experiment_sim.sh
   WorkDir=/gpfs/home/tbr0780/Dissertation/Integrated_Likelihood_Algorithm/Polytomous_Logistic_Regression
   StdErr=/dev/null
   StdIn=/dev/null
   StdOut=/dev/null
   MailUser=timothyruel2024@u.northwestern.edu MailType=INVALID_DEPEND,BEGIN,END,FAIL,REQUEUE,STAGE_OUT
   
--------------------------------------------------------------------------------
JOB EFFICIENCY 
--------------------------------------------------------------------------------
Job efficiency will be calculated after the job has completed.
===== checkjob (interval) at Thu Jun 12 21:31:33 CDT 2025 =====
--------------------------------------------------------------------------------
JOB INFORMATION 
--------------------------------------------------------------------------------
JobId=5521579 ArrayJobId=5519625 ArrayTaskId=427 JobName=experiment_sim
   UserId=tbr0780(3229) GroupId=tbr0780(4023) MCS_label=N/A
   Priority=20774 Nice=0 Account=p32397 QOS=normal
   JobState=RUNNING Reason=None Dependency=(null)
   Requeue=0 Restarts=0 BatchFlag=1 Reboot=0 ExitCode=0:0
   RunTime=00:10:00 TimeLimit=02:00:00 TimeMin=N/A
   SubmitTime=2025-06-12T19:56:30 EligibleTime=2025-06-12T19:56:31
   AccrueTime=2025-06-12T19:56:31
   StartTime=2025-06-12T21:21:34 EndTime=2025-06-12T23:21:34 Deadline=N/A
   SuspendTime=None SecsPreSuspend=0 LastSchedEval=2025-06-12T21:21:34 Scheduler=Main
   Partition=short AllocNode:Sid=quser43:3646922
   ReqNodeList=(null) ExcNodeList=(null)
   NodeList=qnode3033
   BatchHost=qnode3033
   NumNodes=1 NumCPUs=64 NumTasks=64 CPUs/Task=1 ReqB:S:C:T=0:0:*:*
   ReqTRES=cpu=64,mem=32000M,node=1,billing=288
   AllocTRES=cpu=64,mem=32000M,node=1,billing=288
   Socks/Node=* NtasksPerN:B:S:C=64:0:*:* CoreSpec=*
   MinCPUsNode=64 MinMemoryCPU=500M MinTmpDiskNode=0
   Features=[quest10|quest11|quest12|quest13] DelayBoot=00:00:00
   OverSubscribe=OK Contiguous=0 Licenses=(null) Network=(null)
   Command=/gpfs/home/tbr0780/Dissertation/Integrated_Likelihood_Algorithm/Polytomous_Logistic_Regression/scripts/experiment_sim.sh
   WorkDir=/gpfs/home/tbr0780/Dissertation/Integrated_Likelihood_Algorithm/Polytomous_Logistic_Regression
   StdErr=/dev/null
   StdIn=/dev/null
   StdOut=/dev/null
   MailUser=timothyruel2024@u.northwestern.edu MailType=INVALID_DEPEND,BEGIN,END,FAIL,REQUEUE,STAGE_OUT
   
--------------------------------------------------------------------------------
JOB EFFICIENCY 
--------------------------------------------------------------------------------
Job efficiency will be calculated after the job has completed.
===== checkjob (interval) at Thu Jun 12 21:32:04 CDT 2025 =====
--------------------------------------------------------------------------------
JOB INFORMATION 
--------------------------------------------------------------------------------
JobId=5521579 ArrayJobId=5519625 ArrayTaskId=427 JobName=experiment_sim
   UserId=tbr0780(3229) GroupId=tbr0780(4023) MCS_label=N/A
   Priority=20774 Nice=0 Account=p32397 QOS=normal
   JobState=RUNNING Reason=None Dependency=(null)
   Requeue=0 Restarts=0 BatchFlag=1 Reboot=0 ExitCode=0:0
   RunTime=00:10:30 TimeLimit=02:00:00 TimeMin=N/A
   SubmitTime=2025-06-12T19:56:30 EligibleTime=2025-06-12T19:56:31
   AccrueTime=2025-06-12T19:56:31
   StartTime=2025-06-12T21:21:34 EndTime=2025-06-12T23:21:34 Deadline=N/A
   SuspendTime=None SecsPreSuspend=0 LastSchedEval=2025-06-12T21:21:34 Scheduler=Main
   Partition=short AllocNode:Sid=quser43:3646922
   ReqNodeList=(null) ExcNodeList=(null)
   NodeList=qnode3033
   BatchHost=qnode3033
   NumNodes=1 NumCPUs=64 NumTasks=64 CPUs/Task=1 ReqB:S:C:T=0:0:*:*
   ReqTRES=cpu=64,mem=32000M,node=1,billing=288
   AllocTRES=cpu=64,mem=32000M,node=1,billing=288
   Socks/Node=* NtasksPerN:B:S:C=64:0:*:* CoreSpec=*
   MinCPUsNode=64 MinMemoryCPU=500M MinTmpDiskNode=0
   Features=[quest10|quest11|quest12|quest13] DelayBoot=00:00:00
   OverSubscribe=OK Contiguous=0 Licenses=(null) Network=(null)
   Command=/gpfs/home/tbr0780/Dissertation/Integrated_Likelihood_Algorithm/Polytomous_Logistic_Regression/scripts/experiment_sim.sh
   WorkDir=/gpfs/home/tbr0780/Dissertation/Integrated_Likelihood_Algorithm/Polytomous_Logistic_Regression
   StdErr=/dev/null
   StdIn=/dev/null
   StdOut=/dev/null
   MailUser=timothyruel2024@u.northwestern.edu MailType=INVALID_DEPEND,BEGIN,END,FAIL,REQUEUE,STAGE_OUT
   
--------------------------------------------------------------------------------
JOB EFFICIENCY 
--------------------------------------------------------------------------------
Job efficiency will be calculated after the job has completed.
===== checkjob (interval) at Thu Jun 12 21:32:37 CDT 2025 =====
--------------------------------------------------------------------------------
JOB INFORMATION 
--------------------------------------------------------------------------------
JobId=5521579 ArrayJobId=5519625 ArrayTaskId=427 JobName=experiment_sim
   UserId=tbr0780(3229) GroupId=tbr0780(4023) MCS_label=N/A
   Priority=20774 Nice=0 Account=p32397 QOS=normal
   JobState=RUNNING Reason=None Dependency=(null)
   Requeue=0 Restarts=0 BatchFlag=1 Reboot=0 ExitCode=0:0
   RunTime=00:11:03 TimeLimit=02:00:00 TimeMin=N/A
   SubmitTime=2025-06-12T19:56:30 EligibleTime=2025-06-12T19:56:31
   AccrueTime=2025-06-12T19:56:31
   StartTime=2025-06-12T21:21:34 EndTime=2025-06-12T23:21:34 Deadline=N/A
   SuspendTime=None SecsPreSuspend=0 LastSchedEval=2025-06-12T21:21:34 Scheduler=Main
   Partition=short AllocNode:Sid=quser43:3646922
   ReqNodeList=(null) ExcNodeList=(null)
   NodeList=qnode3033
   BatchHost=qnode3033
   NumNodes=1 NumCPUs=64 NumTasks=64 CPUs/Task=1 ReqB:S:C:T=0:0:*:*
   ReqTRES=cpu=64,mem=32000M,node=1,billing=288
   AllocTRES=cpu=64,mem=32000M,node=1,billing=288
   Socks/Node=* NtasksPerN:B:S:C=64:0:*:* CoreSpec=*
   MinCPUsNode=64 MinMemoryCPU=500M MinTmpDiskNode=0
   Features=[quest10|quest11|quest12|quest13] DelayBoot=00:00:00
   OverSubscribe=OK Contiguous=0 Licenses=(null) Network=(null)
   Command=/gpfs/home/tbr0780/Dissertation/Integrated_Likelihood_Algorithm/Polytomous_Logistic_Regression/scripts/experiment_sim.sh
   WorkDir=/gpfs/home/tbr0780/Dissertation/Integrated_Likelihood_Algorithm/Polytomous_Logistic_Regression
   StdErr=/dev/null
   StdIn=/dev/null
   StdOut=/dev/null
   MailUser=timothyruel2024@u.northwestern.edu MailType=INVALID_DEPEND,BEGIN,END,FAIL,REQUEUE,STAGE_OUT
   
--------------------------------------------------------------------------------
JOB EFFICIENCY 
--------------------------------------------------------------------------------
Job efficiency will be calculated after the job has completed.
===== checkjob (interval) at Thu Jun 12 21:33:12 CDT 2025 =====
--------------------------------------------------------------------------------
JOB INFORMATION 
--------------------------------------------------------------------------------
JobId=5521579 ArrayJobId=5519625 ArrayTaskId=427 JobName=experiment_sim
   UserId=tbr0780(3229) GroupId=tbr0780(4023) MCS_label=N/A
   Priority=20774 Nice=0 Account=p32397 QOS=normal
   JobState=RUNNING Reason=None Dependency=(null)
   Requeue=0 Restarts=0 BatchFlag=1 Reboot=0 ExitCode=0:0
   RunTime=00:11:38 TimeLimit=02:00:00 TimeMin=N/A
   SubmitTime=2025-06-12T19:56:30 EligibleTime=2025-06-12T19:56:31
   AccrueTime=2025-06-12T19:56:31
   StartTime=2025-06-12T21:21:34 EndTime=2025-06-12T23:21:34 Deadline=N/A
   SuspendTime=None SecsPreSuspend=0 LastSchedEval=2025-06-12T21:21:34 Scheduler=Main
   Partition=short AllocNode:Sid=quser43:3646922
   ReqNodeList=(null) ExcNodeList=(null)
   NodeList=qnode3033
   BatchHost=qnode3033
   NumNodes=1 NumCPUs=64 NumTasks=64 CPUs/Task=1 ReqB:S:C:T=0:0:*:*
   ReqTRES=cpu=64,mem=32000M,node=1,billing=288
   AllocTRES=cpu=64,mem=32000M,node=1,billing=288
   Socks/Node=* NtasksPerN:B:S:C=64:0:*:* CoreSpec=*
   MinCPUsNode=64 MinMemoryCPU=500M MinTmpDiskNode=0
   Features=[quest10|quest11|quest12|quest13] DelayBoot=00:00:00
   OverSubscribe=OK Contiguous=0 Licenses=(null) Network=(null)
   Command=/gpfs/home/tbr0780/Dissertation/Integrated_Likelihood_Algorithm/Polytomous_Logistic_Regression/scripts/experiment_sim.sh
   WorkDir=/gpfs/home/tbr0780/Dissertation/Integrated_Likelihood_Algorithm/Polytomous_Logistic_Regression
   StdErr=/dev/null
   StdIn=/dev/null
   StdOut=/dev/null
   MailUser=timothyruel2024@u.northwestern.edu MailType=INVALID_DEPEND,BEGIN,END,FAIL,REQUEUE,STAGE_OUT
   
--------------------------------------------------------------------------------
JOB EFFICIENCY 
--------------------------------------------------------------------------------
Job efficiency will be calculated after the job has completed.
===== checkjob (interval) at Thu Jun 12 21:33:43 CDT 2025 =====
--------------------------------------------------------------------------------
JOB INFORMATION 
--------------------------------------------------------------------------------
JobId=5521579 ArrayJobId=5519625 ArrayTaskId=427 JobName=experiment_sim
   UserId=tbr0780(3229) GroupId=tbr0780(4023) MCS_label=N/A
   Priority=20774 Nice=0 Account=p32397 QOS=normal
   JobState=RUNNING Reason=None Dependency=(null)
   Requeue=0 Restarts=0 BatchFlag=1 Reboot=0 ExitCode=0:0
   RunTime=00:12:10 TimeLimit=02:00:00 TimeMin=N/A
   SubmitTime=2025-06-12T19:56:30 EligibleTime=2025-06-12T19:56:31
   AccrueTime=2025-06-12T19:56:31
   StartTime=2025-06-12T21:21:34 EndTime=2025-06-12T23:21:34 Deadline=N/A
   SuspendTime=None SecsPreSuspend=0 LastSchedEval=2025-06-12T21:21:34 Scheduler=Main
   Partition=short AllocNode:Sid=quser43:3646922
   ReqNodeList=(null) ExcNodeList=(null)
   NodeList=qnode3033
   BatchHost=qnode3033
   NumNodes=1 NumCPUs=64 NumTasks=64 CPUs/Task=1 ReqB:S:C:T=0:0:*:*
   ReqTRES=cpu=64,mem=32000M,node=1,billing=288
   AllocTRES=cpu=64,mem=32000M,node=1,billing=288
   Socks/Node=* NtasksPerN:B:S:C=64:0:*:* CoreSpec=*
   MinCPUsNode=64 MinMemoryCPU=500M MinTmpDiskNode=0
   Features=[quest10|quest11|quest12|quest13] DelayBoot=00:00:00
   OverSubscribe=OK Contiguous=0 Licenses=(null) Network=(null)
   Command=/gpfs/home/tbr0780/Dissertation/Integrated_Likelihood_Algorithm/Polytomous_Logistic_Regression/scripts/experiment_sim.sh
   WorkDir=/gpfs/home/tbr0780/Dissertation/Integrated_Likelihood_Algorithm/Polytomous_Logistic_Regression
   StdErr=/dev/null
   StdIn=/dev/null
   StdOut=/dev/null
   MailUser=timothyruel2024@u.northwestern.edu MailType=INVALID_DEPEND,BEGIN,END,FAIL,REQUEUE,STAGE_OUT
   
--------------------------------------------------------------------------------
JOB EFFICIENCY 
--------------------------------------------------------------------------------
Job efficiency will be calculated after the job has completed.
===== checkjob (interval) at Thu Jun 12 21:34:16 CDT 2025 =====
--------------------------------------------------------------------------------
JOB INFORMATION 
--------------------------------------------------------------------------------
JobId=5521579 ArrayJobId=5519625 ArrayTaskId=427 JobName=experiment_sim
   UserId=tbr0780(3229) GroupId=tbr0780(4023) MCS_label=N/A
   Priority=20774 Nice=0 Account=p32397 QOS=normal
   JobState=RUNNING Reason=None Dependency=(null)
   Requeue=0 Restarts=0 BatchFlag=1 Reboot=0 ExitCode=0:0
   RunTime=00:12:43 TimeLimit=02:00:00 TimeMin=N/A
   SubmitTime=2025-06-12T19:56:30 EligibleTime=2025-06-12T19:56:31
   AccrueTime=2025-06-12T19:56:31
   StartTime=2025-06-12T21:21:34 EndTime=2025-06-12T23:21:34 Deadline=N/A
   SuspendTime=None SecsPreSuspend=0 LastSchedEval=2025-06-12T21:21:34 Scheduler=Main
   Partition=short AllocNode:Sid=quser43:3646922
   ReqNodeList=(null) ExcNodeList=(null)
   NodeList=qnode3033
   BatchHost=qnode3033
   NumNodes=1 NumCPUs=64 NumTasks=64 CPUs/Task=1 ReqB:S:C:T=0:0:*:*
   ReqTRES=cpu=64,mem=32000M,node=1,billing=288
   AllocTRES=cpu=64,mem=32000M,node=1,billing=288
   Socks/Node=* NtasksPerN:B:S:C=64:0:*:* CoreSpec=*
   MinCPUsNode=64 MinMemoryCPU=500M MinTmpDiskNode=0
   Features=[quest10|quest11|quest12|quest13] DelayBoot=00:00:00
   OverSubscribe=OK Contiguous=0 Licenses=(null) Network=(null)
   Command=/gpfs/home/tbr0780/Dissertation/Integrated_Likelihood_Algorithm/Polytomous_Logistic_Regression/scripts/experiment_sim.sh
   WorkDir=/gpfs/home/tbr0780/Dissertation/Integrated_Likelihood_Algorithm/Polytomous_Logistic_Regression
   StdErr=/dev/null
   StdIn=/dev/null
   StdOut=/dev/null
   MailUser=timothyruel2024@u.northwestern.edu MailType=INVALID_DEPEND,BEGIN,END,FAIL,REQUEUE,STAGE_OUT
   
--------------------------------------------------------------------------------
JOB EFFICIENCY 
--------------------------------------------------------------------------------
Job efficiency will be calculated after the job has completed.
===== checkjob (interval) at Thu Jun 12 21:34:51 CDT 2025 =====
--------------------------------------------------------------------------------
JOB INFORMATION 
--------------------------------------------------------------------------------
JobId=5521579 ArrayJobId=5519625 ArrayTaskId=427 JobName=experiment_sim
   UserId=tbr0780(3229) GroupId=tbr0780(4023) MCS_label=N/A
   Priority=20774 Nice=0 Account=p32397 QOS=normal
   JobState=RUNNING Reason=None Dependency=(null)
   Requeue=0 Restarts=0 BatchFlag=1 Reboot=0 ExitCode=0:0
   RunTime=00:13:18 TimeLimit=02:00:00 TimeMin=N/A
   SubmitTime=2025-06-12T19:56:30 EligibleTime=2025-06-12T19:56:31
   AccrueTime=2025-06-12T19:56:31
   StartTime=2025-06-12T21:21:34 EndTime=2025-06-12T23:21:34 Deadline=N/A
   SuspendTime=None SecsPreSuspend=0 LastSchedEval=2025-06-12T21:21:34 Scheduler=Main
   Partition=short AllocNode:Sid=quser43:3646922
   ReqNodeList=(null) ExcNodeList=(null)
   NodeList=qnode3033
   BatchHost=qnode3033
   NumNodes=1 NumCPUs=64 NumTasks=64 CPUs/Task=1 ReqB:S:C:T=0:0:*:*
   ReqTRES=cpu=64,mem=32000M,node=1,billing=288
   AllocTRES=cpu=64,mem=32000M,node=1,billing=288
   Socks/Node=* NtasksPerN:B:S:C=64:0:*:* CoreSpec=*
   MinCPUsNode=64 MinMemoryCPU=500M MinTmpDiskNode=0
   Features=[quest10|quest11|quest12|quest13] DelayBoot=00:00:00
   OverSubscribe=OK Contiguous=0 Licenses=(null) Network=(null)
   Command=/gpfs/home/tbr0780/Dissertation/Integrated_Likelihood_Algorithm/Polytomous_Logistic_Regression/scripts/experiment_sim.sh
   WorkDir=/gpfs/home/tbr0780/Dissertation/Integrated_Likelihood_Algorithm/Polytomous_Logistic_Regression
   StdErr=/dev/null
   StdIn=/dev/null
   StdOut=/dev/null
   MailUser=timothyruel2024@u.northwestern.edu MailType=INVALID_DEPEND,BEGIN,END,FAIL,REQUEUE,STAGE_OUT
   
--------------------------------------------------------------------------------
JOB EFFICIENCY 
--------------------------------------------------------------------------------
Job efficiency will be calculated after the job has completed.
===== checkjob (interval) at Thu Jun 12 21:35:23 CDT 2025 =====
--------------------------------------------------------------------------------
JOB INFORMATION 
--------------------------------------------------------------------------------
JobId=5521579 ArrayJobId=5519625 ArrayTaskId=427 JobName=experiment_sim
   UserId=tbr0780(3229) GroupId=tbr0780(4023) MCS_label=N/A
   Priority=20774 Nice=0 Account=p32397 QOS=normal
   JobState=RUNNING Reason=None Dependency=(null)
   Requeue=0 Restarts=0 BatchFlag=1 Reboot=0 ExitCode=0:0
   RunTime=00:13:51 TimeLimit=02:00:00 TimeMin=N/A
   SubmitTime=2025-06-12T19:56:30 EligibleTime=2025-06-12T19:56:31
   AccrueTime=2025-06-12T19:56:31
   StartTime=2025-06-12T21:21:34 EndTime=2025-06-12T23:21:34 Deadline=N/A
   SuspendTime=None SecsPreSuspend=0 LastSchedEval=2025-06-12T21:21:34 Scheduler=Main
   Partition=short AllocNode:Sid=quser43:3646922
   ReqNodeList=(null) ExcNodeList=(null)
   NodeList=qnode3033
   BatchHost=qnode3033
   NumNodes=1 NumCPUs=64 NumTasks=64 CPUs/Task=1 ReqB:S:C:T=0:0:*:*
   ReqTRES=cpu=64,mem=32000M,node=1,billing=288
   AllocTRES=cpu=64,mem=32000M,node=1,billing=288
   Socks/Node=* NtasksPerN:B:S:C=64:0:*:* CoreSpec=*
   MinCPUsNode=64 MinMemoryCPU=500M MinTmpDiskNode=0
   Features=[quest10|quest11|quest12|quest13] DelayBoot=00:00:00
   OverSubscribe=OK Contiguous=0 Licenses=(null) Network=(null)
   Command=/gpfs/home/tbr0780/Dissertation/Integrated_Likelihood_Algorithm/Polytomous_Logistic_Regression/scripts/experiment_sim.sh
   WorkDir=/gpfs/home/tbr0780/Dissertation/Integrated_Likelihood_Algorithm/Polytomous_Logistic_Regression
   StdErr=/dev/null
   StdIn=/dev/null
   StdOut=/dev/null
   MailUser=timothyruel2024@u.northwestern.edu MailType=INVALID_DEPEND,BEGIN,END,FAIL,REQUEUE,STAGE_OUT
   
--------------------------------------------------------------------------------
JOB EFFICIENCY 
--------------------------------------------------------------------------------
Job efficiency will be calculated after the job has completed.
===== checkjob (interval) at Thu Jun 12 21:35:57 CDT 2025 =====
--------------------------------------------------------------------------------
JOB INFORMATION 
--------------------------------------------------------------------------------
JobId=5521579 ArrayJobId=5519625 ArrayTaskId=427 JobName=experiment_sim
   UserId=tbr0780(3229) GroupId=tbr0780(4023) MCS_label=N/A
   Priority=20774 Nice=0 Account=p32397 QOS=normal
   JobState=RUNNING Reason=None Dependency=(null)
   Requeue=0 Restarts=0 BatchFlag=1 Reboot=0 ExitCode=0:0
   RunTime=00:14:24 TimeLimit=02:00:00 TimeMin=N/A
   SubmitTime=2025-06-12T19:56:30 EligibleTime=2025-06-12T19:56:31
   AccrueTime=2025-06-12T19:56:31
   StartTime=2025-06-12T21:21:34 EndTime=2025-06-12T23:21:34 Deadline=N/A
   SuspendTime=None SecsPreSuspend=0 LastSchedEval=2025-06-12T21:21:34 Scheduler=Main
   Partition=short AllocNode:Sid=quser43:3646922
   ReqNodeList=(null) ExcNodeList=(null)
   NodeList=qnode3033
   BatchHost=qnode3033
   NumNodes=1 NumCPUs=64 NumTasks=64 CPUs/Task=1 ReqB:S:C:T=0:0:*:*
   ReqTRES=cpu=64,mem=32000M,node=1,billing=288
   AllocTRES=cpu=64,mem=32000M,node=1,billing=288
   Socks/Node=* NtasksPerN:B:S:C=64:0:*:* CoreSpec=*
   MinCPUsNode=64 MinMemoryCPU=500M MinTmpDiskNode=0
   Features=[quest10|quest11|quest12|quest13] DelayBoot=00:00:00
   OverSubscribe=OK Contiguous=0 Licenses=(null) Network=(null)
   Command=/gpfs/home/tbr0780/Dissertation/Integrated_Likelihood_Algorithm/Polytomous_Logistic_Regression/scripts/experiment_sim.sh
   WorkDir=/gpfs/home/tbr0780/Dissertation/Integrated_Likelihood_Algorithm/Polytomous_Logistic_Regression
   StdErr=/dev/null
   StdIn=/dev/null
   StdOut=/dev/null
   MailUser=timothyruel2024@u.northwestern.edu MailType=INVALID_DEPEND,BEGIN,END,FAIL,REQUEUE,STAGE_OUT
   
--------------------------------------------------------------------------------
JOB EFFICIENCY 
--------------------------------------------------------------------------------
Job efficiency will be calculated after the job has completed.
===== checkjob (interval) at Thu Jun 12 21:36:33 CDT 2025 =====
--------------------------------------------------------------------------------
JOB INFORMATION 
--------------------------------------------------------------------------------
JobId=5521579 ArrayJobId=5519625 ArrayTaskId=427 JobName=experiment_sim
   UserId=tbr0780(3229) GroupId=tbr0780(4023) MCS_label=N/A
   Priority=20774 Nice=0 Account=p32397 QOS=normal
   JobState=RUNNING Reason=None Dependency=(null)
   Requeue=0 Restarts=0 BatchFlag=1 Reboot=0 ExitCode=0:0
   RunTime=00:14:59 TimeLimit=02:00:00 TimeMin=N/A
   SubmitTime=2025-06-12T19:56:30 EligibleTime=2025-06-12T19:56:31
   AccrueTime=2025-06-12T19:56:31
   StartTime=2025-06-12T21:21:34 EndTime=2025-06-12T23:21:34 Deadline=N/A
   SuspendTime=None SecsPreSuspend=0 LastSchedEval=2025-06-12T21:21:34 Scheduler=Main
   Partition=short AllocNode:Sid=quser43:3646922
   ReqNodeList=(null) ExcNodeList=(null)
   NodeList=qnode3033
   BatchHost=qnode3033
   NumNodes=1 NumCPUs=64 NumTasks=64 CPUs/Task=1 ReqB:S:C:T=0:0:*:*
   ReqTRES=cpu=64,mem=32000M,node=1,billing=288
   AllocTRES=cpu=64,mem=32000M,node=1,billing=288
   Socks/Node=* NtasksPerN:B:S:C=64:0:*:* CoreSpec=*
   MinCPUsNode=64 MinMemoryCPU=500M MinTmpDiskNode=0
   Features=[quest10|quest11|quest12|quest13] DelayBoot=00:00:00
   OverSubscribe=OK Contiguous=0 Licenses=(null) Network=(null)
   Command=/gpfs/home/tbr0780/Dissertation/Integrated_Likelihood_Algorithm/Polytomous_Logistic_Regression/scripts/experiment_sim.sh
   WorkDir=/gpfs/home/tbr0780/Dissertation/Integrated_Likelihood_Algorithm/Polytomous_Logistic_Regression
   StdErr=/dev/null
   StdIn=/dev/null
   StdOut=/dev/null
   MailUser=timothyruel2024@u.northwestern.edu MailType=INVALID_DEPEND,BEGIN,END,FAIL,REQUEUE,STAGE_OUT
   
--------------------------------------------------------------------------------
JOB EFFICIENCY 
--------------------------------------------------------------------------------
Job efficiency will be calculated after the job has completed.
===== checkjob (interval) at Thu Jun 12 21:37:04 CDT 2025 =====
--------------------------------------------------------------------------------
JOB INFORMATION 
--------------------------------------------------------------------------------
JobId=5521579 ArrayJobId=5519625 ArrayTaskId=427 JobName=experiment_sim
   UserId=tbr0780(3229) GroupId=tbr0780(4023) MCS_label=N/A
   Priority=20774 Nice=0 Account=p32397 QOS=normal
   JobState=RUNNING Reason=None Dependency=(null)
   Requeue=0 Restarts=0 BatchFlag=1 Reboot=0 ExitCode=0:0
   RunTime=00:15:30 TimeLimit=02:00:00 TimeMin=N/A
   SubmitTime=2025-06-12T19:56:30 EligibleTime=2025-06-12T19:56:31
   AccrueTime=2025-06-12T19:56:31
   StartTime=2025-06-12T21:21:34 EndTime=2025-06-12T23:21:34 Deadline=N/A
   SuspendTime=None SecsPreSuspend=0 LastSchedEval=2025-06-12T21:21:34 Scheduler=Main
   Partition=short AllocNode:Sid=quser43:3646922
   ReqNodeList=(null) ExcNodeList=(null)
   NodeList=qnode3033
   BatchHost=qnode3033
   NumNodes=1 NumCPUs=64 NumTasks=64 CPUs/Task=1 ReqB:S:C:T=0:0:*:*
   ReqTRES=cpu=64,mem=32000M,node=1,billing=288
   AllocTRES=cpu=64,mem=32000M,node=1,billing=288
   Socks/Node=* NtasksPerN:B:S:C=64:0:*:* CoreSpec=*
   MinCPUsNode=64 MinMemoryCPU=500M MinTmpDiskNode=0
   Features=[quest10|quest11|quest12|quest13] DelayBoot=00:00:00
   OverSubscribe=OK Contiguous=0 Licenses=(null) Network=(null)
   Command=/gpfs/home/tbr0780/Dissertation/Integrated_Likelihood_Algorithm/Polytomous_Logistic_Regression/scripts/experiment_sim.sh
   WorkDir=/gpfs/home/tbr0780/Dissertation/Integrated_Likelihood_Algorithm/Polytomous_Logistic_Regression
   StdErr=/dev/null
   StdIn=/dev/null
   StdOut=/dev/null
   MailUser=timothyruel2024@u.northwestern.edu MailType=INVALID_DEPEND,BEGIN,END,FAIL,REQUEUE,STAGE_OUT
   
--------------------------------------------------------------------------------
JOB EFFICIENCY 
--------------------------------------------------------------------------------
Job efficiency will be calculated after the job has completed.
===== checkjob (interval) at Thu Jun 12 21:37:35 CDT 2025 =====
--------------------------------------------------------------------------------
JOB INFORMATION 
--------------------------------------------------------------------------------
JobId=5521579 ArrayJobId=5519625 ArrayTaskId=427 JobName=experiment_sim
   UserId=tbr0780(3229) GroupId=tbr0780(4023) MCS_label=N/A
   Priority=20774 Nice=0 Account=p32397 QOS=normal
   JobState=RUNNING Reason=None Dependency=(null)
   Requeue=0 Restarts=0 BatchFlag=1 Reboot=0 ExitCode=0:0
   RunTime=00:16:01 TimeLimit=02:00:00 TimeMin=N/A
   SubmitTime=2025-06-12T19:56:30 EligibleTime=2025-06-12T19:56:31
   AccrueTime=2025-06-12T19:56:31
   StartTime=2025-06-12T21:21:34 EndTime=2025-06-12T23:21:34 Deadline=N/A
   SuspendTime=None SecsPreSuspend=0 LastSchedEval=2025-06-12T21:21:34 Scheduler=Main
   Partition=short AllocNode:Sid=quser43:3646922
   ReqNodeList=(null) ExcNodeList=(null)
   NodeList=qnode3033
   BatchHost=qnode3033
   NumNodes=1 NumCPUs=64 NumTasks=64 CPUs/Task=1 ReqB:S:C:T=0:0:*:*
   ReqTRES=cpu=64,mem=32000M,node=1,billing=288
   AllocTRES=cpu=64,mem=32000M,node=1,billing=288
   Socks/Node=* NtasksPerN:B:S:C=64:0:*:* CoreSpec=*
   MinCPUsNode=64 MinMemoryCPU=500M MinTmpDiskNode=0
   Features=[quest10|quest11|quest12|quest13] DelayBoot=00:00:00
   OverSubscribe=OK Contiguous=0 Licenses=(null) Network=(null)
   Command=/gpfs/home/tbr0780/Dissertation/Integrated_Likelihood_Algorithm/Polytomous_Logistic_Regression/scripts/experiment_sim.sh
   WorkDir=/gpfs/home/tbr0780/Dissertation/Integrated_Likelihood_Algorithm/Polytomous_Logistic_Regression
   StdErr=/dev/null
   StdIn=/dev/null
   StdOut=/dev/null
   MailUser=timothyruel2024@u.northwestern.edu MailType=INVALID_DEPEND,BEGIN,END,FAIL,REQUEUE,STAGE_OUT
   
--------------------------------------------------------------------------------
JOB EFFICIENCY 
--------------------------------------------------------------------------------
Job efficiency will be calculated after the job has completed.
===== checkjob (interval) at Thu Jun 12 21:38:07 CDT 2025 =====
--------------------------------------------------------------------------------
JOB INFORMATION 
--------------------------------------------------------------------------------
JobId=5521579 ArrayJobId=5519625 ArrayTaskId=427 JobName=experiment_sim
   UserId=tbr0780(3229) GroupId=tbr0780(4023) MCS_label=N/A
   Priority=20774 Nice=0 Account=p32397 QOS=normal
   JobState=RUNNING Reason=None Dependency=(null)
   Requeue=0 Restarts=0 BatchFlag=1 Reboot=0 ExitCode=0:0
   RunTime=00:16:33 TimeLimit=02:00:00 TimeMin=N/A
   SubmitTime=2025-06-12T19:56:30 EligibleTime=2025-06-12T19:56:31
   AccrueTime=2025-06-12T19:56:31
   StartTime=2025-06-12T21:21:34 EndTime=2025-06-12T23:21:34 Deadline=N/A
   SuspendTime=None SecsPreSuspend=0 LastSchedEval=2025-06-12T21:21:34 Scheduler=Main
   Partition=short AllocNode:Sid=quser43:3646922
   ReqNodeList=(null) ExcNodeList=(null)
   NodeList=qnode3033
   BatchHost=qnode3033
   NumNodes=1 NumCPUs=64 NumTasks=64 CPUs/Task=1 ReqB:S:C:T=0:0:*:*
   ReqTRES=cpu=64,mem=32000M,node=1,billing=288
   AllocTRES=cpu=64,mem=32000M,node=1,billing=288
   Socks/Node=* NtasksPerN:B:S:C=64:0:*:* CoreSpec=*
   MinCPUsNode=64 MinMemoryCPU=500M MinTmpDiskNode=0
   Features=[quest10|quest11|quest12|quest13] DelayBoot=00:00:00
   OverSubscribe=OK Contiguous=0 Licenses=(null) Network=(null)
   Command=/gpfs/home/tbr0780/Dissertation/Integrated_Likelihood_Algorithm/Polytomous_Logistic_Regression/scripts/experiment_sim.sh
   WorkDir=/gpfs/home/tbr0780/Dissertation/Integrated_Likelihood_Algorithm/Polytomous_Logistic_Regression
   StdErr=/dev/null
   StdIn=/dev/null
   StdOut=/dev/null
   MailUser=timothyruel2024@u.northwestern.edu MailType=INVALID_DEPEND,BEGIN,END,FAIL,REQUEUE,STAGE_OUT
   
--------------------------------------------------------------------------------
JOB EFFICIENCY 
--------------------------------------------------------------------------------
Job efficiency will be calculated after the job has completed.
===== checkjob (interval) at Thu Jun 12 21:38:39 CDT 2025 =====
--------------------------------------------------------------------------------
JOB INFORMATION 
--------------------------------------------------------------------------------
JobId=5521579 ArrayJobId=5519625 ArrayTaskId=427 JobName=experiment_sim
   UserId=tbr0780(3229) GroupId=tbr0780(4023) MCS_label=N/A
   Priority=20774 Nice=0 Account=p32397 QOS=normal
   JobState=RUNNING Reason=None Dependency=(null)
   Requeue=0 Restarts=0 BatchFlag=1 Reboot=0 ExitCode=0:0
   RunTime=00:17:06 TimeLimit=02:00:00 TimeMin=N/A
   SubmitTime=2025-06-12T19:56:30 EligibleTime=2025-06-12T19:56:31
   AccrueTime=2025-06-12T19:56:31
   StartTime=2025-06-12T21:21:34 EndTime=2025-06-12T23:21:34 Deadline=N/A
   SuspendTime=None SecsPreSuspend=0 LastSchedEval=2025-06-12T21:21:34 Scheduler=Main
   Partition=short AllocNode:Sid=quser43:3646922
   ReqNodeList=(null) ExcNodeList=(null)
   NodeList=qnode3033
   BatchHost=qnode3033
   NumNodes=1 NumCPUs=64 NumTasks=64 CPUs/Task=1 ReqB:S:C:T=0:0:*:*
   ReqTRES=cpu=64,mem=32000M,node=1,billing=288
   AllocTRES=cpu=64,mem=32000M,node=1,billing=288
   Socks/Node=* NtasksPerN:B:S:C=64:0:*:* CoreSpec=*
   MinCPUsNode=64 MinMemoryCPU=500M MinTmpDiskNode=0
   Features=[quest10|quest11|quest12|quest13] DelayBoot=00:00:00
   OverSubscribe=OK Contiguous=0 Licenses=(null) Network=(null)
   Command=/gpfs/home/tbr0780/Dissertation/Integrated_Likelihood_Algorithm/Polytomous_Logistic_Regression/scripts/experiment_sim.sh
   WorkDir=/gpfs/home/tbr0780/Dissertation/Integrated_Likelihood_Algorithm/Polytomous_Logistic_Regression
   StdErr=/dev/null
   StdIn=/dev/null
   StdOut=/dev/null
   MailUser=timothyruel2024@u.northwestern.edu MailType=INVALID_DEPEND,BEGIN,END,FAIL,REQUEUE,STAGE_OUT
   
--------------------------------------------------------------------------------
JOB EFFICIENCY 
--------------------------------------------------------------------------------
Job efficiency will be calculated after the job has completed.
===== checkjob (interval) at Thu Jun 12 21:39:10 CDT 2025 =====
--------------------------------------------------------------------------------
JOB INFORMATION 
--------------------------------------------------------------------------------
JobId=5521579 ArrayJobId=5519625 ArrayTaskId=427 JobName=experiment_sim
   UserId=tbr0780(3229) GroupId=tbr0780(4023) MCS_label=N/A
   Priority=20774 Nice=0 Account=p32397 QOS=normal
   JobState=RUNNING Reason=None Dependency=(null)
   Requeue=0 Restarts=0 BatchFlag=1 Reboot=0 ExitCode=0:0
   RunTime=00:17:36 TimeLimit=02:00:00 TimeMin=N/A
   SubmitTime=2025-06-12T19:56:30 EligibleTime=2025-06-12T19:56:31
   AccrueTime=2025-06-12T19:56:31
   StartTime=2025-06-12T21:21:34 EndTime=2025-06-12T23:21:34 Deadline=N/A
   SuspendTime=None SecsPreSuspend=0 LastSchedEval=2025-06-12T21:21:34 Scheduler=Main
   Partition=short AllocNode:Sid=quser43:3646922
   ReqNodeList=(null) ExcNodeList=(null)
   NodeList=qnode3033
   BatchHost=qnode3033
   NumNodes=1 NumCPUs=64 NumTasks=64 CPUs/Task=1 ReqB:S:C:T=0:0:*:*
   ReqTRES=cpu=64,mem=32000M,node=1,billing=288
   AllocTRES=cpu=64,mem=32000M,node=1,billing=288
   Socks/Node=* NtasksPerN:B:S:C=64:0:*:* CoreSpec=*
   MinCPUsNode=64 MinMemoryCPU=500M MinTmpDiskNode=0
   Features=[quest10|quest11|quest12|quest13] DelayBoot=00:00:00
   OverSubscribe=OK Contiguous=0 Licenses=(null) Network=(null)
   Command=/gpfs/home/tbr0780/Dissertation/Integrated_Likelihood_Algorithm/Polytomous_Logistic_Regression/scripts/experiment_sim.sh
   WorkDir=/gpfs/home/tbr0780/Dissertation/Integrated_Likelihood_Algorithm/Polytomous_Logistic_Regression
   StdErr=/dev/null
   StdIn=/dev/null
   StdOut=/dev/null
   MailUser=timothyruel2024@u.northwestern.edu MailType=INVALID_DEPEND,BEGIN,END,FAIL,REQUEUE,STAGE_OUT
   
--------------------------------------------------------------------------------
JOB EFFICIENCY 
--------------------------------------------------------------------------------
Job efficiency will be calculated after the job has completed.
===== checkjob (interval) at Thu Jun 12 21:39:42 CDT 2025 =====
--------------------------------------------------------------------------------
JOB INFORMATION 
--------------------------------------------------------------------------------
JobId=5521579 ArrayJobId=5519625 ArrayTaskId=427 JobName=experiment_sim
   UserId=tbr0780(3229) GroupId=tbr0780(4023) MCS_label=N/A
   Priority=20774 Nice=0 Account=p32397 QOS=normal
   JobState=RUNNING Reason=None Dependency=(null)
   Requeue=0 Restarts=0 BatchFlag=1 Reboot=0 ExitCode=0:0
   RunTime=00:18:08 TimeLimit=02:00:00 TimeMin=N/A
   SubmitTime=2025-06-12T19:56:30 EligibleTime=2025-06-12T19:56:31
   AccrueTime=2025-06-12T19:56:31
   StartTime=2025-06-12T21:21:34 EndTime=2025-06-12T23:21:34 Deadline=N/A
   SuspendTime=None SecsPreSuspend=0 LastSchedEval=2025-06-12T21:21:34 Scheduler=Main
   Partition=short AllocNode:Sid=quser43:3646922
   ReqNodeList=(null) ExcNodeList=(null)
   NodeList=qnode3033
   BatchHost=qnode3033
   NumNodes=1 NumCPUs=64 NumTasks=64 CPUs/Task=1 ReqB:S:C:T=0:0:*:*
   ReqTRES=cpu=64,mem=32000M,node=1,billing=288
   AllocTRES=cpu=64,mem=32000M,node=1,billing=288
   Socks/Node=* NtasksPerN:B:S:C=64:0:*:* CoreSpec=*
   MinCPUsNode=64 MinMemoryCPU=500M MinTmpDiskNode=0
   Features=[quest10|quest11|quest12|quest13] DelayBoot=00:00:00
   OverSubscribe=OK Contiguous=0 Licenses=(null) Network=(null)
   Command=/gpfs/home/tbr0780/Dissertation/Integrated_Likelihood_Algorithm/Polytomous_Logistic_Regression/scripts/experiment_sim.sh
   WorkDir=/gpfs/home/tbr0780/Dissertation/Integrated_Likelihood_Algorithm/Polytomous_Logistic_Regression
   StdErr=/dev/null
   StdIn=/dev/null
   StdOut=/dev/null
   MailUser=timothyruel2024@u.northwestern.edu MailType=INVALID_DEPEND,BEGIN,END,FAIL,REQUEUE,STAGE_OUT
   
--------------------------------------------------------------------------------
JOB EFFICIENCY 
--------------------------------------------------------------------------------
Job efficiency will be calculated after the job has completed.
===== checkjob (interval) at Thu Jun 12 21:40:13 CDT 2025 =====
--------------------------------------------------------------------------------
JOB INFORMATION 
--------------------------------------------------------------------------------
JobId=5521579 ArrayJobId=5519625 ArrayTaskId=427 JobName=experiment_sim
   UserId=tbr0780(3229) GroupId=tbr0780(4023) MCS_label=N/A
   Priority=20774 Nice=0 Account=p32397 QOS=normal
   JobState=RUNNING Reason=None Dependency=(null)
   Requeue=0 Restarts=0 BatchFlag=1 Reboot=0 ExitCode=0:0
   RunTime=00:18:39 TimeLimit=02:00:00 TimeMin=N/A
   SubmitTime=2025-06-12T19:56:30 EligibleTime=2025-06-12T19:56:31
   AccrueTime=2025-06-12T19:56:31
   StartTime=2025-06-12T21:21:34 EndTime=2025-06-12T23:21:34 Deadline=N/A
   SuspendTime=None SecsPreSuspend=0 LastSchedEval=2025-06-12T21:21:34 Scheduler=Main
   Partition=short AllocNode:Sid=quser43:3646922
   ReqNodeList=(null) ExcNodeList=(null)
   NodeList=qnode3033
   BatchHost=qnode3033
   NumNodes=1 NumCPUs=64 NumTasks=64 CPUs/Task=1 ReqB:S:C:T=0:0:*:*
   ReqTRES=cpu=64,mem=32000M,node=1,billing=288
   AllocTRES=cpu=64,mem=32000M,node=1,billing=288
   Socks/Node=* NtasksPerN:B:S:C=64:0:*:* CoreSpec=*
   MinCPUsNode=64 MinMemoryCPU=500M MinTmpDiskNode=0
   Features=[quest10|quest11|quest12|quest13] DelayBoot=00:00:00
   OverSubscribe=OK Contiguous=0 Licenses=(null) Network=(null)
   Command=/gpfs/home/tbr0780/Dissertation/Integrated_Likelihood_Algorithm/Polytomous_Logistic_Regression/scripts/experiment_sim.sh
   WorkDir=/gpfs/home/tbr0780/Dissertation/Integrated_Likelihood_Algorithm/Polytomous_Logistic_Regression
   StdErr=/dev/null
   StdIn=/dev/null
   StdOut=/dev/null
   MailUser=timothyruel2024@u.northwestern.edu MailType=INVALID_DEPEND,BEGIN,END,FAIL,REQUEUE,STAGE_OUT
   
--------------------------------------------------------------------------------
JOB EFFICIENCY 
--------------------------------------------------------------------------------
Job efficiency will be calculated after the job has completed.
