📌 Logging to experiments/exp_v1.0.6/simulations/sim_01/iter_0229/logs/slurm_log.out
🔁 Running Iteration 229 of Simulation 1 in Experiment v1.0.6 with 64 cores...
here() starts at /gpfs/home/tbr0780/Dissertation
[INFO] True parameters already exist — skipping generation.
[INFO] Loading Beta_0 from /experiments/exp_v1.0.6/true_params
[INFO] Generating new data for run: iter_0229
[INFO] Saved config snapshot to /experiments/exp_v1.0.6/simulations/sim_01/iter_0229
Running experiment...
✓ Experiment results saved to /experiments/exp_v1.0.6/simulations/sim_01/iter_0229/results
✓ Run completed
===== FINAL SEFF OUTPUT for Job 5520973 =====
(Logged at Thu Jun 12 21:02:31 CDT 2025)
Job ID: 5520973
Array Job ID: 5519625_228
Cluster: quest
User/Group: tbr0780/tbr0780
State: RUNNING
Nodes: 1
Cores per node: 64
CPU Utilized: 00:00:00
CPU Efficiency: 0.00% of 21:47:44 core-walltime
Job Wall-clock time: 00:20:26
Memory Utilized: 0.00 MB (estimated maximum)
Memory Efficiency: 0.00% of 31.25 GB (500.00 MB/core)
WARNING: Efficiency statistics may be misleading for RUNNING jobs.
===== FINAL CHECKJOB OUTPUT for Job 5520973 =====
(Logged at Thu Jun 12 21:02:33 CDT 2025)
--------------------------------------------------------------------------------
JOB INFORMATION 
--------------------------------------------------------------------------------
JobId=5520973 ArrayJobId=5519625 ArrayTaskId=228 JobName=experiment_sim
   UserId=tbr0780(3229) GroupId=tbr0780(4023) MCS_label=N/A
   Priority=21625 Nice=0 Account=p32397 QOS=normal
   JobState=RUNNING Reason=None Dependency=(null)
   Requeue=0 Restarts=0 BatchFlag=1 Reboot=0 ExitCode=0:0
   RunTime=00:20:26 TimeLimit=02:00:00 TimeMin=N/A
   SubmitTime=2025-06-12T19:56:30 EligibleTime=2025-06-12T19:56:31
   AccrueTime=2025-06-12T19:56:31
   StartTime=2025-06-12T20:42:07 EndTime=2025-06-12T22:42:07 Deadline=N/A
   SuspendTime=None SecsPreSuspend=0 LastSchedEval=2025-06-12T20:42:07 Scheduler=Main
   Partition=short AllocNode:Sid=quser43:3646922
   ReqNodeList=(null) ExcNodeList=(null)
   NodeList=qnode3019
   BatchHost=qnode3019
   NumNodes=1 NumCPUs=64 NumTasks=64 CPUs/Task=1 ReqB:S:C:T=0:0:*:*
   ReqTRES=cpu=64,mem=32000M,node=1,billing=288
   AllocTRES=cpu=64,mem=32000M,node=1,billing=288
   Socks/Node=* NtasksPerN:B:S:C=64:0:*:* CoreSpec=*
   MinCPUsNode=64 MinMemoryCPU=500M MinTmpDiskNode=0
   Features=[quest10|quest11|quest12|quest13] DelayBoot=00:00:00
   OverSubscribe=OK Contiguous=0 Licenses=(null) Network=(null)
   Command=/gpfs/home/tbr0780/Dissertation/Integrated_Likelihood_Algorithm/Polytomous_Logistic_Regression/scripts/experiment_sim.sh
   WorkDir=/gpfs/home/tbr0780/Dissertation/Integrated_Likelihood_Algorithm/Polytomous_Logistic_Regression
   StdErr=/dev/null
   StdIn=/dev/null
   StdOut=/dev/null
   MailUser=timothyruel2024@u.northwestern.edu MailType=INVALID_DEPEND,BEGIN,END,FAIL,REQUEUE,STAGE_OUT
   
--------------------------------------------------------------------------------
JOB EFFICIENCY 
--------------------------------------------------------------------------------
Job efficiency will be calculated after the job has completed.
===== SACCT OUTPUT for Job 5520973 =====
(Logged at Thu Jun 12 21:02:33 CDT 2025)
JobID                     JobName    Elapsed     MaxRSS     ReqMem  AllocCPUS      State 
------------ -------------------- ---------- ---------- ---------- ---------- ---------- 
5519625_228        experiment_sim   00:20:26                32000M         64    RUNNING 
5519625_228+                batch   00:20:26                               64    RUNNING 
5519625_228+               extern   00:20:26                               64    RUNNING 
===== SYSTEM MEMORY (free -h) =====
(Logged at Thu Jun 12 21:02:33 CDT 2025)
              total        used        free      shared  buff/cache   available
Mem:          503Gi        43Gi       353Gi       4.3Gi       106Gi       447Gi
Swap:          31Gi       3.4Gi        28Gi
===== SYSTEM LOAD (uptime) =====
(Logged at Thu Jun 12 21:02:34 CDT 2025)
 21:02:34 up 82 days, 16 min,  0 users,  load average: 68.16, 84.00, 96.81
===== SYSTEM PROCESSES (top -b -n 1) =====
(Logged at Thu Jun 12 21:02:34 CDT 2025)
top - 21:02:34 up 82 days, 16 min,  0 users,  load average: 68.16, 84.00, 96.81
Tasks: 1288 total,  65 running, 1223 sleeping,   0 stopped,   0 zombie
%Cpu(s): 49.6 us,  0.2 sy,  0.0 ni, 50.0 id,  0.0 wa,  0.2 hi,  0.0 si,  0.0 st
MiB Mem : 515679.4 total, 362460.8 free,  44556.0 used, 108662.6 buff/cache
MiB Swap:  32768.0 total,  29255.1 free,   3512.9 used. 458674.3 avail Mem 

    PID USER      PR  NI    VIRT    RES    SHR S  %CPU  %MEM     TIME+ COMMAND
3561466 tbr0780   20   0  625964 328088  11464 R 100.0   0.1   3:27.88 R
3561467 tbr0780   20   0  631532 333640  11448 R 100.0   0.1   3:28.03 R
3561468 tbr0780   20   0  629428 331552  11464 R 100.0   0.1   3:27.98 R
3561471 tbr0780   20   0  633516 335640  11464 R 100.0   0.1   3:28.09 R
3561476 tbr0780   20   0  640404 342508  11444 R 100.0   0.1   3:28.00 R
3561480 tbr0780   20   0  644472 346576  11444 R 100.0   0.1   3:27.99 R
3561483 tbr0780   20   0  647920 350036  11456 R 100.0   0.1   3:27.98 R
3561502 tbr0780   20   0  655228 357332  11444 R 100.0   0.1   3:27.93 R
3561513 tbr0780   20   0  636164 338268  11444 R 100.0   0.1   3:27.82 R
3561515 tbr0780   20   0  667212 369328  11456 R 100.0   0.1   3:27.81 R
3561516 tbr0780   20   0  632816 334940  11464 R 100.0   0.1   3:27.79 R
3561526 tbr0780   20   0  633088 335204  11456 R 100.0   0.1   3:27.65 R
3561527 tbr0780   20   0  659648 361752  11444 R 100.0   0.1   3:27.64 R
3561533 tbr0780   20   0  652136 354244  11448 R 100.0   0.1   3:27.27 R
3561536 tbr0780   20   0  633476 335584  11448 R 100.0   0.1   3:27.06 R
3561538 tbr0780   20   0  665480 367584  11444 R 100.0   0.1   3:27.18 R
3561541 tbr0780   20   0  633328 335432  11444 R 100.0   0.1   3:27.36 R
3561469 tbr0780   20   0  630788 332912  11464 R  94.1   0.1   3:28.07 R
3561470 tbr0780   20   0  632264 334388  11464 R  94.1   0.1   3:27.94 R
3561472 tbr0780   20   0  634872 336976  11444 R  94.1   0.1   3:28.06 R
3561473 tbr0780   20   0  636744 338848  11444 R  94.1   0.1   3:28.04 R
3561474 tbr0780   20   0  637640 339744  11444 R  94.1   0.1   3:28.02 R
3561475 tbr0780   20   0  639008 341132  11464 R  94.1   0.1   3:27.87 R
3561478 tbr0780   20   0  641816 343932  11456 R  94.1   0.1   3:28.01 R
3561479 tbr0780   20   0  643212 345328  11456 R  94.1   0.1   3:28.01 R
3561481 tbr0780   20   0  646028 348132  11444 R  94.1   0.1   3:27.97 R
3561484 tbr0780   20   0  649464 351568  11444 R  94.1   0.1   3:27.96 R
3561489 tbr0780   20   0  651008 353112  11444 R  94.1   0.1   3:27.97 R
3561490 tbr0780   20   0  651312 353432  11460 R  94.1   0.1   3:27.94 R
3561493 tbr0780   20   0  652136 354244  11448 R  94.1   0.1   3:27.93 R
3561499 tbr0780   20   0  653944 356068  11464 R  94.1   0.1   3:27.90 R
3561503 tbr0780   20   0  654032 356140  11448 R  94.1   0.1   3:27.91 R
3561504 tbr0780   20   0  652796 354912  11456 R  94.1   0.1   3:27.91 R
===== BACKGROUND CHECKJOB MONITOR LOG =====
===== checkjob (interval) at Thu Jun 12 20:42:38 CDT 2025 =====
--------------------------------------------------------------------------------
JOB INFORMATION 
--------------------------------------------------------------------------------
JobId=5520973 ArrayJobId=5519625 ArrayTaskId=228 JobName=experiment_sim
   UserId=tbr0780(3229) GroupId=tbr0780(4023) MCS_label=N/A
   Priority=21625 Nice=0 Account=p32397 QOS=normal
   JobState=RUNNING Reason=None Dependency=(null)
   Requeue=0 Restarts=0 BatchFlag=1 Reboot=0 ExitCode=0:0
   RunTime=00:00:32 TimeLimit=02:00:00 TimeMin=N/A
   SubmitTime=2025-06-12T19:56:30 EligibleTime=2025-06-12T19:56:31
   AccrueTime=2025-06-12T19:56:31
   StartTime=2025-06-12T20:42:07 EndTime=2025-06-12T22:42:07 Deadline=N/A
   SuspendTime=None SecsPreSuspend=0 LastSchedEval=2025-06-12T20:42:07 Scheduler=Main
   Partition=short AllocNode:Sid=quser43:3646922
   ReqNodeList=(null) ExcNodeList=(null)
   NodeList=qnode3019
   BatchHost=qnode3019
   NumNodes=1 NumCPUs=64 NumTasks=64 CPUs/Task=1 ReqB:S:C:T=0:0:*:*
   ReqTRES=cpu=64,mem=32000M,node=1,billing=288
   AllocTRES=cpu=64,mem=32000M,node=1,billing=288
   Socks/Node=* NtasksPerN:B:S:C=64:0:*:* CoreSpec=*
   MinCPUsNode=64 MinMemoryCPU=500M MinTmpDiskNode=0
   Features=[quest10|quest11|quest12|quest13] DelayBoot=00:00:00
   OverSubscribe=OK Contiguous=0 Licenses=(null) Network=(null)
   Command=/gpfs/home/tbr0780/Dissertation/Integrated_Likelihood_Algorithm/Polytomous_Logistic_Regression/scripts/experiment_sim.sh
   WorkDir=/gpfs/home/tbr0780/Dissertation/Integrated_Likelihood_Algorithm/Polytomous_Logistic_Regression
   StdErr=/dev/null
   StdIn=/dev/null
   StdOut=/dev/null
   MailUser=timothyruel2024@u.northwestern.edu MailType=INVALID_DEPEND,BEGIN,END,FAIL,REQUEUE,STAGE_OUT
   
--------------------------------------------------------------------------------
JOB EFFICIENCY 
--------------------------------------------------------------------------------
Job efficiency will be calculated after the job has completed.
===== checkjob (interval) at Thu Jun 12 20:43:09 CDT 2025 =====
--------------------------------------------------------------------------------
JOB INFORMATION 
--------------------------------------------------------------------------------
JobId=5520973 ArrayJobId=5519625 ArrayTaskId=228 JobName=experiment_sim
   UserId=tbr0780(3229) GroupId=tbr0780(4023) MCS_label=N/A
   Priority=21625 Nice=0 Account=p32397 QOS=normal
   JobState=RUNNING Reason=None Dependency=(null)
   Requeue=0 Restarts=0 BatchFlag=1 Reboot=0 ExitCode=0:0
   RunTime=00:01:02 TimeLimit=02:00:00 TimeMin=N/A
   SubmitTime=2025-06-12T19:56:30 EligibleTime=2025-06-12T19:56:31
   AccrueTime=2025-06-12T19:56:31
   StartTime=2025-06-12T20:42:07 EndTime=2025-06-12T22:42:07 Deadline=N/A
   SuspendTime=None SecsPreSuspend=0 LastSchedEval=2025-06-12T20:42:07 Scheduler=Main
   Partition=short AllocNode:Sid=quser43:3646922
   ReqNodeList=(null) ExcNodeList=(null)
   NodeList=qnode3019
   BatchHost=qnode3019
   NumNodes=1 NumCPUs=64 NumTasks=64 CPUs/Task=1 ReqB:S:C:T=0:0:*:*
   ReqTRES=cpu=64,mem=32000M,node=1,billing=288
   AllocTRES=cpu=64,mem=32000M,node=1,billing=288
   Socks/Node=* NtasksPerN:B:S:C=64:0:*:* CoreSpec=*
   MinCPUsNode=64 MinMemoryCPU=500M MinTmpDiskNode=0
   Features=[quest10|quest11|quest12|quest13] DelayBoot=00:00:00
   OverSubscribe=OK Contiguous=0 Licenses=(null) Network=(null)
   Command=/gpfs/home/tbr0780/Dissertation/Integrated_Likelihood_Algorithm/Polytomous_Logistic_Regression/scripts/experiment_sim.sh
   WorkDir=/gpfs/home/tbr0780/Dissertation/Integrated_Likelihood_Algorithm/Polytomous_Logistic_Regression
   StdErr=/dev/null
   StdIn=/dev/null
   StdOut=/dev/null
   MailUser=timothyruel2024@u.northwestern.edu MailType=INVALID_DEPEND,BEGIN,END,FAIL,REQUEUE,STAGE_OUT
   
--------------------------------------------------------------------------------
JOB EFFICIENCY 
--------------------------------------------------------------------------------
Job efficiency will be calculated after the job has completed.
===== checkjob (interval) at Thu Jun 12 20:43:40 CDT 2025 =====
--------------------------------------------------------------------------------
JOB INFORMATION 
--------------------------------------------------------------------------------
JobId=5520973 ArrayJobId=5519625 ArrayTaskId=228 JobName=experiment_sim
   UserId=tbr0780(3229) GroupId=tbr0780(4023) MCS_label=N/A
   Priority=21625 Nice=0 Account=p32397 QOS=normal
   JobState=RUNNING Reason=None Dependency=(null)
   Requeue=0 Restarts=0 BatchFlag=1 Reboot=0 ExitCode=0:0
   RunTime=00:01:35 TimeLimit=02:00:00 TimeMin=N/A
   SubmitTime=2025-06-12T19:56:30 EligibleTime=2025-06-12T19:56:31
   AccrueTime=2025-06-12T19:56:31
   StartTime=2025-06-12T20:42:07 EndTime=2025-06-12T22:42:07 Deadline=N/A
   SuspendTime=None SecsPreSuspend=0 LastSchedEval=2025-06-12T20:42:07 Scheduler=Main
   Partition=short AllocNode:Sid=quser43:3646922
   ReqNodeList=(null) ExcNodeList=(null)
   NodeList=qnode3019
   BatchHost=qnode3019
   NumNodes=1 NumCPUs=64 NumTasks=64 CPUs/Task=1 ReqB:S:C:T=0:0:*:*
   ReqTRES=cpu=64,mem=32000M,node=1,billing=288
   AllocTRES=cpu=64,mem=32000M,node=1,billing=288
   Socks/Node=* NtasksPerN:B:S:C=64:0:*:* CoreSpec=*
   MinCPUsNode=64 MinMemoryCPU=500M MinTmpDiskNode=0
   Features=[quest10|quest11|quest12|quest13] DelayBoot=00:00:00
   OverSubscribe=OK Contiguous=0 Licenses=(null) Network=(null)
   Command=/gpfs/home/tbr0780/Dissertation/Integrated_Likelihood_Algorithm/Polytomous_Logistic_Regression/scripts/experiment_sim.sh
   WorkDir=/gpfs/home/tbr0780/Dissertation/Integrated_Likelihood_Algorithm/Polytomous_Logistic_Regression
   StdErr=/dev/null
   StdIn=/dev/null
   StdOut=/dev/null
   MailUser=timothyruel2024@u.northwestern.edu MailType=INVALID_DEPEND,BEGIN,END,FAIL,REQUEUE,STAGE_OUT
   
--------------------------------------------------------------------------------
JOB EFFICIENCY 
--------------------------------------------------------------------------------
Job efficiency will be calculated after the job has completed.
===== checkjob (interval) at Thu Jun 12 20:44:15 CDT 2025 =====
--------------------------------------------------------------------------------
JOB INFORMATION 
--------------------------------------------------------------------------------
JobId=5520973 ArrayJobId=5519625 ArrayTaskId=228 JobName=experiment_sim
   UserId=tbr0780(3229) GroupId=tbr0780(4023) MCS_label=N/A
   Priority=21625 Nice=0 Account=p32397 QOS=normal
   JobState=RUNNING Reason=None Dependency=(null)
   Requeue=0 Restarts=0 BatchFlag=1 Reboot=0 ExitCode=0:0
   RunTime=00:02:08 TimeLimit=02:00:00 TimeMin=N/A
   SubmitTime=2025-06-12T19:56:30 EligibleTime=2025-06-12T19:56:31
   AccrueTime=2025-06-12T19:56:31
   StartTime=2025-06-12T20:42:07 EndTime=2025-06-12T22:42:07 Deadline=N/A
   SuspendTime=None SecsPreSuspend=0 LastSchedEval=2025-06-12T20:42:07 Scheduler=Main
   Partition=short AllocNode:Sid=quser43:3646922
   ReqNodeList=(null) ExcNodeList=(null)
   NodeList=qnode3019
   BatchHost=qnode3019
   NumNodes=1 NumCPUs=64 NumTasks=64 CPUs/Task=1 ReqB:S:C:T=0:0:*:*
   ReqTRES=cpu=64,mem=32000M,node=1,billing=288
   AllocTRES=cpu=64,mem=32000M,node=1,billing=288
   Socks/Node=* NtasksPerN:B:S:C=64:0:*:* CoreSpec=*
   MinCPUsNode=64 MinMemoryCPU=500M MinTmpDiskNode=0
   Features=[quest10|quest11|quest12|quest13] DelayBoot=00:00:00
   OverSubscribe=OK Contiguous=0 Licenses=(null) Network=(null)
   Command=/gpfs/home/tbr0780/Dissertation/Integrated_Likelihood_Algorithm/Polytomous_Logistic_Regression/scripts/experiment_sim.sh
   WorkDir=/gpfs/home/tbr0780/Dissertation/Integrated_Likelihood_Algorithm/Polytomous_Logistic_Regression
   StdErr=/dev/null
   StdIn=/dev/null
   StdOut=/dev/null
   MailUser=timothyruel2024@u.northwestern.edu MailType=INVALID_DEPEND,BEGIN,END,FAIL,REQUEUE,STAGE_OUT
   
--------------------------------------------------------------------------------
JOB EFFICIENCY 
--------------------------------------------------------------------------------
Job efficiency will be calculated after the job has completed.
===== checkjob (interval) at Thu Jun 12 20:44:50 CDT 2025 =====
--------------------------------------------------------------------------------
JOB INFORMATION 
--------------------------------------------------------------------------------
JobId=5520973 ArrayJobId=5519625 ArrayTaskId=228 JobName=experiment_sim
   UserId=tbr0780(3229) GroupId=tbr0780(4023) MCS_label=N/A
   Priority=21625 Nice=0 Account=p32397 QOS=normal
   JobState=RUNNING Reason=None Dependency=(null)
   Requeue=0 Restarts=0 BatchFlag=1 Reboot=0 ExitCode=0:0
   RunTime=00:02:43 TimeLimit=02:00:00 TimeMin=N/A
   SubmitTime=2025-06-12T19:56:30 EligibleTime=2025-06-12T19:56:31
   AccrueTime=2025-06-12T19:56:31
   StartTime=2025-06-12T20:42:07 EndTime=2025-06-12T22:42:07 Deadline=N/A
   SuspendTime=None SecsPreSuspend=0 LastSchedEval=2025-06-12T20:42:07 Scheduler=Main
   Partition=short AllocNode:Sid=quser43:3646922
   ReqNodeList=(null) ExcNodeList=(null)
   NodeList=qnode3019
   BatchHost=qnode3019
   NumNodes=1 NumCPUs=64 NumTasks=64 CPUs/Task=1 ReqB:S:C:T=0:0:*:*
   ReqTRES=cpu=64,mem=32000M,node=1,billing=288
   AllocTRES=cpu=64,mem=32000M,node=1,billing=288
   Socks/Node=* NtasksPerN:B:S:C=64:0:*:* CoreSpec=*
   MinCPUsNode=64 MinMemoryCPU=500M MinTmpDiskNode=0
   Features=[quest10|quest11|quest12|quest13] DelayBoot=00:00:00
   OverSubscribe=OK Contiguous=0 Licenses=(null) Network=(null)
   Command=/gpfs/home/tbr0780/Dissertation/Integrated_Likelihood_Algorithm/Polytomous_Logistic_Regression/scripts/experiment_sim.sh
   WorkDir=/gpfs/home/tbr0780/Dissertation/Integrated_Likelihood_Algorithm/Polytomous_Logistic_Regression
   StdErr=/dev/null
   StdIn=/dev/null
   StdOut=/dev/null
   MailUser=timothyruel2024@u.northwestern.edu MailType=INVALID_DEPEND,BEGIN,END,FAIL,REQUEUE,STAGE_OUT
   
--------------------------------------------------------------------------------
JOB EFFICIENCY 
--------------------------------------------------------------------------------
Job efficiency will be calculated after the job has completed.
===== checkjob (interval) at Thu Jun 12 20:45:21 CDT 2025 =====
--------------------------------------------------------------------------------
JOB INFORMATION 
--------------------------------------------------------------------------------
JobId=5520973 ArrayJobId=5519625 ArrayTaskId=228 JobName=experiment_sim
   UserId=tbr0780(3229) GroupId=tbr0780(4023) MCS_label=N/A
   Priority=21625 Nice=0 Account=p32397 QOS=normal
   JobState=RUNNING Reason=None Dependency=(null)
   Requeue=0 Restarts=0 BatchFlag=1 Reboot=0 ExitCode=0:0
   RunTime=00:03:14 TimeLimit=02:00:00 TimeMin=N/A
   SubmitTime=2025-06-12T19:56:30 EligibleTime=2025-06-12T19:56:31
   AccrueTime=2025-06-12T19:56:31
   StartTime=2025-06-12T20:42:07 EndTime=2025-06-12T22:42:07 Deadline=N/A
   SuspendTime=None SecsPreSuspend=0 LastSchedEval=2025-06-12T20:42:07 Scheduler=Main
   Partition=short AllocNode:Sid=quser43:3646922
   ReqNodeList=(null) ExcNodeList=(null)
   NodeList=qnode3019
   BatchHost=qnode3019
   NumNodes=1 NumCPUs=64 NumTasks=64 CPUs/Task=1 ReqB:S:C:T=0:0:*:*
   ReqTRES=cpu=64,mem=32000M,node=1,billing=288
   AllocTRES=cpu=64,mem=32000M,node=1,billing=288
   Socks/Node=* NtasksPerN:B:S:C=64:0:*:* CoreSpec=*
   MinCPUsNode=64 MinMemoryCPU=500M MinTmpDiskNode=0
   Features=[quest10|quest11|quest12|quest13] DelayBoot=00:00:00
   OverSubscribe=OK Contiguous=0 Licenses=(null) Network=(null)
   Command=/gpfs/home/tbr0780/Dissertation/Integrated_Likelihood_Algorithm/Polytomous_Logistic_Regression/scripts/experiment_sim.sh
   WorkDir=/gpfs/home/tbr0780/Dissertation/Integrated_Likelihood_Algorithm/Polytomous_Logistic_Regression
   StdErr=/dev/null
   StdIn=/dev/null
   StdOut=/dev/null
   MailUser=timothyruel2024@u.northwestern.edu MailType=INVALID_DEPEND,BEGIN,END,FAIL,REQUEUE,STAGE_OUT
   
--------------------------------------------------------------------------------
JOB EFFICIENCY 
--------------------------------------------------------------------------------
Job efficiency will be calculated after the job has completed.
===== checkjob (interval) at Thu Jun 12 20:45:54 CDT 2025 =====
--------------------------------------------------------------------------------
JOB INFORMATION 
--------------------------------------------------------------------------------
JobId=5520973 ArrayJobId=5519625 ArrayTaskId=228 JobName=experiment_sim
   UserId=tbr0780(3229) GroupId=tbr0780(4023) MCS_label=N/A
   Priority=21625 Nice=0 Account=p32397 QOS=normal
   JobState=RUNNING Reason=None Dependency=(null)
   Requeue=0 Restarts=0 BatchFlag=1 Reboot=0 ExitCode=0:0
   RunTime=00:03:47 TimeLimit=02:00:00 TimeMin=N/A
   SubmitTime=2025-06-12T19:56:30 EligibleTime=2025-06-12T19:56:31
   AccrueTime=2025-06-12T19:56:31
   StartTime=2025-06-12T20:42:07 EndTime=2025-06-12T22:42:07 Deadline=N/A
   SuspendTime=None SecsPreSuspend=0 LastSchedEval=2025-06-12T20:42:07 Scheduler=Main
   Partition=short AllocNode:Sid=quser43:3646922
   ReqNodeList=(null) ExcNodeList=(null)
   NodeList=qnode3019
   BatchHost=qnode3019
   NumNodes=1 NumCPUs=64 NumTasks=64 CPUs/Task=1 ReqB:S:C:T=0:0:*:*
   ReqTRES=cpu=64,mem=32000M,node=1,billing=288
   AllocTRES=cpu=64,mem=32000M,node=1,billing=288
   Socks/Node=* NtasksPerN:B:S:C=64:0:*:* CoreSpec=*
   MinCPUsNode=64 MinMemoryCPU=500M MinTmpDiskNode=0
   Features=[quest10|quest11|quest12|quest13] DelayBoot=00:00:00
   OverSubscribe=OK Contiguous=0 Licenses=(null) Network=(null)
   Command=/gpfs/home/tbr0780/Dissertation/Integrated_Likelihood_Algorithm/Polytomous_Logistic_Regression/scripts/experiment_sim.sh
   WorkDir=/gpfs/home/tbr0780/Dissertation/Integrated_Likelihood_Algorithm/Polytomous_Logistic_Regression
   StdErr=/dev/null
   StdIn=/dev/null
   StdOut=/dev/null
   MailUser=timothyruel2024@u.northwestern.edu MailType=INVALID_DEPEND,BEGIN,END,FAIL,REQUEUE,STAGE_OUT
   
--------------------------------------------------------------------------------
JOB EFFICIENCY 
--------------------------------------------------------------------------------
Job efficiency will be calculated after the job has completed.
===== checkjob (interval) at Thu Jun 12 20:46:26 CDT 2025 =====
--------------------------------------------------------------------------------
JOB INFORMATION 
--------------------------------------------------------------------------------
JobId=5520973 ArrayJobId=5519625 ArrayTaskId=228 JobName=experiment_sim
   UserId=tbr0780(3229) GroupId=tbr0780(4023) MCS_label=N/A
   Priority=21625 Nice=0 Account=p32397 QOS=normal
   JobState=RUNNING Reason=None Dependency=(null)
   Requeue=0 Restarts=0 BatchFlag=1 Reboot=0 ExitCode=0:0
   RunTime=00:04:19 TimeLimit=02:00:00 TimeMin=N/A
   SubmitTime=2025-06-12T19:56:30 EligibleTime=2025-06-12T19:56:31
   AccrueTime=2025-06-12T19:56:31
   StartTime=2025-06-12T20:42:07 EndTime=2025-06-12T22:42:07 Deadline=N/A
   SuspendTime=None SecsPreSuspend=0 LastSchedEval=2025-06-12T20:42:07 Scheduler=Main
   Partition=short AllocNode:Sid=quser43:3646922
   ReqNodeList=(null) ExcNodeList=(null)
   NodeList=qnode3019
   BatchHost=qnode3019
   NumNodes=1 NumCPUs=64 NumTasks=64 CPUs/Task=1 ReqB:S:C:T=0:0:*:*
   ReqTRES=cpu=64,mem=32000M,node=1,billing=288
   AllocTRES=cpu=64,mem=32000M,node=1,billing=288
   Socks/Node=* NtasksPerN:B:S:C=64:0:*:* CoreSpec=*
   MinCPUsNode=64 MinMemoryCPU=500M MinTmpDiskNode=0
   Features=[quest10|quest11|quest12|quest13] DelayBoot=00:00:00
   OverSubscribe=OK Contiguous=0 Licenses=(null) Network=(null)
   Command=/gpfs/home/tbr0780/Dissertation/Integrated_Likelihood_Algorithm/Polytomous_Logistic_Regression/scripts/experiment_sim.sh
   WorkDir=/gpfs/home/tbr0780/Dissertation/Integrated_Likelihood_Algorithm/Polytomous_Logistic_Regression
   StdErr=/dev/null
   StdIn=/dev/null
   StdOut=/dev/null
   MailUser=timothyruel2024@u.northwestern.edu MailType=INVALID_DEPEND,BEGIN,END,FAIL,REQUEUE,STAGE_OUT
   
--------------------------------------------------------------------------------
JOB EFFICIENCY 
--------------------------------------------------------------------------------
Job efficiency will be calculated after the job has completed.
===== checkjob (interval) at Thu Jun 12 20:46:57 CDT 2025 =====
--------------------------------------------------------------------------------
JOB INFORMATION 
--------------------------------------------------------------------------------
JobId=5520973 ArrayJobId=5519625 ArrayTaskId=228 JobName=experiment_sim
   UserId=tbr0780(3229) GroupId=tbr0780(4023) MCS_label=N/A
   Priority=21625 Nice=0 Account=p32397 QOS=normal
   JobState=RUNNING Reason=None Dependency=(null)
   Requeue=0 Restarts=0 BatchFlag=1 Reboot=0 ExitCode=0:0
   RunTime=00:04:51 TimeLimit=02:00:00 TimeMin=N/A
   SubmitTime=2025-06-12T19:56:30 EligibleTime=2025-06-12T19:56:31
   AccrueTime=2025-06-12T19:56:31
   StartTime=2025-06-12T20:42:07 EndTime=2025-06-12T22:42:07 Deadline=N/A
   SuspendTime=None SecsPreSuspend=0 LastSchedEval=2025-06-12T20:42:07 Scheduler=Main
   Partition=short AllocNode:Sid=quser43:3646922
   ReqNodeList=(null) ExcNodeList=(null)
   NodeList=qnode3019
   BatchHost=qnode3019
   NumNodes=1 NumCPUs=64 NumTasks=64 CPUs/Task=1 ReqB:S:C:T=0:0:*:*
   ReqTRES=cpu=64,mem=32000M,node=1,billing=288
   AllocTRES=cpu=64,mem=32000M,node=1,billing=288
   Socks/Node=* NtasksPerN:B:S:C=64:0:*:* CoreSpec=*
   MinCPUsNode=64 MinMemoryCPU=500M MinTmpDiskNode=0
   Features=[quest10|quest11|quest12|quest13] DelayBoot=00:00:00
   OverSubscribe=OK Contiguous=0 Licenses=(null) Network=(null)
   Command=/gpfs/home/tbr0780/Dissertation/Integrated_Likelihood_Algorithm/Polytomous_Logistic_Regression/scripts/experiment_sim.sh
   WorkDir=/gpfs/home/tbr0780/Dissertation/Integrated_Likelihood_Algorithm/Polytomous_Logistic_Regression
   StdErr=/dev/null
   StdIn=/dev/null
   StdOut=/dev/null
   MailUser=timothyruel2024@u.northwestern.edu MailType=INVALID_DEPEND,BEGIN,END,FAIL,REQUEUE,STAGE_OUT
   
--------------------------------------------------------------------------------
JOB EFFICIENCY 
--------------------------------------------------------------------------------
Job efficiency will be calculated after the job has completed.
===== checkjob (interval) at Thu Jun 12 20:47:30 CDT 2025 =====
--------------------------------------------------------------------------------
JOB INFORMATION 
--------------------------------------------------------------------------------
JobId=5520973 ArrayJobId=5519625 ArrayTaskId=228 JobName=experiment_sim
   UserId=tbr0780(3229) GroupId=tbr0780(4023) MCS_label=N/A
   Priority=21625 Nice=0 Account=p32397 QOS=normal
   JobState=RUNNING Reason=None Dependency=(null)
   Requeue=0 Restarts=0 BatchFlag=1 Reboot=0 ExitCode=0:0
   RunTime=00:05:24 TimeLimit=02:00:00 TimeMin=N/A
   SubmitTime=2025-06-12T19:56:30 EligibleTime=2025-06-12T19:56:31
   AccrueTime=2025-06-12T19:56:31
   StartTime=2025-06-12T20:42:07 EndTime=2025-06-12T22:42:07 Deadline=N/A
   SuspendTime=None SecsPreSuspend=0 LastSchedEval=2025-06-12T20:42:07 Scheduler=Main
   Partition=short AllocNode:Sid=quser43:3646922
   ReqNodeList=(null) ExcNodeList=(null)
   NodeList=qnode3019
   BatchHost=qnode3019
   NumNodes=1 NumCPUs=64 NumTasks=64 CPUs/Task=1 ReqB:S:C:T=0:0:*:*
   ReqTRES=cpu=64,mem=32000M,node=1,billing=288
   AllocTRES=cpu=64,mem=32000M,node=1,billing=288
   Socks/Node=* NtasksPerN:B:S:C=64:0:*:* CoreSpec=*
   MinCPUsNode=64 MinMemoryCPU=500M MinTmpDiskNode=0
   Features=[quest10|quest11|quest12|quest13] DelayBoot=00:00:00
   OverSubscribe=OK Contiguous=0 Licenses=(null) Network=(null)
   Command=/gpfs/home/tbr0780/Dissertation/Integrated_Likelihood_Algorithm/Polytomous_Logistic_Regression/scripts/experiment_sim.sh
   WorkDir=/gpfs/home/tbr0780/Dissertation/Integrated_Likelihood_Algorithm/Polytomous_Logistic_Regression
   StdErr=/dev/null
   StdIn=/dev/null
   StdOut=/dev/null
   MailUser=timothyruel2024@u.northwestern.edu MailType=INVALID_DEPEND,BEGIN,END,FAIL,REQUEUE,STAGE_OUT
   
--------------------------------------------------------------------------------
JOB EFFICIENCY 
--------------------------------------------------------------------------------
Job efficiency will be calculated after the job has completed.
===== checkjob (interval) at Thu Jun 12 20:48:03 CDT 2025 =====
--------------------------------------------------------------------------------
JOB INFORMATION 
--------------------------------------------------------------------------------
JobId=5520973 ArrayJobId=5519625 ArrayTaskId=228 JobName=experiment_sim
   UserId=tbr0780(3229) GroupId=tbr0780(4023) MCS_label=N/A
   Priority=21625 Nice=0 Account=p32397 QOS=normal
   JobState=RUNNING Reason=None Dependency=(null)
   Requeue=0 Restarts=0 BatchFlag=1 Reboot=0 ExitCode=0:0
   RunTime=00:05:57 TimeLimit=02:00:00 TimeMin=N/A
   SubmitTime=2025-06-12T19:56:30 EligibleTime=2025-06-12T19:56:31
   AccrueTime=2025-06-12T19:56:31
   StartTime=2025-06-12T20:42:07 EndTime=2025-06-12T22:42:07 Deadline=N/A
   SuspendTime=None SecsPreSuspend=0 LastSchedEval=2025-06-12T20:42:07 Scheduler=Main
   Partition=short AllocNode:Sid=quser43:3646922
   ReqNodeList=(null) ExcNodeList=(null)
   NodeList=qnode3019
   BatchHost=qnode3019
   NumNodes=1 NumCPUs=64 NumTasks=64 CPUs/Task=1 ReqB:S:C:T=0:0:*:*
   ReqTRES=cpu=64,mem=32000M,node=1,billing=288
   AllocTRES=cpu=64,mem=32000M,node=1,billing=288
   Socks/Node=* NtasksPerN:B:S:C=64:0:*:* CoreSpec=*
   MinCPUsNode=64 MinMemoryCPU=500M MinTmpDiskNode=0
   Features=[quest10|quest11|quest12|quest13] DelayBoot=00:00:00
   OverSubscribe=OK Contiguous=0 Licenses=(null) Network=(null)
   Command=/gpfs/home/tbr0780/Dissertation/Integrated_Likelihood_Algorithm/Polytomous_Logistic_Regression/scripts/experiment_sim.sh
   WorkDir=/gpfs/home/tbr0780/Dissertation/Integrated_Likelihood_Algorithm/Polytomous_Logistic_Regression
   StdErr=/dev/null
   StdIn=/dev/null
   StdOut=/dev/null
   MailUser=timothyruel2024@u.northwestern.edu MailType=INVALID_DEPEND,BEGIN,END,FAIL,REQUEUE,STAGE_OUT
   
--------------------------------------------------------------------------------
JOB EFFICIENCY 
--------------------------------------------------------------------------------
Job efficiency will be calculated after the job has completed.
===== checkjob (interval) at Thu Jun 12 20:48:35 CDT 2025 =====
--------------------------------------------------------------------------------
JOB INFORMATION 
--------------------------------------------------------------------------------
JobId=5520973 ArrayJobId=5519625 ArrayTaskId=228 JobName=experiment_sim
   UserId=tbr0780(3229) GroupId=tbr0780(4023) MCS_label=N/A
   Priority=21625 Nice=0 Account=p32397 QOS=normal
   JobState=RUNNING Reason=None Dependency=(null)
   Requeue=0 Restarts=0 BatchFlag=1 Reboot=0 ExitCode=0:0
   RunTime=00:06:28 TimeLimit=02:00:00 TimeMin=N/A
   SubmitTime=2025-06-12T19:56:30 EligibleTime=2025-06-12T19:56:31
   AccrueTime=2025-06-12T19:56:31
   StartTime=2025-06-12T20:42:07 EndTime=2025-06-12T22:42:07 Deadline=N/A
   SuspendTime=None SecsPreSuspend=0 LastSchedEval=2025-06-12T20:42:07 Scheduler=Main
   Partition=short AllocNode:Sid=quser43:3646922
   ReqNodeList=(null) ExcNodeList=(null)
   NodeList=qnode3019
   BatchHost=qnode3019
   NumNodes=1 NumCPUs=64 NumTasks=64 CPUs/Task=1 ReqB:S:C:T=0:0:*:*
   ReqTRES=cpu=64,mem=32000M,node=1,billing=288
   AllocTRES=cpu=64,mem=32000M,node=1,billing=288
   Socks/Node=* NtasksPerN:B:S:C=64:0:*:* CoreSpec=*
   MinCPUsNode=64 MinMemoryCPU=500M MinTmpDiskNode=0
   Features=[quest10|quest11|quest12|quest13] DelayBoot=00:00:00
   OverSubscribe=OK Contiguous=0 Licenses=(null) Network=(null)
   Command=/gpfs/home/tbr0780/Dissertation/Integrated_Likelihood_Algorithm/Polytomous_Logistic_Regression/scripts/experiment_sim.sh
   WorkDir=/gpfs/home/tbr0780/Dissertation/Integrated_Likelihood_Algorithm/Polytomous_Logistic_Regression
   StdErr=/dev/null
   StdIn=/dev/null
   StdOut=/dev/null
   MailUser=timothyruel2024@u.northwestern.edu MailType=INVALID_DEPEND,BEGIN,END,FAIL,REQUEUE,STAGE_OUT
   
--------------------------------------------------------------------------------
JOB EFFICIENCY 
--------------------------------------------------------------------------------
Job efficiency will be calculated after the job has completed.
===== checkjob (interval) at Thu Jun 12 20:49:08 CDT 2025 =====
--------------------------------------------------------------------------------
JOB INFORMATION 
--------------------------------------------------------------------------------
JobId=5520973 ArrayJobId=5519625 ArrayTaskId=228 JobName=experiment_sim
   UserId=tbr0780(3229) GroupId=tbr0780(4023) MCS_label=N/A
   Priority=21625 Nice=0 Account=p32397 QOS=normal
   JobState=RUNNING Reason=None Dependency=(null)
   Requeue=0 Restarts=0 BatchFlag=1 Reboot=0 ExitCode=0:0
   RunTime=00:07:01 TimeLimit=02:00:00 TimeMin=N/A
   SubmitTime=2025-06-12T19:56:30 EligibleTime=2025-06-12T19:56:31
   AccrueTime=2025-06-12T19:56:31
   StartTime=2025-06-12T20:42:07 EndTime=2025-06-12T22:42:07 Deadline=N/A
   SuspendTime=None SecsPreSuspend=0 LastSchedEval=2025-06-12T20:42:07 Scheduler=Main
   Partition=short AllocNode:Sid=quser43:3646922
   ReqNodeList=(null) ExcNodeList=(null)
   NodeList=qnode3019
   BatchHost=qnode3019
   NumNodes=1 NumCPUs=64 NumTasks=64 CPUs/Task=1 ReqB:S:C:T=0:0:*:*
   ReqTRES=cpu=64,mem=32000M,node=1,billing=288
   AllocTRES=cpu=64,mem=32000M,node=1,billing=288
   Socks/Node=* NtasksPerN:B:S:C=64:0:*:* CoreSpec=*
   MinCPUsNode=64 MinMemoryCPU=500M MinTmpDiskNode=0
   Features=[quest10|quest11|quest12|quest13] DelayBoot=00:00:00
   OverSubscribe=OK Contiguous=0 Licenses=(null) Network=(null)
   Command=/gpfs/home/tbr0780/Dissertation/Integrated_Likelihood_Algorithm/Polytomous_Logistic_Regression/scripts/experiment_sim.sh
   WorkDir=/gpfs/home/tbr0780/Dissertation/Integrated_Likelihood_Algorithm/Polytomous_Logistic_Regression
   StdErr=/dev/null
   StdIn=/dev/null
   StdOut=/dev/null
   MailUser=timothyruel2024@u.northwestern.edu MailType=INVALID_DEPEND,BEGIN,END,FAIL,REQUEUE,STAGE_OUT
   
--------------------------------------------------------------------------------
JOB EFFICIENCY 
--------------------------------------------------------------------------------
Job efficiency will be calculated after the job has completed.
===== checkjob (interval) at Thu Jun 12 20:49:43 CDT 2025 =====
--------------------------------------------------------------------------------
JOB INFORMATION 
--------------------------------------------------------------------------------
JobId=5520973 ArrayJobId=5519625 ArrayTaskId=228 JobName=experiment_sim
   UserId=tbr0780(3229) GroupId=tbr0780(4023) MCS_label=N/A
   Priority=21625 Nice=0 Account=p32397 QOS=normal
   JobState=RUNNING Reason=None Dependency=(null)
   Requeue=0 Restarts=0 BatchFlag=1 Reboot=0 ExitCode=0:0
   RunTime=00:07:36 TimeLimit=02:00:00 TimeMin=N/A
   SubmitTime=2025-06-12T19:56:30 EligibleTime=2025-06-12T19:56:31
   AccrueTime=2025-06-12T19:56:31
   StartTime=2025-06-12T20:42:07 EndTime=2025-06-12T22:42:07 Deadline=N/A
   SuspendTime=None SecsPreSuspend=0 LastSchedEval=2025-06-12T20:42:07 Scheduler=Main
   Partition=short AllocNode:Sid=quser43:3646922
   ReqNodeList=(null) ExcNodeList=(null)
   NodeList=qnode3019
   BatchHost=qnode3019
   NumNodes=1 NumCPUs=64 NumTasks=64 CPUs/Task=1 ReqB:S:C:T=0:0:*:*
   ReqTRES=cpu=64,mem=32000M,node=1,billing=288
   AllocTRES=cpu=64,mem=32000M,node=1,billing=288
   Socks/Node=* NtasksPerN:B:S:C=64:0:*:* CoreSpec=*
   MinCPUsNode=64 MinMemoryCPU=500M MinTmpDiskNode=0
   Features=[quest10|quest11|quest12|quest13] DelayBoot=00:00:00
   OverSubscribe=OK Contiguous=0 Licenses=(null) Network=(null)
   Command=/gpfs/home/tbr0780/Dissertation/Integrated_Likelihood_Algorithm/Polytomous_Logistic_Regression/scripts/experiment_sim.sh
   WorkDir=/gpfs/home/tbr0780/Dissertation/Integrated_Likelihood_Algorithm/Polytomous_Logistic_Regression
   StdErr=/dev/null
   StdIn=/dev/null
   StdOut=/dev/null
   MailUser=timothyruel2024@u.northwestern.edu MailType=INVALID_DEPEND,BEGIN,END,FAIL,REQUEUE,STAGE_OUT
   
--------------------------------------------------------------------------------
JOB EFFICIENCY 
--------------------------------------------------------------------------------
Job efficiency will be calculated after the job has completed.
===== checkjob (interval) at Thu Jun 12 20:50:14 CDT 2025 =====
--------------------------------------------------------------------------------
JOB INFORMATION 
--------------------------------------------------------------------------------
JobId=5520973 ArrayJobId=5519625 ArrayTaskId=228 JobName=experiment_sim
   UserId=tbr0780(3229) GroupId=tbr0780(4023) MCS_label=N/A
   Priority=21625 Nice=0 Account=p32397 QOS=normal
   JobState=RUNNING Reason=None Dependency=(null)
   Requeue=0 Restarts=0 BatchFlag=1 Reboot=0 ExitCode=0:0
   RunTime=00:08:08 TimeLimit=02:00:00 TimeMin=N/A
   SubmitTime=2025-06-12T19:56:30 EligibleTime=2025-06-12T19:56:31
   AccrueTime=2025-06-12T19:56:31
   StartTime=2025-06-12T20:42:07 EndTime=2025-06-12T22:42:07 Deadline=N/A
   SuspendTime=None SecsPreSuspend=0 LastSchedEval=2025-06-12T20:42:07 Scheduler=Main
   Partition=short AllocNode:Sid=quser43:3646922
   ReqNodeList=(null) ExcNodeList=(null)
   NodeList=qnode3019
   BatchHost=qnode3019
   NumNodes=1 NumCPUs=64 NumTasks=64 CPUs/Task=1 ReqB:S:C:T=0:0:*:*
   ReqTRES=cpu=64,mem=32000M,node=1,billing=288
   AllocTRES=cpu=64,mem=32000M,node=1,billing=288
   Socks/Node=* NtasksPerN:B:S:C=64:0:*:* CoreSpec=*
   MinCPUsNode=64 MinMemoryCPU=500M MinTmpDiskNode=0
   Features=[quest10|quest11|quest12|quest13] DelayBoot=00:00:00
   OverSubscribe=OK Contiguous=0 Licenses=(null) Network=(null)
   Command=/gpfs/home/tbr0780/Dissertation/Integrated_Likelihood_Algorithm/Polytomous_Logistic_Regression/scripts/experiment_sim.sh
   WorkDir=/gpfs/home/tbr0780/Dissertation/Integrated_Likelihood_Algorithm/Polytomous_Logistic_Regression
   StdErr=/dev/null
   StdIn=/dev/null
   StdOut=/dev/null
   MailUser=timothyruel2024@u.northwestern.edu MailType=INVALID_DEPEND,BEGIN,END,FAIL,REQUEUE,STAGE_OUT
   
--------------------------------------------------------------------------------
JOB EFFICIENCY 
--------------------------------------------------------------------------------
Job efficiency will be calculated after the job has completed.
===== checkjob (interval) at Thu Jun 12 20:50:48 CDT 2025 =====
--------------------------------------------------------------------------------
JOB INFORMATION 
--------------------------------------------------------------------------------
JobId=5520973 ArrayJobId=5519625 ArrayTaskId=228 JobName=experiment_sim
   UserId=tbr0780(3229) GroupId=tbr0780(4023) MCS_label=N/A
   Priority=21625 Nice=0 Account=p32397 QOS=normal
   JobState=RUNNING Reason=None Dependency=(null)
   Requeue=0 Restarts=0 BatchFlag=1 Reboot=0 ExitCode=0:0
   RunTime=00:08:41 TimeLimit=02:00:00 TimeMin=N/A
   SubmitTime=2025-06-12T19:56:30 EligibleTime=2025-06-12T19:56:31
   AccrueTime=2025-06-12T19:56:31
   StartTime=2025-06-12T20:42:07 EndTime=2025-06-12T22:42:07 Deadline=N/A
   SuspendTime=None SecsPreSuspend=0 LastSchedEval=2025-06-12T20:42:07 Scheduler=Main
   Partition=short AllocNode:Sid=quser43:3646922
   ReqNodeList=(null) ExcNodeList=(null)
   NodeList=qnode3019
   BatchHost=qnode3019
   NumNodes=1 NumCPUs=64 NumTasks=64 CPUs/Task=1 ReqB:S:C:T=0:0:*:*
   ReqTRES=cpu=64,mem=32000M,node=1,billing=288
   AllocTRES=cpu=64,mem=32000M,node=1,billing=288
   Socks/Node=* NtasksPerN:B:S:C=64:0:*:* CoreSpec=*
   MinCPUsNode=64 MinMemoryCPU=500M MinTmpDiskNode=0
   Features=[quest10|quest11|quest12|quest13] DelayBoot=00:00:00
   OverSubscribe=OK Contiguous=0 Licenses=(null) Network=(null)
   Command=/gpfs/home/tbr0780/Dissertation/Integrated_Likelihood_Algorithm/Polytomous_Logistic_Regression/scripts/experiment_sim.sh
   WorkDir=/gpfs/home/tbr0780/Dissertation/Integrated_Likelihood_Algorithm/Polytomous_Logistic_Regression
   StdErr=/dev/null
   StdIn=/dev/null
   StdOut=/dev/null
   MailUser=timothyruel2024@u.northwestern.edu MailType=INVALID_DEPEND,BEGIN,END,FAIL,REQUEUE,STAGE_OUT
   
--------------------------------------------------------------------------------
JOB EFFICIENCY 
--------------------------------------------------------------------------------
Job efficiency will be calculated after the job has completed.
===== checkjob (interval) at Thu Jun 12 20:51:23 CDT 2025 =====
--------------------------------------------------------------------------------
JOB INFORMATION 
--------------------------------------------------------------------------------
JobId=5520973 ArrayJobId=5519625 ArrayTaskId=228 JobName=experiment_sim
   UserId=tbr0780(3229) GroupId=tbr0780(4023) MCS_label=N/A
   Priority=21625 Nice=0 Account=p32397 QOS=normal
   JobState=RUNNING Reason=None Dependency=(null)
   Requeue=0 Restarts=0 BatchFlag=1 Reboot=0 ExitCode=0:0
   RunTime=00:09:16 TimeLimit=02:00:00 TimeMin=N/A
   SubmitTime=2025-06-12T19:56:30 EligibleTime=2025-06-12T19:56:31
   AccrueTime=2025-06-12T19:56:31
   StartTime=2025-06-12T20:42:07 EndTime=2025-06-12T22:42:07 Deadline=N/A
   SuspendTime=None SecsPreSuspend=0 LastSchedEval=2025-06-12T20:42:07 Scheduler=Main
   Partition=short AllocNode:Sid=quser43:3646922
   ReqNodeList=(null) ExcNodeList=(null)
   NodeList=qnode3019
   BatchHost=qnode3019
   NumNodes=1 NumCPUs=64 NumTasks=64 CPUs/Task=1 ReqB:S:C:T=0:0:*:*
   ReqTRES=cpu=64,mem=32000M,node=1,billing=288
   AllocTRES=cpu=64,mem=32000M,node=1,billing=288
   Socks/Node=* NtasksPerN:B:S:C=64:0:*:* CoreSpec=*
   MinCPUsNode=64 MinMemoryCPU=500M MinTmpDiskNode=0
   Features=[quest10|quest11|quest12|quest13] DelayBoot=00:00:00
   OverSubscribe=OK Contiguous=0 Licenses=(null) Network=(null)
   Command=/gpfs/home/tbr0780/Dissertation/Integrated_Likelihood_Algorithm/Polytomous_Logistic_Regression/scripts/experiment_sim.sh
   WorkDir=/gpfs/home/tbr0780/Dissertation/Integrated_Likelihood_Algorithm/Polytomous_Logistic_Regression
   StdErr=/dev/null
   StdIn=/dev/null
   StdOut=/dev/null
   MailUser=timothyruel2024@u.northwestern.edu MailType=INVALID_DEPEND,BEGIN,END,FAIL,REQUEUE,STAGE_OUT
   
--------------------------------------------------------------------------------
JOB EFFICIENCY 
--------------------------------------------------------------------------------
Job efficiency will be calculated after the job has completed.
===== checkjob (interval) at Thu Jun 12 20:51:54 CDT 2025 =====
--------------------------------------------------------------------------------
JOB INFORMATION 
--------------------------------------------------------------------------------
JobId=5520973 ArrayJobId=5519625 ArrayTaskId=228 JobName=experiment_sim
   UserId=tbr0780(3229) GroupId=tbr0780(4023) MCS_label=N/A
   Priority=21625 Nice=0 Account=p32397 QOS=normal
   JobState=RUNNING Reason=None Dependency=(null)
   Requeue=0 Restarts=0 BatchFlag=1 Reboot=0 ExitCode=0:0
   RunTime=00:09:48 TimeLimit=02:00:00 TimeMin=N/A
   SubmitTime=2025-06-12T19:56:30 EligibleTime=2025-06-12T19:56:31
   AccrueTime=2025-06-12T19:56:31
   StartTime=2025-06-12T20:42:07 EndTime=2025-06-12T22:42:07 Deadline=N/A
   SuspendTime=None SecsPreSuspend=0 LastSchedEval=2025-06-12T20:42:07 Scheduler=Main
   Partition=short AllocNode:Sid=quser43:3646922
   ReqNodeList=(null) ExcNodeList=(null)
   NodeList=qnode3019
   BatchHost=qnode3019
   NumNodes=1 NumCPUs=64 NumTasks=64 CPUs/Task=1 ReqB:S:C:T=0:0:*:*
   ReqTRES=cpu=64,mem=32000M,node=1,billing=288
   AllocTRES=cpu=64,mem=32000M,node=1,billing=288
   Socks/Node=* NtasksPerN:B:S:C=64:0:*:* CoreSpec=*
   MinCPUsNode=64 MinMemoryCPU=500M MinTmpDiskNode=0
   Features=[quest10|quest11|quest12|quest13] DelayBoot=00:00:00
   OverSubscribe=OK Contiguous=0 Licenses=(null) Network=(null)
   Command=/gpfs/home/tbr0780/Dissertation/Integrated_Likelihood_Algorithm/Polytomous_Logistic_Regression/scripts/experiment_sim.sh
   WorkDir=/gpfs/home/tbr0780/Dissertation/Integrated_Likelihood_Algorithm/Polytomous_Logistic_Regression
   StdErr=/dev/null
   StdIn=/dev/null
   StdOut=/dev/null
   MailUser=timothyruel2024@u.northwestern.edu MailType=INVALID_DEPEND,BEGIN,END,FAIL,REQUEUE,STAGE_OUT
   
--------------------------------------------------------------------------------
JOB EFFICIENCY 
--------------------------------------------------------------------------------
Job efficiency will be calculated after the job has completed.
===== checkjob (interval) at Thu Jun 12 20:52:28 CDT 2025 =====
--------------------------------------------------------------------------------
JOB INFORMATION 
--------------------------------------------------------------------------------
JobId=5520973 ArrayJobId=5519625 ArrayTaskId=228 JobName=experiment_sim
   UserId=tbr0780(3229) GroupId=tbr0780(4023) MCS_label=N/A
   Priority=21625 Nice=0 Account=p32397 QOS=normal
   JobState=RUNNING Reason=None Dependency=(null)
   Requeue=0 Restarts=0 BatchFlag=1 Reboot=0 ExitCode=0:0
   RunTime=00:10:21 TimeLimit=02:00:00 TimeMin=N/A
   SubmitTime=2025-06-12T19:56:30 EligibleTime=2025-06-12T19:56:31
   AccrueTime=2025-06-12T19:56:31
   StartTime=2025-06-12T20:42:07 EndTime=2025-06-12T22:42:07 Deadline=N/A
   SuspendTime=None SecsPreSuspend=0 LastSchedEval=2025-06-12T20:42:07 Scheduler=Main
   Partition=short AllocNode:Sid=quser43:3646922
   ReqNodeList=(null) ExcNodeList=(null)
   NodeList=qnode3019
   BatchHost=qnode3019
   NumNodes=1 NumCPUs=64 NumTasks=64 CPUs/Task=1 ReqB:S:C:T=0:0:*:*
   ReqTRES=cpu=64,mem=32000M,node=1,billing=288
   AllocTRES=cpu=64,mem=32000M,node=1,billing=288
   Socks/Node=* NtasksPerN:B:S:C=64:0:*:* CoreSpec=*
   MinCPUsNode=64 MinMemoryCPU=500M MinTmpDiskNode=0
   Features=[quest10|quest11|quest12|quest13] DelayBoot=00:00:00
   OverSubscribe=OK Contiguous=0 Licenses=(null) Network=(null)
   Command=/gpfs/home/tbr0780/Dissertation/Integrated_Likelihood_Algorithm/Polytomous_Logistic_Regression/scripts/experiment_sim.sh
   WorkDir=/gpfs/home/tbr0780/Dissertation/Integrated_Likelihood_Algorithm/Polytomous_Logistic_Regression
   StdErr=/dev/null
   StdIn=/dev/null
   StdOut=/dev/null
   MailUser=timothyruel2024@u.northwestern.edu MailType=INVALID_DEPEND,BEGIN,END,FAIL,REQUEUE,STAGE_OUT
   
--------------------------------------------------------------------------------
JOB EFFICIENCY 
--------------------------------------------------------------------------------
Job efficiency will be calculated after the job has completed.
===== checkjob (interval) at Thu Jun 12 20:53:03 CDT 2025 =====
--------------------------------------------------------------------------------
JOB INFORMATION 
--------------------------------------------------------------------------------
JobId=5520973 ArrayJobId=5519625 ArrayTaskId=228 JobName=experiment_sim
   UserId=tbr0780(3229) GroupId=tbr0780(4023) MCS_label=N/A
   Priority=21625 Nice=0 Account=p32397 QOS=normal
   JobState=RUNNING Reason=None Dependency=(null)
   Requeue=0 Restarts=0 BatchFlag=1 Reboot=0 ExitCode=0:0
   RunTime=00:10:56 TimeLimit=02:00:00 TimeMin=N/A
   SubmitTime=2025-06-12T19:56:30 EligibleTime=2025-06-12T19:56:31
   AccrueTime=2025-06-12T19:56:31
   StartTime=2025-06-12T20:42:07 EndTime=2025-06-12T22:42:07 Deadline=N/A
   SuspendTime=None SecsPreSuspend=0 LastSchedEval=2025-06-12T20:42:07 Scheduler=Main
   Partition=short AllocNode:Sid=quser43:3646922
   ReqNodeList=(null) ExcNodeList=(null)
   NodeList=qnode3019
   BatchHost=qnode3019
   NumNodes=1 NumCPUs=64 NumTasks=64 CPUs/Task=1 ReqB:S:C:T=0:0:*:*
   ReqTRES=cpu=64,mem=32000M,node=1,billing=288
   AllocTRES=cpu=64,mem=32000M,node=1,billing=288
   Socks/Node=* NtasksPerN:B:S:C=64:0:*:* CoreSpec=*
   MinCPUsNode=64 MinMemoryCPU=500M MinTmpDiskNode=0
   Features=[quest10|quest11|quest12|quest13] DelayBoot=00:00:00
   OverSubscribe=OK Contiguous=0 Licenses=(null) Network=(null)
   Command=/gpfs/home/tbr0780/Dissertation/Integrated_Likelihood_Algorithm/Polytomous_Logistic_Regression/scripts/experiment_sim.sh
   WorkDir=/gpfs/home/tbr0780/Dissertation/Integrated_Likelihood_Algorithm/Polytomous_Logistic_Regression
   StdErr=/dev/null
   StdIn=/dev/null
   StdOut=/dev/null
   MailUser=timothyruel2024@u.northwestern.edu MailType=INVALID_DEPEND,BEGIN,END,FAIL,REQUEUE,STAGE_OUT
   
--------------------------------------------------------------------------------
JOB EFFICIENCY 
--------------------------------------------------------------------------------
Job efficiency will be calculated after the job has completed.
===== checkjob (interval) at Thu Jun 12 20:53:34 CDT 2025 =====
--------------------------------------------------------------------------------
JOB INFORMATION 
--------------------------------------------------------------------------------
JobId=5520973 ArrayJobId=5519625 ArrayTaskId=228 JobName=experiment_sim
   UserId=tbr0780(3229) GroupId=tbr0780(4023) MCS_label=N/A
   Priority=21625 Nice=0 Account=p32397 QOS=normal
   JobState=RUNNING Reason=None Dependency=(null)
   Requeue=0 Restarts=0 BatchFlag=1 Reboot=0 ExitCode=0:0
   RunTime=00:11:28 TimeLimit=02:00:00 TimeMin=N/A
   SubmitTime=2025-06-12T19:56:30 EligibleTime=2025-06-12T19:56:31
   AccrueTime=2025-06-12T19:56:31
   StartTime=2025-06-12T20:42:07 EndTime=2025-06-12T22:42:07 Deadline=N/A
   SuspendTime=None SecsPreSuspend=0 LastSchedEval=2025-06-12T20:42:07 Scheduler=Main
   Partition=short AllocNode:Sid=quser43:3646922
   ReqNodeList=(null) ExcNodeList=(null)
   NodeList=qnode3019
   BatchHost=qnode3019
   NumNodes=1 NumCPUs=64 NumTasks=64 CPUs/Task=1 ReqB:S:C:T=0:0:*:*
   ReqTRES=cpu=64,mem=32000M,node=1,billing=288
   AllocTRES=cpu=64,mem=32000M,node=1,billing=288
   Socks/Node=* NtasksPerN:B:S:C=64:0:*:* CoreSpec=*
   MinCPUsNode=64 MinMemoryCPU=500M MinTmpDiskNode=0
   Features=[quest10|quest11|quest12|quest13] DelayBoot=00:00:00
   OverSubscribe=OK Contiguous=0 Licenses=(null) Network=(null)
   Command=/gpfs/home/tbr0780/Dissertation/Integrated_Likelihood_Algorithm/Polytomous_Logistic_Regression/scripts/experiment_sim.sh
   WorkDir=/gpfs/home/tbr0780/Dissertation/Integrated_Likelihood_Algorithm/Polytomous_Logistic_Regression
   StdErr=/dev/null
   StdIn=/dev/null
   StdOut=/dev/null
   MailUser=timothyruel2024@u.northwestern.edu MailType=INVALID_DEPEND,BEGIN,END,FAIL,REQUEUE,STAGE_OUT
   
--------------------------------------------------------------------------------
JOB EFFICIENCY 
--------------------------------------------------------------------------------
Job efficiency will be calculated after the job has completed.
===== checkjob (interval) at Thu Jun 12 20:54:09 CDT 2025 =====
--------------------------------------------------------------------------------
JOB INFORMATION 
--------------------------------------------------------------------------------
JobId=5520973 ArrayJobId=5519625 ArrayTaskId=228 JobName=experiment_sim
   UserId=tbr0780(3229) GroupId=tbr0780(4023) MCS_label=N/A
   Priority=21625 Nice=0 Account=p32397 QOS=normal
   JobState=RUNNING Reason=None Dependency=(null)
   Requeue=0 Restarts=0 BatchFlag=1 Reboot=0 ExitCode=0:0
   RunTime=00:12:03 TimeLimit=02:00:00 TimeMin=N/A
   SubmitTime=2025-06-12T19:56:30 EligibleTime=2025-06-12T19:56:31
   AccrueTime=2025-06-12T19:56:31
   StartTime=2025-06-12T20:42:07 EndTime=2025-06-12T22:42:07 Deadline=N/A
   SuspendTime=None SecsPreSuspend=0 LastSchedEval=2025-06-12T20:42:07 Scheduler=Main
   Partition=short AllocNode:Sid=quser43:3646922
   ReqNodeList=(null) ExcNodeList=(null)
   NodeList=qnode3019
   BatchHost=qnode3019
   NumNodes=1 NumCPUs=64 NumTasks=64 CPUs/Task=1 ReqB:S:C:T=0:0:*:*
   ReqTRES=cpu=64,mem=32000M,node=1,billing=288
   AllocTRES=cpu=64,mem=32000M,node=1,billing=288
   Socks/Node=* NtasksPerN:B:S:C=64:0:*:* CoreSpec=*
   MinCPUsNode=64 MinMemoryCPU=500M MinTmpDiskNode=0
   Features=[quest10|quest11|quest12|quest13] DelayBoot=00:00:00
   OverSubscribe=OK Contiguous=0 Licenses=(null) Network=(null)
   Command=/gpfs/home/tbr0780/Dissertation/Integrated_Likelihood_Algorithm/Polytomous_Logistic_Regression/scripts/experiment_sim.sh
   WorkDir=/gpfs/home/tbr0780/Dissertation/Integrated_Likelihood_Algorithm/Polytomous_Logistic_Regression
   StdErr=/dev/null
   StdIn=/dev/null
   StdOut=/dev/null
   MailUser=timothyruel2024@u.northwestern.edu MailType=INVALID_DEPEND,BEGIN,END,FAIL,REQUEUE,STAGE_OUT
   
--------------------------------------------------------------------------------
JOB EFFICIENCY 
--------------------------------------------------------------------------------
Job efficiency will be calculated after the job has completed.
===== checkjob (interval) at Thu Jun 12 20:54:45 CDT 2025 =====
--------------------------------------------------------------------------------
JOB INFORMATION 
--------------------------------------------------------------------------------
JobId=5520973 ArrayJobId=5519625 ArrayTaskId=228 JobName=experiment_sim
   UserId=tbr0780(3229) GroupId=tbr0780(4023) MCS_label=N/A
   Priority=21625 Nice=0 Account=p32397 QOS=normal
   JobState=RUNNING Reason=None Dependency=(null)
   Requeue=0 Restarts=0 BatchFlag=1 Reboot=0 ExitCode=0:0
   RunTime=00:12:38 TimeLimit=02:00:00 TimeMin=N/A
   SubmitTime=2025-06-12T19:56:30 EligibleTime=2025-06-12T19:56:31
   AccrueTime=2025-06-12T19:56:31
   StartTime=2025-06-12T20:42:07 EndTime=2025-06-12T22:42:07 Deadline=N/A
   SuspendTime=None SecsPreSuspend=0 LastSchedEval=2025-06-12T20:42:07 Scheduler=Main
   Partition=short AllocNode:Sid=quser43:3646922
   ReqNodeList=(null) ExcNodeList=(null)
   NodeList=qnode3019
   BatchHost=qnode3019
   NumNodes=1 NumCPUs=64 NumTasks=64 CPUs/Task=1 ReqB:S:C:T=0:0:*:*
   ReqTRES=cpu=64,mem=32000M,node=1,billing=288
   AllocTRES=cpu=64,mem=32000M,node=1,billing=288
   Socks/Node=* NtasksPerN:B:S:C=64:0:*:* CoreSpec=*
   MinCPUsNode=64 MinMemoryCPU=500M MinTmpDiskNode=0
   Features=[quest10|quest11|quest12|quest13] DelayBoot=00:00:00
   OverSubscribe=OK Contiguous=0 Licenses=(null) Network=(null)
   Command=/gpfs/home/tbr0780/Dissertation/Integrated_Likelihood_Algorithm/Polytomous_Logistic_Regression/scripts/experiment_sim.sh
   WorkDir=/gpfs/home/tbr0780/Dissertation/Integrated_Likelihood_Algorithm/Polytomous_Logistic_Regression
   StdErr=/dev/null
   StdIn=/dev/null
   StdOut=/dev/null
   MailUser=timothyruel2024@u.northwestern.edu MailType=INVALID_DEPEND,BEGIN,END,FAIL,REQUEUE,STAGE_OUT
   
--------------------------------------------------------------------------------
JOB EFFICIENCY 
--------------------------------------------------------------------------------
Job efficiency will be calculated after the job has completed.
===== checkjob (interval) at Thu Jun 12 20:55:16 CDT 2025 =====
--------------------------------------------------------------------------------
JOB INFORMATION 
--------------------------------------------------------------------------------
JobId=5520973 ArrayJobId=5519625 ArrayTaskId=228 JobName=experiment_sim
   UserId=tbr0780(3229) GroupId=tbr0780(4023) MCS_label=N/A
   Priority=21625 Nice=0 Account=p32397 QOS=normal
   JobState=RUNNING Reason=None Dependency=(null)
   Requeue=0 Restarts=0 BatchFlag=1 Reboot=0 ExitCode=0:0
   RunTime=00:13:09 TimeLimit=02:00:00 TimeMin=N/A
   SubmitTime=2025-06-12T19:56:30 EligibleTime=2025-06-12T19:56:31
   AccrueTime=2025-06-12T19:56:31
   StartTime=2025-06-12T20:42:07 EndTime=2025-06-12T22:42:07 Deadline=N/A
   SuspendTime=None SecsPreSuspend=0 LastSchedEval=2025-06-12T20:42:07 Scheduler=Main
   Partition=short AllocNode:Sid=quser43:3646922
   ReqNodeList=(null) ExcNodeList=(null)
   NodeList=qnode3019
   BatchHost=qnode3019
   NumNodes=1 NumCPUs=64 NumTasks=64 CPUs/Task=1 ReqB:S:C:T=0:0:*:*
   ReqTRES=cpu=64,mem=32000M,node=1,billing=288
   AllocTRES=cpu=64,mem=32000M,node=1,billing=288
   Socks/Node=* NtasksPerN:B:S:C=64:0:*:* CoreSpec=*
   MinCPUsNode=64 MinMemoryCPU=500M MinTmpDiskNode=0
   Features=[quest10|quest11|quest12|quest13] DelayBoot=00:00:00
   OverSubscribe=OK Contiguous=0 Licenses=(null) Network=(null)
   Command=/gpfs/home/tbr0780/Dissertation/Integrated_Likelihood_Algorithm/Polytomous_Logistic_Regression/scripts/experiment_sim.sh
   WorkDir=/gpfs/home/tbr0780/Dissertation/Integrated_Likelihood_Algorithm/Polytomous_Logistic_Regression
   StdErr=/dev/null
   StdIn=/dev/null
   StdOut=/dev/null
   MailUser=timothyruel2024@u.northwestern.edu MailType=INVALID_DEPEND,BEGIN,END,FAIL,REQUEUE,STAGE_OUT
   
--------------------------------------------------------------------------------
JOB EFFICIENCY 
--------------------------------------------------------------------------------
Job efficiency will be calculated after the job has completed.
===== checkjob (interval) at Thu Jun 12 20:55:49 CDT 2025 =====
--------------------------------------------------------------------------------
JOB INFORMATION 
--------------------------------------------------------------------------------
JobId=5520973 ArrayJobId=5519625 ArrayTaskId=228 JobName=experiment_sim
   UserId=tbr0780(3229) GroupId=tbr0780(4023) MCS_label=N/A
   Priority=21625 Nice=0 Account=p32397 QOS=normal
   JobState=RUNNING Reason=None Dependency=(null)
   Requeue=0 Restarts=0 BatchFlag=1 Reboot=0 ExitCode=0:0
   RunTime=00:13:42 TimeLimit=02:00:00 TimeMin=N/A
   SubmitTime=2025-06-12T19:56:30 EligibleTime=2025-06-12T19:56:31
   AccrueTime=2025-06-12T19:56:31
   StartTime=2025-06-12T20:42:07 EndTime=2025-06-12T22:42:07 Deadline=N/A
   SuspendTime=None SecsPreSuspend=0 LastSchedEval=2025-06-12T20:42:07 Scheduler=Main
   Partition=short AllocNode:Sid=quser43:3646922
   ReqNodeList=(null) ExcNodeList=(null)
   NodeList=qnode3019
   BatchHost=qnode3019
   NumNodes=1 NumCPUs=64 NumTasks=64 CPUs/Task=1 ReqB:S:C:T=0:0:*:*
   ReqTRES=cpu=64,mem=32000M,node=1,billing=288
   AllocTRES=cpu=64,mem=32000M,node=1,billing=288
   Socks/Node=* NtasksPerN:B:S:C=64:0:*:* CoreSpec=*
   MinCPUsNode=64 MinMemoryCPU=500M MinTmpDiskNode=0
   Features=[quest10|quest11|quest12|quest13] DelayBoot=00:00:00
   OverSubscribe=OK Contiguous=0 Licenses=(null) Network=(null)
   Command=/gpfs/home/tbr0780/Dissertation/Integrated_Likelihood_Algorithm/Polytomous_Logistic_Regression/scripts/experiment_sim.sh
   WorkDir=/gpfs/home/tbr0780/Dissertation/Integrated_Likelihood_Algorithm/Polytomous_Logistic_Regression
   StdErr=/dev/null
   StdIn=/dev/null
   StdOut=/dev/null
   MailUser=timothyruel2024@u.northwestern.edu MailType=INVALID_DEPEND,BEGIN,END,FAIL,REQUEUE,STAGE_OUT
   
--------------------------------------------------------------------------------
JOB EFFICIENCY 
--------------------------------------------------------------------------------
Job efficiency will be calculated after the job has completed.
===== checkjob (interval) at Thu Jun 12 20:56:24 CDT 2025 =====
--------------------------------------------------------------------------------
JOB INFORMATION 
--------------------------------------------------------------------------------
JobId=5520973 ArrayJobId=5519625 ArrayTaskId=228 JobName=experiment_sim
   UserId=tbr0780(3229) GroupId=tbr0780(4023) MCS_label=N/A
   Priority=21625 Nice=0 Account=p32397 QOS=normal
   JobState=RUNNING Reason=None Dependency=(null)
   Requeue=0 Restarts=0 BatchFlag=1 Reboot=0 ExitCode=0:0
   RunTime=00:14:17 TimeLimit=02:00:00 TimeMin=N/A
   SubmitTime=2025-06-12T19:56:30 EligibleTime=2025-06-12T19:56:31
   AccrueTime=2025-06-12T19:56:31
   StartTime=2025-06-12T20:42:07 EndTime=2025-06-12T22:42:07 Deadline=N/A
   SuspendTime=None SecsPreSuspend=0 LastSchedEval=2025-06-12T20:42:07 Scheduler=Main
   Partition=short AllocNode:Sid=quser43:3646922
   ReqNodeList=(null) ExcNodeList=(null)
   NodeList=qnode3019
   BatchHost=qnode3019
   NumNodes=1 NumCPUs=64 NumTasks=64 CPUs/Task=1 ReqB:S:C:T=0:0:*:*
   ReqTRES=cpu=64,mem=32000M,node=1,billing=288
   AllocTRES=cpu=64,mem=32000M,node=1,billing=288
   Socks/Node=* NtasksPerN:B:S:C=64:0:*:* CoreSpec=*
   MinCPUsNode=64 MinMemoryCPU=500M MinTmpDiskNode=0
   Features=[quest10|quest11|quest12|quest13] DelayBoot=00:00:00
   OverSubscribe=OK Contiguous=0 Licenses=(null) Network=(null)
   Command=/gpfs/home/tbr0780/Dissertation/Integrated_Likelihood_Algorithm/Polytomous_Logistic_Regression/scripts/experiment_sim.sh
   WorkDir=/gpfs/home/tbr0780/Dissertation/Integrated_Likelihood_Algorithm/Polytomous_Logistic_Regression
   StdErr=/dev/null
   StdIn=/dev/null
   StdOut=/dev/null
   MailUser=timothyruel2024@u.northwestern.edu MailType=INVALID_DEPEND,BEGIN,END,FAIL,REQUEUE,STAGE_OUT
   
--------------------------------------------------------------------------------
JOB EFFICIENCY 
--------------------------------------------------------------------------------
Job efficiency will be calculated after the job has completed.
===== checkjob (interval) at Thu Jun 12 20:56:55 CDT 2025 =====
--------------------------------------------------------------------------------
JOB INFORMATION 
--------------------------------------------------------------------------------
JobId=5520973 ArrayJobId=5519625 ArrayTaskId=228 JobName=experiment_sim
   UserId=tbr0780(3229) GroupId=tbr0780(4023) MCS_label=N/A
   Priority=21625 Nice=0 Account=p32397 QOS=normal
   JobState=RUNNING Reason=None Dependency=(null)
   Requeue=0 Restarts=0 BatchFlag=1 Reboot=0 ExitCode=0:0
   RunTime=00:14:48 TimeLimit=02:00:00 TimeMin=N/A
   SubmitTime=2025-06-12T19:56:30 EligibleTime=2025-06-12T19:56:31
   AccrueTime=2025-06-12T19:56:31
   StartTime=2025-06-12T20:42:07 EndTime=2025-06-12T22:42:07 Deadline=N/A
   SuspendTime=None SecsPreSuspend=0 LastSchedEval=2025-06-12T20:42:07 Scheduler=Main
   Partition=short AllocNode:Sid=quser43:3646922
   ReqNodeList=(null) ExcNodeList=(null)
   NodeList=qnode3019
   BatchHost=qnode3019
   NumNodes=1 NumCPUs=64 NumTasks=64 CPUs/Task=1 ReqB:S:C:T=0:0:*:*
   ReqTRES=cpu=64,mem=32000M,node=1,billing=288
   AllocTRES=cpu=64,mem=32000M,node=1,billing=288
   Socks/Node=* NtasksPerN:B:S:C=64:0:*:* CoreSpec=*
   MinCPUsNode=64 MinMemoryCPU=500M MinTmpDiskNode=0
   Features=[quest10|quest11|quest12|quest13] DelayBoot=00:00:00
   OverSubscribe=OK Contiguous=0 Licenses=(null) Network=(null)
   Command=/gpfs/home/tbr0780/Dissertation/Integrated_Likelihood_Algorithm/Polytomous_Logistic_Regression/scripts/experiment_sim.sh
   WorkDir=/gpfs/home/tbr0780/Dissertation/Integrated_Likelihood_Algorithm/Polytomous_Logistic_Regression
   StdErr=/dev/null
   StdIn=/dev/null
   StdOut=/dev/null
   MailUser=timothyruel2024@u.northwestern.edu MailType=INVALID_DEPEND,BEGIN,END,FAIL,REQUEUE,STAGE_OUT
   
--------------------------------------------------------------------------------
JOB EFFICIENCY 
--------------------------------------------------------------------------------
Job efficiency will be calculated after the job has completed.
===== checkjob (interval) at Thu Jun 12 20:57:30 CDT 2025 =====
--------------------------------------------------------------------------------
JOB INFORMATION 
--------------------------------------------------------------------------------
JobId=5520973 ArrayJobId=5519625 ArrayTaskId=228 JobName=experiment_sim
   UserId=tbr0780(3229) GroupId=tbr0780(4023) MCS_label=N/A
   Priority=21625 Nice=0 Account=p32397 QOS=normal
   JobState=RUNNING Reason=None Dependency=(null)
   Requeue=0 Restarts=0 BatchFlag=1 Reboot=0 ExitCode=0:0
   RunTime=00:15:23 TimeLimit=02:00:00 TimeMin=N/A
   SubmitTime=2025-06-12T19:56:30 EligibleTime=2025-06-12T19:56:31
   AccrueTime=2025-06-12T19:56:31
   StartTime=2025-06-12T20:42:07 EndTime=2025-06-12T22:42:07 Deadline=N/A
   SuspendTime=None SecsPreSuspend=0 LastSchedEval=2025-06-12T20:42:07 Scheduler=Main
   Partition=short AllocNode:Sid=quser43:3646922
   ReqNodeList=(null) ExcNodeList=(null)
   NodeList=qnode3019
   BatchHost=qnode3019
   NumNodes=1 NumCPUs=64 NumTasks=64 CPUs/Task=1 ReqB:S:C:T=0:0:*:*
   ReqTRES=cpu=64,mem=32000M,node=1,billing=288
   AllocTRES=cpu=64,mem=32000M,node=1,billing=288
   Socks/Node=* NtasksPerN:B:S:C=64:0:*:* CoreSpec=*
   MinCPUsNode=64 MinMemoryCPU=500M MinTmpDiskNode=0
   Features=[quest10|quest11|quest12|quest13] DelayBoot=00:00:00
   OverSubscribe=OK Contiguous=0 Licenses=(null) Network=(null)
   Command=/gpfs/home/tbr0780/Dissertation/Integrated_Likelihood_Algorithm/Polytomous_Logistic_Regression/scripts/experiment_sim.sh
   WorkDir=/gpfs/home/tbr0780/Dissertation/Integrated_Likelihood_Algorithm/Polytomous_Logistic_Regression
   StdErr=/dev/null
   StdIn=/dev/null
   StdOut=/dev/null
   MailUser=timothyruel2024@u.northwestern.edu MailType=INVALID_DEPEND,BEGIN,END,FAIL,REQUEUE,STAGE_OUT
   
--------------------------------------------------------------------------------
JOB EFFICIENCY 
--------------------------------------------------------------------------------
Job efficiency will be calculated after the job has completed.
===== checkjob (interval) at Thu Jun 12 20:58:02 CDT 2025 =====
--------------------------------------------------------------------------------
JOB INFORMATION 
--------------------------------------------------------------------------------
JobId=5520973 ArrayJobId=5519625 ArrayTaskId=228 JobName=experiment_sim
   UserId=tbr0780(3229) GroupId=tbr0780(4023) MCS_label=N/A
   Priority=21625 Nice=0 Account=p32397 QOS=normal
   JobState=RUNNING Reason=None Dependency=(null)
   Requeue=0 Restarts=0 BatchFlag=1 Reboot=0 ExitCode=0:0
   RunTime=00:15:55 TimeLimit=02:00:00 TimeMin=N/A
   SubmitTime=2025-06-12T19:56:30 EligibleTime=2025-06-12T19:56:31
   AccrueTime=2025-06-12T19:56:31
   StartTime=2025-06-12T20:42:07 EndTime=2025-06-12T22:42:07 Deadline=N/A
   SuspendTime=None SecsPreSuspend=0 LastSchedEval=2025-06-12T20:42:07 Scheduler=Main
   Partition=short AllocNode:Sid=quser43:3646922
   ReqNodeList=(null) ExcNodeList=(null)
   NodeList=qnode3019
   BatchHost=qnode3019
   NumNodes=1 NumCPUs=64 NumTasks=64 CPUs/Task=1 ReqB:S:C:T=0:0:*:*
   ReqTRES=cpu=64,mem=32000M,node=1,billing=288
   AllocTRES=cpu=64,mem=32000M,node=1,billing=288
   Socks/Node=* NtasksPerN:B:S:C=64:0:*:* CoreSpec=*
   MinCPUsNode=64 MinMemoryCPU=500M MinTmpDiskNode=0
   Features=[quest10|quest11|quest12|quest13] DelayBoot=00:00:00
   OverSubscribe=OK Contiguous=0 Licenses=(null) Network=(null)
   Command=/gpfs/home/tbr0780/Dissertation/Integrated_Likelihood_Algorithm/Polytomous_Logistic_Regression/scripts/experiment_sim.sh
   WorkDir=/gpfs/home/tbr0780/Dissertation/Integrated_Likelihood_Algorithm/Polytomous_Logistic_Regression
   StdErr=/dev/null
   StdIn=/dev/null
   StdOut=/dev/null
   MailUser=timothyruel2024@u.northwestern.edu MailType=INVALID_DEPEND,BEGIN,END,FAIL,REQUEUE,STAGE_OUT
   
--------------------------------------------------------------------------------
JOB EFFICIENCY 
--------------------------------------------------------------------------------
Job efficiency will be calculated after the job has completed.
===== checkjob (interval) at Thu Jun 12 20:58:33 CDT 2025 =====
--------------------------------------------------------------------------------
JOB INFORMATION 
--------------------------------------------------------------------------------
JobId=5520973 ArrayJobId=5519625 ArrayTaskId=228 JobName=experiment_sim
   UserId=tbr0780(3229) GroupId=tbr0780(4023) MCS_label=N/A
   Priority=21625 Nice=0 Account=p32397 QOS=normal
   JobState=RUNNING Reason=None Dependency=(null)
   Requeue=0 Restarts=0 BatchFlag=1 Reboot=0 ExitCode=0:0
   RunTime=00:16:27 TimeLimit=02:00:00 TimeMin=N/A
   SubmitTime=2025-06-12T19:56:30 EligibleTime=2025-06-12T19:56:31
   AccrueTime=2025-06-12T19:56:31
   StartTime=2025-06-12T20:42:07 EndTime=2025-06-12T22:42:07 Deadline=N/A
   SuspendTime=None SecsPreSuspend=0 LastSchedEval=2025-06-12T20:42:07 Scheduler=Main
   Partition=short AllocNode:Sid=quser43:3646922
   ReqNodeList=(null) ExcNodeList=(null)
   NodeList=qnode3019
   BatchHost=qnode3019
   NumNodes=1 NumCPUs=64 NumTasks=64 CPUs/Task=1 ReqB:S:C:T=0:0:*:*
   ReqTRES=cpu=64,mem=32000M,node=1,billing=288
   AllocTRES=cpu=64,mem=32000M,node=1,billing=288
   Socks/Node=* NtasksPerN:B:S:C=64:0:*:* CoreSpec=*
   MinCPUsNode=64 MinMemoryCPU=500M MinTmpDiskNode=0
   Features=[quest10|quest11|quest12|quest13] DelayBoot=00:00:00
   OverSubscribe=OK Contiguous=0 Licenses=(null) Network=(null)
   Command=/gpfs/home/tbr0780/Dissertation/Integrated_Likelihood_Algorithm/Polytomous_Logistic_Regression/scripts/experiment_sim.sh
   WorkDir=/gpfs/home/tbr0780/Dissertation/Integrated_Likelihood_Algorithm/Polytomous_Logistic_Regression
   StdErr=/dev/null
   StdIn=/dev/null
   StdOut=/dev/null
   MailUser=timothyruel2024@u.northwestern.edu MailType=INVALID_DEPEND,BEGIN,END,FAIL,REQUEUE,STAGE_OUT
   
--------------------------------------------------------------------------------
JOB EFFICIENCY 
--------------------------------------------------------------------------------
Job efficiency will be calculated after the job has completed.
===== checkjob (interval) at Thu Jun 12 20:59:05 CDT 2025 =====
--------------------------------------------------------------------------------
JOB INFORMATION 
--------------------------------------------------------------------------------
JobId=5520973 ArrayJobId=5519625 ArrayTaskId=228 JobName=experiment_sim
   UserId=tbr0780(3229) GroupId=tbr0780(4023) MCS_label=N/A
   Priority=21625 Nice=0 Account=p32397 QOS=normal
   JobState=RUNNING Reason=None Dependency=(null)
   Requeue=0 Restarts=0 BatchFlag=1 Reboot=0 ExitCode=0:0
   RunTime=00:17:00 TimeLimit=02:00:00 TimeMin=N/A
   SubmitTime=2025-06-12T19:56:30 EligibleTime=2025-06-12T19:56:31
   AccrueTime=2025-06-12T19:56:31
   StartTime=2025-06-12T20:42:07 EndTime=2025-06-12T22:42:07 Deadline=N/A
   SuspendTime=None SecsPreSuspend=0 LastSchedEval=2025-06-12T20:42:07 Scheduler=Main
   Partition=short AllocNode:Sid=quser43:3646922
   ReqNodeList=(null) ExcNodeList=(null)
   NodeList=qnode3019
   BatchHost=qnode3019
   NumNodes=1 NumCPUs=64 NumTasks=64 CPUs/Task=1 ReqB:S:C:T=0:0:*:*
   ReqTRES=cpu=64,mem=32000M,node=1,billing=288
   AllocTRES=cpu=64,mem=32000M,node=1,billing=288
   Socks/Node=* NtasksPerN:B:S:C=64:0:*:* CoreSpec=*
   MinCPUsNode=64 MinMemoryCPU=500M MinTmpDiskNode=0
   Features=[quest10|quest11|quest12|quest13] DelayBoot=00:00:00
   OverSubscribe=OK Contiguous=0 Licenses=(null) Network=(null)
   Command=/gpfs/home/tbr0780/Dissertation/Integrated_Likelihood_Algorithm/Polytomous_Logistic_Regression/scripts/experiment_sim.sh
   WorkDir=/gpfs/home/tbr0780/Dissertation/Integrated_Likelihood_Algorithm/Polytomous_Logistic_Regression
   StdErr=/dev/null
   StdIn=/dev/null
   StdOut=/dev/null
   MailUser=timothyruel2024@u.northwestern.edu MailType=INVALID_DEPEND,BEGIN,END,FAIL,REQUEUE,STAGE_OUT
   
--------------------------------------------------------------------------------
JOB EFFICIENCY 
--------------------------------------------------------------------------------
Job efficiency will be calculated after the job has completed.
===== checkjob (interval) at Thu Jun 12 20:59:37 CDT 2025 =====
--------------------------------------------------------------------------------
JOB INFORMATION 
--------------------------------------------------------------------------------
JobId=5520973 ArrayJobId=5519625 ArrayTaskId=228 JobName=experiment_sim
   UserId=tbr0780(3229) GroupId=tbr0780(4023) MCS_label=N/A
   Priority=21625 Nice=0 Account=p32397 QOS=normal
   JobState=RUNNING Reason=None Dependency=(null)
   Requeue=0 Restarts=0 BatchFlag=1 Reboot=0 ExitCode=0:0
   RunTime=00:17:30 TimeLimit=02:00:00 TimeMin=N/A
   SubmitTime=2025-06-12T19:56:30 EligibleTime=2025-06-12T19:56:31
   AccrueTime=2025-06-12T19:56:31
   StartTime=2025-06-12T20:42:07 EndTime=2025-06-12T22:42:07 Deadline=N/A
   SuspendTime=None SecsPreSuspend=0 LastSchedEval=2025-06-12T20:42:07 Scheduler=Main
   Partition=short AllocNode:Sid=quser43:3646922
   ReqNodeList=(null) ExcNodeList=(null)
   NodeList=qnode3019
   BatchHost=qnode3019
   NumNodes=1 NumCPUs=64 NumTasks=64 CPUs/Task=1 ReqB:S:C:T=0:0:*:*
   ReqTRES=cpu=64,mem=32000M,node=1,billing=288
   AllocTRES=cpu=64,mem=32000M,node=1,billing=288
   Socks/Node=* NtasksPerN:B:S:C=64:0:*:* CoreSpec=*
   MinCPUsNode=64 MinMemoryCPU=500M MinTmpDiskNode=0
   Features=[quest10|quest11|quest12|quest13] DelayBoot=00:00:00
   OverSubscribe=OK Contiguous=0 Licenses=(null) Network=(null)
   Command=/gpfs/home/tbr0780/Dissertation/Integrated_Likelihood_Algorithm/Polytomous_Logistic_Regression/scripts/experiment_sim.sh
   WorkDir=/gpfs/home/tbr0780/Dissertation/Integrated_Likelihood_Algorithm/Polytomous_Logistic_Regression
   StdErr=/dev/null
   StdIn=/dev/null
   StdOut=/dev/null
   MailUser=timothyruel2024@u.northwestern.edu MailType=INVALID_DEPEND,BEGIN,END,FAIL,REQUEUE,STAGE_OUT
   
--------------------------------------------------------------------------------
JOB EFFICIENCY 
--------------------------------------------------------------------------------
Job efficiency will be calculated after the job has completed.
===== checkjob (interval) at Thu Jun 12 21:00:08 CDT 2025 =====
--------------------------------------------------------------------------------
JOB INFORMATION 
--------------------------------------------------------------------------------
JobId=5520973 ArrayJobId=5519625 ArrayTaskId=228 JobName=experiment_sim
   UserId=tbr0780(3229) GroupId=tbr0780(4023) MCS_label=N/A
   Priority=21625 Nice=0 Account=p32397 QOS=normal
   JobState=RUNNING Reason=None Dependency=(null)
   Requeue=0 Restarts=0 BatchFlag=1 Reboot=0 ExitCode=0:0
   RunTime=00:18:01 TimeLimit=02:00:00 TimeMin=N/A
   SubmitTime=2025-06-12T19:56:30 EligibleTime=2025-06-12T19:56:31
   AccrueTime=2025-06-12T19:56:31
   StartTime=2025-06-12T20:42:07 EndTime=2025-06-12T22:42:07 Deadline=N/A
   SuspendTime=None SecsPreSuspend=0 LastSchedEval=2025-06-12T20:42:07 Scheduler=Main
   Partition=short AllocNode:Sid=quser43:3646922
   ReqNodeList=(null) ExcNodeList=(null)
   NodeList=qnode3019
   BatchHost=qnode3019
   NumNodes=1 NumCPUs=64 NumTasks=64 CPUs/Task=1 ReqB:S:C:T=0:0:*:*
   ReqTRES=cpu=64,mem=32000M,node=1,billing=288
   AllocTRES=cpu=64,mem=32000M,node=1,billing=288
   Socks/Node=* NtasksPerN:B:S:C=64:0:*:* CoreSpec=*
   MinCPUsNode=64 MinMemoryCPU=500M MinTmpDiskNode=0
   Features=[quest10|quest11|quest12|quest13] DelayBoot=00:00:00
   OverSubscribe=OK Contiguous=0 Licenses=(null) Network=(null)
   Command=/gpfs/home/tbr0780/Dissertation/Integrated_Likelihood_Algorithm/Polytomous_Logistic_Regression/scripts/experiment_sim.sh
   WorkDir=/gpfs/home/tbr0780/Dissertation/Integrated_Likelihood_Algorithm/Polytomous_Logistic_Regression
   StdErr=/dev/null
   StdIn=/dev/null
   StdOut=/dev/null
   MailUser=timothyruel2024@u.northwestern.edu MailType=INVALID_DEPEND,BEGIN,END,FAIL,REQUEUE,STAGE_OUT
   
--------------------------------------------------------------------------------
JOB EFFICIENCY 
--------------------------------------------------------------------------------
Job efficiency will be calculated after the job has completed.
===== checkjob (interval) at Thu Jun 12 21:00:38 CDT 2025 =====
--------------------------------------------------------------------------------
JOB INFORMATION 
--------------------------------------------------------------------------------
JobId=5520973 ArrayJobId=5519625 ArrayTaskId=228 JobName=experiment_sim
   UserId=tbr0780(3229) GroupId=tbr0780(4023) MCS_label=N/A
   Priority=21625 Nice=0 Account=p32397 QOS=normal
   JobState=RUNNING Reason=None Dependency=(null)
   Requeue=0 Restarts=0 BatchFlag=1 Reboot=0 ExitCode=0:0
   RunTime=00:18:31 TimeLimit=02:00:00 TimeMin=N/A
   SubmitTime=2025-06-12T19:56:30 EligibleTime=2025-06-12T19:56:31
   AccrueTime=2025-06-12T19:56:31
   StartTime=2025-06-12T20:42:07 EndTime=2025-06-12T22:42:07 Deadline=N/A
   SuspendTime=None SecsPreSuspend=0 LastSchedEval=2025-06-12T20:42:07 Scheduler=Main
   Partition=short AllocNode:Sid=quser43:3646922
   ReqNodeList=(null) ExcNodeList=(null)
   NodeList=qnode3019
   BatchHost=qnode3019
   NumNodes=1 NumCPUs=64 NumTasks=64 CPUs/Task=1 ReqB:S:C:T=0:0:*:*
   ReqTRES=cpu=64,mem=32000M,node=1,billing=288
   AllocTRES=cpu=64,mem=32000M,node=1,billing=288
   Socks/Node=* NtasksPerN:B:S:C=64:0:*:* CoreSpec=*
   MinCPUsNode=64 MinMemoryCPU=500M MinTmpDiskNode=0
   Features=[quest10|quest11|quest12|quest13] DelayBoot=00:00:00
   OverSubscribe=OK Contiguous=0 Licenses=(null) Network=(null)
   Command=/gpfs/home/tbr0780/Dissertation/Integrated_Likelihood_Algorithm/Polytomous_Logistic_Regression/scripts/experiment_sim.sh
   WorkDir=/gpfs/home/tbr0780/Dissertation/Integrated_Likelihood_Algorithm/Polytomous_Logistic_Regression
   StdErr=/dev/null
   StdIn=/dev/null
   StdOut=/dev/null
   MailUser=timothyruel2024@u.northwestern.edu MailType=INVALID_DEPEND,BEGIN,END,FAIL,REQUEUE,STAGE_OUT
   
--------------------------------------------------------------------------------
JOB EFFICIENCY 
--------------------------------------------------------------------------------
Job efficiency will be calculated after the job has completed.
===== checkjob (interval) at Thu Jun 12 21:01:09 CDT 2025 =====
--------------------------------------------------------------------------------
JOB INFORMATION 
--------------------------------------------------------------------------------
JobId=5520973 ArrayJobId=5519625 ArrayTaskId=228 JobName=experiment_sim
   UserId=tbr0780(3229) GroupId=tbr0780(4023) MCS_label=N/A
   Priority=21625 Nice=0 Account=p32397 QOS=normal
   JobState=RUNNING Reason=None Dependency=(null)
   Requeue=0 Restarts=0 BatchFlag=1 Reboot=0 ExitCode=0:0
   RunTime=00:19:02 TimeLimit=02:00:00 TimeMin=N/A
   SubmitTime=2025-06-12T19:56:30 EligibleTime=2025-06-12T19:56:31
   AccrueTime=2025-06-12T19:56:31
   StartTime=2025-06-12T20:42:07 EndTime=2025-06-12T22:42:07 Deadline=N/A
   SuspendTime=None SecsPreSuspend=0 LastSchedEval=2025-06-12T20:42:07 Scheduler=Main
   Partition=short AllocNode:Sid=quser43:3646922
   ReqNodeList=(null) ExcNodeList=(null)
   NodeList=qnode3019
   BatchHost=qnode3019
   NumNodes=1 NumCPUs=64 NumTasks=64 CPUs/Task=1 ReqB:S:C:T=0:0:*:*
   ReqTRES=cpu=64,mem=32000M,node=1,billing=288
   AllocTRES=cpu=64,mem=32000M,node=1,billing=288
   Socks/Node=* NtasksPerN:B:S:C=64:0:*:* CoreSpec=*
   MinCPUsNode=64 MinMemoryCPU=500M MinTmpDiskNode=0
   Features=[quest10|quest11|quest12|quest13] DelayBoot=00:00:00
   OverSubscribe=OK Contiguous=0 Licenses=(null) Network=(null)
   Command=/gpfs/home/tbr0780/Dissertation/Integrated_Likelihood_Algorithm/Polytomous_Logistic_Regression/scripts/experiment_sim.sh
   WorkDir=/gpfs/home/tbr0780/Dissertation/Integrated_Likelihood_Algorithm/Polytomous_Logistic_Regression
   StdErr=/dev/null
   StdIn=/dev/null
   StdOut=/dev/null
   MailUser=timothyruel2024@u.northwestern.edu MailType=INVALID_DEPEND,BEGIN,END,FAIL,REQUEUE,STAGE_OUT
   
--------------------------------------------------------------------------------
JOB EFFICIENCY 
--------------------------------------------------------------------------------
Job efficiency will be calculated after the job has completed.
===== checkjob (interval) at Thu Jun 12 21:01:41 CDT 2025 =====
--------------------------------------------------------------------------------
JOB INFORMATION 
--------------------------------------------------------------------------------
JobId=5520973 ArrayJobId=5519625 ArrayTaskId=228 JobName=experiment_sim
   UserId=tbr0780(3229) GroupId=tbr0780(4023) MCS_label=N/A
   Priority=21625 Nice=0 Account=p32397 QOS=normal
   JobState=RUNNING Reason=None Dependency=(null)
   Requeue=0 Restarts=0 BatchFlag=1 Reboot=0 ExitCode=0:0
   RunTime=00:19:35 TimeLimit=02:00:00 TimeMin=N/A
   SubmitTime=2025-06-12T19:56:30 EligibleTime=2025-06-12T19:56:31
   AccrueTime=2025-06-12T19:56:31
   StartTime=2025-06-12T20:42:07 EndTime=2025-06-12T22:42:07 Deadline=N/A
   SuspendTime=None SecsPreSuspend=0 LastSchedEval=2025-06-12T20:42:07 Scheduler=Main
   Partition=short AllocNode:Sid=quser43:3646922
   ReqNodeList=(null) ExcNodeList=(null)
   NodeList=qnode3019
   BatchHost=qnode3019
   NumNodes=1 NumCPUs=64 NumTasks=64 CPUs/Task=1 ReqB:S:C:T=0:0:*:*
   ReqTRES=cpu=64,mem=32000M,node=1,billing=288
   AllocTRES=cpu=64,mem=32000M,node=1,billing=288
   Socks/Node=* NtasksPerN:B:S:C=64:0:*:* CoreSpec=*
   MinCPUsNode=64 MinMemoryCPU=500M MinTmpDiskNode=0
   Features=[quest10|quest11|quest12|quest13] DelayBoot=00:00:00
   OverSubscribe=OK Contiguous=0 Licenses=(null) Network=(null)
   Command=/gpfs/home/tbr0780/Dissertation/Integrated_Likelihood_Algorithm/Polytomous_Logistic_Regression/scripts/experiment_sim.sh
   WorkDir=/gpfs/home/tbr0780/Dissertation/Integrated_Likelihood_Algorithm/Polytomous_Logistic_Regression
   StdErr=/dev/null
   StdIn=/dev/null
   StdOut=/dev/null
   MailUser=timothyruel2024@u.northwestern.edu MailType=INVALID_DEPEND,BEGIN,END,FAIL,REQUEUE,STAGE_OUT
   
--------------------------------------------------------------------------------
JOB EFFICIENCY 
--------------------------------------------------------------------------------
Job efficiency will be calculated after the job has completed.
===== checkjob (interval) at Thu Jun 12 21:02:12 CDT 2025 =====
--------------------------------------------------------------------------------
JOB INFORMATION 
--------------------------------------------------------------------------------
JobId=5520973 ArrayJobId=5519625 ArrayTaskId=228 JobName=experiment_sim
   UserId=tbr0780(3229) GroupId=tbr0780(4023) MCS_label=N/A
   Priority=21625 Nice=0 Account=p32397 QOS=normal
   JobState=RUNNING Reason=None Dependency=(null)
   Requeue=0 Restarts=0 BatchFlag=1 Reboot=0 ExitCode=0:0
   RunTime=00:20:06 TimeLimit=02:00:00 TimeMin=N/A
   SubmitTime=2025-06-12T19:56:30 EligibleTime=2025-06-12T19:56:31
   AccrueTime=2025-06-12T19:56:31
   StartTime=2025-06-12T20:42:07 EndTime=2025-06-12T22:42:07 Deadline=N/A
   SuspendTime=None SecsPreSuspend=0 LastSchedEval=2025-06-12T20:42:07 Scheduler=Main
   Partition=short AllocNode:Sid=quser43:3646922
   ReqNodeList=(null) ExcNodeList=(null)
   NodeList=qnode3019
   BatchHost=qnode3019
   NumNodes=1 NumCPUs=64 NumTasks=64 CPUs/Task=1 ReqB:S:C:T=0:0:*:*
   ReqTRES=cpu=64,mem=32000M,node=1,billing=288
   AllocTRES=cpu=64,mem=32000M,node=1,billing=288
   Socks/Node=* NtasksPerN:B:S:C=64:0:*:* CoreSpec=*
   MinCPUsNode=64 MinMemoryCPU=500M MinTmpDiskNode=0
   Features=[quest10|quest11|quest12|quest13] DelayBoot=00:00:00
   OverSubscribe=OK Contiguous=0 Licenses=(null) Network=(null)
   Command=/gpfs/home/tbr0780/Dissertation/Integrated_Likelihood_Algorithm/Polytomous_Logistic_Regression/scripts/experiment_sim.sh
   WorkDir=/gpfs/home/tbr0780/Dissertation/Integrated_Likelihood_Algorithm/Polytomous_Logistic_Regression
   StdErr=/dev/null
   StdIn=/dev/null
   StdOut=/dev/null
   MailUser=timothyruel2024@u.northwestern.edu MailType=INVALID_DEPEND,BEGIN,END,FAIL,REQUEUE,STAGE_OUT
   
--------------------------------------------------------------------------------
JOB EFFICIENCY 
--------------------------------------------------------------------------------
Job efficiency will be calculated after the job has completed.
