📌 Logging to experiments/exp_v1.0.0/simulations/sim_01/iter_0843/logs/slurm_log.out
🔁 Running Iteration 843 of Simulation 1 in Experiment v1.0.0 with 64 cores...
here() starts at /gpfs/home/tbr0780/Dissertation
[INFO] True parameters already exist — skipping generation.
[INFO] Loading Beta_0 from /experiments/exp_v1.0.0/true_params
[INFO] Generating new data for run: iter_0843
[INFO] Saved config snapshot to /experiments/exp_v1.0.0/simulations/sim_01/iter_0843
Running experiment...
✓ Experiment results saved to /experiments/exp_v1.0.0/simulations/sim_01/iter_0843/results
✓ Run completed
===== FINAL SEFF OUTPUT for Job 5960796 =====
(Logged at Wed Jun 18 21:35:47 CDT 2025)
Job ID: 5960796
Array Job ID: 5858372_842
Cluster: quest
User/Group: tbr0780/tbr0780
State: RUNNING
Nodes: 1
Cores per node: 64
CPU Utilized: 00:00:00
CPU Efficiency: 0.00% of 1-02:20:48 core-walltime
Job Wall-clock time: 00:24:42
Memory Utilized: 0.00 MB (estimated maximum)
Memory Efficiency: 0.00% of 31.25 GB (500.00 MB/core)
WARNING: Efficiency statistics may be misleading for RUNNING jobs.
===== FINAL CHECKJOB OUTPUT for Job 5960796 =====
(Logged at Wed Jun 18 21:35:47 CDT 2025)
--------------------------------------------------------------------------------
JOB INFORMATION 
--------------------------------------------------------------------------------
JobId=5960796 ArrayJobId=5858372 ArrayTaskId=842 JobName=experiment_sim
   UserId=tbr0780(3229) GroupId=tbr0780(4023) MCS_label=N/A
   Priority=19232 Nice=0 Account=p32397 QOS=normal
   JobState=RUNNING Reason=None Dependency=(null)
   Requeue=0 Restarts=0 BatchFlag=1 Reboot=0 ExitCode=0:0
   RunTime=00:24:42 TimeLimit=02:00:00 TimeMin=N/A
   SubmitTime=2025-06-18T15:19:09 EligibleTime=2025-06-18T15:19:11
   AccrueTime=2025-06-18T15:19:11
   StartTime=2025-06-18T21:11:05 EndTime=2025-06-18T23:11:05 Deadline=N/A
   SuspendTime=None SecsPreSuspend=0 LastSchedEval=2025-06-18T21:11:05 Scheduler=Main
   Partition=short AllocNode:Sid=quser41:3973193
   ReqNodeList=(null) ExcNodeList=(null)
   NodeList=qnode3032
   BatchHost=qnode3032
   NumNodes=1 NumCPUs=64 NumTasks=64 CPUs/Task=1 ReqB:S:C:T=0:0:*:*
   ReqTRES=cpu=64,mem=32000M,node=1,billing=288
   AllocTRES=cpu=64,mem=32000M,node=1,billing=288
   Socks/Node=* NtasksPerN:B:S:C=64:0:*:* CoreSpec=*
   MinCPUsNode=64 MinMemoryCPU=500M MinTmpDiskNode=0
   Features=[quest10|quest11|quest12|quest13] DelayBoot=00:00:00
   OverSubscribe=OK Contiguous=0 Licenses=(null) Network=(null)
   Command=/gpfs/home/tbr0780/Dissertation/Integrated_Likelihood_Algorithm/Polytomous_Logistic_Regression/scripts/experiment_sim.sh
   WorkDir=/gpfs/home/tbr0780/Dissertation/Integrated_Likelihood_Algorithm/Polytomous_Logistic_Regression
   StdErr=/dev/null
   StdIn=/dev/null
   StdOut=/dev/null
   MailUser=timothyruel2024@u.northwestern.edu MailType=INVALID_DEPEND,BEGIN,END,FAIL,REQUEUE,STAGE_OUT
   
--------------------------------------------------------------------------------
JOB EFFICIENCY 
--------------------------------------------------------------------------------
Job efficiency will be calculated after the job has completed.
===== SACCT OUTPUT for Job 5960796 =====
(Logged at Wed Jun 18 21:35:48 CDT 2025)
JobID                     JobName    Elapsed     MaxRSS     ReqMem  AllocCPUS      State 
------------ -------------------- ---------- ---------- ---------- ---------- ---------- 
5858372_842        experiment_sim   00:24:43                32000M         64    RUNNING 
5858372_842+                batch   00:24:43                               64    RUNNING 
5858372_842+               extern   00:24:43                               64    RUNNING 
===== SYSTEM MEMORY (free -h) =====
(Logged at Wed Jun 18 21:35:48 CDT 2025)
              total        used        free      shared  buff/cache   available
Mem:          503Gi        43Gi       451Gi       6.9Gi       8.7Gi       448Gi
Swap:          31Gi       399Mi        31Gi
===== SYSTEM LOAD (uptime) =====
(Logged at Wed Jun 18 21:35:48 CDT 2025)
 21:35:48 up 88 days, 49 min,  0 users,  load average: 67.52, 93.52, 107.77
===== SYSTEM PROCESSES (top -b -n 1) =====
(Logged at Wed Jun 18 21:35:48 CDT 2025)
top - 21:35:48 up 88 days, 49 min,  0 users,  load average: 67.52, 93.52, 107.77
Tasks: 1313 total,  65 running, 1248 sleeping,   0 stopped,   0 zombie
%Cpu(s): 49.8 us,  0.2 sy,  0.0 ni, 49.8 id,  0.0 wa,  0.2 hi,  0.0 si,  0.0 st
MiB Mem : 515679.5 total, 462358.0 free,  44456.7 used,   8864.7 buff/cache
MiB Swap:  32768.0 total,  32368.0 free,    400.0 used. 459267.9 avail Mem 

    PID USER      PR  NI    VIRT    RES    SHR S  %CPU  %MEM     TIME+ COMMAND
1524782 llw9819   20   0   10.2g 408100 125460 R 100.0   0.1   3:36.72 vasp_gam
1524774 llw9819   20   0   10.2g 411508 126992 R  94.4   0.1   3:36.51 vasp_gam
1524775 llw9819   20   0   10.2g 410968 124840 R  94.4   0.1   3:36.72 vasp_gam
1524776 llw9819   20   0   10.2g 410484 124932 R  94.4   0.1   3:36.78 vasp_gam
1524777 llw9819   20   0   10.2g 410892 124664 R  94.4   0.1   3:36.72 vasp_gam
1524778 llw9819   20   0   10.2g 412012 125304 R  94.4   0.1   3:36.78 vasp_gam
1524779 llw9819   20   0   10.2g 406228 125404 R  94.4   0.1   3:36.78 vasp_gam
1524780 llw9819   20   0   10.2g 410180 125444 R  94.4   0.1   3:36.73 vasp_gam
1524781 llw9819   20   0   10.2g 407268 125456 R  94.4   0.1   3:36.73 vasp_gam
1524783 llw9819   20   0   10.2g 408868 124840 R  94.4   0.1   3:36.75 vasp_gam
1524784 llw9819   20   0   10.2g 404120 124948 R  94.4   0.1   3:36.76 vasp_gam
1524785 llw9819   20   0   10.2g 406836 124804 R  94.4   0.1   3:36.74 vasp_gam
1524786 llw9819   20   0   10.2g 406604 125008 R  94.4   0.1   3:36.74 vasp_gam
1524787 llw9819   20   0   10.2g 406080 124796 R  94.4   0.1   3:36.73 vasp_gam
1524788 llw9819   20   0   10.2g 406264 124780 R  94.4   0.1   3:36.72 vasp_gam
1524789 llw9819   20   0   10.2g 405504 124576 R  94.4   0.1   3:36.77 vasp_gam
1524790 llw9819   20   0   10.2g 406068 125172 R  94.4   0.1   3:36.74 vasp_gam
1524791 llw9819   20   0   10.2g 405588 124860 R  94.4   0.1   3:36.66 vasp_gam
1524792 llw9819   20   0   10.2g 404208 125096 R  94.4   0.1   3:36.70 vasp_gam
1524793 llw9819   20   0   10.2g 409524 125148 R  94.4   0.1   3:36.68 vasp_gam
1524794 llw9819   20   0   10.2g 406524 125584 R  94.4   0.1   3:36.73 vasp_gam
1524795 llw9819   20   0   10.2g 413312 125988 R  94.4   0.1   3:36.65 vasp_gam
1524796 llw9819   20   0   10.2g 406436 125660 R  94.4   0.1   3:36.71 vasp_gam
1524797 llw9819   20   0   10.2g 406236 125812 R  94.4   0.1   3:36.65 vasp_gam
1524798 llw9819   20   0   10.2g 409256 126292 R  94.4   0.1   3:36.47 vasp_gam
1524799 llw9819   20   0   10.2g 412116 126456 R  94.4   0.1   3:36.65 vasp_gam
1524800 llw9819   20   0   10.2g 413540 126240 R  94.4   0.1   3:36.68 vasp_gam
1524801 llw9819   20   0   10.2g 404468 126792 R  94.4   0.1   3:36.74 vasp_gam
1524802 llw9819   20   0   10.2g 405836 126844 R  94.4   0.1   3:36.63 vasp_gam
1524803 llw9819   20   0   10.2g 405168 127064 R  94.4   0.1   3:36.67 vasp_gam
1524804 llw9819   20   0   10.2g 412360 128428 R  94.4   0.1   3:36.65 vasp_gam
1524805 llw9819   20   0   10.2g 410084 128280 R  94.4   0.1   3:36.50 vasp_gam
1524806 llw9819   20   0   10.2g 408080 125804 R  94.4   0.1   3:36.01 vasp_gam
===== BACKGROUND CHECKJOB MONITOR LOG =====
===== checkjob (interval) at Wed Jun 18 21:11:40 CDT 2025 =====
--------------------------------------------------------------------------------
JOB INFORMATION 
--------------------------------------------------------------------------------
JobId=5960796 ArrayJobId=5858372 ArrayTaskId=842 JobName=experiment_sim
   UserId=tbr0780(3229) GroupId=tbr0780(4023) MCS_label=N/A
   Priority=19232 Nice=0 Account=p32397 QOS=normal
   JobState=RUNNING Reason=None Dependency=(null)
   Requeue=0 Restarts=0 BatchFlag=1 Reboot=0 ExitCode=0:0
   RunTime=00:00:37 TimeLimit=02:00:00 TimeMin=N/A
   SubmitTime=2025-06-18T15:19:09 EligibleTime=2025-06-18T15:19:11
   AccrueTime=2025-06-18T15:19:11
   StartTime=2025-06-18T21:11:05 EndTime=2025-06-18T23:11:05 Deadline=N/A
   SuspendTime=None SecsPreSuspend=0 LastSchedEval=2025-06-18T21:11:05 Scheduler=Main
   Partition=short AllocNode:Sid=quser41:3973193
   ReqNodeList=(null) ExcNodeList=(null)
   NodeList=qnode3032
   BatchHost=qnode3032
   NumNodes=1 NumCPUs=64 NumTasks=64 CPUs/Task=1 ReqB:S:C:T=0:0:*:*
   ReqTRES=cpu=64,mem=32000M,node=1,billing=288
   AllocTRES=cpu=64,mem=32000M,node=1,billing=288
   Socks/Node=* NtasksPerN:B:S:C=64:0:*:* CoreSpec=*
   MinCPUsNode=64 MinMemoryCPU=500M MinTmpDiskNode=0
   Features=[quest10|quest11|quest12|quest13] DelayBoot=00:00:00
   OverSubscribe=OK Contiguous=0 Licenses=(null) Network=(null)
   Command=/gpfs/home/tbr0780/Dissertation/Integrated_Likelihood_Algorithm/Polytomous_Logistic_Regression/scripts/experiment_sim.sh
   WorkDir=/gpfs/home/tbr0780/Dissertation/Integrated_Likelihood_Algorithm/Polytomous_Logistic_Regression
   StdErr=/dev/null
   StdIn=/dev/null
   StdOut=/dev/null
   MailUser=timothyruel2024@u.northwestern.edu MailType=INVALID_DEPEND,BEGIN,END,FAIL,REQUEUE,STAGE_OUT
   
--------------------------------------------------------------------------------
JOB EFFICIENCY 
--------------------------------------------------------------------------------
Job efficiency will be calculated after the job has completed.
===== checkjob (interval) at Wed Jun 18 21:12:13 CDT 2025 =====
--------------------------------------------------------------------------------
JOB INFORMATION 
--------------------------------------------------------------------------------
JobId=5960796 ArrayJobId=5858372 ArrayTaskId=842 JobName=experiment_sim
   UserId=tbr0780(3229) GroupId=tbr0780(4023) MCS_label=N/A
   Priority=19232 Nice=0 Account=p32397 QOS=normal
   JobState=RUNNING Reason=None Dependency=(null)
   Requeue=0 Restarts=0 BatchFlag=1 Reboot=0 ExitCode=0:0
   RunTime=00:01:08 TimeLimit=02:00:00 TimeMin=N/A
   SubmitTime=2025-06-18T15:19:09 EligibleTime=2025-06-18T15:19:11
   AccrueTime=2025-06-18T15:19:11
   StartTime=2025-06-18T21:11:05 EndTime=2025-06-18T23:11:05 Deadline=N/A
   SuspendTime=None SecsPreSuspend=0 LastSchedEval=2025-06-18T21:11:05 Scheduler=Main
   Partition=short AllocNode:Sid=quser41:3973193
   ReqNodeList=(null) ExcNodeList=(null)
   NodeList=qnode3032
   BatchHost=qnode3032
   NumNodes=1 NumCPUs=64 NumTasks=64 CPUs/Task=1 ReqB:S:C:T=0:0:*:*
   ReqTRES=cpu=64,mem=32000M,node=1,billing=288
   AllocTRES=cpu=64,mem=32000M,node=1,billing=288
   Socks/Node=* NtasksPerN:B:S:C=64:0:*:* CoreSpec=*
   MinCPUsNode=64 MinMemoryCPU=500M MinTmpDiskNode=0
   Features=[quest10|quest11|quest12|quest13] DelayBoot=00:00:00
   OverSubscribe=OK Contiguous=0 Licenses=(null) Network=(null)
   Command=/gpfs/home/tbr0780/Dissertation/Integrated_Likelihood_Algorithm/Polytomous_Logistic_Regression/scripts/experiment_sim.sh
   WorkDir=/gpfs/home/tbr0780/Dissertation/Integrated_Likelihood_Algorithm/Polytomous_Logistic_Regression
   StdErr=/dev/null
   StdIn=/dev/null
   StdOut=/dev/null
   MailUser=timothyruel2024@u.northwestern.edu MailType=INVALID_DEPEND,BEGIN,END,FAIL,REQUEUE,STAGE_OUT
   
--------------------------------------------------------------------------------
JOB EFFICIENCY 
--------------------------------------------------------------------------------
Job efficiency will be calculated after the job has completed.
===== checkjob (interval) at Wed Jun 18 21:12:48 CDT 2025 =====
--------------------------------------------------------------------------------
JOB INFORMATION 
--------------------------------------------------------------------------------
JobId=5960796 ArrayJobId=5858372 ArrayTaskId=842 JobName=experiment_sim
   UserId=tbr0780(3229) GroupId=tbr0780(4023) MCS_label=N/A
   Priority=19232 Nice=0 Account=p32397 QOS=normal
   JobState=RUNNING Reason=None Dependency=(null)
   Requeue=0 Restarts=0 BatchFlag=1 Reboot=0 ExitCode=0:0
   RunTime=00:01:43 TimeLimit=02:00:00 TimeMin=N/A
   SubmitTime=2025-06-18T15:19:09 EligibleTime=2025-06-18T15:19:11
   AccrueTime=2025-06-18T15:19:11
   StartTime=2025-06-18T21:11:05 EndTime=2025-06-18T23:11:05 Deadline=N/A
   SuspendTime=None SecsPreSuspend=0 LastSchedEval=2025-06-18T21:11:05 Scheduler=Main
   Partition=short AllocNode:Sid=quser41:3973193
   ReqNodeList=(null) ExcNodeList=(null)
   NodeList=qnode3032
   BatchHost=qnode3032
   NumNodes=1 NumCPUs=64 NumTasks=64 CPUs/Task=1 ReqB:S:C:T=0:0:*:*
   ReqTRES=cpu=64,mem=32000M,node=1,billing=288
   AllocTRES=cpu=64,mem=32000M,node=1,billing=288
   Socks/Node=* NtasksPerN:B:S:C=64:0:*:* CoreSpec=*
   MinCPUsNode=64 MinMemoryCPU=500M MinTmpDiskNode=0
   Features=[quest10|quest11|quest12|quest13] DelayBoot=00:00:00
   OverSubscribe=OK Contiguous=0 Licenses=(null) Network=(null)
   Command=/gpfs/home/tbr0780/Dissertation/Integrated_Likelihood_Algorithm/Polytomous_Logistic_Regression/scripts/experiment_sim.sh
   WorkDir=/gpfs/home/tbr0780/Dissertation/Integrated_Likelihood_Algorithm/Polytomous_Logistic_Regression
   StdErr=/dev/null
   StdIn=/dev/null
   StdOut=/dev/null
   MailUser=timothyruel2024@u.northwestern.edu MailType=INVALID_DEPEND,BEGIN,END,FAIL,REQUEUE,STAGE_OUT
   
--------------------------------------------------------------------------------
JOB EFFICIENCY 
--------------------------------------------------------------------------------
Job efficiency will be calculated after the job has completed.
===== checkjob (interval) at Wed Jun 18 21:13:20 CDT 2025 =====
--------------------------------------------------------------------------------
JOB INFORMATION 
--------------------------------------------------------------------------------
JobId=5960796 ArrayJobId=5858372 ArrayTaskId=842 JobName=experiment_sim
   UserId=tbr0780(3229) GroupId=tbr0780(4023) MCS_label=N/A
   Priority=19232 Nice=0 Account=p32397 QOS=normal
   JobState=RUNNING Reason=None Dependency=(null)
   Requeue=0 Restarts=0 BatchFlag=1 Reboot=0 ExitCode=0:0
   RunTime=00:02:16 TimeLimit=02:00:00 TimeMin=N/A
   SubmitTime=2025-06-18T15:19:09 EligibleTime=2025-06-18T15:19:11
   AccrueTime=2025-06-18T15:19:11
   StartTime=2025-06-18T21:11:05 EndTime=2025-06-18T23:11:05 Deadline=N/A
   SuspendTime=None SecsPreSuspend=0 LastSchedEval=2025-06-18T21:11:05 Scheduler=Main
   Partition=short AllocNode:Sid=quser41:3973193
   ReqNodeList=(null) ExcNodeList=(null)
   NodeList=qnode3032
   BatchHost=qnode3032
   NumNodes=1 NumCPUs=64 NumTasks=64 CPUs/Task=1 ReqB:S:C:T=0:0:*:*
   ReqTRES=cpu=64,mem=32000M,node=1,billing=288
   AllocTRES=cpu=64,mem=32000M,node=1,billing=288
   Socks/Node=* NtasksPerN:B:S:C=64:0:*:* CoreSpec=*
   MinCPUsNode=64 MinMemoryCPU=500M MinTmpDiskNode=0
   Features=[quest10|quest11|quest12|quest13] DelayBoot=00:00:00
   OverSubscribe=OK Contiguous=0 Licenses=(null) Network=(null)
   Command=/gpfs/home/tbr0780/Dissertation/Integrated_Likelihood_Algorithm/Polytomous_Logistic_Regression/scripts/experiment_sim.sh
   WorkDir=/gpfs/home/tbr0780/Dissertation/Integrated_Likelihood_Algorithm/Polytomous_Logistic_Regression
   StdErr=/dev/null
   StdIn=/dev/null
   StdOut=/dev/null
   MailUser=timothyruel2024@u.northwestern.edu MailType=INVALID_DEPEND,BEGIN,END,FAIL,REQUEUE,STAGE_OUT
   
--------------------------------------------------------------------------------
JOB EFFICIENCY 
--------------------------------------------------------------------------------
Job efficiency will be calculated after the job has completed.
===== checkjob (interval) at Wed Jun 18 21:13:52 CDT 2025 =====
--------------------------------------------------------------------------------
JOB INFORMATION 
--------------------------------------------------------------------------------
JobId=5960796 ArrayJobId=5858372 ArrayTaskId=842 JobName=experiment_sim
   UserId=tbr0780(3229) GroupId=tbr0780(4023) MCS_label=N/A
   Priority=19232 Nice=0 Account=p32397 QOS=normal
   JobState=RUNNING Reason=None Dependency=(null)
   Requeue=0 Restarts=0 BatchFlag=1 Reboot=0 ExitCode=0:0
   RunTime=00:02:48 TimeLimit=02:00:00 TimeMin=N/A
   SubmitTime=2025-06-18T15:19:09 EligibleTime=2025-06-18T15:19:11
   AccrueTime=2025-06-18T15:19:11
   StartTime=2025-06-18T21:11:05 EndTime=2025-06-18T23:11:05 Deadline=N/A
   SuspendTime=None SecsPreSuspend=0 LastSchedEval=2025-06-18T21:11:05 Scheduler=Main
   Partition=short AllocNode:Sid=quser41:3973193
   ReqNodeList=(null) ExcNodeList=(null)
   NodeList=qnode3032
   BatchHost=qnode3032
   NumNodes=1 NumCPUs=64 NumTasks=64 CPUs/Task=1 ReqB:S:C:T=0:0:*:*
   ReqTRES=cpu=64,mem=32000M,node=1,billing=288
   AllocTRES=cpu=64,mem=32000M,node=1,billing=288
   Socks/Node=* NtasksPerN:B:S:C=64:0:*:* CoreSpec=*
   MinCPUsNode=64 MinMemoryCPU=500M MinTmpDiskNode=0
   Features=[quest10|quest11|quest12|quest13] DelayBoot=00:00:00
   OverSubscribe=OK Contiguous=0 Licenses=(null) Network=(null)
   Command=/gpfs/home/tbr0780/Dissertation/Integrated_Likelihood_Algorithm/Polytomous_Logistic_Regression/scripts/experiment_sim.sh
   WorkDir=/gpfs/home/tbr0780/Dissertation/Integrated_Likelihood_Algorithm/Polytomous_Logistic_Regression
   StdErr=/dev/null
   StdIn=/dev/null
   StdOut=/dev/null
   MailUser=timothyruel2024@u.northwestern.edu MailType=INVALID_DEPEND,BEGIN,END,FAIL,REQUEUE,STAGE_OUT
   
--------------------------------------------------------------------------------
JOB EFFICIENCY 
--------------------------------------------------------------------------------
Job efficiency will be calculated after the job has completed.
===== checkjob (interval) at Wed Jun 18 21:14:26 CDT 2025 =====
--------------------------------------------------------------------------------
JOB INFORMATION 
--------------------------------------------------------------------------------
JobId=5960796 ArrayJobId=5858372 ArrayTaskId=842 JobName=experiment_sim
   UserId=tbr0780(3229) GroupId=tbr0780(4023) MCS_label=N/A
   Priority=19232 Nice=0 Account=p32397 QOS=normal
   JobState=RUNNING Reason=None Dependency=(null)
   Requeue=0 Restarts=0 BatchFlag=1 Reboot=0 ExitCode=0:0
   RunTime=00:03:21 TimeLimit=02:00:00 TimeMin=N/A
   SubmitTime=2025-06-18T15:19:09 EligibleTime=2025-06-18T15:19:11
   AccrueTime=2025-06-18T15:19:11
   StartTime=2025-06-18T21:11:05 EndTime=2025-06-18T23:11:05 Deadline=N/A
   SuspendTime=None SecsPreSuspend=0 LastSchedEval=2025-06-18T21:11:05 Scheduler=Main
   Partition=short AllocNode:Sid=quser41:3973193
   ReqNodeList=(null) ExcNodeList=(null)
   NodeList=qnode3032
   BatchHost=qnode3032
   NumNodes=1 NumCPUs=64 NumTasks=64 CPUs/Task=1 ReqB:S:C:T=0:0:*:*
   ReqTRES=cpu=64,mem=32000M,node=1,billing=288
   AllocTRES=cpu=64,mem=32000M,node=1,billing=288
   Socks/Node=* NtasksPerN:B:S:C=64:0:*:* CoreSpec=*
   MinCPUsNode=64 MinMemoryCPU=500M MinTmpDiskNode=0
   Features=[quest10|quest11|quest12|quest13] DelayBoot=00:00:00
   OverSubscribe=OK Contiguous=0 Licenses=(null) Network=(null)
   Command=/gpfs/home/tbr0780/Dissertation/Integrated_Likelihood_Algorithm/Polytomous_Logistic_Regression/scripts/experiment_sim.sh
   WorkDir=/gpfs/home/tbr0780/Dissertation/Integrated_Likelihood_Algorithm/Polytomous_Logistic_Regression
   StdErr=/dev/null
   StdIn=/dev/null
   StdOut=/dev/null
   MailUser=timothyruel2024@u.northwestern.edu MailType=INVALID_DEPEND,BEGIN,END,FAIL,REQUEUE,STAGE_OUT
   
--------------------------------------------------------------------------------
JOB EFFICIENCY 
--------------------------------------------------------------------------------
Job efficiency will be calculated after the job has completed.
===== checkjob (interval) at Wed Jun 18 21:15:01 CDT 2025 =====
--------------------------------------------------------------------------------
JOB INFORMATION 
--------------------------------------------------------------------------------
JobId=5960796 ArrayJobId=5858372 ArrayTaskId=842 JobName=experiment_sim
   UserId=tbr0780(3229) GroupId=tbr0780(4023) MCS_label=N/A
   Priority=19232 Nice=0 Account=p32397 QOS=normal
   JobState=RUNNING Reason=None Dependency=(null)
   Requeue=0 Restarts=0 BatchFlag=1 Reboot=0 ExitCode=0:0
   RunTime=00:03:56 TimeLimit=02:00:00 TimeMin=N/A
   SubmitTime=2025-06-18T15:19:09 EligibleTime=2025-06-18T15:19:11
   AccrueTime=2025-06-18T15:19:11
   StartTime=2025-06-18T21:11:05 EndTime=2025-06-18T23:11:05 Deadline=N/A
   SuspendTime=None SecsPreSuspend=0 LastSchedEval=2025-06-18T21:11:05 Scheduler=Main
   Partition=short AllocNode:Sid=quser41:3973193
   ReqNodeList=(null) ExcNodeList=(null)
   NodeList=qnode3032
   BatchHost=qnode3032
   NumNodes=1 NumCPUs=64 NumTasks=64 CPUs/Task=1 ReqB:S:C:T=0:0:*:*
   ReqTRES=cpu=64,mem=32000M,node=1,billing=288
   AllocTRES=cpu=64,mem=32000M,node=1,billing=288
   Socks/Node=* NtasksPerN:B:S:C=64:0:*:* CoreSpec=*
   MinCPUsNode=64 MinMemoryCPU=500M MinTmpDiskNode=0
   Features=[quest10|quest11|quest12|quest13] DelayBoot=00:00:00
   OverSubscribe=OK Contiguous=0 Licenses=(null) Network=(null)
   Command=/gpfs/home/tbr0780/Dissertation/Integrated_Likelihood_Algorithm/Polytomous_Logistic_Regression/scripts/experiment_sim.sh
   WorkDir=/gpfs/home/tbr0780/Dissertation/Integrated_Likelihood_Algorithm/Polytomous_Logistic_Regression
   StdErr=/dev/null
   StdIn=/dev/null
   StdOut=/dev/null
   MailUser=timothyruel2024@u.northwestern.edu MailType=INVALID_DEPEND,BEGIN,END,FAIL,REQUEUE,STAGE_OUT
   
--------------------------------------------------------------------------------
JOB EFFICIENCY 
--------------------------------------------------------------------------------
Job efficiency will be calculated after the job has completed.
===== checkjob (interval) at Wed Jun 18 21:15:34 CDT 2025 =====
--------------------------------------------------------------------------------
JOB INFORMATION 
--------------------------------------------------------------------------------
JobId=5960796 ArrayJobId=5858372 ArrayTaskId=842 JobName=experiment_sim
   UserId=tbr0780(3229) GroupId=tbr0780(4023) MCS_label=N/A
   Priority=19232 Nice=0 Account=p32397 QOS=normal
   JobState=RUNNING Reason=None Dependency=(null)
   Requeue=0 Restarts=0 BatchFlag=1 Reboot=0 ExitCode=0:0
   RunTime=00:04:29 TimeLimit=02:00:00 TimeMin=N/A
   SubmitTime=2025-06-18T15:19:09 EligibleTime=2025-06-18T15:19:11
   AccrueTime=2025-06-18T15:19:11
   StartTime=2025-06-18T21:11:05 EndTime=2025-06-18T23:11:05 Deadline=N/A
   SuspendTime=None SecsPreSuspend=0 LastSchedEval=2025-06-18T21:11:05 Scheduler=Main
   Partition=short AllocNode:Sid=quser41:3973193
   ReqNodeList=(null) ExcNodeList=(null)
   NodeList=qnode3032
   BatchHost=qnode3032
   NumNodes=1 NumCPUs=64 NumTasks=64 CPUs/Task=1 ReqB:S:C:T=0:0:*:*
   ReqTRES=cpu=64,mem=32000M,node=1,billing=288
   AllocTRES=cpu=64,mem=32000M,node=1,billing=288
   Socks/Node=* NtasksPerN:B:S:C=64:0:*:* CoreSpec=*
   MinCPUsNode=64 MinMemoryCPU=500M MinTmpDiskNode=0
   Features=[quest10|quest11|quest12|quest13] DelayBoot=00:00:00
   OverSubscribe=OK Contiguous=0 Licenses=(null) Network=(null)
   Command=/gpfs/home/tbr0780/Dissertation/Integrated_Likelihood_Algorithm/Polytomous_Logistic_Regression/scripts/experiment_sim.sh
   WorkDir=/gpfs/home/tbr0780/Dissertation/Integrated_Likelihood_Algorithm/Polytomous_Logistic_Regression
   StdErr=/dev/null
   StdIn=/dev/null
   StdOut=/dev/null
   MailUser=timothyruel2024@u.northwestern.edu MailType=INVALID_DEPEND,BEGIN,END,FAIL,REQUEUE,STAGE_OUT
   
--------------------------------------------------------------------------------
JOB EFFICIENCY 
--------------------------------------------------------------------------------
Job efficiency will be calculated after the job has completed.
===== checkjob (interval) at Wed Jun 18 21:16:06 CDT 2025 =====
--------------------------------------------------------------------------------
JOB INFORMATION 
--------------------------------------------------------------------------------
JobId=5960796 ArrayJobId=5858372 ArrayTaskId=842 JobName=experiment_sim
   UserId=tbr0780(3229) GroupId=tbr0780(4023) MCS_label=N/A
   Priority=19232 Nice=0 Account=p32397 QOS=normal
   JobState=RUNNING Reason=None Dependency=(null)
   Requeue=0 Restarts=0 BatchFlag=1 Reboot=0 ExitCode=0:0
   RunTime=00:05:02 TimeLimit=02:00:00 TimeMin=N/A
   SubmitTime=2025-06-18T15:19:09 EligibleTime=2025-06-18T15:19:11
   AccrueTime=2025-06-18T15:19:11
   StartTime=2025-06-18T21:11:05 EndTime=2025-06-18T23:11:05 Deadline=N/A
   SuspendTime=None SecsPreSuspend=0 LastSchedEval=2025-06-18T21:11:05 Scheduler=Main
   Partition=short AllocNode:Sid=quser41:3973193
   ReqNodeList=(null) ExcNodeList=(null)
   NodeList=qnode3032
   BatchHost=qnode3032
   NumNodes=1 NumCPUs=64 NumTasks=64 CPUs/Task=1 ReqB:S:C:T=0:0:*:*
   ReqTRES=cpu=64,mem=32000M,node=1,billing=288
   AllocTRES=cpu=64,mem=32000M,node=1,billing=288
   Socks/Node=* NtasksPerN:B:S:C=64:0:*:* CoreSpec=*
   MinCPUsNode=64 MinMemoryCPU=500M MinTmpDiskNode=0
   Features=[quest10|quest11|quest12|quest13] DelayBoot=00:00:00
   OverSubscribe=OK Contiguous=0 Licenses=(null) Network=(null)
   Command=/gpfs/home/tbr0780/Dissertation/Integrated_Likelihood_Algorithm/Polytomous_Logistic_Regression/scripts/experiment_sim.sh
   WorkDir=/gpfs/home/tbr0780/Dissertation/Integrated_Likelihood_Algorithm/Polytomous_Logistic_Regression
   StdErr=/dev/null
   StdIn=/dev/null
   StdOut=/dev/null
   MailUser=timothyruel2024@u.northwestern.edu MailType=INVALID_DEPEND,BEGIN,END,FAIL,REQUEUE,STAGE_OUT
   
--------------------------------------------------------------------------------
JOB EFFICIENCY 
--------------------------------------------------------------------------------
Job efficiency will be calculated after the job has completed.
===== checkjob (interval) at Wed Jun 18 21:16:39 CDT 2025 =====
--------------------------------------------------------------------------------
JOB INFORMATION 
--------------------------------------------------------------------------------
JobId=5960796 ArrayJobId=5858372 ArrayTaskId=842 JobName=experiment_sim
   UserId=tbr0780(3229) GroupId=tbr0780(4023) MCS_label=N/A
   Priority=19232 Nice=0 Account=p32397 QOS=normal
   JobState=RUNNING Reason=None Dependency=(null)
   Requeue=0 Restarts=0 BatchFlag=1 Reboot=0 ExitCode=0:0
   RunTime=00:05:34 TimeLimit=02:00:00 TimeMin=N/A
   SubmitTime=2025-06-18T15:19:09 EligibleTime=2025-06-18T15:19:11
   AccrueTime=2025-06-18T15:19:11
   StartTime=2025-06-18T21:11:05 EndTime=2025-06-18T23:11:05 Deadline=N/A
   SuspendTime=None SecsPreSuspend=0 LastSchedEval=2025-06-18T21:11:05 Scheduler=Main
   Partition=short AllocNode:Sid=quser41:3973193
   ReqNodeList=(null) ExcNodeList=(null)
   NodeList=qnode3032
   BatchHost=qnode3032
   NumNodes=1 NumCPUs=64 NumTasks=64 CPUs/Task=1 ReqB:S:C:T=0:0:*:*
   ReqTRES=cpu=64,mem=32000M,node=1,billing=288
   AllocTRES=cpu=64,mem=32000M,node=1,billing=288
   Socks/Node=* NtasksPerN:B:S:C=64:0:*:* CoreSpec=*
   MinCPUsNode=64 MinMemoryCPU=500M MinTmpDiskNode=0
   Features=[quest10|quest11|quest12|quest13] DelayBoot=00:00:00
   OverSubscribe=OK Contiguous=0 Licenses=(null) Network=(null)
   Command=/gpfs/home/tbr0780/Dissertation/Integrated_Likelihood_Algorithm/Polytomous_Logistic_Regression/scripts/experiment_sim.sh
   WorkDir=/gpfs/home/tbr0780/Dissertation/Integrated_Likelihood_Algorithm/Polytomous_Logistic_Regression
   StdErr=/dev/null
   StdIn=/dev/null
   StdOut=/dev/null
   MailUser=timothyruel2024@u.northwestern.edu MailType=INVALID_DEPEND,BEGIN,END,FAIL,REQUEUE,STAGE_OUT
   
--------------------------------------------------------------------------------
JOB EFFICIENCY 
--------------------------------------------------------------------------------
Job efficiency will be calculated after the job has completed.
===== checkjob (interval) at Wed Jun 18 21:17:12 CDT 2025 =====
--------------------------------------------------------------------------------
JOB INFORMATION 
--------------------------------------------------------------------------------
JobId=5960796 ArrayJobId=5858372 ArrayTaskId=842 JobName=experiment_sim
   UserId=tbr0780(3229) GroupId=tbr0780(4023) MCS_label=N/A
   Priority=19232 Nice=0 Account=p32397 QOS=normal
   JobState=RUNNING Reason=None Dependency=(null)
   Requeue=0 Restarts=0 BatchFlag=1 Reboot=0 ExitCode=0:0
   RunTime=00:06:07 TimeLimit=02:00:00 TimeMin=N/A
   SubmitTime=2025-06-18T15:19:09 EligibleTime=2025-06-18T15:19:11
   AccrueTime=2025-06-18T15:19:11
   StartTime=2025-06-18T21:11:05 EndTime=2025-06-18T23:11:05 Deadline=N/A
   SuspendTime=None SecsPreSuspend=0 LastSchedEval=2025-06-18T21:11:05 Scheduler=Main
   Partition=short AllocNode:Sid=quser41:3973193
   ReqNodeList=(null) ExcNodeList=(null)
   NodeList=qnode3032
   BatchHost=qnode3032
   NumNodes=1 NumCPUs=64 NumTasks=64 CPUs/Task=1 ReqB:S:C:T=0:0:*:*
   ReqTRES=cpu=64,mem=32000M,node=1,billing=288
   AllocTRES=cpu=64,mem=32000M,node=1,billing=288
   Socks/Node=* NtasksPerN:B:S:C=64:0:*:* CoreSpec=*
   MinCPUsNode=64 MinMemoryCPU=500M MinTmpDiskNode=0
   Features=[quest10|quest11|quest12|quest13] DelayBoot=00:00:00
   OverSubscribe=OK Contiguous=0 Licenses=(null) Network=(null)
   Command=/gpfs/home/tbr0780/Dissertation/Integrated_Likelihood_Algorithm/Polytomous_Logistic_Regression/scripts/experiment_sim.sh
   WorkDir=/gpfs/home/tbr0780/Dissertation/Integrated_Likelihood_Algorithm/Polytomous_Logistic_Regression
   StdErr=/dev/null
   StdIn=/dev/null
   StdOut=/dev/null
   MailUser=timothyruel2024@u.northwestern.edu MailType=INVALID_DEPEND,BEGIN,END,FAIL,REQUEUE,STAGE_OUT
   
--------------------------------------------------------------------------------
JOB EFFICIENCY 
--------------------------------------------------------------------------------
Job efficiency will be calculated after the job has completed.
===== checkjob (interval) at Wed Jun 18 21:17:47 CDT 2025 =====
--------------------------------------------------------------------------------
JOB INFORMATION 
--------------------------------------------------------------------------------
JobId=5960796 ArrayJobId=5858372 ArrayTaskId=842 JobName=experiment_sim
   UserId=tbr0780(3229) GroupId=tbr0780(4023) MCS_label=N/A
   Priority=19232 Nice=0 Account=p32397 QOS=normal
   JobState=RUNNING Reason=None Dependency=(null)
   Requeue=0 Restarts=0 BatchFlag=1 Reboot=0 ExitCode=0:0
   RunTime=00:06:42 TimeLimit=02:00:00 TimeMin=N/A
   SubmitTime=2025-06-18T15:19:09 EligibleTime=2025-06-18T15:19:11
   AccrueTime=2025-06-18T15:19:11
   StartTime=2025-06-18T21:11:05 EndTime=2025-06-18T23:11:05 Deadline=N/A
   SuspendTime=None SecsPreSuspend=0 LastSchedEval=2025-06-18T21:11:05 Scheduler=Main
   Partition=short AllocNode:Sid=quser41:3973193
   ReqNodeList=(null) ExcNodeList=(null)
   NodeList=qnode3032
   BatchHost=qnode3032
   NumNodes=1 NumCPUs=64 NumTasks=64 CPUs/Task=1 ReqB:S:C:T=0:0:*:*
   ReqTRES=cpu=64,mem=32000M,node=1,billing=288
   AllocTRES=cpu=64,mem=32000M,node=1,billing=288
   Socks/Node=* NtasksPerN:B:S:C=64:0:*:* CoreSpec=*
   MinCPUsNode=64 MinMemoryCPU=500M MinTmpDiskNode=0
   Features=[quest10|quest11|quest12|quest13] DelayBoot=00:00:00
   OverSubscribe=OK Contiguous=0 Licenses=(null) Network=(null)
   Command=/gpfs/home/tbr0780/Dissertation/Integrated_Likelihood_Algorithm/Polytomous_Logistic_Regression/scripts/experiment_sim.sh
   WorkDir=/gpfs/home/tbr0780/Dissertation/Integrated_Likelihood_Algorithm/Polytomous_Logistic_Regression
   StdErr=/dev/null
   StdIn=/dev/null
   StdOut=/dev/null
   MailUser=timothyruel2024@u.northwestern.edu MailType=INVALID_DEPEND,BEGIN,END,FAIL,REQUEUE,STAGE_OUT
   
--------------------------------------------------------------------------------
JOB EFFICIENCY 
--------------------------------------------------------------------------------
Job efficiency will be calculated after the job has completed.
===== checkjob (interval) at Wed Jun 18 21:18:20 CDT 2025 =====
--------------------------------------------------------------------------------
JOB INFORMATION 
--------------------------------------------------------------------------------
JobId=5960796 ArrayJobId=5858372 ArrayTaskId=842 JobName=experiment_sim
   UserId=tbr0780(3229) GroupId=tbr0780(4023) MCS_label=N/A
   Priority=19232 Nice=0 Account=p32397 QOS=normal
   JobState=RUNNING Reason=None Dependency=(null)
   Requeue=0 Restarts=0 BatchFlag=1 Reboot=0 ExitCode=0:0
   RunTime=00:07:15 TimeLimit=02:00:00 TimeMin=N/A
   SubmitTime=2025-06-18T15:19:09 EligibleTime=2025-06-18T15:19:11
   AccrueTime=2025-06-18T15:19:11
   StartTime=2025-06-18T21:11:05 EndTime=2025-06-18T23:11:05 Deadline=N/A
   SuspendTime=None SecsPreSuspend=0 LastSchedEval=2025-06-18T21:11:05 Scheduler=Main
   Partition=short AllocNode:Sid=quser41:3973193
   ReqNodeList=(null) ExcNodeList=(null)
   NodeList=qnode3032
   BatchHost=qnode3032
   NumNodes=1 NumCPUs=64 NumTasks=64 CPUs/Task=1 ReqB:S:C:T=0:0:*:*
   ReqTRES=cpu=64,mem=32000M,node=1,billing=288
   AllocTRES=cpu=64,mem=32000M,node=1,billing=288
   Socks/Node=* NtasksPerN:B:S:C=64:0:*:* CoreSpec=*
   MinCPUsNode=64 MinMemoryCPU=500M MinTmpDiskNode=0
   Features=[quest10|quest11|quest12|quest13] DelayBoot=00:00:00
   OverSubscribe=OK Contiguous=0 Licenses=(null) Network=(null)
   Command=/gpfs/home/tbr0780/Dissertation/Integrated_Likelihood_Algorithm/Polytomous_Logistic_Regression/scripts/experiment_sim.sh
   WorkDir=/gpfs/home/tbr0780/Dissertation/Integrated_Likelihood_Algorithm/Polytomous_Logistic_Regression
   StdErr=/dev/null
   StdIn=/dev/null
   StdOut=/dev/null
   MailUser=timothyruel2024@u.northwestern.edu MailType=INVALID_DEPEND,BEGIN,END,FAIL,REQUEUE,STAGE_OUT
   
--------------------------------------------------------------------------------
JOB EFFICIENCY 
--------------------------------------------------------------------------------
Job efficiency will be calculated after the job has completed.
===== checkjob (interval) at Wed Jun 18 21:18:55 CDT 2025 =====
--------------------------------------------------------------------------------
JOB INFORMATION 
--------------------------------------------------------------------------------
JobId=5960796 ArrayJobId=5858372 ArrayTaskId=842 JobName=experiment_sim
   UserId=tbr0780(3229) GroupId=tbr0780(4023) MCS_label=N/A
   Priority=19232 Nice=0 Account=p32397 QOS=normal
   JobState=RUNNING Reason=None Dependency=(null)
   Requeue=0 Restarts=0 BatchFlag=1 Reboot=0 ExitCode=0:0
   RunTime=00:07:50 TimeLimit=02:00:00 TimeMin=N/A
   SubmitTime=2025-06-18T15:19:09 EligibleTime=2025-06-18T15:19:11
   AccrueTime=2025-06-18T15:19:11
   StartTime=2025-06-18T21:11:05 EndTime=2025-06-18T23:11:05 Deadline=N/A
   SuspendTime=None SecsPreSuspend=0 LastSchedEval=2025-06-18T21:11:05 Scheduler=Main
   Partition=short AllocNode:Sid=quser41:3973193
   ReqNodeList=(null) ExcNodeList=(null)
   NodeList=qnode3032
   BatchHost=qnode3032
   NumNodes=1 NumCPUs=64 NumTasks=64 CPUs/Task=1 ReqB:S:C:T=0:0:*:*
   ReqTRES=cpu=64,mem=32000M,node=1,billing=288
   AllocTRES=cpu=64,mem=32000M,node=1,billing=288
   Socks/Node=* NtasksPerN:B:S:C=64:0:*:* CoreSpec=*
   MinCPUsNode=64 MinMemoryCPU=500M MinTmpDiskNode=0
   Features=[quest10|quest11|quest12|quest13] DelayBoot=00:00:00
   OverSubscribe=OK Contiguous=0 Licenses=(null) Network=(null)
   Command=/gpfs/home/tbr0780/Dissertation/Integrated_Likelihood_Algorithm/Polytomous_Logistic_Regression/scripts/experiment_sim.sh
   WorkDir=/gpfs/home/tbr0780/Dissertation/Integrated_Likelihood_Algorithm/Polytomous_Logistic_Regression
   StdErr=/dev/null
   StdIn=/dev/null
   StdOut=/dev/null
   MailUser=timothyruel2024@u.northwestern.edu MailType=INVALID_DEPEND,BEGIN,END,FAIL,REQUEUE,STAGE_OUT
   
--------------------------------------------------------------------------------
JOB EFFICIENCY 
--------------------------------------------------------------------------------
Job efficiency will be calculated after the job has completed.
===== checkjob (interval) at Wed Jun 18 21:19:26 CDT 2025 =====
--------------------------------------------------------------------------------
JOB INFORMATION 
--------------------------------------------------------------------------------
JobId=5960796 ArrayJobId=5858372 ArrayTaskId=842 JobName=experiment_sim
   UserId=tbr0780(3229) GroupId=tbr0780(4023) MCS_label=N/A
   Priority=19232 Nice=0 Account=p32397 QOS=normal
   JobState=RUNNING Reason=None Dependency=(null)
   Requeue=0 Restarts=0 BatchFlag=1 Reboot=0 ExitCode=0:0
   RunTime=00:08:23 TimeLimit=02:00:00 TimeMin=N/A
   SubmitTime=2025-06-18T15:19:09 EligibleTime=2025-06-18T15:19:11
   AccrueTime=2025-06-18T15:19:11
   StartTime=2025-06-18T21:11:05 EndTime=2025-06-18T23:11:05 Deadline=N/A
   SuspendTime=None SecsPreSuspend=0 LastSchedEval=2025-06-18T21:11:05 Scheduler=Main
   Partition=short AllocNode:Sid=quser41:3973193
   ReqNodeList=(null) ExcNodeList=(null)
   NodeList=qnode3032
   BatchHost=qnode3032
   NumNodes=1 NumCPUs=64 NumTasks=64 CPUs/Task=1 ReqB:S:C:T=0:0:*:*
   ReqTRES=cpu=64,mem=32000M,node=1,billing=288
   AllocTRES=cpu=64,mem=32000M,node=1,billing=288
   Socks/Node=* NtasksPerN:B:S:C=64:0:*:* CoreSpec=*
   MinCPUsNode=64 MinMemoryCPU=500M MinTmpDiskNode=0
   Features=[quest10|quest11|quest12|quest13] DelayBoot=00:00:00
   OverSubscribe=OK Contiguous=0 Licenses=(null) Network=(null)
   Command=/gpfs/home/tbr0780/Dissertation/Integrated_Likelihood_Algorithm/Polytomous_Logistic_Regression/scripts/experiment_sim.sh
   WorkDir=/gpfs/home/tbr0780/Dissertation/Integrated_Likelihood_Algorithm/Polytomous_Logistic_Regression
   StdErr=/dev/null
   StdIn=/dev/null
   StdOut=/dev/null
   MailUser=timothyruel2024@u.northwestern.edu MailType=INVALID_DEPEND,BEGIN,END,FAIL,REQUEUE,STAGE_OUT
   
--------------------------------------------------------------------------------
JOB EFFICIENCY 
--------------------------------------------------------------------------------
Job efficiency will be calculated after the job has completed.
===== checkjob (interval) at Wed Jun 18 21:20:01 CDT 2025 =====
--------------------------------------------------------------------------------
JOB INFORMATION 
--------------------------------------------------------------------------------
JobId=5960796 ArrayJobId=5858372 ArrayTaskId=842 JobName=experiment_sim
   UserId=tbr0780(3229) GroupId=tbr0780(4023) MCS_label=N/A
   Priority=19232 Nice=0 Account=p32397 QOS=normal
   JobState=RUNNING Reason=None Dependency=(null)
   Requeue=0 Restarts=0 BatchFlag=1 Reboot=0 ExitCode=0:0
   RunTime=00:08:56 TimeLimit=02:00:00 TimeMin=N/A
   SubmitTime=2025-06-18T15:19:09 EligibleTime=2025-06-18T15:19:11
   AccrueTime=2025-06-18T15:19:11
   StartTime=2025-06-18T21:11:05 EndTime=2025-06-18T23:11:05 Deadline=N/A
   SuspendTime=None SecsPreSuspend=0 LastSchedEval=2025-06-18T21:11:05 Scheduler=Main
   Partition=short AllocNode:Sid=quser41:3973193
   ReqNodeList=(null) ExcNodeList=(null)
   NodeList=qnode3032
   BatchHost=qnode3032
   NumNodes=1 NumCPUs=64 NumTasks=64 CPUs/Task=1 ReqB:S:C:T=0:0:*:*
   ReqTRES=cpu=64,mem=32000M,node=1,billing=288
   AllocTRES=cpu=64,mem=32000M,node=1,billing=288
   Socks/Node=* NtasksPerN:B:S:C=64:0:*:* CoreSpec=*
   MinCPUsNode=64 MinMemoryCPU=500M MinTmpDiskNode=0
   Features=[quest10|quest11|quest12|quest13] DelayBoot=00:00:00
   OverSubscribe=OK Contiguous=0 Licenses=(null) Network=(null)
   Command=/gpfs/home/tbr0780/Dissertation/Integrated_Likelihood_Algorithm/Polytomous_Logistic_Regression/scripts/experiment_sim.sh
   WorkDir=/gpfs/home/tbr0780/Dissertation/Integrated_Likelihood_Algorithm/Polytomous_Logistic_Regression
   StdErr=/dev/null
   StdIn=/dev/null
   StdOut=/dev/null
   MailUser=timothyruel2024@u.northwestern.edu MailType=INVALID_DEPEND,BEGIN,END,FAIL,REQUEUE,STAGE_OUT
   
--------------------------------------------------------------------------------
JOB EFFICIENCY 
--------------------------------------------------------------------------------
Job efficiency will be calculated after the job has completed.
===== checkjob (interval) at Wed Jun 18 21:20:34 CDT 2025 =====
--------------------------------------------------------------------------------
JOB INFORMATION 
--------------------------------------------------------------------------------
JobId=5960796 ArrayJobId=5858372 ArrayTaskId=842 JobName=experiment_sim
   UserId=tbr0780(3229) GroupId=tbr0780(4023) MCS_label=N/A
   Priority=19232 Nice=0 Account=p32397 QOS=normal
   JobState=RUNNING Reason=None Dependency=(null)
   Requeue=0 Restarts=0 BatchFlag=1 Reboot=0 ExitCode=0:0
   RunTime=00:09:29 TimeLimit=02:00:00 TimeMin=N/A
   SubmitTime=2025-06-18T15:19:09 EligibleTime=2025-06-18T15:19:11
   AccrueTime=2025-06-18T15:19:11
   StartTime=2025-06-18T21:11:05 EndTime=2025-06-18T23:11:05 Deadline=N/A
   SuspendTime=None SecsPreSuspend=0 LastSchedEval=2025-06-18T21:11:05 Scheduler=Main
   Partition=short AllocNode:Sid=quser41:3973193
   ReqNodeList=(null) ExcNodeList=(null)
   NodeList=qnode3032
   BatchHost=qnode3032
   NumNodes=1 NumCPUs=64 NumTasks=64 CPUs/Task=1 ReqB:S:C:T=0:0:*:*
   ReqTRES=cpu=64,mem=32000M,node=1,billing=288
   AllocTRES=cpu=64,mem=32000M,node=1,billing=288
   Socks/Node=* NtasksPerN:B:S:C=64:0:*:* CoreSpec=*
   MinCPUsNode=64 MinMemoryCPU=500M MinTmpDiskNode=0
   Features=[quest10|quest11|quest12|quest13] DelayBoot=00:00:00
   OverSubscribe=OK Contiguous=0 Licenses=(null) Network=(null)
   Command=/gpfs/home/tbr0780/Dissertation/Integrated_Likelihood_Algorithm/Polytomous_Logistic_Regression/scripts/experiment_sim.sh
   WorkDir=/gpfs/home/tbr0780/Dissertation/Integrated_Likelihood_Algorithm/Polytomous_Logistic_Regression
   StdErr=/dev/null
   StdIn=/dev/null
   StdOut=/dev/null
   MailUser=timothyruel2024@u.northwestern.edu MailType=INVALID_DEPEND,BEGIN,END,FAIL,REQUEUE,STAGE_OUT
   
--------------------------------------------------------------------------------
JOB EFFICIENCY 
--------------------------------------------------------------------------------
Job efficiency will be calculated after the job has completed.
===== checkjob (interval) at Wed Jun 18 21:21:09 CDT 2025 =====
--------------------------------------------------------------------------------
JOB INFORMATION 
--------------------------------------------------------------------------------
JobId=5960796 ArrayJobId=5858372 ArrayTaskId=842 JobName=experiment_sim
   UserId=tbr0780(3229) GroupId=tbr0780(4023) MCS_label=N/A
   Priority=19232 Nice=0 Account=p32397 QOS=normal
   JobState=RUNNING Reason=None Dependency=(null)
   Requeue=0 Restarts=0 BatchFlag=1 Reboot=0 ExitCode=0:0
   RunTime=00:10:04 TimeLimit=02:00:00 TimeMin=N/A
   SubmitTime=2025-06-18T15:19:09 EligibleTime=2025-06-18T15:19:11
   AccrueTime=2025-06-18T15:19:11
   StartTime=2025-06-18T21:11:05 EndTime=2025-06-18T23:11:05 Deadline=N/A
   SuspendTime=None SecsPreSuspend=0 LastSchedEval=2025-06-18T21:11:05 Scheduler=Main
   Partition=short AllocNode:Sid=quser41:3973193
   ReqNodeList=(null) ExcNodeList=(null)
   NodeList=qnode3032
   BatchHost=qnode3032
   NumNodes=1 NumCPUs=64 NumTasks=64 CPUs/Task=1 ReqB:S:C:T=0:0:*:*
   ReqTRES=cpu=64,mem=32000M,node=1,billing=288
   AllocTRES=cpu=64,mem=32000M,node=1,billing=288
   Socks/Node=* NtasksPerN:B:S:C=64:0:*:* CoreSpec=*
   MinCPUsNode=64 MinMemoryCPU=500M MinTmpDiskNode=0
   Features=[quest10|quest11|quest12|quest13] DelayBoot=00:00:00
   OverSubscribe=OK Contiguous=0 Licenses=(null) Network=(null)
   Command=/gpfs/home/tbr0780/Dissertation/Integrated_Likelihood_Algorithm/Polytomous_Logistic_Regression/scripts/experiment_sim.sh
   WorkDir=/gpfs/home/tbr0780/Dissertation/Integrated_Likelihood_Algorithm/Polytomous_Logistic_Regression
   StdErr=/dev/null
   StdIn=/dev/null
   StdOut=/dev/null
   MailUser=timothyruel2024@u.northwestern.edu MailType=INVALID_DEPEND,BEGIN,END,FAIL,REQUEUE,STAGE_OUT
   
--------------------------------------------------------------------------------
JOB EFFICIENCY 
--------------------------------------------------------------------------------
Job efficiency will be calculated after the job has completed.
===== checkjob (interval) at Wed Jun 18 21:21:44 CDT 2025 =====
--------------------------------------------------------------------------------
JOB INFORMATION 
--------------------------------------------------------------------------------
JobId=5960796 ArrayJobId=5858372 ArrayTaskId=842 JobName=experiment_sim
   UserId=tbr0780(3229) GroupId=tbr0780(4023) MCS_label=N/A
   Priority=19232 Nice=0 Account=p32397 QOS=normal
   JobState=RUNNING Reason=None Dependency=(null)
   Requeue=0 Restarts=0 BatchFlag=1 Reboot=0 ExitCode=0:0
   RunTime=00:10:39 TimeLimit=02:00:00 TimeMin=N/A
   SubmitTime=2025-06-18T15:19:09 EligibleTime=2025-06-18T15:19:11
   AccrueTime=2025-06-18T15:19:11
   StartTime=2025-06-18T21:11:05 EndTime=2025-06-18T23:11:05 Deadline=N/A
   SuspendTime=None SecsPreSuspend=0 LastSchedEval=2025-06-18T21:11:05 Scheduler=Main
   Partition=short AllocNode:Sid=quser41:3973193
   ReqNodeList=(null) ExcNodeList=(null)
   NodeList=qnode3032
   BatchHost=qnode3032
   NumNodes=1 NumCPUs=64 NumTasks=64 CPUs/Task=1 ReqB:S:C:T=0:0:*:*
   ReqTRES=cpu=64,mem=32000M,node=1,billing=288
   AllocTRES=cpu=64,mem=32000M,node=1,billing=288
   Socks/Node=* NtasksPerN:B:S:C=64:0:*:* CoreSpec=*
   MinCPUsNode=64 MinMemoryCPU=500M MinTmpDiskNode=0
   Features=[quest10|quest11|quest12|quest13] DelayBoot=00:00:00
   OverSubscribe=OK Contiguous=0 Licenses=(null) Network=(null)
   Command=/gpfs/home/tbr0780/Dissertation/Integrated_Likelihood_Algorithm/Polytomous_Logistic_Regression/scripts/experiment_sim.sh
   WorkDir=/gpfs/home/tbr0780/Dissertation/Integrated_Likelihood_Algorithm/Polytomous_Logistic_Regression
   StdErr=/dev/null
   StdIn=/dev/null
   StdOut=/dev/null
   MailUser=timothyruel2024@u.northwestern.edu MailType=INVALID_DEPEND,BEGIN,END,FAIL,REQUEUE,STAGE_OUT
   
--------------------------------------------------------------------------------
JOB EFFICIENCY 
--------------------------------------------------------------------------------
Job efficiency will be calculated after the job has completed.
===== checkjob (interval) at Wed Jun 18 21:22:16 CDT 2025 =====
--------------------------------------------------------------------------------
JOB INFORMATION 
--------------------------------------------------------------------------------
JobId=5960796 ArrayJobId=5858372 ArrayTaskId=842 JobName=experiment_sim
   UserId=tbr0780(3229) GroupId=tbr0780(4023) MCS_label=N/A
   Priority=19232 Nice=0 Account=p32397 QOS=normal
   JobState=RUNNING Reason=None Dependency=(null)
   Requeue=0 Restarts=0 BatchFlag=1 Reboot=0 ExitCode=0:0
   RunTime=00:11:12 TimeLimit=02:00:00 TimeMin=N/A
   SubmitTime=2025-06-18T15:19:09 EligibleTime=2025-06-18T15:19:11
   AccrueTime=2025-06-18T15:19:11
   StartTime=2025-06-18T21:11:05 EndTime=2025-06-18T23:11:05 Deadline=N/A
   SuspendTime=None SecsPreSuspend=0 LastSchedEval=2025-06-18T21:11:05 Scheduler=Main
   Partition=short AllocNode:Sid=quser41:3973193
   ReqNodeList=(null) ExcNodeList=(null)
   NodeList=qnode3032
   BatchHost=qnode3032
   NumNodes=1 NumCPUs=64 NumTasks=64 CPUs/Task=1 ReqB:S:C:T=0:0:*:*
   ReqTRES=cpu=64,mem=32000M,node=1,billing=288
   AllocTRES=cpu=64,mem=32000M,node=1,billing=288
   Socks/Node=* NtasksPerN:B:S:C=64:0:*:* CoreSpec=*
   MinCPUsNode=64 MinMemoryCPU=500M MinTmpDiskNode=0
   Features=[quest10|quest11|quest12|quest13] DelayBoot=00:00:00
   OverSubscribe=OK Contiguous=0 Licenses=(null) Network=(null)
   Command=/gpfs/home/tbr0780/Dissertation/Integrated_Likelihood_Algorithm/Polytomous_Logistic_Regression/scripts/experiment_sim.sh
   WorkDir=/gpfs/home/tbr0780/Dissertation/Integrated_Likelihood_Algorithm/Polytomous_Logistic_Regression
   StdErr=/dev/null
   StdIn=/dev/null
   StdOut=/dev/null
   MailUser=timothyruel2024@u.northwestern.edu MailType=INVALID_DEPEND,BEGIN,END,FAIL,REQUEUE,STAGE_OUT
   
--------------------------------------------------------------------------------
JOB EFFICIENCY 
--------------------------------------------------------------------------------
Job efficiency will be calculated after the job has completed.
===== checkjob (interval) at Wed Jun 18 21:22:52 CDT 2025 =====
--------------------------------------------------------------------------------
JOB INFORMATION 
--------------------------------------------------------------------------------
JobId=5960796 ArrayJobId=5858372 ArrayTaskId=842 JobName=experiment_sim
   UserId=tbr0780(3229) GroupId=tbr0780(4023) MCS_label=N/A
   Priority=19232 Nice=0 Account=p32397 QOS=normal
   JobState=RUNNING Reason=None Dependency=(null)
   Requeue=0 Restarts=0 BatchFlag=1 Reboot=0 ExitCode=0:0
   RunTime=00:11:47 TimeLimit=02:00:00 TimeMin=N/A
   SubmitTime=2025-06-18T15:19:09 EligibleTime=2025-06-18T15:19:11
   AccrueTime=2025-06-18T15:19:11
   StartTime=2025-06-18T21:11:05 EndTime=2025-06-18T23:11:05 Deadline=N/A
   SuspendTime=None SecsPreSuspend=0 LastSchedEval=2025-06-18T21:11:05 Scheduler=Main
   Partition=short AllocNode:Sid=quser41:3973193
   ReqNodeList=(null) ExcNodeList=(null)
   NodeList=qnode3032
   BatchHost=qnode3032
   NumNodes=1 NumCPUs=64 NumTasks=64 CPUs/Task=1 ReqB:S:C:T=0:0:*:*
   ReqTRES=cpu=64,mem=32000M,node=1,billing=288
   AllocTRES=cpu=64,mem=32000M,node=1,billing=288
   Socks/Node=* NtasksPerN:B:S:C=64:0:*:* CoreSpec=*
   MinCPUsNode=64 MinMemoryCPU=500M MinTmpDiskNode=0
   Features=[quest10|quest11|quest12|quest13] DelayBoot=00:00:00
   OverSubscribe=OK Contiguous=0 Licenses=(null) Network=(null)
   Command=/gpfs/home/tbr0780/Dissertation/Integrated_Likelihood_Algorithm/Polytomous_Logistic_Regression/scripts/experiment_sim.sh
   WorkDir=/gpfs/home/tbr0780/Dissertation/Integrated_Likelihood_Algorithm/Polytomous_Logistic_Regression
   StdErr=/dev/null
   StdIn=/dev/null
   StdOut=/dev/null
   MailUser=timothyruel2024@u.northwestern.edu MailType=INVALID_DEPEND,BEGIN,END,FAIL,REQUEUE,STAGE_OUT
   
--------------------------------------------------------------------------------
JOB EFFICIENCY 
--------------------------------------------------------------------------------
Job efficiency will be calculated after the job has completed.
===== checkjob (interval) at Wed Jun 18 21:23:27 CDT 2025 =====
--------------------------------------------------------------------------------
JOB INFORMATION 
--------------------------------------------------------------------------------
JobId=5960796 ArrayJobId=5858372 ArrayTaskId=842 JobName=experiment_sim
   UserId=tbr0780(3229) GroupId=tbr0780(4023) MCS_label=N/A
   Priority=19232 Nice=0 Account=p32397 QOS=normal
   JobState=RUNNING Reason=None Dependency=(null)
   Requeue=0 Restarts=0 BatchFlag=1 Reboot=0 ExitCode=0:0
   RunTime=00:12:22 TimeLimit=02:00:00 TimeMin=N/A
   SubmitTime=2025-06-18T15:19:09 EligibleTime=2025-06-18T15:19:11
   AccrueTime=2025-06-18T15:19:11
   StartTime=2025-06-18T21:11:05 EndTime=2025-06-18T23:11:05 Deadline=N/A
   SuspendTime=None SecsPreSuspend=0 LastSchedEval=2025-06-18T21:11:05 Scheduler=Main
   Partition=short AllocNode:Sid=quser41:3973193
   ReqNodeList=(null) ExcNodeList=(null)
   NodeList=qnode3032
   BatchHost=qnode3032
   NumNodes=1 NumCPUs=64 NumTasks=64 CPUs/Task=1 ReqB:S:C:T=0:0:*:*
   ReqTRES=cpu=64,mem=32000M,node=1,billing=288
   AllocTRES=cpu=64,mem=32000M,node=1,billing=288
   Socks/Node=* NtasksPerN:B:S:C=64:0:*:* CoreSpec=*
   MinCPUsNode=64 MinMemoryCPU=500M MinTmpDiskNode=0
   Features=[quest10|quest11|quest12|quest13] DelayBoot=00:00:00
   OverSubscribe=OK Contiguous=0 Licenses=(null) Network=(null)
   Command=/gpfs/home/tbr0780/Dissertation/Integrated_Likelihood_Algorithm/Polytomous_Logistic_Regression/scripts/experiment_sim.sh
   WorkDir=/gpfs/home/tbr0780/Dissertation/Integrated_Likelihood_Algorithm/Polytomous_Logistic_Regression
   StdErr=/dev/null
   StdIn=/dev/null
   StdOut=/dev/null
   MailUser=timothyruel2024@u.northwestern.edu MailType=INVALID_DEPEND,BEGIN,END,FAIL,REQUEUE,STAGE_OUT
   
--------------------------------------------------------------------------------
JOB EFFICIENCY 
--------------------------------------------------------------------------------
Job efficiency will be calculated after the job has completed.
===== checkjob (interval) at Wed Jun 18 21:24:02 CDT 2025 =====
--------------------------------------------------------------------------------
JOB INFORMATION 
--------------------------------------------------------------------------------
JobId=5960796 ArrayJobId=5858372 ArrayTaskId=842 JobName=experiment_sim
   UserId=tbr0780(3229) GroupId=tbr0780(4023) MCS_label=N/A
   Priority=19232 Nice=0 Account=p32397 QOS=normal
   JobState=RUNNING Reason=None Dependency=(null)
   Requeue=0 Restarts=0 BatchFlag=1 Reboot=0 ExitCode=0:0
   RunTime=00:12:57 TimeLimit=02:00:00 TimeMin=N/A
   SubmitTime=2025-06-18T15:19:09 EligibleTime=2025-06-18T15:19:11
   AccrueTime=2025-06-18T15:19:11
   StartTime=2025-06-18T21:11:05 EndTime=2025-06-18T23:11:05 Deadline=N/A
   SuspendTime=None SecsPreSuspend=0 LastSchedEval=2025-06-18T21:11:05 Scheduler=Main
   Partition=short AllocNode:Sid=quser41:3973193
   ReqNodeList=(null) ExcNodeList=(null)
   NodeList=qnode3032
   BatchHost=qnode3032
   NumNodes=1 NumCPUs=64 NumTasks=64 CPUs/Task=1 ReqB:S:C:T=0:0:*:*
   ReqTRES=cpu=64,mem=32000M,node=1,billing=288
   AllocTRES=cpu=64,mem=32000M,node=1,billing=288
   Socks/Node=* NtasksPerN:B:S:C=64:0:*:* CoreSpec=*
   MinCPUsNode=64 MinMemoryCPU=500M MinTmpDiskNode=0
   Features=[quest10|quest11|quest12|quest13] DelayBoot=00:00:00
   OverSubscribe=OK Contiguous=0 Licenses=(null) Network=(null)
   Command=/gpfs/home/tbr0780/Dissertation/Integrated_Likelihood_Algorithm/Polytomous_Logistic_Regression/scripts/experiment_sim.sh
   WorkDir=/gpfs/home/tbr0780/Dissertation/Integrated_Likelihood_Algorithm/Polytomous_Logistic_Regression
   StdErr=/dev/null
   StdIn=/dev/null
   StdOut=/dev/null
   MailUser=timothyruel2024@u.northwestern.edu MailType=INVALID_DEPEND,BEGIN,END,FAIL,REQUEUE,STAGE_OUT
   
--------------------------------------------------------------------------------
JOB EFFICIENCY 
--------------------------------------------------------------------------------
Job efficiency will be calculated after the job has completed.
===== checkjob (interval) at Wed Jun 18 21:24:35 CDT 2025 =====
--------------------------------------------------------------------------------
JOB INFORMATION 
--------------------------------------------------------------------------------
JobId=5960796 ArrayJobId=5858372 ArrayTaskId=842 JobName=experiment_sim
   UserId=tbr0780(3229) GroupId=tbr0780(4023) MCS_label=N/A
   Priority=19232 Nice=0 Account=p32397 QOS=normal
   JobState=RUNNING Reason=None Dependency=(null)
   Requeue=0 Restarts=0 BatchFlag=1 Reboot=0 ExitCode=0:0
   RunTime=00:13:30 TimeLimit=02:00:00 TimeMin=N/A
   SubmitTime=2025-06-18T15:19:09 EligibleTime=2025-06-18T15:19:11
   AccrueTime=2025-06-18T15:19:11
   StartTime=2025-06-18T21:11:05 EndTime=2025-06-18T23:11:05 Deadline=N/A
   SuspendTime=None SecsPreSuspend=0 LastSchedEval=2025-06-18T21:11:05 Scheduler=Main
   Partition=short AllocNode:Sid=quser41:3973193
   ReqNodeList=(null) ExcNodeList=(null)
   NodeList=qnode3032
   BatchHost=qnode3032
   NumNodes=1 NumCPUs=64 NumTasks=64 CPUs/Task=1 ReqB:S:C:T=0:0:*:*
   ReqTRES=cpu=64,mem=32000M,node=1,billing=288
   AllocTRES=cpu=64,mem=32000M,node=1,billing=288
   Socks/Node=* NtasksPerN:B:S:C=64:0:*:* CoreSpec=*
   MinCPUsNode=64 MinMemoryCPU=500M MinTmpDiskNode=0
   Features=[quest10|quest11|quest12|quest13] DelayBoot=00:00:00
   OverSubscribe=OK Contiguous=0 Licenses=(null) Network=(null)
   Command=/gpfs/home/tbr0780/Dissertation/Integrated_Likelihood_Algorithm/Polytomous_Logistic_Regression/scripts/experiment_sim.sh
   WorkDir=/gpfs/home/tbr0780/Dissertation/Integrated_Likelihood_Algorithm/Polytomous_Logistic_Regression
   StdErr=/dev/null
   StdIn=/dev/null
   StdOut=/dev/null
   MailUser=timothyruel2024@u.northwestern.edu MailType=INVALID_DEPEND,BEGIN,END,FAIL,REQUEUE,STAGE_OUT
   
--------------------------------------------------------------------------------
JOB EFFICIENCY 
--------------------------------------------------------------------------------
Job efficiency will be calculated after the job has completed.
===== checkjob (interval) at Wed Jun 18 21:25:06 CDT 2025 =====
--------------------------------------------------------------------------------
JOB INFORMATION 
--------------------------------------------------------------------------------
JobId=5960796 ArrayJobId=5858372 ArrayTaskId=842 JobName=experiment_sim
   UserId=tbr0780(3229) GroupId=tbr0780(4023) MCS_label=N/A
   Priority=19232 Nice=0 Account=p32397 QOS=normal
   JobState=RUNNING Reason=None Dependency=(null)
   Requeue=0 Restarts=0 BatchFlag=1 Reboot=0 ExitCode=0:0
   RunTime=00:14:01 TimeLimit=02:00:00 TimeMin=N/A
   SubmitTime=2025-06-18T15:19:09 EligibleTime=2025-06-18T15:19:11
   AccrueTime=2025-06-18T15:19:11
   StartTime=2025-06-18T21:11:05 EndTime=2025-06-18T23:11:05 Deadline=N/A
   SuspendTime=None SecsPreSuspend=0 LastSchedEval=2025-06-18T21:11:05 Scheduler=Main
   Partition=short AllocNode:Sid=quser41:3973193
   ReqNodeList=(null) ExcNodeList=(null)
   NodeList=qnode3032
   BatchHost=qnode3032
   NumNodes=1 NumCPUs=64 NumTasks=64 CPUs/Task=1 ReqB:S:C:T=0:0:*:*
   ReqTRES=cpu=64,mem=32000M,node=1,billing=288
   AllocTRES=cpu=64,mem=32000M,node=1,billing=288
   Socks/Node=* NtasksPerN:B:S:C=64:0:*:* CoreSpec=*
   MinCPUsNode=64 MinMemoryCPU=500M MinTmpDiskNode=0
   Features=[quest10|quest11|quest12|quest13] DelayBoot=00:00:00
   OverSubscribe=OK Contiguous=0 Licenses=(null) Network=(null)
   Command=/gpfs/home/tbr0780/Dissertation/Integrated_Likelihood_Algorithm/Polytomous_Logistic_Regression/scripts/experiment_sim.sh
   WorkDir=/gpfs/home/tbr0780/Dissertation/Integrated_Likelihood_Algorithm/Polytomous_Logistic_Regression
   StdErr=/dev/null
   StdIn=/dev/null
   StdOut=/dev/null
   MailUser=timothyruel2024@u.northwestern.edu MailType=INVALID_DEPEND,BEGIN,END,FAIL,REQUEUE,STAGE_OUT
   
--------------------------------------------------------------------------------
JOB EFFICIENCY 
--------------------------------------------------------------------------------
Job efficiency will be calculated after the job has completed.
===== checkjob (interval) at Wed Jun 18 21:25:38 CDT 2025 =====
--------------------------------------------------------------------------------
JOB INFORMATION 
--------------------------------------------------------------------------------
JobId=5960796 ArrayJobId=5858372 ArrayTaskId=842 JobName=experiment_sim
   UserId=tbr0780(3229) GroupId=tbr0780(4023) MCS_label=N/A
   Priority=19232 Nice=0 Account=p32397 QOS=normal
   JobState=RUNNING Reason=None Dependency=(null)
   Requeue=0 Restarts=0 BatchFlag=1 Reboot=0 ExitCode=0:0
   RunTime=00:14:34 TimeLimit=02:00:00 TimeMin=N/A
   SubmitTime=2025-06-18T15:19:09 EligibleTime=2025-06-18T15:19:11
   AccrueTime=2025-06-18T15:19:11
   StartTime=2025-06-18T21:11:05 EndTime=2025-06-18T23:11:05 Deadline=N/A
   SuspendTime=None SecsPreSuspend=0 LastSchedEval=2025-06-18T21:11:05 Scheduler=Main
   Partition=short AllocNode:Sid=quser41:3973193
   ReqNodeList=(null) ExcNodeList=(null)
   NodeList=qnode3032
   BatchHost=qnode3032
   NumNodes=1 NumCPUs=64 NumTasks=64 CPUs/Task=1 ReqB:S:C:T=0:0:*:*
   ReqTRES=cpu=64,mem=32000M,node=1,billing=288
   AllocTRES=cpu=64,mem=32000M,node=1,billing=288
   Socks/Node=* NtasksPerN:B:S:C=64:0:*:* CoreSpec=*
   MinCPUsNode=64 MinMemoryCPU=500M MinTmpDiskNode=0
   Features=[quest10|quest11|quest12|quest13] DelayBoot=00:00:00
   OverSubscribe=OK Contiguous=0 Licenses=(null) Network=(null)
   Command=/gpfs/home/tbr0780/Dissertation/Integrated_Likelihood_Algorithm/Polytomous_Logistic_Regression/scripts/experiment_sim.sh
   WorkDir=/gpfs/home/tbr0780/Dissertation/Integrated_Likelihood_Algorithm/Polytomous_Logistic_Regression
   StdErr=/dev/null
   StdIn=/dev/null
   StdOut=/dev/null
   MailUser=timothyruel2024@u.northwestern.edu MailType=INVALID_DEPEND,BEGIN,END,FAIL,REQUEUE,STAGE_OUT
   
--------------------------------------------------------------------------------
JOB EFFICIENCY 
--------------------------------------------------------------------------------
Job efficiency will be calculated after the job has completed.
===== checkjob (interval) at Wed Jun 18 21:26:11 CDT 2025 =====
--------------------------------------------------------------------------------
JOB INFORMATION 
--------------------------------------------------------------------------------
JobId=5960796 ArrayJobId=5858372 ArrayTaskId=842 JobName=experiment_sim
   UserId=tbr0780(3229) GroupId=tbr0780(4023) MCS_label=N/A
   Priority=19232 Nice=0 Account=p32397 QOS=normal
   JobState=RUNNING Reason=None Dependency=(null)
   Requeue=0 Restarts=0 BatchFlag=1 Reboot=0 ExitCode=0:0
   RunTime=00:15:06 TimeLimit=02:00:00 TimeMin=N/A
   SubmitTime=2025-06-18T15:19:09 EligibleTime=2025-06-18T15:19:11
   AccrueTime=2025-06-18T15:19:11
   StartTime=2025-06-18T21:11:05 EndTime=2025-06-18T23:11:05 Deadline=N/A
   SuspendTime=None SecsPreSuspend=0 LastSchedEval=2025-06-18T21:11:05 Scheduler=Main
   Partition=short AllocNode:Sid=quser41:3973193
   ReqNodeList=(null) ExcNodeList=(null)
   NodeList=qnode3032
   BatchHost=qnode3032
   NumNodes=1 NumCPUs=64 NumTasks=64 CPUs/Task=1 ReqB:S:C:T=0:0:*:*
   ReqTRES=cpu=64,mem=32000M,node=1,billing=288
   AllocTRES=cpu=64,mem=32000M,node=1,billing=288
   Socks/Node=* NtasksPerN:B:S:C=64:0:*:* CoreSpec=*
   MinCPUsNode=64 MinMemoryCPU=500M MinTmpDiskNode=0
   Features=[quest10|quest11|quest12|quest13] DelayBoot=00:00:00
   OverSubscribe=OK Contiguous=0 Licenses=(null) Network=(null)
   Command=/gpfs/home/tbr0780/Dissertation/Integrated_Likelihood_Algorithm/Polytomous_Logistic_Regression/scripts/experiment_sim.sh
   WorkDir=/gpfs/home/tbr0780/Dissertation/Integrated_Likelihood_Algorithm/Polytomous_Logistic_Regression
   StdErr=/dev/null
   StdIn=/dev/null
   StdOut=/dev/null
   MailUser=timothyruel2024@u.northwestern.edu MailType=INVALID_DEPEND,BEGIN,END,FAIL,REQUEUE,STAGE_OUT
   
--------------------------------------------------------------------------------
JOB EFFICIENCY 
--------------------------------------------------------------------------------
Job efficiency will be calculated after the job has completed.
===== checkjob (interval) at Wed Jun 18 21:26:44 CDT 2025 =====
--------------------------------------------------------------------------------
JOB INFORMATION 
--------------------------------------------------------------------------------
JobId=5960796 ArrayJobId=5858372 ArrayTaskId=842 JobName=experiment_sim
   UserId=tbr0780(3229) GroupId=tbr0780(4023) MCS_label=N/A
   Priority=19232 Nice=0 Account=p32397 QOS=normal
   JobState=RUNNING Reason=None Dependency=(null)
   Requeue=0 Restarts=0 BatchFlag=1 Reboot=0 ExitCode=0:0
   RunTime=00:15:39 TimeLimit=02:00:00 TimeMin=N/A
   SubmitTime=2025-06-18T15:19:09 EligibleTime=2025-06-18T15:19:11
   AccrueTime=2025-06-18T15:19:11
   StartTime=2025-06-18T21:11:05 EndTime=2025-06-18T23:11:05 Deadline=N/A
   SuspendTime=None SecsPreSuspend=0 LastSchedEval=2025-06-18T21:11:05 Scheduler=Main
   Partition=short AllocNode:Sid=quser41:3973193
   ReqNodeList=(null) ExcNodeList=(null)
   NodeList=qnode3032
   BatchHost=qnode3032
   NumNodes=1 NumCPUs=64 NumTasks=64 CPUs/Task=1 ReqB:S:C:T=0:0:*:*
   ReqTRES=cpu=64,mem=32000M,node=1,billing=288
   AllocTRES=cpu=64,mem=32000M,node=1,billing=288
   Socks/Node=* NtasksPerN:B:S:C=64:0:*:* CoreSpec=*
   MinCPUsNode=64 MinMemoryCPU=500M MinTmpDiskNode=0
   Features=[quest10|quest11|quest12|quest13] DelayBoot=00:00:00
   OverSubscribe=OK Contiguous=0 Licenses=(null) Network=(null)
   Command=/gpfs/home/tbr0780/Dissertation/Integrated_Likelihood_Algorithm/Polytomous_Logistic_Regression/scripts/experiment_sim.sh
   WorkDir=/gpfs/home/tbr0780/Dissertation/Integrated_Likelihood_Algorithm/Polytomous_Logistic_Regression
   StdErr=/dev/null
   StdIn=/dev/null
   StdOut=/dev/null
   MailUser=timothyruel2024@u.northwestern.edu MailType=INVALID_DEPEND,BEGIN,END,FAIL,REQUEUE,STAGE_OUT
   
--------------------------------------------------------------------------------
JOB EFFICIENCY 
--------------------------------------------------------------------------------
Job efficiency will be calculated after the job has completed.
===== checkjob (interval) at Wed Jun 18 21:27:17 CDT 2025 =====
--------------------------------------------------------------------------------
JOB INFORMATION 
--------------------------------------------------------------------------------
JobId=5960796 ArrayJobId=5858372 ArrayTaskId=842 JobName=experiment_sim
   UserId=tbr0780(3229) GroupId=tbr0780(4023) MCS_label=N/A
   Priority=19232 Nice=0 Account=p32397 QOS=normal
   JobState=RUNNING Reason=None Dependency=(null)
   Requeue=0 Restarts=0 BatchFlag=1 Reboot=0 ExitCode=0:0
   RunTime=00:16:12 TimeLimit=02:00:00 TimeMin=N/A
   SubmitTime=2025-06-18T15:19:09 EligibleTime=2025-06-18T15:19:11
   AccrueTime=2025-06-18T15:19:11
   StartTime=2025-06-18T21:11:05 EndTime=2025-06-18T23:11:05 Deadline=N/A
   SuspendTime=None SecsPreSuspend=0 LastSchedEval=2025-06-18T21:11:05 Scheduler=Main
   Partition=short AllocNode:Sid=quser41:3973193
   ReqNodeList=(null) ExcNodeList=(null)
   NodeList=qnode3032
   BatchHost=qnode3032
   NumNodes=1 NumCPUs=64 NumTasks=64 CPUs/Task=1 ReqB:S:C:T=0:0:*:*
   ReqTRES=cpu=64,mem=32000M,node=1,billing=288
   AllocTRES=cpu=64,mem=32000M,node=1,billing=288
   Socks/Node=* NtasksPerN:B:S:C=64:0:*:* CoreSpec=*
   MinCPUsNode=64 MinMemoryCPU=500M MinTmpDiskNode=0
   Features=[quest10|quest11|quest12|quest13] DelayBoot=00:00:00
   OverSubscribe=OK Contiguous=0 Licenses=(null) Network=(null)
   Command=/gpfs/home/tbr0780/Dissertation/Integrated_Likelihood_Algorithm/Polytomous_Logistic_Regression/scripts/experiment_sim.sh
   WorkDir=/gpfs/home/tbr0780/Dissertation/Integrated_Likelihood_Algorithm/Polytomous_Logistic_Regression
   StdErr=/dev/null
   StdIn=/dev/null
   StdOut=/dev/null
   MailUser=timothyruel2024@u.northwestern.edu MailType=INVALID_DEPEND,BEGIN,END,FAIL,REQUEUE,STAGE_OUT
   
--------------------------------------------------------------------------------
JOB EFFICIENCY 
--------------------------------------------------------------------------------
Job efficiency will be calculated after the job has completed.
===== checkjob (interval) at Wed Jun 18 21:27:52 CDT 2025 =====
--------------------------------------------------------------------------------
JOB INFORMATION 
--------------------------------------------------------------------------------
JobId=5960796 ArrayJobId=5858372 ArrayTaskId=842 JobName=experiment_sim
   UserId=tbr0780(3229) GroupId=tbr0780(4023) MCS_label=N/A
   Priority=19232 Nice=0 Account=p32397 QOS=normal
   JobState=RUNNING Reason=None Dependency=(null)
   Requeue=0 Restarts=0 BatchFlag=1 Reboot=0 ExitCode=0:0
   RunTime=00:16:47 TimeLimit=02:00:00 TimeMin=N/A
   SubmitTime=2025-06-18T15:19:09 EligibleTime=2025-06-18T15:19:11
   AccrueTime=2025-06-18T15:19:11
   StartTime=2025-06-18T21:11:05 EndTime=2025-06-18T23:11:05 Deadline=N/A
   SuspendTime=None SecsPreSuspend=0 LastSchedEval=2025-06-18T21:11:05 Scheduler=Main
   Partition=short AllocNode:Sid=quser41:3973193
   ReqNodeList=(null) ExcNodeList=(null)
   NodeList=qnode3032
   BatchHost=qnode3032
   NumNodes=1 NumCPUs=64 NumTasks=64 CPUs/Task=1 ReqB:S:C:T=0:0:*:*
   ReqTRES=cpu=64,mem=32000M,node=1,billing=288
   AllocTRES=cpu=64,mem=32000M,node=1,billing=288
   Socks/Node=* NtasksPerN:B:S:C=64:0:*:* CoreSpec=*
   MinCPUsNode=64 MinMemoryCPU=500M MinTmpDiskNode=0
   Features=[quest10|quest11|quest12|quest13] DelayBoot=00:00:00
   OverSubscribe=OK Contiguous=0 Licenses=(null) Network=(null)
   Command=/gpfs/home/tbr0780/Dissertation/Integrated_Likelihood_Algorithm/Polytomous_Logistic_Regression/scripts/experiment_sim.sh
   WorkDir=/gpfs/home/tbr0780/Dissertation/Integrated_Likelihood_Algorithm/Polytomous_Logistic_Regression
   StdErr=/dev/null
   StdIn=/dev/null
   StdOut=/dev/null
   MailUser=timothyruel2024@u.northwestern.edu MailType=INVALID_DEPEND,BEGIN,END,FAIL,REQUEUE,STAGE_OUT
   
--------------------------------------------------------------------------------
JOB EFFICIENCY 
--------------------------------------------------------------------------------
Job efficiency will be calculated after the job has completed.
===== checkjob (interval) at Wed Jun 18 21:28:27 CDT 2025 =====
--------------------------------------------------------------------------------
JOB INFORMATION 
--------------------------------------------------------------------------------
JobId=5960796 ArrayJobId=5858372 ArrayTaskId=842 JobName=experiment_sim
   UserId=tbr0780(3229) GroupId=tbr0780(4023) MCS_label=N/A
   Priority=19232 Nice=0 Account=p32397 QOS=normal
   JobState=RUNNING Reason=None Dependency=(null)
   Requeue=0 Restarts=0 BatchFlag=1 Reboot=0 ExitCode=0:0
   RunTime=00:17:22 TimeLimit=02:00:00 TimeMin=N/A
   SubmitTime=2025-06-18T15:19:09 EligibleTime=2025-06-18T15:19:11
   AccrueTime=2025-06-18T15:19:11
   StartTime=2025-06-18T21:11:05 EndTime=2025-06-18T23:11:05 Deadline=N/A
   SuspendTime=None SecsPreSuspend=0 LastSchedEval=2025-06-18T21:11:05 Scheduler=Main
   Partition=short AllocNode:Sid=quser41:3973193
   ReqNodeList=(null) ExcNodeList=(null)
   NodeList=qnode3032
   BatchHost=qnode3032
   NumNodes=1 NumCPUs=64 NumTasks=64 CPUs/Task=1 ReqB:S:C:T=0:0:*:*
   ReqTRES=cpu=64,mem=32000M,node=1,billing=288
   AllocTRES=cpu=64,mem=32000M,node=1,billing=288
   Socks/Node=* NtasksPerN:B:S:C=64:0:*:* CoreSpec=*
   MinCPUsNode=64 MinMemoryCPU=500M MinTmpDiskNode=0
   Features=[quest10|quest11|quest12|quest13] DelayBoot=00:00:00
   OverSubscribe=OK Contiguous=0 Licenses=(null) Network=(null)
   Command=/gpfs/home/tbr0780/Dissertation/Integrated_Likelihood_Algorithm/Polytomous_Logistic_Regression/scripts/experiment_sim.sh
   WorkDir=/gpfs/home/tbr0780/Dissertation/Integrated_Likelihood_Algorithm/Polytomous_Logistic_Regression
   StdErr=/dev/null
   StdIn=/dev/null
   StdOut=/dev/null
   MailUser=timothyruel2024@u.northwestern.edu MailType=INVALID_DEPEND,BEGIN,END,FAIL,REQUEUE,STAGE_OUT
   
--------------------------------------------------------------------------------
JOB EFFICIENCY 
--------------------------------------------------------------------------------
Job efficiency will be calculated after the job has completed.
===== checkjob (interval) at Wed Jun 18 21:29:02 CDT 2025 =====
--------------------------------------------------------------------------------
JOB INFORMATION 
--------------------------------------------------------------------------------
JobId=5960796 ArrayJobId=5858372 ArrayTaskId=842 JobName=experiment_sim
   UserId=tbr0780(3229) GroupId=tbr0780(4023) MCS_label=N/A
   Priority=19232 Nice=0 Account=p32397 QOS=normal
   JobState=RUNNING Reason=None Dependency=(null)
   Requeue=0 Restarts=0 BatchFlag=1 Reboot=0 ExitCode=0:0
   RunTime=00:17:57 TimeLimit=02:00:00 TimeMin=N/A
   SubmitTime=2025-06-18T15:19:09 EligibleTime=2025-06-18T15:19:11
   AccrueTime=2025-06-18T15:19:11
   StartTime=2025-06-18T21:11:05 EndTime=2025-06-18T23:11:05 Deadline=N/A
   SuspendTime=None SecsPreSuspend=0 LastSchedEval=2025-06-18T21:11:05 Scheduler=Main
   Partition=short AllocNode:Sid=quser41:3973193
   ReqNodeList=(null) ExcNodeList=(null)
   NodeList=qnode3032
   BatchHost=qnode3032
   NumNodes=1 NumCPUs=64 NumTasks=64 CPUs/Task=1 ReqB:S:C:T=0:0:*:*
   ReqTRES=cpu=64,mem=32000M,node=1,billing=288
   AllocTRES=cpu=64,mem=32000M,node=1,billing=288
   Socks/Node=* NtasksPerN:B:S:C=64:0:*:* CoreSpec=*
   MinCPUsNode=64 MinMemoryCPU=500M MinTmpDiskNode=0
   Features=[quest10|quest11|quest12|quest13] DelayBoot=00:00:00
   OverSubscribe=OK Contiguous=0 Licenses=(null) Network=(null)
   Command=/gpfs/home/tbr0780/Dissertation/Integrated_Likelihood_Algorithm/Polytomous_Logistic_Regression/scripts/experiment_sim.sh
   WorkDir=/gpfs/home/tbr0780/Dissertation/Integrated_Likelihood_Algorithm/Polytomous_Logistic_Regression
   StdErr=/dev/null
   StdIn=/dev/null
   StdOut=/dev/null
   MailUser=timothyruel2024@u.northwestern.edu MailType=INVALID_DEPEND,BEGIN,END,FAIL,REQUEUE,STAGE_OUT
   
--------------------------------------------------------------------------------
JOB EFFICIENCY 
--------------------------------------------------------------------------------
Job efficiency will be calculated after the job has completed.
===== checkjob (interval) at Wed Jun 18 21:29:37 CDT 2025 =====
--------------------------------------------------------------------------------
JOB INFORMATION 
--------------------------------------------------------------------------------
JobId=5960796 ArrayJobId=5858372 ArrayTaskId=842 JobName=experiment_sim
   UserId=tbr0780(3229) GroupId=tbr0780(4023) MCS_label=N/A
   Priority=19232 Nice=0 Account=p32397 QOS=normal
   JobState=RUNNING Reason=None Dependency=(null)
   Requeue=0 Restarts=0 BatchFlag=1 Reboot=0 ExitCode=0:0
   RunTime=00:18:33 TimeLimit=02:00:00 TimeMin=N/A
   SubmitTime=2025-06-18T15:19:09 EligibleTime=2025-06-18T15:19:11
   AccrueTime=2025-06-18T15:19:11
   StartTime=2025-06-18T21:11:05 EndTime=2025-06-18T23:11:05 Deadline=N/A
   SuspendTime=None SecsPreSuspend=0 LastSchedEval=2025-06-18T21:11:05 Scheduler=Main
   Partition=short AllocNode:Sid=quser41:3973193
   ReqNodeList=(null) ExcNodeList=(null)
   NodeList=qnode3032
   BatchHost=qnode3032
   NumNodes=1 NumCPUs=64 NumTasks=64 CPUs/Task=1 ReqB:S:C:T=0:0:*:*
   ReqTRES=cpu=64,mem=32000M,node=1,billing=288
   AllocTRES=cpu=64,mem=32000M,node=1,billing=288
   Socks/Node=* NtasksPerN:B:S:C=64:0:*:* CoreSpec=*
   MinCPUsNode=64 MinMemoryCPU=500M MinTmpDiskNode=0
   Features=[quest10|quest11|quest12|quest13] DelayBoot=00:00:00
   OverSubscribe=OK Contiguous=0 Licenses=(null) Network=(null)
   Command=/gpfs/home/tbr0780/Dissertation/Integrated_Likelihood_Algorithm/Polytomous_Logistic_Regression/scripts/experiment_sim.sh
   WorkDir=/gpfs/home/tbr0780/Dissertation/Integrated_Likelihood_Algorithm/Polytomous_Logistic_Regression
   StdErr=/dev/null
   StdIn=/dev/null
   StdOut=/dev/null
   MailUser=timothyruel2024@u.northwestern.edu MailType=INVALID_DEPEND,BEGIN,END,FAIL,REQUEUE,STAGE_OUT
   
--------------------------------------------------------------------------------
JOB EFFICIENCY 
--------------------------------------------------------------------------------
Job efficiency will be calculated after the job has completed.
===== checkjob (interval) at Wed Jun 18 21:30:10 CDT 2025 =====
--------------------------------------------------------------------------------
JOB INFORMATION 
--------------------------------------------------------------------------------
JobId=5960796 ArrayJobId=5858372 ArrayTaskId=842 JobName=experiment_sim
   UserId=tbr0780(3229) GroupId=tbr0780(4023) MCS_label=N/A
   Priority=19232 Nice=0 Account=p32397 QOS=normal
   JobState=RUNNING Reason=None Dependency=(null)
   Requeue=0 Restarts=0 BatchFlag=1 Reboot=0 ExitCode=0:0
   RunTime=00:19:05 TimeLimit=02:00:00 TimeMin=N/A
   SubmitTime=2025-06-18T15:19:09 EligibleTime=2025-06-18T15:19:11
   AccrueTime=2025-06-18T15:19:11
   StartTime=2025-06-18T21:11:05 EndTime=2025-06-18T23:11:05 Deadline=N/A
   SuspendTime=None SecsPreSuspend=0 LastSchedEval=2025-06-18T21:11:05 Scheduler=Main
   Partition=short AllocNode:Sid=quser41:3973193
   ReqNodeList=(null) ExcNodeList=(null)
   NodeList=qnode3032
   BatchHost=qnode3032
   NumNodes=1 NumCPUs=64 NumTasks=64 CPUs/Task=1 ReqB:S:C:T=0:0:*:*
   ReqTRES=cpu=64,mem=32000M,node=1,billing=288
   AllocTRES=cpu=64,mem=32000M,node=1,billing=288
   Socks/Node=* NtasksPerN:B:S:C=64:0:*:* CoreSpec=*
   MinCPUsNode=64 MinMemoryCPU=500M MinTmpDiskNode=0
   Features=[quest10|quest11|quest12|quest13] DelayBoot=00:00:00
   OverSubscribe=OK Contiguous=0 Licenses=(null) Network=(null)
   Command=/gpfs/home/tbr0780/Dissertation/Integrated_Likelihood_Algorithm/Polytomous_Logistic_Regression/scripts/experiment_sim.sh
   WorkDir=/gpfs/home/tbr0780/Dissertation/Integrated_Likelihood_Algorithm/Polytomous_Logistic_Regression
   StdErr=/dev/null
   StdIn=/dev/null
   StdOut=/dev/null
   MailUser=timothyruel2024@u.northwestern.edu MailType=INVALID_DEPEND,BEGIN,END,FAIL,REQUEUE,STAGE_OUT
   
--------------------------------------------------------------------------------
JOB EFFICIENCY 
--------------------------------------------------------------------------------
Job efficiency will be calculated after the job has completed.
===== checkjob (interval) at Wed Jun 18 21:30:41 CDT 2025 =====
--------------------------------------------------------------------------------
JOB INFORMATION 
--------------------------------------------------------------------------------
JobId=5960796 ArrayJobId=5858372 ArrayTaskId=842 JobName=experiment_sim
   UserId=tbr0780(3229) GroupId=tbr0780(4023) MCS_label=N/A
   Priority=19232 Nice=0 Account=p32397 QOS=normal
   JobState=RUNNING Reason=None Dependency=(null)
   Requeue=0 Restarts=0 BatchFlag=1 Reboot=0 ExitCode=0:0
   RunTime=00:19:38 TimeLimit=02:00:00 TimeMin=N/A
   SubmitTime=2025-06-18T15:19:09 EligibleTime=2025-06-18T15:19:11
   AccrueTime=2025-06-18T15:19:11
   StartTime=2025-06-18T21:11:05 EndTime=2025-06-18T23:11:05 Deadline=N/A
   SuspendTime=None SecsPreSuspend=0 LastSchedEval=2025-06-18T21:11:05 Scheduler=Main
   Partition=short AllocNode:Sid=quser41:3973193
   ReqNodeList=(null) ExcNodeList=(null)
   NodeList=qnode3032
   BatchHost=qnode3032
   NumNodes=1 NumCPUs=64 NumTasks=64 CPUs/Task=1 ReqB:S:C:T=0:0:*:*
   ReqTRES=cpu=64,mem=32000M,node=1,billing=288
   AllocTRES=cpu=64,mem=32000M,node=1,billing=288
   Socks/Node=* NtasksPerN:B:S:C=64:0:*:* CoreSpec=*
   MinCPUsNode=64 MinMemoryCPU=500M MinTmpDiskNode=0
   Features=[quest10|quest11|quest12|quest13] DelayBoot=00:00:00
   OverSubscribe=OK Contiguous=0 Licenses=(null) Network=(null)
   Command=/gpfs/home/tbr0780/Dissertation/Integrated_Likelihood_Algorithm/Polytomous_Logistic_Regression/scripts/experiment_sim.sh
   WorkDir=/gpfs/home/tbr0780/Dissertation/Integrated_Likelihood_Algorithm/Polytomous_Logistic_Regression
   StdErr=/dev/null
   StdIn=/dev/null
   StdOut=/dev/null
   MailUser=timothyruel2024@u.northwestern.edu MailType=INVALID_DEPEND,BEGIN,END,FAIL,REQUEUE,STAGE_OUT
   
--------------------------------------------------------------------------------
JOB EFFICIENCY 
--------------------------------------------------------------------------------
Job efficiency will be calculated after the job has completed.
===== checkjob (interval) at Wed Jun 18 21:31:14 CDT 2025 =====
--------------------------------------------------------------------------------
JOB INFORMATION 
--------------------------------------------------------------------------------
JobId=5960796 ArrayJobId=5858372 ArrayTaskId=842 JobName=experiment_sim
   UserId=tbr0780(3229) GroupId=tbr0780(4023) MCS_label=N/A
   Priority=19232 Nice=0 Account=p32397 QOS=normal
   JobState=RUNNING Reason=None Dependency=(null)
   Requeue=0 Restarts=0 BatchFlag=1 Reboot=0 ExitCode=0:0
   RunTime=00:20:09 TimeLimit=02:00:00 TimeMin=N/A
   SubmitTime=2025-06-18T15:19:09 EligibleTime=2025-06-18T15:19:11
   AccrueTime=2025-06-18T15:19:11
   StartTime=2025-06-18T21:11:05 EndTime=2025-06-18T23:11:05 Deadline=N/A
   SuspendTime=None SecsPreSuspend=0 LastSchedEval=2025-06-18T21:11:05 Scheduler=Main
   Partition=short AllocNode:Sid=quser41:3973193
   ReqNodeList=(null) ExcNodeList=(null)
   NodeList=qnode3032
   BatchHost=qnode3032
   NumNodes=1 NumCPUs=64 NumTasks=64 CPUs/Task=1 ReqB:S:C:T=0:0:*:*
   ReqTRES=cpu=64,mem=32000M,node=1,billing=288
   AllocTRES=cpu=64,mem=32000M,node=1,billing=288
   Socks/Node=* NtasksPerN:B:S:C=64:0:*:* CoreSpec=*
   MinCPUsNode=64 MinMemoryCPU=500M MinTmpDiskNode=0
   Features=[quest10|quest11|quest12|quest13] DelayBoot=00:00:00
   OverSubscribe=OK Contiguous=0 Licenses=(null) Network=(null)
   Command=/gpfs/home/tbr0780/Dissertation/Integrated_Likelihood_Algorithm/Polytomous_Logistic_Regression/scripts/experiment_sim.sh
   WorkDir=/gpfs/home/tbr0780/Dissertation/Integrated_Likelihood_Algorithm/Polytomous_Logistic_Regression
   StdErr=/dev/null
   StdIn=/dev/null
   StdOut=/dev/null
   MailUser=timothyruel2024@u.northwestern.edu MailType=INVALID_DEPEND,BEGIN,END,FAIL,REQUEUE,STAGE_OUT
   
--------------------------------------------------------------------------------
JOB EFFICIENCY 
--------------------------------------------------------------------------------
Job efficiency will be calculated after the job has completed.
===== checkjob (interval) at Wed Jun 18 21:31:44 CDT 2025 =====
--------------------------------------------------------------------------------
JOB INFORMATION 
--------------------------------------------------------------------------------
JobId=5960796 ArrayJobId=5858372 ArrayTaskId=842 JobName=experiment_sim
   UserId=tbr0780(3229) GroupId=tbr0780(4023) MCS_label=N/A
   Priority=19232 Nice=0 Account=p32397 QOS=normal
   JobState=RUNNING Reason=None Dependency=(null)
   Requeue=0 Restarts=0 BatchFlag=1 Reboot=0 ExitCode=0:0
   RunTime=00:20:41 TimeLimit=02:00:00 TimeMin=N/A
   SubmitTime=2025-06-18T15:19:09 EligibleTime=2025-06-18T15:19:11
   AccrueTime=2025-06-18T15:19:11
   StartTime=2025-06-18T21:11:05 EndTime=2025-06-18T23:11:05 Deadline=N/A
   SuspendTime=None SecsPreSuspend=0 LastSchedEval=2025-06-18T21:11:05 Scheduler=Main
   Partition=short AllocNode:Sid=quser41:3973193
   ReqNodeList=(null) ExcNodeList=(null)
   NodeList=qnode3032
   BatchHost=qnode3032
   NumNodes=1 NumCPUs=64 NumTasks=64 CPUs/Task=1 ReqB:S:C:T=0:0:*:*
   ReqTRES=cpu=64,mem=32000M,node=1,billing=288
   AllocTRES=cpu=64,mem=32000M,node=1,billing=288
   Socks/Node=* NtasksPerN:B:S:C=64:0:*:* CoreSpec=*
   MinCPUsNode=64 MinMemoryCPU=500M MinTmpDiskNode=0
   Features=[quest10|quest11|quest12|quest13] DelayBoot=00:00:00
   OverSubscribe=OK Contiguous=0 Licenses=(null) Network=(null)
   Command=/gpfs/home/tbr0780/Dissertation/Integrated_Likelihood_Algorithm/Polytomous_Logistic_Regression/scripts/experiment_sim.sh
   WorkDir=/gpfs/home/tbr0780/Dissertation/Integrated_Likelihood_Algorithm/Polytomous_Logistic_Regression
   StdErr=/dev/null
   StdIn=/dev/null
   StdOut=/dev/null
   MailUser=timothyruel2024@u.northwestern.edu MailType=INVALID_DEPEND,BEGIN,END,FAIL,REQUEUE,STAGE_OUT
   
--------------------------------------------------------------------------------
JOB EFFICIENCY 
--------------------------------------------------------------------------------
Job efficiency will be calculated after the job has completed.
===== checkjob (interval) at Wed Jun 18 21:32:17 CDT 2025 =====
--------------------------------------------------------------------------------
JOB INFORMATION 
--------------------------------------------------------------------------------
JobId=5960796 ArrayJobId=5858372 ArrayTaskId=842 JobName=experiment_sim
   UserId=tbr0780(3229) GroupId=tbr0780(4023) MCS_label=N/A
   Priority=19232 Nice=0 Account=p32397 QOS=normal
   JobState=RUNNING Reason=None Dependency=(null)
   Requeue=0 Restarts=0 BatchFlag=1 Reboot=0 ExitCode=0:0
   RunTime=00:21:12 TimeLimit=02:00:00 TimeMin=N/A
   SubmitTime=2025-06-18T15:19:09 EligibleTime=2025-06-18T15:19:11
   AccrueTime=2025-06-18T15:19:11
   StartTime=2025-06-18T21:11:05 EndTime=2025-06-18T23:11:05 Deadline=N/A
   SuspendTime=None SecsPreSuspend=0 LastSchedEval=2025-06-18T21:11:05 Scheduler=Main
   Partition=short AllocNode:Sid=quser41:3973193
   ReqNodeList=(null) ExcNodeList=(null)
   NodeList=qnode3032
   BatchHost=qnode3032
   NumNodes=1 NumCPUs=64 NumTasks=64 CPUs/Task=1 ReqB:S:C:T=0:0:*:*
   ReqTRES=cpu=64,mem=32000M,node=1,billing=288
   AllocTRES=cpu=64,mem=32000M,node=1,billing=288
   Socks/Node=* NtasksPerN:B:S:C=64:0:*:* CoreSpec=*
   MinCPUsNode=64 MinMemoryCPU=500M MinTmpDiskNode=0
   Features=[quest10|quest11|quest12|quest13] DelayBoot=00:00:00
   OverSubscribe=OK Contiguous=0 Licenses=(null) Network=(null)
   Command=/gpfs/home/tbr0780/Dissertation/Integrated_Likelihood_Algorithm/Polytomous_Logistic_Regression/scripts/experiment_sim.sh
   WorkDir=/gpfs/home/tbr0780/Dissertation/Integrated_Likelihood_Algorithm/Polytomous_Logistic_Regression
   StdErr=/dev/null
   StdIn=/dev/null
   StdOut=/dev/null
   MailUser=timothyruel2024@u.northwestern.edu MailType=INVALID_DEPEND,BEGIN,END,FAIL,REQUEUE,STAGE_OUT
   
--------------------------------------------------------------------------------
JOB EFFICIENCY 
--------------------------------------------------------------------------------
Job efficiency will be calculated after the job has completed.
===== checkjob (interval) at Wed Jun 18 21:32:49 CDT 2025 =====
--------------------------------------------------------------------------------
JOB INFORMATION 
--------------------------------------------------------------------------------
JobId=5960796 ArrayJobId=5858372 ArrayTaskId=842 JobName=experiment_sim
   UserId=tbr0780(3229) GroupId=tbr0780(4023) MCS_label=N/A
   Priority=19232 Nice=0 Account=p32397 QOS=normal
   JobState=RUNNING Reason=None Dependency=(null)
   Requeue=0 Restarts=0 BatchFlag=1 Reboot=0 ExitCode=0:0
   RunTime=00:21:44 TimeLimit=02:00:00 TimeMin=N/A
   SubmitTime=2025-06-18T15:19:09 EligibleTime=2025-06-18T15:19:11
   AccrueTime=2025-06-18T15:19:11
   StartTime=2025-06-18T21:11:05 EndTime=2025-06-18T23:11:05 Deadline=N/A
   SuspendTime=None SecsPreSuspend=0 LastSchedEval=2025-06-18T21:11:05 Scheduler=Main
   Partition=short AllocNode:Sid=quser41:3973193
   ReqNodeList=(null) ExcNodeList=(null)
   NodeList=qnode3032
   BatchHost=qnode3032
   NumNodes=1 NumCPUs=64 NumTasks=64 CPUs/Task=1 ReqB:S:C:T=0:0:*:*
   ReqTRES=cpu=64,mem=32000M,node=1,billing=288
   AllocTRES=cpu=64,mem=32000M,node=1,billing=288
   Socks/Node=* NtasksPerN:B:S:C=64:0:*:* CoreSpec=*
   MinCPUsNode=64 MinMemoryCPU=500M MinTmpDiskNode=0
   Features=[quest10|quest11|quest12|quest13] DelayBoot=00:00:00
   OverSubscribe=OK Contiguous=0 Licenses=(null) Network=(null)
   Command=/gpfs/home/tbr0780/Dissertation/Integrated_Likelihood_Algorithm/Polytomous_Logistic_Regression/scripts/experiment_sim.sh
   WorkDir=/gpfs/home/tbr0780/Dissertation/Integrated_Likelihood_Algorithm/Polytomous_Logistic_Regression
   StdErr=/dev/null
   StdIn=/dev/null
   StdOut=/dev/null
   MailUser=timothyruel2024@u.northwestern.edu MailType=INVALID_DEPEND,BEGIN,END,FAIL,REQUEUE,STAGE_OUT
   
--------------------------------------------------------------------------------
JOB EFFICIENCY 
--------------------------------------------------------------------------------
Job efficiency will be calculated after the job has completed.
===== checkjob (interval) at Wed Jun 18 21:33:20 CDT 2025 =====
--------------------------------------------------------------------------------
JOB INFORMATION 
--------------------------------------------------------------------------------
JobId=5960796 ArrayJobId=5858372 ArrayTaskId=842 JobName=experiment_sim
   UserId=tbr0780(3229) GroupId=tbr0780(4023) MCS_label=N/A
   Priority=19232 Nice=0 Account=p32397 QOS=normal
   JobState=RUNNING Reason=None Dependency=(null)
   Requeue=0 Restarts=0 BatchFlag=1 Reboot=0 ExitCode=0:0
   RunTime=00:22:15 TimeLimit=02:00:00 TimeMin=N/A
   SubmitTime=2025-06-18T15:19:09 EligibleTime=2025-06-18T15:19:11
   AccrueTime=2025-06-18T15:19:11
   StartTime=2025-06-18T21:11:05 EndTime=2025-06-18T23:11:05 Deadline=N/A
   SuspendTime=None SecsPreSuspend=0 LastSchedEval=2025-06-18T21:11:05 Scheduler=Main
   Partition=short AllocNode:Sid=quser41:3973193
   ReqNodeList=(null) ExcNodeList=(null)
   NodeList=qnode3032
   BatchHost=qnode3032
   NumNodes=1 NumCPUs=64 NumTasks=64 CPUs/Task=1 ReqB:S:C:T=0:0:*:*
   ReqTRES=cpu=64,mem=32000M,node=1,billing=288
   AllocTRES=cpu=64,mem=32000M,node=1,billing=288
   Socks/Node=* NtasksPerN:B:S:C=64:0:*:* CoreSpec=*
   MinCPUsNode=64 MinMemoryCPU=500M MinTmpDiskNode=0
   Features=[quest10|quest11|quest12|quest13] DelayBoot=00:00:00
   OverSubscribe=OK Contiguous=0 Licenses=(null) Network=(null)
   Command=/gpfs/home/tbr0780/Dissertation/Integrated_Likelihood_Algorithm/Polytomous_Logistic_Regression/scripts/experiment_sim.sh
   WorkDir=/gpfs/home/tbr0780/Dissertation/Integrated_Likelihood_Algorithm/Polytomous_Logistic_Regression
   StdErr=/dev/null
   StdIn=/dev/null
   StdOut=/dev/null
   MailUser=timothyruel2024@u.northwestern.edu MailType=INVALID_DEPEND,BEGIN,END,FAIL,REQUEUE,STAGE_OUT
   
--------------------------------------------------------------------------------
JOB EFFICIENCY 
--------------------------------------------------------------------------------
Job efficiency will be calculated after the job has completed.
===== checkjob (interval) at Wed Jun 18 21:33:52 CDT 2025 =====
--------------------------------------------------------------------------------
JOB INFORMATION 
--------------------------------------------------------------------------------
JobId=5960796 ArrayJobId=5858372 ArrayTaskId=842 JobName=experiment_sim
   UserId=tbr0780(3229) GroupId=tbr0780(4023) MCS_label=N/A
   Priority=19232 Nice=0 Account=p32397 QOS=normal
   JobState=RUNNING Reason=None Dependency=(null)
   Requeue=0 Restarts=0 BatchFlag=1 Reboot=0 ExitCode=0:0
   RunTime=00:22:47 TimeLimit=02:00:00 TimeMin=N/A
   SubmitTime=2025-06-18T15:19:09 EligibleTime=2025-06-18T15:19:11
   AccrueTime=2025-06-18T15:19:11
   StartTime=2025-06-18T21:11:05 EndTime=2025-06-18T23:11:05 Deadline=N/A
   SuspendTime=None SecsPreSuspend=0 LastSchedEval=2025-06-18T21:11:05 Scheduler=Main
   Partition=short AllocNode:Sid=quser41:3973193
   ReqNodeList=(null) ExcNodeList=(null)
   NodeList=qnode3032
   BatchHost=qnode3032
   NumNodes=1 NumCPUs=64 NumTasks=64 CPUs/Task=1 ReqB:S:C:T=0:0:*:*
   ReqTRES=cpu=64,mem=32000M,node=1,billing=288
   AllocTRES=cpu=64,mem=32000M,node=1,billing=288
   Socks/Node=* NtasksPerN:B:S:C=64:0:*:* CoreSpec=*
   MinCPUsNode=64 MinMemoryCPU=500M MinTmpDiskNode=0
   Features=[quest10|quest11|quest12|quest13] DelayBoot=00:00:00
   OverSubscribe=OK Contiguous=0 Licenses=(null) Network=(null)
   Command=/gpfs/home/tbr0780/Dissertation/Integrated_Likelihood_Algorithm/Polytomous_Logistic_Regression/scripts/experiment_sim.sh
   WorkDir=/gpfs/home/tbr0780/Dissertation/Integrated_Likelihood_Algorithm/Polytomous_Logistic_Regression
   StdErr=/dev/null
   StdIn=/dev/null
   StdOut=/dev/null
   MailUser=timothyruel2024@u.northwestern.edu MailType=INVALID_DEPEND,BEGIN,END,FAIL,REQUEUE,STAGE_OUT
   
--------------------------------------------------------------------------------
JOB EFFICIENCY 
--------------------------------------------------------------------------------
Job efficiency will be calculated after the job has completed.
===== checkjob (interval) at Wed Jun 18 21:34:23 CDT 2025 =====
--------------------------------------------------------------------------------
JOB INFORMATION 
--------------------------------------------------------------------------------
JobId=5960796 ArrayJobId=5858372 ArrayTaskId=842 JobName=experiment_sim
   UserId=tbr0780(3229) GroupId=tbr0780(4023) MCS_label=N/A
   Priority=19232 Nice=0 Account=p32397 QOS=normal
   JobState=RUNNING Reason=None Dependency=(null)
   Requeue=0 Restarts=0 BatchFlag=1 Reboot=0 ExitCode=0:0
   RunTime=00:23:20 TimeLimit=02:00:00 TimeMin=N/A
   SubmitTime=2025-06-18T15:19:09 EligibleTime=2025-06-18T15:19:11
   AccrueTime=2025-06-18T15:19:11
   StartTime=2025-06-18T21:11:05 EndTime=2025-06-18T23:11:05 Deadline=N/A
   SuspendTime=None SecsPreSuspend=0 LastSchedEval=2025-06-18T21:11:05 Scheduler=Main
   Partition=short AllocNode:Sid=quser41:3973193
   ReqNodeList=(null) ExcNodeList=(null)
   NodeList=qnode3032
   BatchHost=qnode3032
   NumNodes=1 NumCPUs=64 NumTasks=64 CPUs/Task=1 ReqB:S:C:T=0:0:*:*
   ReqTRES=cpu=64,mem=32000M,node=1,billing=288
   AllocTRES=cpu=64,mem=32000M,node=1,billing=288
   Socks/Node=* NtasksPerN:B:S:C=64:0:*:* CoreSpec=*
   MinCPUsNode=64 MinMemoryCPU=500M MinTmpDiskNode=0
   Features=[quest10|quest11|quest12|quest13] DelayBoot=00:00:00
   OverSubscribe=OK Contiguous=0 Licenses=(null) Network=(null)
   Command=/gpfs/home/tbr0780/Dissertation/Integrated_Likelihood_Algorithm/Polytomous_Logistic_Regression/scripts/experiment_sim.sh
   WorkDir=/gpfs/home/tbr0780/Dissertation/Integrated_Likelihood_Algorithm/Polytomous_Logistic_Regression
   StdErr=/dev/null
   StdIn=/dev/null
   StdOut=/dev/null
   MailUser=timothyruel2024@u.northwestern.edu MailType=INVALID_DEPEND,BEGIN,END,FAIL,REQUEUE,STAGE_OUT
   
--------------------------------------------------------------------------------
JOB EFFICIENCY 
--------------------------------------------------------------------------------
Job efficiency will be calculated after the job has completed.
===== checkjob (interval) at Wed Jun 18 21:34:55 CDT 2025 =====
--------------------------------------------------------------------------------
JOB INFORMATION 
--------------------------------------------------------------------------------
JobId=5960796 ArrayJobId=5858372 ArrayTaskId=842 JobName=experiment_sim
   UserId=tbr0780(3229) GroupId=tbr0780(4023) MCS_label=N/A
   Priority=19232 Nice=0 Account=p32397 QOS=normal
   JobState=RUNNING Reason=None Dependency=(null)
   Requeue=0 Restarts=0 BatchFlag=1 Reboot=0 ExitCode=0:0
   RunTime=00:23:50 TimeLimit=02:00:00 TimeMin=N/A
   SubmitTime=2025-06-18T15:19:09 EligibleTime=2025-06-18T15:19:11
   AccrueTime=2025-06-18T15:19:11
   StartTime=2025-06-18T21:11:05 EndTime=2025-06-18T23:11:05 Deadline=N/A
   SuspendTime=None SecsPreSuspend=0 LastSchedEval=2025-06-18T21:11:05 Scheduler=Main
   Partition=short AllocNode:Sid=quser41:3973193
   ReqNodeList=(null) ExcNodeList=(null)
   NodeList=qnode3032
   BatchHost=qnode3032
   NumNodes=1 NumCPUs=64 NumTasks=64 CPUs/Task=1 ReqB:S:C:T=0:0:*:*
   ReqTRES=cpu=64,mem=32000M,node=1,billing=288
   AllocTRES=cpu=64,mem=32000M,node=1,billing=288
   Socks/Node=* NtasksPerN:B:S:C=64:0:*:* CoreSpec=*
   MinCPUsNode=64 MinMemoryCPU=500M MinTmpDiskNode=0
   Features=[quest10|quest11|quest12|quest13] DelayBoot=00:00:00
   OverSubscribe=OK Contiguous=0 Licenses=(null) Network=(null)
   Command=/gpfs/home/tbr0780/Dissertation/Integrated_Likelihood_Algorithm/Polytomous_Logistic_Regression/scripts/experiment_sim.sh
   WorkDir=/gpfs/home/tbr0780/Dissertation/Integrated_Likelihood_Algorithm/Polytomous_Logistic_Regression
   StdErr=/dev/null
   StdIn=/dev/null
   StdOut=/dev/null
   MailUser=timothyruel2024@u.northwestern.edu MailType=INVALID_DEPEND,BEGIN,END,FAIL,REQUEUE,STAGE_OUT
   
--------------------------------------------------------------------------------
JOB EFFICIENCY 
--------------------------------------------------------------------------------
Job efficiency will be calculated after the job has completed.
===== checkjob (interval) at Wed Jun 18 21:35:28 CDT 2025 =====
--------------------------------------------------------------------------------
JOB INFORMATION 
--------------------------------------------------------------------------------
JobId=5960796 ArrayJobId=5858372 ArrayTaskId=842 JobName=experiment_sim
   UserId=tbr0780(3229) GroupId=tbr0780(4023) MCS_label=N/A
   Priority=19232 Nice=0 Account=p32397 QOS=normal
   JobState=RUNNING Reason=None Dependency=(null)
   Requeue=0 Restarts=0 BatchFlag=1 Reboot=0 ExitCode=0:0
   RunTime=00:24:23 TimeLimit=02:00:00 TimeMin=N/A
   SubmitTime=2025-06-18T15:19:09 EligibleTime=2025-06-18T15:19:11
   AccrueTime=2025-06-18T15:19:11
   StartTime=2025-06-18T21:11:05 EndTime=2025-06-18T23:11:05 Deadline=N/A
   SuspendTime=None SecsPreSuspend=0 LastSchedEval=2025-06-18T21:11:05 Scheduler=Main
   Partition=short AllocNode:Sid=quser41:3973193
   ReqNodeList=(null) ExcNodeList=(null)
   NodeList=qnode3032
   BatchHost=qnode3032
   NumNodes=1 NumCPUs=64 NumTasks=64 CPUs/Task=1 ReqB:S:C:T=0:0:*:*
   ReqTRES=cpu=64,mem=32000M,node=1,billing=288
   AllocTRES=cpu=64,mem=32000M,node=1,billing=288
   Socks/Node=* NtasksPerN:B:S:C=64:0:*:* CoreSpec=*
   MinCPUsNode=64 MinMemoryCPU=500M MinTmpDiskNode=0
   Features=[quest10|quest11|quest12|quest13] DelayBoot=00:00:00
   OverSubscribe=OK Contiguous=0 Licenses=(null) Network=(null)
   Command=/gpfs/home/tbr0780/Dissertation/Integrated_Likelihood_Algorithm/Polytomous_Logistic_Regression/scripts/experiment_sim.sh
   WorkDir=/gpfs/home/tbr0780/Dissertation/Integrated_Likelihood_Algorithm/Polytomous_Logistic_Regression
   StdErr=/dev/null
   StdIn=/dev/null
   StdOut=/dev/null
   MailUser=timothyruel2024@u.northwestern.edu MailType=INVALID_DEPEND,BEGIN,END,FAIL,REQUEUE,STAGE_OUT
   
--------------------------------------------------------------------------------
JOB EFFICIENCY 
--------------------------------------------------------------------------------
Job efficiency will be calculated after the job has completed.
